C0:         17 [1] pc=[0000000000,0] W[r 5=0000000040000000,0][1] R[r 0=0000000000000000,0] R[r 0=0000000000000000,0] 
 inst=[40000297,0] auipc   t0, 0x40000
C0:         18 [1] pc=[0000000004,0] W[r 0=0000000000000008,0][1] R[r 5=0000000040000000,0] R[r 0=0000000000000000,0] 
 inst=[00028067,0] jr      t0
TagXact1: (0) Create 0xbffffe00
TagXact1: (0) Create 0xbffffe40
TagXact1: (0) Create 0xbffffe80
TagXact1: (0) Create 0xbffffec0
TagXact1: (0) Create 0xbfffff00
TagXact1: (0) Create 0xbfffff40
TagXact1: (0) Create 0xbfffff80
TagXact1: (0) Create 0xbfffffc0
C0:        166 [1] pc=[0040000000,0] W[r 0=0000000040000004,0][1] R[r 0=0000000000000000,0] R[r12=822bd126c26244cb,c] 
 inst=[06c0006f,0] j       pc + 0x6c
TagXact1: (0) Read 0xb8000004 miss
TagXact1: (0) Read 0xbffc0000 miss
TagXact1: (0) FetchRead 0xbffffe00 => 0000000000000000
C0:        208 [1] pc=[004000006c,0] W[r10=0000000000000000,0][1] R[r 0=0000000000000000,0] R[r20=822bd126c26244cb,c] 
 inst=[f1402573,0] csrr    a0, mhartid
C0:        211 [1] pc=[0040000070,0] W[r 0=0000000000000000,0][0] R[r10=0000000000000000,0] R[r 0=0000000000000000,0] 
 inst=[00051063,0] bnez    a0, pc + 0
C0:        212 [1] pc=[0040000074,0] W[r10=8000000000041129,0][1] R[r 0=0000000000000000,0] R[r16=822bd126c26244cb,c] 
 inst=[f1002573,0] csrr    a0, unknown_f10
C0:        215 [1] pc=[0040000078,0] W[r 0=0000000000000001,0][0] R[r10=8000000000041129,0] R[r 0=0000000000000000,0] 
 inst=[00054863,0] bltz    a0, pc + 16
TagXact1: (0) Read 0xb8000008 miss
TagXact1: (0) Read 0xbffc0000 miss
TagXact1: (0) FetchRead 0xbffffe00 => 0000000000000000
C0:        251 [1] pc=[0040000088,0] W[r28=0000000000000000,0][1] R[r 0=0000000000000000,0] R[r 0=0000000000000000,0] 
 inst=[00000e13,0] li      t3, 0
C0:        252 [1] pc=[004000008c,0] W[r 5=000000004000008c,0][1] R[r 0=0000000000000000,0] R[r 0=0000000000000000,0] 
 inst=[00000297,0] auipc   t0, 0x0
C0:        253 [1] pc=[0040000090,0] W[r 5=0000000040000004,0][1] R[r 5=000000004000008c,0] R[r24=822bd126c26244cb,c] 
 inst=[f7828293,0] addi    t0, t0, -136
C0:        254 [1] pc=[0040000094,0] W[r 0=0000000000000000,0][1] R[r 5=0000000040000004,0] R[r 5=0000000040000004,0] 
 inst=[30529073,0] csrw    mtvec, t0
C0:        258 [1] pc=[0040000098,0] W[r 5=0000000040000098,0][1] R[r 0=0000000000000000,0] R[r 0=0000000000000000,0] 
 inst=[00000297,0] auipc   t0, 0x0
C0:        259 [1] pc=[004000009c,0] W[r 5=0000000040000254,0][1] R[r 5=0000000040000098,0] R[r28=822bd126c26244cb,c] 
 inst=[1bc28293,0] addi    t0, t0, 444
C0:        260 [1] pc=[00400000a0,0] W[r 0=0000000000000000,0][0] R[r 5=0000000040000254,0] R[r 0=0000000000000000,0] 
 inst=[00028e63,0] beqz    t0, pc + 28
C0:        261 [1] pc=[00400000a4,0] W[r 0=00000023f3634136,0][1] R[r 5=0000000040000254,0] R[r 5=0000000040000254,0] 
 inst=[10529073,0] csrw    stvec, t0
C0:        265 [1] pc=[00400000a8,0] W[r 5=0000000000010000,0][1] R[r 2=800000000004112b,0] R[r 0=0000000000000000,0] 
 inst=[000102b7,0] lui     t0, 0x10
C0:        266 [1] pc=[00400000ac,0] W[r 5=00000000000101ab,0][1] R[r 5=0000000000010000,0] R[r11=822bd126c26244cb,c] 
 inst=[1ab2829b,0] addiw   t0, t0, 427
C0:        267 [1] pc=[00400000b0,0] W[r 0=0000000000000000,0][1] R[r 5=00000000000101ab,0] R[r 2=822bd126c26244cb,c] 
 inst=[30229073,0] csrw    medeleg, t0
C0:        273 [1] pc=[00400000b4,0] W[r 6=00000000000101ab,0][1] R[r 0=0000000000000000,0] R[r 2=822bd126c26244cb,c] 
 inst=[30202373,0] csrr    t1, medeleg
C0:        276 [1] pc=[00400000b8,0] W[r 0=0000000000000000,0][0] R[r 5=00000000000101ab,0] R[r 6=00000000000101ab,0] 
 inst=[fa6292e3,0] bne     t0, t1, pc - 92
C0:        277 [1] pc=[00400000bc,0] W[r 0=0000000000001800,0][1] R[r 0=0000000000000000,0] R[r 0=0000000000000000,0] 
 inst=[30005073,0] csrwi   mstatus, 0
TagXact1: (0) Read 0xb800000c miss
TagXact1: (0) Read 0xbffc0000 miss
TagXact1: (0) FetchRead 0xbffffe00 => 0000000000000000
C0:        313 [1] pc=[00400000c0,0] W[r10=0000000000001000,0][1] R[r 0=0000000000000000,0] R[r 0=0000000000000000,0] 
 inst=[00001537,0] lui     a0, 0x1
C0:        314 [1] pc=[00400000c4,0] W[r10=0000000000000800,0][1] R[r10=0000000000001000,0] R[r 0=0000000000000000,0] 
 inst=[8005051b,0] addiw   a0, a0, -2048
C0:        315 [1] pc=[00400000c8,0] W[r 0=0000000000000000,0][1] R[r10=0000000000000800,0] R[r 0=0000000000000000,0] 
 inst=[30052073,0] csrs    mstatus, a0
C0:        319 [1] pc=[00400000cc,0] W[r 5=00000000400000cc,0][1] R[r 0=0000000000000000,0] R[r 0=0000000000000000,0] 
 inst=[00000297,0] auipc   t0, 0x0
C0:        320 [1] pc=[00400000d0,0] W[r 5=00000000400000e0,0][1] R[r 5=00000000400000cc,0] R[r20=00000000000101ab,0] 
 inst=[01428293,0] addi    t0, t0, 20
C0:        321 [1] pc=[00400000d4,0] W[r 0=000000401c937d84,0][1] R[r 5=00000000400000e0,0] R[r 1=00000000000101ab,0] 
 inst=[34129073,0] csrw    mepc, t0
C0:        322 [1] pc=[00400000d8,0] W[r10=0000000000000000,0][1] R[r 0=0000000000000000,0] R[r20=00000000000101ab,0] 
 inst=[f1402573,0] csrr    a0, mhartid
C0:        323 [1] pc=[00400000dc,0] W[r 0=00000000000101ab,0][0] R[r 0=0000000000000000,0] R[r 2=00000000000101ab,0] 
 inst=[30200073,0] mret
C0:        328 [1] pc=[00400000e0,0] W[r 5=0000000000000100,0][1] R[r 0=0000000000000000,0] R[r 0=0000000000000000,0] 
 inst=[10000293,0] li      t0, 256
C0:        329 [1] pc=[00400000e4,0] W[r 0=0000000000000000,0][1] R[r 5=0000000000000100,0] R[r 0=0000000000000000,0] 
 inst=[1002b073,0] csrc    sstatus, t0
C0:        333 [1] pc=[00400000e8,0] W[r 5=00000000400000e8,0][1] R[r 0=0000000000000000,0] R[r 0=0000000000000000,0] 
 inst=[00000297,0] auipc   t0, 0x0
C0:        334 [1] pc=[00400000ec,0] W[r 5=00000000400000f8,0][1] R[r 5=00000000400000e8,0] R[r16=00000000000101ab,0] 
 inst=[01028293,0] addi    t0, t0, 16
C0:        335 [1] pc=[00400000f0,0] W[r 0=00000028e5dbad3b,0][1] R[r 5=00000000400000f8,0] R[r 1=00000000000101ab,0] 
 inst=[14129073,0] csrw    sepc, t0
C0:        336 [1] pc=[00400000f4,0] W[r 0=0000000000000000,0][0] R[r 0=0000000000000000,0] R[r 2=00000000000101ab,0] 
 inst=[10200073,0] sret
C0:        341 [1] pc=[00400000f8,0] W[r 1=0000000000f00000,0][1] R[r 0=0000000000000000,0] R[r15=00000000000101ab,0] 
 inst=[00f000b7,0] lui     ra, 0xf00
C0:        342 [1] pc=[00400000fc,0] W[r 0=0000000000000000,0][1] R[r 1=0000000000f00000,0] R[r16=00000000000101ab,0] 
 inst=[8f009073,0] csrw    unknown_8f0, ra
TagXact1: (0) Read 0xb8000010 miss
TagXact1: (0) Read 0xbffc0000 miss
TagXact1: (0) FetchRead 0xbffffe00 => 0000000000000000
C0:        378 [1] pc=[0040000100,0] W[r 5=0000000040000100,0][1] R[r 0=0000000000000000,0] R[r 0=0000000000000000,0] 
 inst=[00000297,0] auipc   t0, 0x0
C0:        379 [1] pc=[0040000104,0] W[r 5=00000000400001c4,0][1] R[r 5=0000000040000100,0] R[r 4=00000000000101ab,0] 
 inst=[0c428293,0] addi    t0, t0, 196
C0:        380 [1] pc=[0040000108,0] W[r 4=0000000000000005,0][1] R[r 0=0000000000000000,0] R[r 5=00000000400001c4,0] 
 inst=[00500213,0] li      tp, 5
C0:        381 [1] pc=[004000010c,0] W[r 0=00000000400001c4,0][0] R[r 5=00000000400001c4,0] R[r 0=0000000000000000,0] 
 inst=[0002a303,0] lw      t1, 0(t0)
TagXact1: (0) Read 0xb800001c miss
TagXact1: (0) Read 0xbffc0000 miss
TagXact1: (0) FetchRead 0xbffffe00 => 0000000000000000
C0:        422 [1] pc=[0040000110,0] W[r 6=0000000000000513,5][1] R[r 4=0000000000000005,0] R[r 0=0000000000000000,0] 
 inst=[00021357,0] unknown
C0:        423 [1] pc=[0040000114,0] W[r 0=00000000400001c4,0][0] R[r 5=00000000400001c4,0] R[r 6=0000000000000513,5] 
 inst=[0062a023,0] sw      t1, 0(t0)
C0:        424 [1] pc=[0040000118,0] W[r 5=0000000040000118,0][1] R[r 0=0000000000000000,0] R[r 0=0000000000000000,0] 
 inst=[00000297,0] auipc   t0, 0x0
C0:        425 [1] pc=[004000011c,0] W[r 5=00000000400001e0,0][1] R[r 5=0000000040000118,0] R[r 8=00000000000101ab,0] 
 inst=[0c828293,0] addi    t0, t0, 200
C0:        426 [1] pc=[0040000120,0] W[r 4=0000000000000003,0][1] R[r 0=0000000000000000,0] R[r 3=00000000000101ab,0] 
 inst=[00300213,0] li      tp, 3
C0:        433 [1] pc=[0040000124,0] W[r 6=0000000000000513,0][1] R[r 5=00000000400001e0,0] R[r 0=0000000000000000,0] 
 inst=[0002a303,0] lw      t1, 0(t0)
C0:        435 [1] pc=[0040000128,0] W[r 6=0000000000000513,3][1] R[r 4=0000000000000003,0] R[r 0=0000000000000000,0] 
 inst=[00021357,0] unknown
C0:        436 [1] pc=[004000012c,0] W[r 0=00000000400001e0,0][0] R[r 5=00000000400001e0,0] R[r 6=0000000000000513,3] 
 inst=[0062a023,0] sw      t1, 0(t0)
C0:        437 [1] pc=[0040000130,0] W[r 5=0000000040000130,0][1] R[r 0=0000000000000000,0] R[r 0=0000000000000000,0] 
 inst=[00000297,0] auipc   t0, 0x0
C0:        438 [1] pc=[0040000134,0] W[r 5=00000000400001f8,0][1] R[r 5=0000000040000130,0] R[r 8=00000000000101ab,0] 
 inst=[0c828293,0] addi    t0, t0, 200
C0:        439 [1] pc=[0040000138,0] W[r 4=0000000000000002,0][1] R[r 0=0000000000000000,0] R[r 2=00000000000101ab,0] 
 inst=[00200213,0] li      tp, 2
C0:        440 [1] pc=[004000013c,0] W[r 6=0000000000000513,0][1] R[r 5=00000000400001f8,0] R[r 0=0000000000000000,0] 
 inst=[0002a303,0] lw      t1, 0(t0)
TagXact1: (0) Read 0xb8000014 miss
TagXact1: (0) Read 0xbffc0000 miss
TagXact1: (0) FetchRead 0xbffffe00 => 0000000000000000
C0:        477 [1] pc=[0040000140,0] W[r 6=0000000000000513,2][1] R[r 4=0000000000000002,0] R[r 0=0000000000000000,0] 
 inst=[00021357,0] unknown
C0:        478 [1] pc=[0040000144,0] W[r 0=00000000400001f8,0][0] R[r 5=00000000400001f8,0] R[r 6=0000000000000513,2] 
 inst=[0062a023,0] sw      t1, 0(t0)
C0:        479 [1] pc=[0040000148,0] W[r 5=0000000040000148,0][1] R[r 0=0000000000000000,0] R[r 0=0000000000000000,0] 
 inst=[00000297,0] auipc   t0, 0x0
C0:        480 [1] pc=[004000014c,0] W[r 5=0000000040000210,0][1] R[r 5=0000000040000148,0] R[r 8=00000000000101ab,0] 
 inst=[0c828293,0] addi    t0, t0, 200
C0:        481 [1] pc=[0040000150,0] W[r 4=0000000000000004,0][1] R[r 0=0000000000000000,0] R[r 4=00000000000101ab,0] 
 inst=[00400213,0] li      tp, 4
C0:        482 [1] pc=[0040000154,0] W[r 0=0000000040000210,0][0] R[r 5=0000000040000210,0] R[r 0=0000000000000000,0] 
 inst=[0002a303,0] lw      t1, 0(t0)
TagXact1: (0) Read 0xb8000020 miss
TagXact1: (0) Read 0xbffc0000 miss
TagXact1: (0) FetchRead 0xbffffe00 => 0000000000000000
C0:        523 [1] pc=[0040000158,0] W[r 6=0000000000000013,4][1] R[r 4=0000000000000004,0] R[r 0=0000000000000000,0] 
 inst=[00021357,0] unknown
C0:        524 [1] pc=[004000015c,0] W[r 0=0000000040000210,0][0] R[r 5=0000000040000210,0] R[r 6=0000000000000013,4] 
 inst=[0062a023,0] sw      t1, 0(t0)
C0:        525 [1] pc=[0040000160,0] W[r 5=0000000040000160,0][1] R[r 0=0000000000000000,0] R[r 0=0000000000000000,0] 
 inst=[00000297,0] auipc   t0, 0x0
C0:        526 [1] pc=[0040000164,0] W[r 5=0000000040000230,0][1] R[r 5=0000000040000160,0] R[r16=00000000000101ab,0] 
 inst=[0d028293,0] addi    t0, t0, 208
C0:        527 [1] pc=[0040000168,0] W[r 4=0000000000000001,0][1] R[r 0=0000000000000000,0] R[r 1=00000000000101ab,0] 
 inst=[00100213,0] li      tp, 1
C0:        534 [1] pc=[004000016c,0] W[r 6=0000000001c01c63,0][1] R[r 5=0000000040000230,0] R[r 0=0000000000000000,0] 
 inst=[0002a303,0] lw      t1, 0(t0)
C0:        536 [1] pc=[0040000170,0] W[r 6=0000000001c01c63,1][1] R[r 4=0000000000000001,0] R[r 0=0000000000000000,0] 
 inst=[00021357,0] unknown
C0:        537 [1] pc=[0040000174,0] W[r 0=0000000040000230,0][0] R[r 5=0000000040000230,0] R[r 6=0000000001c01c63,1] 
 inst=[0062a023,0] sw      t1, 0(t0)
C0:        538 [1] pc=[0040000178,0] W[r10=0000000000001000,0][1] R[r 0=0000000000000000,0] R[r 0=0000000000000000,0] 
 inst=[00001537,0] lui     a0, 0x1
C0:        539 [1] pc=[004000017c,0] W[r10=0000000000000f00,0][1] R[r10=0000000000001000,0] R[r 0=0000000000000000,0] 
 inst=[f005051b,0] addiw   a0, a0, -256
TagXact1: (0) Read 0xb8000018 miss
TagXact1: (0) Read 0xbffc0000 miss
TagXact1: (0) FetchRead 0xbffffe00 => 0000000000000000
C0:        574 [1] pc=[0040000180,0] W[r28=0000000000000002,0][1] R[r 0=0000000000000000,0] R[r 2=00000000000101ab,0] 
 inst=[00200e13,0] li      t3, 2
C0:        575 [1] pc=[0040000184,0] W[r 1=0000000000000001,0][1] R[r 0=0000000000000000,0] R[r 1=00000000000101ab,0] 
 inst=[00100093,0] li      ra, 1
C0:        576 [1] pc=[0040000188,0] W[r 1=0000010000000000,0][1] R[r 1=0000000000000001,0] R[r 8=00000000000101ab,0] 
 inst=[02809093,0] slli    ra, ra, 40
C0:        577 [1] pc=[004000018c,0] W[r 0=0000000000000000,0][1] R[r 0=0000000000000000,0] R[r 0=0000000000000000,0] 
 inst=[00000013,0] nop
C0:        578 [1] pc=[0040000190,0] W[r 0=0000000000000000,0][1] R[r 0=0000000000000000,0] R[r 0=0000000000000000,0] 
 inst=[00000013,0] nop
C0:        579 [1] pc=[0040000194,0] W[r 0=0000000000000000,0][1] R[r 0=0000000000000000,0] R[r 0=0000000000000000,0] 
 inst=[00000013,0] nop
C0:        580 [1] pc=[0040000198,0] W[r 0=0000000000000000,0][1] R[r 0=0000000000000000,0] R[r 0=0000000000000000,0] 
 inst=[00000013,0] nop
C0:        581 [1] pc=[004000019c,0] W[r 0=0000000000000000,0][1] R[r 0=0000000000000000,0] R[r 0=0000000000000000,0] 
 inst=[00000013,0] nop
C0:        582 [1] pc=[00400001a0,0] W[r 0=0000000000000000,0][1] R[r 0=0000000000000000,0] R[r 0=0000000000000000,0] 
 inst=[00000013,0] nop
C0:        583 [1] pc=[00400001a4,0] W[r 0=0000000000000000,0][1] R[r 0=0000000000000000,0] R[r 0=0000000000000000,0] 
 inst=[00000013,0] nop
C0:        584 [1] pc=[00400001a8,0] W[r 0=0000000000000000,0][1] R[r 0=0000000000000000,0] R[r 0=0000000000000000,0] 
 inst=[00000013,0] nop
C0:        585 [1] pc=[00400001ac,0] W[r 0=0000000000000000,0][1] R[r 0=0000000000000000,0] R[r 0=0000000000000000,0] 
 inst=[00000013,0] nop
C0:        586 [1] pc=[00400001b0,0] W[r 0=0000000000000000,0][1] R[r 0=0000000000000000,0] R[r 0=0000000000000000,0] 
 inst=[00000013,0] nop
C0:        587 [1] pc=[00400001b4,0] W[r 0=0000000000000000,0][1] R[r 0=0000000000000000,0] R[r 0=0000000000000000,0] 
 inst=[00000013,0] nop
C0:        588 [1] pc=[00400001b8,0] W[r 0=0000000000000000,0][1] R[r 0=0000000000000000,0] R[r 0=0000000000000000,0] 
 inst=[00000013,0] nop
C0:        589 [1] pc=[00400001bc,0] W[r 0=0000000000000000,0][1] R[r 0=0000000000000000,0] R[r 0=0000000000000000,0] 
 inst=[00000013,0] nop
C0:        644 [1] pc=[00400001c0,0] W[r 0=0000000000f00000,0][1] R[r 1=0000010000000000,0] R[r16=00000000000101ab,0] 
 inst=[8f009073,1] csrw    unknown_8f0, ra
C0:        648 [0] pc=[00400001c4,0] W[r 0=0000000000000000,0][0] R[r 0=0000000000000000,0] R[r 0=0000000000000000,0] 
 inst=[00000513,1] li      a0, 0
TagXact1: (0) Read 0xb8000024 miss
TagXact1: (0) Read 0xbffc0000 miss
TagXact1: (0) FetchRead 0xbffffe00 => 0000000000000000
C0:        687 [1] pc=[0040000254,0] W[r30=0000010000000000,0][1] R[r 0=0000000000000000,0] R[r16=00000000000101ab,0] 
 inst=[9f002f73,0] csrr    t5, unknown_9f0
C0:        690 [1] pc=[0040000258,0] W[r 0=400b30028e6b2b48,0][1] R[r30=0000010000000000,0] R[r 0=0000000000000000,0] 
 inst=[140f1073,0] csrw    sscratch, t5
C0:        691 [1] pc=[004000025c,0] W[r31=00000000000000f0,0][1] R[r 0=0000000000000000,0] R[r16=00000000000101ab,0] 
 inst=[0f000f93,0] li      t6, 240
C0:        692 [1] pc=[0040000260,0] W[r30=000000000000f000,0][1] R[r 1=0000010000000003,0] R[r 0=0000000000000000,0] 
 inst=[0000ff37,0] lui     t5, 0xf
C0:        693 [1] pc=[0040000264,0] W[r31=000000000000f0f0,0][1] R[r31=00000000000000f0,0] R[r30=000000000000f000,0] 
 inst=[01efefb3,0] or      t6, t6, t5
C0:        694 [1] pc=[0040000268,0] W[r30=0000000000f00000,0][1] R[r 0=0000000000000000,0] R[r15=00000000000101ab,0] 
 inst=[00f00f37,0] lui     t5, 0xf00
C0:        695 [1] pc=[004000026c,0] W[r31=0000000000f0f0f0,0][1] R[r31=000000000000f0f0,0] R[r30=0000000000f00000,0] 
 inst=[01efefb3,0] or      t6, t6, t5
C0:        696 [1] pc=[0040000270,0] W[r 0=0000010000000000,0][1] R[r31=0000000000f0f0f0,0] R[r16=00000000000101ab,0] 
 inst=[9f0f9073,0] csrw    unknown_9f0, t6
C0:        700 [1] pc=[0040000274,0] W[r17=0000000000000010,0][1] R[r 0=0000000000000000,0] R[r 2=00000000000101ab,0] 
 inst=[142028f3,0] csrr    a7, scause
C0:        701 [1] pc=[0040000278,0] W[r16=0000000000000008,0][1] R[r 0=0000000000000000,0] R[r 8=00000000000101ab,0] 
 inst=[00800813,0] li      a6, 8
C0:        703 [1] pc=[004000027c,0] W[r 0=0000000000000001,0][0] R[r16=0000000000000008,0] R[r17=0000000000000010,0] 
 inst=[01181463,0] bne     a6, a7, pc + 8
TagXact1: (0) Read 0xb8000028 miss
TagXact1: (0) Read 0xbffc0000 miss
TagXact1: (0) FetchRead 0xbffffe00 => 0000000000000000
C0:        737 [1] pc=[0040000284,0] W[r16=0000000000000006,0][1] R[r 0=0000000000000000,0] R[r 6=0000000000000013,0] 
 inst=[00600813,0] li      a6, 6
C0:        738 [1] pc=[0040000288,0] W[r 0=0000000000000000,0][0] R[r28=0000000000000002,0] R[r16=0000000000000006,0] 
 inst=[fb0e06e3,0] beq     t3, a6, pc - 84
C0:        739 [1] pc=[004000028c,0] W[r16=0000000000000010,0][1] R[r 0=0000000000000000,0] R[r16=0000000000000006,0] 
 inst=[01000813,0] li      a6, 16
C0:        740 [1] pc=[0040000290,0] W[r 0=0000000000000000,0][0] R[r16=0000000000000010,0] R[r17=0000000000000010,0] 
 inst=[fb1812e3,0] bne     a6, a7, pc - 92
C0:        741 [1] pc=[0040000294,0] W[r16=00000000400001c4,0][1] R[r 0=0000000000000000,0] R[r 1=0000000000000013,0] 
 inst=[14102873,0] csrr    a6, sepc
C0:        744 [1] pc=[0040000298,0] W[r16=00000000400001c8,0][1] R[r16=00000000400001c4,0] R[r 4=0000000000000013,0] 
 inst=[00480813,0] addi    a6, a6, 4
C0:        745 [1] pc=[004000029c,0] W[r 0=00000000400001c4,0][1] R[r16=00000000400001c8,0] R[r 1=0000000000000013,0] 
 inst=[14181073,0] csrw    sepc, a6
C0:        746 [1] pc=[00400002a0,0] W[r30=0000010000000000,0][1] R[r 0=0000000000000000,0] R[r 0=0000000000000000,0] 
 inst=[14002f73,0] csrr    t5, sscratch
C0:        749 [1] pc=[00400002a4,0] W[r 0=0000000000f0f0f0,0][1] R[r30=0000010000000000,0] R[r16=0000000000000013,0] 
 inst=[9f0f1073,0] csrw    unknown_9f0, t5
C0:        753 [1] pc=[00400002a8,0] W[r 0=0000000000000000,0][0] R[r 0=0000000000000000,0] R[r 2=0000000000000013,0] 
 inst=[10200073,0] sret
C0:        758 [1] pc=[00400001c8,0] W[r 0=0000000000000000,0][0] R[r10=0000000000000f00,0] R[r 0=0000000000000000,0] 
 inst=[06050663,0] beqz    a0, pc + 108
C0:        759 [1] pc=[00400001cc,0] W[r28=0000000000000003,0][1] R[r 0=0000000000000000,0] R[r 3=0000000000000013,0] 
 inst=[00300e13,0] li      t3, 3
C0:        760 [1] pc=[00400001d0,0] W[r 1=0000000000000001,0][1] R[r 0=0000000000000000,0] R[r 1=0000000000000013,0] 
 inst=[00100093,0] li      ra, 1
C0:        761 [1] pc=[00400001d4,0] W[r 1=0000010000000000,0][1] R[r 1=0000000000000001,0] R[r 8=0000000000000013,0] 
 inst=[02809093,0] slli    ra, ra, 40
C0:        762 [1] pc=[00400001d8,0] W[r 0=0000010000000000,0][1] R[r 1=0000010000000000,0] R[r16=0000000000000013,0] 
 inst=[8f009073,0] csrw    unknown_8f0, ra
C0:        766 [1] pc=[00400001dc,0] W[r 0=0000000000000000,0][1] R[r 0=0000000000000000,0] R[r 0=0000000000000000,0] 
 inst=[00000013,0] nop
C0:        767 [0] pc=[00400001e0,0] W[r 0=0000000000000000,0][0] R[r 0=0000000000000000,0] R[r 0=0000000000000000,0] 
 inst=[00000513,3] li      a0, 0
C0:        772 [1] pc=[0040000254,0] W[r30=0000010000000000,0][1] R[r 0=0000000000000000,0] R[r16=0000000000000013,0] 
 inst=[9f002f73,0] csrr    t5, unknown_9f0
C0:        775 [1] pc=[0040000258,0] W[r 0=0000010000000000,0][1] R[r30=0000010000000000,0] R[r 0=0000000000000000,0] 
 inst=[140f1073,0] csrw    sscratch, t5
C0:        776 [1] pc=[004000025c,0] W[r31=00000000000000f0,0][1] R[r 0=0000000000000000,0] R[r16=0000000000000013,0] 
 inst=[0f000f93,0] li      t6, 240
C0:        777 [1] pc=[0040000260,0] W[r30=000000000000f000,0][1] R[r 1=0000010000000003,0] R[r 0=0000000000000000,0] 
 inst=[0000ff37,0] lui     t5, 0xf
C0:        778 [1] pc=[0040000264,0] W[r31=000000000000f0f0,0][1] R[r31=00000000000000f0,0] R[r30=000000000000f000,0] 
 inst=[01efefb3,0] or      t6, t6, t5
C0:        779 [1] pc=[0040000268,0] W[r30=0000000000f00000,0][1] R[r 0=0000000000000000,0] R[r15=0000000000000013,0] 
 inst=[00f00f37,0] lui     t5, 0xf00
C0:        780 [1] pc=[004000026c,0] W[r31=0000000000f0f0f0,0][1] R[r31=000000000000f0f0,0] R[r30=0000000000f00000,0] 
 inst=[01efefb3,0] or      t6, t6, t5
C0:        781 [1] pc=[0040000270,0] W[r 0=0000010000000000,0][1] R[r31=0000000000f0f0f0,0] R[r16=0000000000000013,0] 
 inst=[9f0f9073,0] csrw    unknown_9f0, t6
C0:        785 [1] pc=[0040000274,0] W[r17=0000000000000010,0][1] R[r 0=0000000000000000,0] R[r 2=0000000000000013,0] 
 inst=[142028f3,0] csrr    a7, scause
C0:        786 [1] pc=[0040000278,0] W[r16=0000000000000008,0][1] R[r 0=0000000000000000,0] R[r 8=0000000000000013,0] 
 inst=[00800813,0] li      a6, 8
C0:        788 [1] pc=[004000027c,0] W[r 0=0000000000000001,0][0] R[r16=0000000000000008,0] R[r17=0000000000000010,0] 
 inst=[01181463,0] bne     a6, a7, pc + 8
C0:        789 [1] pc=[0040000284,0] W[r16=0000000000000006,0][1] R[r 0=0000000000000000,0] R[r 6=0000000000000013,0] 
 inst=[00600813,0] li      a6, 6
C0:        790 [1] pc=[0040000288,0] W[r 0=0000000000000000,0][0] R[r28=0000000000000003,0] R[r16=0000000000000006,0] 
 inst=[fb0e06e3,0] beq     t3, a6, pc - 84
C0:        791 [1] pc=[004000028c,0] W[r16=0000000000000010,0][1] R[r 0=0000000000000000,0] R[r16=0000000000000006,0] 
 inst=[01000813,0] li      a6, 16
C0:        792 [1] pc=[0040000290,0] W[r 0=0000000000000000,0][0] R[r16=0000000000000010,0] R[r17=0000000000000010,0] 
 inst=[fb1812e3,0] bne     a6, a7, pc - 92
C0:        793 [1] pc=[0040000294,0] W[r16=00000000400001e0,0][1] R[r 0=0000000000000000,0] R[r 1=0000000000000013,0] 
 inst=[14102873,0] csrr    a6, sepc
C0:        796 [1] pc=[0040000298,0] W[r16=00000000400001e4,0][1] R[r16=00000000400001e0,0] R[r 4=0000000000000013,0] 
 inst=[00480813,0] addi    a6, a6, 4
C0:        797 [1] pc=[004000029c,0] W[r 0=00000000400001e0,0][1] R[r16=00000000400001e4,0] R[r 1=0000000000000013,0] 
 inst=[14181073,0] csrw    sepc, a6
C0:        798 [1] pc=[00400002a0,0] W[r30=0000010000000000,0][1] R[r 0=0000000000000000,0] R[r 0=0000000000000000,0] 
 inst=[14002f73,0] csrr    t5, sscratch
C0:        801 [1] pc=[00400002a4,0] W[r 0=0000000000f0f0f0,0][1] R[r30=0000010000000000,0] R[r16=0000000000000013,0] 
 inst=[9f0f1073,0] csrw    unknown_9f0, t5
C0:        805 [1] pc=[00400002a8,0] W[r 0=0000000000000000,0][0] R[r 0=0000000000000000,0] R[r 2=0000000000000013,0] 
 inst=[10200073,0] sret
C0:        810 [1] pc=[00400001e4,0] W[r 0=0000000000000000,0][0] R[r10=0000000000000f00,0] R[r 0=0000000000000000,0] 
 inst=[04050863,0] beqz    a0, pc + 80
C0:        811 [1] pc=[00400001e8,0] W[r28=0000000000000004,0][1] R[r 0=0000000000000000,0] R[r 4=0000000000000013,0] 
 inst=[00400e13,0] li      t3, 4
C0:        812 [1] pc=[00400001ec,0] W[r 1=0000000000000002,0][1] R[r 0=0000000000000000,0] R[r 2=0000000000000013,0] 
 inst=[00200093,0] li      ra, 2
C0:        813 [1] pc=[00400001f0,0] W[r 1=0000020000000000,0][1] R[r 1=0000000000000002,0] R[r 8=0000000000000013,0] 
 inst=[02809093,0] slli    ra, ra, 40
C0:        814 [1] pc=[00400001f4,0] W[r 0=0000010000000000,0][1] R[r 1=0000020000000000,0] R[r16=0000000000000013,0] 
 inst=[8f009073,0] csrw    unknown_8f0, ra
C0:        818 [0] pc=[00400001f8,0] W[r 0=0000000000000000,0][0] R[r 0=0000000000000000,0] R[r 0=0000000000000000,0] 
 inst=[00000513,2] li      a0, 0
C0:        873 [1] pc=[0040000254,0] W[r30=0000020000000000,0][1] R[r 0=0000000000000000,0] R[r16=0000000000000013,0] 
 inst=[9f002f73,0] csrr    t5, unknown_9f0
C0:        876 [1] pc=[0040000258,0] W[r 0=0000010000000000,0][1] R[r30=0000020000000000,0] R[r 0=0000000000000000,0] 
 inst=[140f1073,0] csrw    sscratch, t5
C0:        877 [1] pc=[004000025c,0] W[r31=00000000000000f0,0][1] R[r 0=0000000000000000,0] R[r16=0000000000000013,0] 
 inst=[0f000f93,0] li      t6, 240
C0:        878 [1] pc=[0040000260,0] W[r30=000000000000f000,0][1] R[r 1=0000020000000003,0] R[r 0=0000000000000000,0] 
 inst=[0000ff37,0] lui     t5, 0xf
C0:        879 [1] pc=[0040000264,0] W[r31=000000000000f0f0,0][1] R[r31=00000000000000f0,0] R[r30=000000000000f000,0] 
 inst=[01efefb3,0] or      t6, t6, t5
C0:        880 [1] pc=[0040000268,0] W[r30=0000000000f00000,0][1] R[r 0=0000000000000000,0] R[r15=0000000000000013,0] 
 inst=[00f00f37,0] lui     t5, 0xf00
C0:        881 [1] pc=[004000026c,0] W[r31=0000000000f0f0f0,0][1] R[r31=000000000000f0f0,0] R[r30=0000000000f00000,0] 
 inst=[01efefb3,0] or      t6, t6, t5
C0:        882 [1] pc=[0040000270,0] W[r 0=0000020000000000,0][1] R[r31=0000000000f0f0f0,0] R[r16=0000000000000013,0] 
 inst=[9f0f9073,0] csrw    unknown_9f0, t6
C0:        886 [1] pc=[0040000274,0] W[r17=0000000000000010,0][1] R[r 0=0000000000000000,0] R[r 2=0000000000000013,0] 
 inst=[142028f3,0] csrr    a7, scause
C0:        887 [1] pc=[0040000278,0] W[r16=0000000000000008,0][1] R[r 0=0000000000000000,0] R[r 8=0000000000000013,0] 
 inst=[00800813,0] li      a6, 8
C0:        889 [1] pc=[004000027c,0] W[r 0=0000000000000001,0][0] R[r16=0000000000000008,0] R[r17=0000000000000010,0] 
 inst=[01181463,0] bne     a6, a7, pc + 8
C0:        890 [1] pc=[0040000284,0] W[r16=0000000000000006,0][1] R[r 0=0000000000000000,0] R[r 6=0000000000000013,0] 
 inst=[00600813,0] li      a6, 6
C0:        891 [1] pc=[0040000288,0] W[r 0=0000000000000000,0][0] R[r28=0000000000000004,0] R[r16=0000000000000006,0] 
 inst=[fb0e06e3,0] beq     t3, a6, pc - 84
C0:        892 [1] pc=[004000028c,0] W[r16=0000000000000010,0][1] R[r 0=0000000000000000,0] R[r16=0000000000000006,0] 
 inst=[01000813,0] li      a6, 16
C0:        893 [1] pc=[0040000290,0] W[r 0=0000000000000000,0][0] R[r16=0000000000000010,0] R[r17=0000000000000010,0] 
 inst=[fb1812e3,0] bne     a6, a7, pc - 92
C0:        894 [1] pc=[0040000294,0] W[r16=00000000400001f8,0][1] R[r 0=0000000000000000,0] R[r 1=0000000000000013,0] 
 inst=[14102873,0] csrr    a6, sepc
C0:        897 [1] pc=[0040000298,0] W[r16=00000000400001fc,0][1] R[r16=00000000400001f8,0] R[r 4=0000000000000013,0] 
 inst=[00480813,0] addi    a6, a6, 4
C0:        898 [1] pc=[004000029c,0] W[r 0=00000000400001f8,0][1] R[r16=00000000400001fc,0] R[r 1=0000000000000013,0] 
 inst=[14181073,0] csrw    sepc, a6
C0:        899 [1] pc=[00400002a0,0] W[r30=0000020000000000,0][1] R[r 0=0000000000000000,0] R[r 0=0000000000000000,0] 
 inst=[14002f73,0] csrr    t5, sscratch
C0:        902 [1] pc=[00400002a4,0] W[r 0=0000000000f0f0f0,0][1] R[r30=0000020000000000,0] R[r16=0000000000000013,0] 
 inst=[9f0f1073,0] csrw    unknown_9f0, t5
C0:        906 [1] pc=[00400002a8,0] W[r 0=0000000000000000,0][0] R[r 0=0000000000000000,0] R[r 2=0000000000000013,0] 
 inst=[10200073,0] sret
C0:        911 [1] pc=[00400001fc,0] W[r 0=0000000000000000,0][0] R[r10=0000000000000f00,0] R[r 0=0000000000000000,0] 
 inst=[02050c63,0] beqz    a0, pc + 56
C0:        912 [1] pc=[0040000200,0] W[r28=0000000000000005,0][1] R[r 0=0000000000000000,0] R[r 5=0000000000000013,0] 
 inst=[00500e13,0] li      t3, 5
C0:        913 [1] pc=[0040000204,0] W[r 1=0000000000000001,0][1] R[r 0=0000000000000000,0] R[r 1=0000000000000013,0] 
 inst=[00100093,0] li      ra, 1
C0:        914 [1] pc=[0040000208,0] W[r 1=0000010000000000,0][1] R[r 1=0000000000000001,0] R[r 8=0000000000000013,0] 
 inst=[02809093,0] slli    ra, ra, 40
C0:        915 [1] pc=[004000020c,0] W[r 0=0000020000000000,0][1] R[r 1=0000010000000000,0] R[r16=0000000000000013,0] 
 inst=[8f009073,0] csrw    unknown_8f0, ra
C0:        919 [1] pc=[0040000210,0] W[r 0=0000000000000000,0][1] R[r 0=0000000000000000,0] R[r 0=0000000000000000,0] 
 inst=[00000013,0] nop
C0:        920 [0] pc=[0040000214,0] W[r 0=0000000000000000,0][0] R[r 0=0000000000000000,0] R[r 0=0000000000000000,0] 
 inst=[00000513,1] li      a0, 0
C0:        925 [1] pc=[0040000254,0] W[r30=0000010000000000,0][1] R[r 0=0000000000000000,0] R[r16=0000000000000013,0] 
 inst=[9f002f73,0] csrr    t5, unknown_9f0
C0:        928 [1] pc=[0040000258,0] W[r 0=0000020000000000,0][1] R[r30=0000010000000000,0] R[r 0=0000000000000000,0] 
 inst=[140f1073,0] csrw    sscratch, t5
C0:        929 [1] pc=[004000025c,0] W[r31=00000000000000f0,0][1] R[r 0=0000000000000000,0] R[r16=0000000000000013,0] 
 inst=[0f000f93,0] li      t6, 240
C0:        930 [1] pc=[0040000260,0] W[r30=000000000000f000,0][1] R[r 1=0000010000000003,0] R[r 0=0000000000000000,0] 
 inst=[0000ff37,0] lui     t5, 0xf
C0:        931 [1] pc=[0040000264,0] W[r31=000000000000f0f0,0][1] R[r31=00000000000000f0,0] R[r30=000000000000f000,0] 
 inst=[01efefb3,0] or      t6, t6, t5
C0:        932 [1] pc=[0040000268,0] W[r30=0000000000f00000,0][1] R[r 0=0000000000000000,0] R[r15=0000000000000013,0] 
 inst=[00f00f37,0] lui     t5, 0xf00
C0:        933 [1] pc=[004000026c,0] W[r31=0000000000f0f0f0,0][1] R[r31=000000000000f0f0,0] R[r30=0000000000f00000,0] 
 inst=[01efefb3,0] or      t6, t6, t5
C0:        934 [1] pc=[0040000270,0] W[r 0=0000010000000000,0][1] R[r31=0000000000f0f0f0,0] R[r16=0000000000000013,0] 
 inst=[9f0f9073,0] csrw    unknown_9f0, t6
C0:        938 [1] pc=[0040000274,0] W[r17=0000000000000010,0][1] R[r 0=0000000000000000,0] R[r 2=0000000000000013,0] 
 inst=[142028f3,0] csrr    a7, scause
C0:        939 [1] pc=[0040000278,0] W[r16=0000000000000008,0][1] R[r 0=0000000000000000,0] R[r 8=0000000000000013,0] 
 inst=[00800813,0] li      a6, 8
C0:        941 [1] pc=[004000027c,0] W[r 0=0000000000000001,0][0] R[r16=0000000000000008,0] R[r17=0000000000000010,0] 
 inst=[01181463,0] bne     a6, a7, pc + 8
C0:        942 [1] pc=[0040000284,0] W[r16=0000000000000006,0][1] R[r 0=0000000000000000,0] R[r 6=0000000000000013,0] 
 inst=[00600813,0] li      a6, 6
C0:        943 [1] pc=[0040000288,0] W[r 0=0000000000000000,0][0] R[r28=0000000000000005,0] R[r16=0000000000000006,0] 
 inst=[fb0e06e3,0] beq     t3, a6, pc - 84
C0:        944 [1] pc=[004000028c,0] W[r16=0000000000000010,0][1] R[r 0=0000000000000000,0] R[r16=0000000000000006,0] 
 inst=[01000813,0] li      a6, 16
C0:        945 [1] pc=[0040000290,0] W[r 0=0000000000000000,0][0] R[r16=0000000000000010,0] R[r17=0000000000000010,0] 
 inst=[fb1812e3,0] bne     a6, a7, pc - 92
C0:        946 [1] pc=[0040000294,0] W[r16=0000000040000214,0][1] R[r 0=0000000000000000,0] R[r 1=0000000000000013,0] 
 inst=[14102873,0] csrr    a6, sepc
C0:        949 [1] pc=[0040000298,0] W[r16=0000000040000218,0][1] R[r16=0000000040000214,0] R[r 4=0000000000000013,0] 
 inst=[00480813,0] addi    a6, a6, 4
C0:        950 [1] pc=[004000029c,0] W[r 0=0000000040000214,0][1] R[r16=0000000040000218,0] R[r 1=0000000000000013,0] 
 inst=[14181073,0] csrw    sepc, a6
C0:        951 [1] pc=[00400002a0,0] W[r30=0000010000000000,0][1] R[r 0=0000000000000000,0] R[r 0=0000000000000000,0] 
 inst=[14002f73,0] csrr    t5, sscratch
C0:        954 [1] pc=[00400002a4,0] W[r 0=0000000000f0f0f0,0][1] R[r30=0000010000000000,0] R[r16=0000000000000013,0] 
 inst=[9f0f1073,0] csrw    unknown_9f0, t5
C0:        958 [1] pc=[00400002a8,0] W[r 0=0000000000000000,0][0] R[r 0=0000000000000000,0] R[r 2=0000000000000013,0] 
 inst=[10200073,0] sret
C0:        963 [1] pc=[0040000218,0] W[r 0=0000000000000000,0][0] R[r10=0000000000000f00,0] R[r 0=0000000000000000,0] 
 inst=[00050e63,0] beqz    a0, pc + 28
C0:        964 [1] pc=[004000021c,0] W[r28=0000000000000006,0][1] R[r 0=0000000000000000,0] R[r 6=0000000000000013,0] 
 inst=[00600e13,0] li      t3, 6
C0:        965 [1] pc=[0040000220,0] W[r 1=0000000000000002,0][1] R[r 0=0000000000000000,0] R[r 2=0000000000000013,0] 
 inst=[00200093,0] li      ra, 2
C0:        966 [1] pc=[0040000224,0] W[r 1=0000020000000000,0][1] R[r 1=0000000000000002,0] R[r 8=0000000000000013,0] 
 inst=[02809093,0] slli    ra, ra, 40
C0:        967 [1] pc=[0040000228,0] W[r 0=0000010000000000,0][1] R[r 1=0000020000000000,0] R[r16=0000000000000013,0] 
 inst=[8f009073,0] csrw    unknown_8f0, ra
C0:        971 [1] pc=[004000022c,0] W[r 0=0000000000000000,0][1] R[r 0=0000000000000000,0] R[r 0=0000000000000000,0] 
 inst=[00000013,0] nop
C0:        972 [1] pc=[0040000230,0] W[r 0=0000000000000001,0][0] R[r 0=0000000000000000,0] R[r28=0000000000000006,0] 
 inst=[01c01c63,1] bne     zero, t3, pc + 24
C0:        976 [1] pc=[0040000248,0] W[r 0=0000000000000004,0][0] R[r 0=0000000000000000,0] R[r31=0000000000000007,0] 
 inst=[0ff0000f,0] fence
C0:        977 [1] pc=[004000024c,0] W[r28=0000000000000001,0][1] R[r 0=0000000000000000,0] R[r 1=0000000000000007,0] 
 inst=[00100e13,0] li      t3, 1
C0:        978 [0] pc=[0040000250,0] W[r 0=0000000000000000,0][0] R[r 0=0000000000000000,0] R[r 0=0000000000000000,0] 
 inst=[00000073,0] ecall
C0:        983 [1] pc=[0040000254,0] W[r30=0000020000000000,0][1] R[r 0=0000000000000000,0] R[r16=0000000000000007,0] 
 inst=[9f002f73,0] csrr    t5, unknown_9f0
C0:        986 [1] pc=[0040000258,0] W[r 0=0000010000000000,0][1] R[r30=0000020000000000,0] R[r 0=0000000000000000,0] 
 inst=[140f1073,0] csrw    sscratch, t5
C0:        987 [1] pc=[004000025c,0] W[r31=00000000000000f0,0][1] R[r 0=0000000000000000,0] R[r16=0000000000000007,0] 
 inst=[0f000f93,0] li      t6, 240
C0:        988 [1] pc=[0040000260,0] W[r30=000000000000f000,0][1] R[r 1=0000020000000003,0] R[r 0=0000000000000000,0] 
 inst=[0000ff37,0] lui     t5, 0xf
C0:        989 [1] pc=[0040000264,0] W[r31=000000000000f0f0,0][1] R[r31=00000000000000f0,0] R[r30=000000000000f000,0] 
 inst=[01efefb3,0] or      t6, t6, t5
C0:        990 [1] pc=[0040000268,0] W[r30=0000000000f00000,0][1] R[r 0=0000000000000000,0] R[r15=0000000000000007,0] 
 inst=[00f00f37,0] lui     t5, 0xf00
C0:        991 [1] pc=[004000026c,0] W[r31=0000000000f0f0f0,0][1] R[r31=000000000000f0f0,0] R[r30=0000000000f00000,0] 
 inst=[01efefb3,0] or      t6, t6, t5
C0:        992 [1] pc=[0040000270,0] W[r 0=0000020000000000,0][1] R[r31=0000000000f0f0f0,0] R[r16=0000000000000007,0] 
 inst=[9f0f9073,0] csrw    unknown_9f0, t6
C0:        996 [1] pc=[0040000274,0] W[r17=0000000000000008,0][1] R[r 0=0000000000000000,0] R[r 2=0000000000000007,0] 
 inst=[142028f3,0] csrr    a7, scause
C0:        997 [1] pc=[0040000278,0] W[r16=0000000000000008,0][1] R[r 0=0000000000000000,0] R[r 8=0000000000000007,0] 
 inst=[00800813,0] li      a6, 8
C0:        999 [1] pc=[004000027c,0] W[r 0=0000000000000000,0][0] R[r16=0000000000000008,0] R[r17=0000000000000008,0] 
 inst=[01181463,0] bne     a6, a7, pc + 8
C0:       1000 [1] pc=[0040000280,0] W[r 0=0000000040000284,0][1] R[r31=0000020000000003,0] R[r 9=000000000000000b,0] 
 inst=[fc9ff06f,0] j       pc - 0x38
C0:       1004 [1] pc=[0040000248,0] W[r 0=0000000000000004,0][0] R[r 0=0000000000000000,0] R[r31=000000000000000b,0] 
 inst=[0ff0000f,0] fence
C0:       1005 [1] pc=[004000024c,0] W[r28=0000000000000001,0][1] R[r 0=0000000000000000,0] R[r 1=000000000000000b,0] 
 inst=[00100e13,0] li      t3, 1
C0:       1006 [0] pc=[0040000250,0] W[r 0=0000000000000000,0][0] R[r 0=0000000000000000,0] R[r 0=0000000000000000,0] 
 inst=[00000073,0] ecall
C0:       1011 [1] pc=[0040000004,0] W[r30=0000000000f0f0f0,0][1] R[r 0=0000000000000000,0] R[r16=000000000000000b,0] 
 inst=[bf002f73,0] csrr    t5, unknown_bf0
C0:       1014 [1] pc=[0040000008,0] W[r 0=68d70fe72d48552a,0][1] R[r30=0000000000f0f0f0,0] R[r 0=0000000000000000,0] 
 inst=[340f1073,0] csrw    mscratch, t5
C0:       1015 [1] pc=[004000000c,0] W[r31=00000000000000f0,0][1] R[r 0=0000000000000000,0] R[r16=000000000000000b,0] 
 inst=[0f000f93,0] li      t6, 240
C0:       1016 [1] pc=[0040000010,0] W[r30=000000000000f000,0][1] R[r 1=0000000000f0f0f3,0] R[r 0=0000000000000000,0] 
 inst=[0000ff37,0] lui     t5, 0xf
C0:       1017 [1] pc=[0040000014,0] W[r31=000000000000f0f0,0][1] R[r31=00000000000000f0,0] R[r30=000000000000f000,0] 
 inst=[01efefb3,0] or      t6, t6, t5
C0:       1018 [1] pc=[0040000018,0] W[r30=0000000000f00000,0][1] R[r 0=0000000000000000,0] R[r15=000000000000000b,0] 
 inst=[00f00f37,0] lui     t5, 0xf00
C0:       1019 [1] pc=[004000001c,0] W[r31=0000000000f0f0f0,0][1] R[r31=000000000000f0f0,0] R[r30=0000000000f00000,0] 
 inst=[01efefb3,0] or      t6, t6, t5
C0:       1020 [1] pc=[0040000020,0] W[r 0=0000000000f0f0f0,0][1] R[r31=0000000000f0f0f0,0] R[r16=000000000000000b,0] 
 inst=[bf0f9073,0] csrw    unknown_bf0, t6
C0:       1024 [1] pc=[0040000024,0] W[r30=0000000000000009,0][1] R[r 0=0000000000000000,0] R[r 2=000000000000000b,0] 
 inst=[34202f73,0] csrr    t5, mcause
C0:       1025 [1] pc=[0040000028,0] W[r31=0000000000000008,0][1] R[r 0=0000000000000000,0] R[r 8=000000000000000b,0] 
 inst=[00800f93,0] li      t6, 8
C0:       1027 [1] pc=[004000002c,0] W[r 0=0000000000000000,0][0] R[r30=0000000000000009,0] R[r31=0000000000000008,0] 
 inst=[03ff0a63,0] beq     t5, t6, pc + 52
C0:       1028 [1] pc=[0040000030,0] W[r31=0000000000000009,0][1] R[r 0=0000000000000000,0] R[r 9=000000000000000b,0] 
 inst=[00900f93,0] li      t6, 9
C0:       1029 [1] pc=[0040000034,0] W[r 0=0000000000000001,0][0] R[r30=0000000000000009,0] R[r31=0000000000000009,0] 
 inst=[03ff0663,0] beq     t5, t6, pc + 44
C0:       1033 [1] pc=[0040000060,0] W[r30=0000000000004000,0][1] R[r 0=0000000000000000,0] R[r 0=0000000000000000,0] 
 inst=[00004f37,0] lui     t5, 0x4
C0:       1034 [1] pc=[0040000064,0] W[r 0=0000000000004000,0][0] R[r30=0000000000004000,0] R[r28=0000000000000001,0] 
 inst=[01cf2023,0] sw      t3, 0(t5)
C0:       1035 [1] pc=[0040000068,0] W[r 0=000000004000006c,0][1] R[r31=000000000000000b,0] R[r25=0000000000000003,0] 
 inst=[ff9ff06f,0] j       pc - 0x8
