C0:         17 [1] pc=[0000000000,0] W[r 5=0000000040000000,0][1] R[r 0=0000000000000000,0] R[r 0=0000000000000000,0] 
 inst=[40000297,0] auipc   t0, 0x40000
C0:         18 [1] pc=[0000000004,0] W[r 0=0000000000000008,0][1] R[r 5=0000000040000000,0] R[r 0=0000000000000000,0] 
 inst=[00028067,0] jr      t0
TagXact1: (0) Create 0xbffffe00
TagXact1: (0) Create 0xbffffe40
TagXact1: (0) Create 0xbffffe80
TagXact1: (0) Create 0xbffffec0
TagXact1: (0) Create 0xbfffff00
TagXact1: (0) Create 0xbfffff40
TagXact1: (0) Create 0xbfffff80
TagXact1: (0) Create 0xbfffffc0
C0:        166 [1] pc=[0040000000,0] W[r 0=0000000040000004,0][1] R[r 0=0000000000000000,0] R[r12=822bd126c26244cb,c] 
 inst=[06c0006f,0] j       pc + 0x6c
TagXact1: (0) Read 0xb8000004 miss
TagXact1: (0) Read 0xbffc0000 miss
TagXact1: (0) FetchRead 0xbffffe00 => 0000000000000000
C0:        208 [1] pc=[004000006c,0] W[r10=0000000000000000,0][1] R[r 0=0000000000000000,0] R[r20=822bd126c26244cb,c] 
 inst=[f1402573,0] csrr    a0, mhartid
C0:        211 [1] pc=[0040000070,0] W[r 0=0000000000000000,0][0] R[r10=0000000000000000,0] R[r 0=0000000000000000,0] 
 inst=[00051063,0] bnez    a0, pc + 0
C0:        212 [1] pc=[0040000074,0] W[r10=8000000000041129,0][1] R[r 0=0000000000000000,0] R[r16=822bd126c26244cb,c] 
 inst=[f1002573,0] csrr    a0, unknown_f10
C0:        215 [1] pc=[0040000078,0] W[r 0=0000000000000001,0][0] R[r10=8000000000041129,0] R[r 0=0000000000000000,0] 
 inst=[00054863,0] bltz    a0, pc + 16
TagXact1: (0) Read 0xb8000008 miss
TagXact1: (0) Read 0xbffc0000 miss
TagXact1: (0) FetchRead 0xbffffe00 => 0000000000000000
C0:        251 [1] pc=[0040000088,0] W[r28=0000000000000000,0][1] R[r 0=0000000000000000,0] R[r 0=0000000000000000,0] 
 inst=[00000e13,0] li      t3, 0
C0:        252 [1] pc=[004000008c,0] W[r 5=000000004000008c,0][1] R[r 0=0000000000000000,0] R[r 0=0000000000000000,0] 
 inst=[00000297,0] auipc   t0, 0x0
C0:        253 [1] pc=[0040000090,0] W[r 5=0000000040000004,0][1] R[r 5=000000004000008c,0] R[r24=822bd126c26244cb,c] 
 inst=[f7828293,0] addi    t0, t0, -136
C0:        254 [1] pc=[0040000094,0] W[r 0=0000000000000000,0][1] R[r 5=0000000040000004,0] R[r 5=0000000040000004,0] 
 inst=[30529073,0] csrw    mtvec, t0
C0:        258 [1] pc=[0040000098,0] W[r 5=0000000000000098,0][1] R[r 0=0000000000000000,0] R[r 0=0000000000000000,0] 
 inst=[c0000297,0] auipc   t0, 0xc0000
C0:        259 [1] pc=[004000009c,0] W[r 5=0000000000000000,0][1] R[r 5=0000000000000098,0] R[r 8=822bd126c26244cb,c] 
 inst=[f6828293,0] addi    t0, t0, -152
C0:        260 [1] pc=[00400000a0,0] W[r 0=0000000000000001,0][0] R[r 5=0000000000000000,0] R[r 0=0000000000000000,0] 
 inst=[00028e63,0] beqz    t0, pc + 28
C0:        264 [1] pc=[00400000bc,0] W[r 0=0000000000001800,0][1] R[r 0=0000000000000000,0] R[r 0=0000000000000000,0] 
 inst=[30005073,0] csrwi   mstatus, 0
TagXact1: (0) Read 0xb800000c miss
TagXact1: (0) Read 0xbffc0000 miss
TagXact1: (0) FetchRead 0xbffffe00 => 0000000000000000
C0:        300 [1] pc=[00400000c0,0] W[r 5=00000000400000c0,0][1] R[r 0=0000000000000000,0] R[r 0=0000000000000000,0] 
 inst=[00000297,0] auipc   t0, 0x0
C0:        301 [1] pc=[00400000c4,0] W[r 5=00000000400000d4,0][1] R[r 5=00000000400000c0,0] R[r20=822bd126c26244cb,c] 
 inst=[01428293,0] addi    t0, t0, 20
C0:        302 [1] pc=[00400000c8,0] W[r 0=000000401c937d84,0][1] R[r 5=00000000400000d4,0] R[r 1=822bd126c26244cb,c] 
 inst=[34129073,0] csrw    mepc, t0
C0:        303 [1] pc=[00400000cc,0] W[r10=0000000000000000,0][1] R[r 0=0000000000000000,0] R[r20=822bd126c26244cb,c] 
 inst=[f1402573,0] csrr    a0, mhartid
C0:        304 [1] pc=[00400000d0,0] W[r 0=0000000000000000,0][0] R[r 0=0000000000000000,0] R[r 2=822bd126c26244cb,c] 
 inst=[30200073,0] mret
C0:        309 [1] pc=[00400000d4,0] W[r28=0000000000000002,0][1] R[r 0=0000000000000000,0] R[r 2=822bd126c26244cb,c] 
 inst=[00200e13,0] li      t3, 2
C0:        310 [1] pc=[00400000d8,0] W[r 1=0000000000000001,0][1] R[r 0=0000000000000000,0] R[r 1=822bd126c26244cb,c] 
 inst=[00100093,0] li      ra, 1
C0:        311 [1] pc=[00400000dc,0] W[r 0=0000000000000001,0][0] R[r 1=0000000000000001,0] R[r 0=0000000000000000,0] 
 inst=[00009463,0] bnez    ra, pc + 8
C0:        315 [1] pc=[00400000e4,0] W[r 3=0000000010000000,0][1] R[r 1=0000000000000001,0] R[r28=822bd126c26244cb,c] 
 inst=[01c09193,0] slli    gp, ra, 28
C0:        316 [1] pc=[00400000e8,0] W[r 2=0000000000f00000,0][1] R[r 0=0000000000000000,0] R[r15=822bd126c26244cb,c] 
 inst=[00f00137,0] lui     sp, 0xf00
C0:        317 [1] pc=[00400000ec,0] W[r 3=0000000010f00000,0][1] R[r 3=0000000010000000,0] R[r 2=0000000000f00000,0] 
 inst=[0021e1b3,0] or      gp, gp, sp
C0:        318 [1] pc=[00400000f0,0] W[r 2=000000000000f000,0][1] R[r 1=0000000000000003,0] R[r 0=0000000000000000,0] 
 inst=[0000f137,0] lui     sp, 0xf
C0:        319 [1] pc=[00400000f4,0] W[r 3=0000000010f0f000,0][1] R[r 3=0000000010f00000,0] R[r 2=000000000000f000,0] 
 inst=[0021e1b3,0] or      gp, gp, sp
C0:        320 [1] pc=[00400000f8,0] W[r 0=0000000000000000,0][1] R[r 3=0000000010f0f000,0] R[r16=822bd126c26244cb,c] 
 inst=[8f019073,0] csrw    unknown_8f0, gp
TagXact1: (0) Read 0xb8000010 miss
TagXact1: (0) Read 0xbffc0000 miss
TagXact1: (0) FetchRead 0xbffffe00 => 0000000000000000
C0:        356 [1] pc=[00400000fc,0] W[r28=0000000000000003,0][1] R[r 0=0000000000000000,0] R[r 3=822bd126c26244cb,c] 
 inst=[00300e13,0] li      t3, 3
C0:        357 [1] pc=[0040000100,0] W[r10=0000000040000100,0][1] R[r 0=0000000000000000,0] R[r 0=0000000000000000,0] 
 inst=[00000517,0] auipc   a0, 0x0
C0:        358 [1] pc=[0040000104,0] W[r10=0000000040000140,0][1] R[r10=0000000040000100,0] R[r 0=0000000000000000,0] 
 inst=[04050513,0] addi    a0, a0, 64
C0:        359 [1] pc=[0040000108,0] W[r 0=0000000040000140,0][0] R[r10=0000000040000140,0] R[r 0=0000000000000000,0] 
 inst=[00052483,0] lw      s1, 0(a0)
TagXact1: (0) Read 0xb8000014 miss
TagXact1: (0) Read 0xbffc0000 miss
TagXact1: (0) FetchRead 0xbffffe00 => 0000000000000000
C0:        400 [1] pc=[004000010c,0] W[r 9=0000000000400e13,1][1] R[r 1=0000000000000001,0] R[r 0=0000000000000000,0] 
 inst=[000094d7,0] unknown
C0:        401 [1] pc=[0040000110,0] W[r 0=0000000040000140,0][0] R[r10=0000000040000140,0] R[r 9=0000000000400e13,1] 
 inst=[00952023,0] sw      s1, 0(a0)
C0:        409 [1] pc=[0040000114,0] W[r 0=0000000000000004,0][0] R[r 0=0000000000000000,0] R[r 0=0000000000000000,0] 
 inst=[0000100f,0] fence.i
C0:        431 [1] pc=[0040000118,0] W[r 0=0000000000000001,0][0] R[r 1=0000000000000001,0] R[r 0=0000000000000000,0] 
 inst=[02009463,0] bnez    ra, pc + 40
C0:        489 [1] pc=[0040000140,1] W[r28=0000000000000004,0][1] R[r 0=0000000000000000,0] R[r 4=822bd126c26244cb,c] 
 inst=[00400e13,1] li      t3, 4
C0:        490 [1] pc=[0040000144,0] W[r10=0000000040000144,0][1] R[r 0=0000000000000000,0] R[r 0=0000000000000000,0] 
 inst=[00000517,0] auipc   a0, 0x0
C0:        491 [1] pc=[0040000148,0] W[r10=0000000040000188,0][1] R[r10=0000000040000144,0] R[r 4=822bd126c26244cb,c] 
 inst=[04450513,0] addi    a0, a0, 68
C0:        492 [1] pc=[004000014c,0] W[r 0=0000000040000188,0][0] R[r10=0000000040000188,0] R[r 0=0000000000000000,0] 
 inst=[00052483,0] lw      s1, 0(a0)
TagXact1: (0) Read 0xb8000018 miss
TagXact1: (0) Read 0xbffc0000 miss
TagXact1: (0) FetchRead 0xbffffe00 => 0000000000000000
C0:        533 [1] pc=[0040000150,0] W[r 9=0000000000500e13,1][1] R[r 1=0000000000000001,0] R[r 0=0000000000000000,0] 
 inst=[000094d7,0] unknown
C0:        534 [1] pc=[0040000154,0] W[r 0=0000000040000188,0][0] R[r10=0000000040000188,0] R[r 9=0000000000500e13,1] 
 inst=[00952023,0] sw      s1, 0(a0)
C0:        542 [1] pc=[0040000158,0] W[r 0=0000000000000004,0][0] R[r 0=0000000000000000,0] R[r 0=0000000000000000,0] 
 inst=[0000100f,0] fence.i
C0:        600 [1] pc=[004000015c,0] W[r 0=0000000000000000,0][1] R[r 0=0000000000000000,0] R[r 0=0000000000000000,0] 
 inst=[00000013,0] nop
C0:        601 [1] pc=[0040000160,0] W[r 0=0000000000000000,0][1] R[r 0=0000000000000000,0] R[r 0=0000000000000000,0] 
 inst=[00000013,0] nop
C0:        602 [1] pc=[0040000164,0] W[r 0=0000000000000000,0][1] R[r 0=0000000000000000,0] R[r 0=0000000000000000,0] 
 inst=[00000013,0] nop
C0:        603 [1] pc=[0040000168,0] W[r 0=0000000000000000,0][1] R[r 0=0000000000000000,0] R[r 0=0000000000000000,0] 
 inst=[00000013,0] nop
C0:        604 [1] pc=[004000016c,0] W[r 0=0000000000000000,0][1] R[r 0=0000000000000000,0] R[r 0=0000000000000000,0] 
 inst=[00000013,0] nop
C0:        605 [1] pc=[0040000170,0] W[r 0=0000000000000000,0][1] R[r 0=0000000000000000,0] R[r 0=0000000000000000,0] 
 inst=[00000013,0] nop
C0:        606 [1] pc=[0040000174,0] W[r 0=0000000000000000,0][1] R[r 0=0000000000000000,0] R[r 0=0000000000000000,0] 
 inst=[00000013,0] nop
C0:        607 [1] pc=[0040000178,0] W[r 0=0000000000000000,0][1] R[r 0=0000000000000000,0] R[r 0=0000000000000000,0] 
 inst=[00000013,0] nop
C0:        608 [1] pc=[004000017c,0] W[r 0=0000000000000000,0][1] R[r 0=0000000000000000,0] R[r 0=0000000000000000,0] 
 inst=[00000013,0] nop
C0:        663 [1] pc=[0040000180,0] W[r 0=0000000000000001,0][0] R[r 1=0000000000000001,0] R[r 0=0000000000000000,0] 
 inst=[00009463,0] bnez    ra, pc + 8
C0:        667 [1] pc=[0040000188,1] W[r28=0000000000000005,0][1] R[r 0=0000000000000000,0] R[r 5=822bd126c26244cb,c] 
 inst=[00500e13,1] li      t3, 5
C0:        668 [1] pc=[004000018c,0] W[r 0=0000000000000001,0][0] R[r 1=0000000000000001,0] R[r 0=0000000000000000,0] 
 inst=[02009a63,0] bnez    ra, pc + 52
TagXact1: (0) Read 0xb800001c miss
TagXact1: (0) Read 0xbffc0000 miss
TagXact1: (0) FetchRead 0xbffffe00 => 0000000000000000
C0:        708 [0] pc=[00400001c0,1] W[r 0=00000000400001c4,0][0] R[r 0=0000000000000000,0] R[r 0=0000000000000000,0] 
 inst=[1e00006f,0] j       pc + 0x1e0
C0:        731 [1] pc=[0040000004,0] W[r30=0000000010f0f000,0][1] R[r 0=0000000000000000,0] R[r16=822bd126c26244cb,c] 
 inst=[bf002f73,0] csrr    t5, unknown_bf0
C0:        734 [1] pc=[0040000008,0] W[r 0=68d70fe72d48552a,0][1] R[r30=0000000010f0f000,0] R[r 0=0000000000000000,0] 
 inst=[340f1073,0] csrw    mscratch, t5
C0:        735 [1] pc=[004000000c,0] W[r31=00000000000000f0,0][1] R[r 0=0000000000000000,0] R[r16=822bd126c26244cb,c] 
 inst=[0f000f93,0] li      t6, 240
C0:        736 [1] pc=[0040000010,0] W[r30=000000000000f000,0][1] R[r 1=0000000010f0f003,0] R[r 0=0000000000000000,0] 
 inst=[0000ff37,0] lui     t5, 0xf
C0:        737 [1] pc=[0040000014,0] W[r31=000000000000f0f0,0][1] R[r31=00000000000000f0,0] R[r30=000000000000f000,0] 
 inst=[01efefb3,0] or      t6, t6, t5
C0:        738 [1] pc=[0040000018,0] W[r30=0000000000f00000,0][1] R[r 0=0000000000000000,0] R[r15=822bd126c26244cb,c] 
 inst=[00f00f37,0] lui     t5, 0xf00
C0:        739 [1] pc=[004000001c,0] W[r31=0000000000f0f0f0,0][1] R[r31=000000000000f0f0,0] R[r30=0000000000f00000,0] 
 inst=[01efefb3,0] or      t6, t6, t5
C0:        740 [1] pc=[0040000020,0] W[r 0=0000000010f0f000,0][1] R[r31=0000000000f0f0f0,0] R[r16=822bd126c26244cb,c] 
 inst=[bf0f9073,0] csrw    unknown_bf0, t6
C0:        744 [1] pc=[0040000024,0] W[r30=0000000000000010,0][1] R[r 0=0000000000000000,0] R[r 2=822bd126c26244cb,c] 
 inst=[34202f73,0] csrr    t5, mcause
C0:        745 [1] pc=[0040000028,0] W[r31=0000000000000008,0][1] R[r 0=0000000000000000,0] R[r 8=822bd126c26244cb,c] 
 inst=[00800f93,0] li      t6, 8
C0:        747 [1] pc=[004000002c,0] W[r 0=0000000000000000,0][0] R[r30=0000000000000010,0] R[r31=0000000000000008,0] 
 inst=[03ff0a63,0] beq     t5, t6, pc + 52
C0:        748 [1] pc=[0040000030,0] W[r31=0000000000000009,0][1] R[r 0=0000000000000000,0] R[r 9=822bd126c26244cb,c] 
 inst=[00900f93,0] li      t6, 9
C0:        749 [1] pc=[0040000034,0] W[r 0=0000000000000000,0][0] R[r30=0000000000000010,0] R[r31=0000000000000009,0] 
 inst=[03ff0663,0] beq     t5, t6, pc + 44
C0:        750 [1] pc=[0040000038,0] W[r31=000000000000000b,0][1] R[r 0=0000000000000000,0] R[r11=822bd126c26244cb,c] 
 inst=[00b00f93,0] li      t6, 11
C0:        751 [1] pc=[004000003c,0] W[r 0=0000000000000000,0][0] R[r30=0000000000000010,0] R[r31=000000000000000b,0] 
 inst=[03ff0263,0] beq     t5, t6, pc + 36
C0:        769 [1] pc=[0040000040,0] W[r30=0000000040000040,0][1] R[r 0=0000000000000000,0] R[r 0=0000000000000000,0] 
 inst=[00000f17,0] auipc   t5, 0x0
C0:        770 [1] pc=[0040000044,0] W[r30=00000000400003c0,0][1] R[r30=0000000040000040,0] R[r 0=0000000000000000,0] 
 inst=[380f0f13,0] addi    t5, t5, 896
C0:        771 [1] pc=[0040000048,0] W[r 0=0000000000000000,0][0] R[r30=00000000400003c0,0] R[r 0=0000000000000000,0] 
 inst=[000f0463,0] beqz    t5, pc + 8
C0:        772 [1] pc=[004000004c,0] W[r 0=0000000040000050,0][1] R[r30=00000000400003c0,0] R[r 0=0000000000000000,0] 
 inst=[000f0067,0] jr      t5
TagXact1: (0) Read 0xb800003c miss
TagXact1: (0) Read 0xbffc0000 miss
TagXact1: (0) FetchRead 0xbffffe00 => 0000000000000000
C0:        814 [1] pc=[00400003c0,0] W[r16=0000000000000005,0][1] R[r 0=0000000000000000,0] R[r 5=822bd126c26244cb,c] 
 inst=[00500813,0] li      a6, 5
C0:        815 [1] pc=[00400003c4,0] W[r 0=0000000000000001,0][0] R[r28=0000000000000005,0] R[r16=0000000000000005,0] 
 inst=[030e0063,0] beq     t3, a6, pc + 32
C0:        819 [1] pc=[00400003e4,0] W[r16=0000000000000010,0][1] R[r 0=0000000000000000,0] R[r16=822bd126c26244cb,c] 
 inst=[01000813,0] li      a6, 16
C0:        820 [1] pc=[00400003e8,0] W[r17=0000000000000010,0][1] R[r 0=0000000000000000,0] R[r 2=822bd126c26244cb,c] 
 inst=[342028f3,0] csrr    a7, mcause
C0:        823 [1] pc=[00400003ec,0] W[r 0=0000000000000000,0][0] R[r16=0000000000000010,0] R[r17=0000000000000010,0] 
 inst=[fb181ae3,0] bne     a6, a7, pc - 76
C0:        824 [1] pc=[00400003f0,0] W[r16=00000000400001c0,0][1] R[r 0=0000000000000000,0] R[r 1=0000000000000013,0] 
 inst=[34102873,0] csrr    a6, mepc
C0:        827 [1] pc=[00400003f4,0] W[r17=0000000000000000,0][1] R[r16=00000000400001c0,0] R[r 0=0000000000000000,0] 
 inst=[000808d7,0] unknown
C0:        828 [1] pc=[00400003f8,0] W[r 0=0000000000000000,0][0] R[r17=0000000000000000,0] R[r 0=0000000000000000,0] 
 inst=[fa0894e3,0] bnez    a7, pc - 88
C0:        829 [1] pc=[00400003fc,0] W[r16=00000000400001c4,0][1] R[r16=00000000400001c0,0] R[r 4=0000000000000013,0] 
 inst=[00480813,0] addi    a6, a6, 4
TagXact1: (0) Read 0xb8000040 miss
TagXact1: (0) Read 0xbffc0000 miss
TagXact1: (0) FetchRead 0xbffffe00 => 0000000000000000
C0:        866 [1] pc=[0040000400,0] W[r 0=00000000400001c0,0][1] R[r16=00000000400001c4,0] R[r 1=0000000000000013,0] 
 inst=[34181073,0] csrw    mepc, a6
C0:        867 [1] pc=[0040000404,0] W[r30=0000000010f0f000,0][1] R[r 0=0000000000000000,0] R[r 0=0000000000000000,0] 
 inst=[34002f73,0] csrr    t5, mscratch
C0:        870 [1] pc=[0040000408,0] W[r 0=0000000000f0f0f0,0][1] R[r30=0000000010f0f000,0] R[r16=0000000000000013,0] 
 inst=[bf0f1073,0] csrw    unknown_bf0, t5
C0:        874 [1] pc=[004000040c,0] W[r 0=0000000000000000,0][0] R[r 0=0000000000000000,0] R[r 2=0000000000000013,0] 
 inst=[30200073,0] mret
C0:        879 [1] pc=[00400001c4,0] W[r28=0000000000000006,0][1] R[r 0=0000000000000000,0] R[r 6=0000000000000013,0] 
 inst=[00600e13,0] li      t3, 6
C0:        880 [1] pc=[00400001c8,0] W[r 0=0000000000000000,0][1] R[r 0=0000000000000000,0] R[r 0=0000000000000000,0] 
 inst=[00000013,0] nop
C0:        881 [1] pc=[00400001cc,0] W[r 0=0000000000000000,0][1] R[r 0=0000000000000000,0] R[r 0=0000000000000000,0] 
 inst=[00000013,0] nop
C0:        882 [1] pc=[00400001d0,0] W[r 0=0000000000000000,0][1] R[r 0=0000000000000000,0] R[r 0=0000000000000000,0] 
 inst=[00000013,0] nop
C0:        883 [1] pc=[00400001d4,0] W[r 0=0000000000000000,0][1] R[r 0=0000000000000000,0] R[r 0=0000000000000000,0] 
 inst=[00000013,0] nop
C0:        884 [1] pc=[00400001d8,0] W[r 0=0000000000000000,0][1] R[r 0=0000000000000000,0] R[r 0=0000000000000000,0] 
 inst=[00000013,0] nop
C0:        885 [1] pc=[00400001dc,0] W[r 0=0000000000000000,0][1] R[r 0=0000000000000000,0] R[r 0=0000000000000000,0] 
 inst=[00000013,0] nop
C0:        886 [1] pc=[00400001e0,0] W[r 0=0000000000000000,0][1] R[r 0=0000000000000000,0] R[r 0=0000000000000000,0] 
 inst=[00000013,0] nop
C0:        887 [1] pc=[00400001e4,0] W[r 0=0000000000000000,0][1] R[r 0=0000000000000000,0] R[r 0=0000000000000000,0] 
 inst=[00000013,0] nop
C0:        888 [1] pc=[00400001e8,0] W[r 0=0000000000000000,0][1] R[r 0=0000000000000000,0] R[r 0=0000000000000000,0] 
 inst=[00000013,0] nop
C0:        889 [1] pc=[00400001ec,0] W[r 0=0000000000000000,0][1] R[r 0=0000000000000000,0] R[r 0=0000000000000000,0] 
 inst=[00000013,0] nop
C0:        890 [1] pc=[00400001f0,0] W[r 0=0000000000000000,0][1] R[r 0=0000000000000000,0] R[r 0=0000000000000000,0] 
 inst=[00000013,0] nop
C0:        891 [1] pc=[00400001f4,0] W[r 0=0000000000000000,0][1] R[r 0=0000000000000000,0] R[r 0=0000000000000000,0] 
 inst=[00000013,0] nop
C0:        892 [1] pc=[00400001f8,0] W[r 0=0000000000000000,0][1] R[r 0=0000000000000000,0] R[r 0=0000000000000000,0] 
 inst=[00000013,0] nop
C0:        893 [1] pc=[00400001fc,0] W[r 0=0000000000000000,0][1] R[r 0=0000000000000000,0] R[r 0=0000000000000000,0] 
 inst=[00000013,0] nop
TagXact1: (0) Read 0xb8000020 miss
TagXact1: (0) Read 0xbffc0000 miss
TagXact1: (0) FetchRead 0xbffffe00 => 0000000000000000
C0:        928 [1] pc=[0040000200,0] W[r 0=0000000000000001,0][0] R[r 1=0000000000000001,0] R[r 0=0000000000000000,0] 
 inst=[00009463,0] bnez    ra, pc + 8
C0:        932 [0] pc=[0040000208,1] W[r 0=000000004000020c,0][0] R[r 0=0000000000000000,0] R[r24=0000000000000013,0] 
 inst=[1980006f,0] j       pc + 0x198
C0:        937 [1] pc=[0040000004,0] W[r30=0000000010f0f000,0][1] R[r 0=0000000000000000,0] R[r16=0000000000000013,0] 
 inst=[bf002f73,0] csrr    t5, unknown_bf0
C0:        940 [1] pc=[0040000008,0] W[r 0=0000000010f0f000,0][1] R[r30=0000000010f0f000,0] R[r 0=0000000000000000,0] 
 inst=[340f1073,0] csrw    mscratch, t5
C0:        941 [1] pc=[004000000c,0] W[r31=00000000000000f0,0][1] R[r 0=0000000000000000,0] R[r16=0000000000000013,0] 
 inst=[0f000f93,0] li      t6, 240
C0:        942 [1] pc=[0040000010,0] W[r30=000000000000f000,0][1] R[r 1=0000000010f0f003,0] R[r 0=0000000000000000,0] 
 inst=[0000ff37,0] lui     t5, 0xf
C0:        943 [1] pc=[0040000014,0] W[r31=000000000000f0f0,0][1] R[r31=00000000000000f0,0] R[r30=000000000000f000,0] 
 inst=[01efefb3,0] or      t6, t6, t5
C0:        944 [1] pc=[0040000018,0] W[r30=0000000000f00000,0][1] R[r 0=0000000000000000,0] R[r15=0000000000000013,0] 
 inst=[00f00f37,0] lui     t5, 0xf00
C0:        945 [1] pc=[004000001c,0] W[r31=0000000000f0f0f0,0][1] R[r31=000000000000f0f0,0] R[r30=0000000000f00000,0] 
 inst=[01efefb3,0] or      t6, t6, t5
C0:        946 [1] pc=[0040000020,0] W[r 0=0000000010f0f000,0][1] R[r31=0000000000f0f0f0,0] R[r16=0000000000000013,0] 
 inst=[bf0f9073,0] csrw    unknown_bf0, t6
C0:        950 [1] pc=[0040000024,0] W[r30=0000000000000010,0][1] R[r 0=0000000000000000,0] R[r 2=0000000000000013,0] 
 inst=[34202f73,0] csrr    t5, mcause
C0:        951 [1] pc=[0040000028,0] W[r31=0000000000000008,0][1] R[r 0=0000000000000000,0] R[r 8=0000000000000013,0] 
 inst=[00800f93,0] li      t6, 8
C0:        953 [1] pc=[004000002c,0] W[r 0=0000000000000000,0][0] R[r30=0000000000000010,0] R[r31=0000000000000008,0] 
 inst=[03ff0a63,0] beq     t5, t6, pc + 52
C0:        954 [1] pc=[0040000030,0] W[r31=0000000000000009,0][1] R[r 0=0000000000000000,0] R[r 9=0000000000000013,0] 
 inst=[00900f93,0] li      t6, 9
C0:        955 [1] pc=[0040000034,0] W[r 0=0000000000000000,0][0] R[r30=0000000000000010,0] R[r31=0000000000000009,0] 
 inst=[03ff0663,0] beq     t5, t6, pc + 44
C0:        956 [1] pc=[0040000038,0] W[r31=000000000000000b,0][1] R[r 0=0000000000000000,0] R[r11=0000000000000013,0] 
 inst=[00b00f93,0] li      t6, 11
C0:        957 [1] pc=[004000003c,0] W[r 0=0000000000000000,0][0] R[r30=0000000000000010,0] R[r31=000000000000000b,0] 
 inst=[03ff0263,0] beq     t5, t6, pc + 36
C0:        958 [1] pc=[0040000040,0] W[r30=0000000040000040,0][1] R[r 0=0000000000000000,0] R[r 0=0000000000000000,0] 
 inst=[00000f17,0] auipc   t5, 0x0
C0:        959 [1] pc=[0040000044,0] W[r30=00000000400003c0,0][1] R[r30=0000000040000040,0] R[r 0=0000000000000000,0] 
 inst=[380f0f13,0] addi    t5, t5, 896
C0:        960 [1] pc=[0040000048,0] W[r 0=0000000000000000,0][0] R[r30=00000000400003c0,0] R[r 0=0000000000000000,0] 
 inst=[000f0463,0] beqz    t5, pc + 8
C0:        961 [1] pc=[004000004c,0] W[r 0=0000000040000050,0][1] R[r30=00000000400003c0,0] R[r 0=0000000000000000,0] 
 inst=[000f0067,0] jr      t5
C0:        962 [1] pc=[00400003c0,0] W[r16=0000000000000005,0][1] R[r 0=0000000000000000,0] R[r 5=0000000000000013,0] 
 inst=[00500813,0] li      a6, 5
C0:        963 [1] pc=[00400003c4,0] W[r 0=0000000000000000,0][0] R[r28=0000000000000006,0] R[r16=0000000000000005,0] 
 inst=[030e0063,0] beq     t3, a6, pc + 32
C0:        967 [1] pc=[00400003c8,0] W[r16=0000000000000006,0][1] R[r 0=0000000000000000,0] R[r 6=0000000000000013,0] 
 inst=[00600813,0] li      a6, 6
C0:        968 [1] pc=[00400003cc,0] W[r 0=0000000000000001,0][0] R[r28=0000000000000006,0] R[r16=0000000000000006,0] 
 inst=[010e0c63,0] beq     t3, a6, pc + 24
C0:        972 [1] pc=[00400003e4,0] W[r16=0000000000000010,0][1] R[r 0=0000000000000000,0] R[r16=0000000000000013,0] 
 inst=[01000813,0] li      a6, 16
C0:        973 [1] pc=[00400003e8,0] W[r17=0000000000000010,0][1] R[r 0=0000000000000000,0] R[r 2=0000000000000013,0] 
 inst=[342028f3,0] csrr    a7, mcause
C0:        976 [1] pc=[00400003ec,0] W[r 0=0000000000000000,0][0] R[r16=0000000000000010,0] R[r17=0000000000000010,0] 
 inst=[fb181ae3,0] bne     a6, a7, pc - 76
C0:        977 [1] pc=[00400003f0,0] W[r16=0000000040000208,0][1] R[r 0=0000000000000000,0] R[r 1=0000000000000013,0] 
 inst=[34102873,0] csrr    a6, mepc
C0:        980 [1] pc=[00400003f4,0] W[r17=0000000000000000,0][1] R[r16=0000000040000208,0] R[r 0=0000000000000000,0] 
 inst=[000808d7,0] unknown
C0:        981 [1] pc=[00400003f8,0] W[r 0=0000000000000000,0][0] R[r17=0000000000000000,0] R[r 0=0000000000000000,0] 
 inst=[fa0894e3,0] bnez    a7, pc - 88
C0:        982 [1] pc=[00400003fc,0] W[r16=000000004000020c,0][1] R[r16=0000000040000208,0] R[r 4=0000000000000013,0] 
 inst=[00480813,0] addi    a6, a6, 4
C0:        983 [1] pc=[0040000400,0] W[r 0=0000000040000208,0][1] R[r16=000000004000020c,0] R[r 1=0000000000000013,0] 
 inst=[34181073,0] csrw    mepc, a6
C0:        984 [1] pc=[0040000404,0] W[r30=0000000010f0f000,0][1] R[r 0=0000000000000000,0] R[r 0=0000000000000000,0] 
 inst=[34002f73,0] csrr    t5, mscratch
C0:        987 [1] pc=[0040000408,0] W[r 0=0000000000f0f0f0,0][1] R[r30=0000000010f0f000,0] R[r16=0000000000000013,0] 
 inst=[bf0f1073,0] csrw    unknown_bf0, t5
C0:        991 [1] pc=[004000040c,0] W[r 0=0000000000000000,0][0] R[r 0=0000000000000000,0] R[r 2=0000000000000013,0] 
 inst=[30200073,0] mret
C0:        996 [1] pc=[004000020c,0] W[r28=0000000000000007,0][1] R[r 0=0000000000000000,0] R[r 7=0000000000000013,0] 
 inst=[00700e13,0] li      t3, 7
C0:        997 [1] pc=[0040000210,0] W[r10=0000000040000210,0][1] R[r 0=0000000000000000,0] R[r 0=0000000000000000,0] 
 inst=[00000517,0] auipc   a0, 0x0
C0:        998 [1] pc=[0040000214,0] W[r10=0000000040000230,0][1] R[r10=0000000040000210,0] R[r 0=0000000000000000,0] 
 inst=[02050513,0] addi    a0, a0, 32
C0:        999 [1] pc=[0040000218,0] W[r 0=0000000040000230,0][0] R[r10=0000000040000230,0] R[r 0=0000000000000000,0] 
 inst=[00052483,0] lw      s1, 0(a0)
C0:       1023 [1] pc=[004000021c,0] W[r 9=fffffffffff10113,1][1] R[r 1=0000000000000001,0] R[r 0=0000000000000000,0] 
 inst=[000094d7,0] unknown
C0:       1024 [1] pc=[0040000220,0] W[r 0=0000000040000230,0][0] R[r10=0000000040000230,0] R[r 9=fffffffffff10113,1] 
 inst=[00952023,0] sw      s1, 0(a0)
C0:       1025 [1] pc=[0040000224,0] W[r 2=0000000000000010,0][1] R[r 0=0000000000000000,0] R[r16=0000000000000013,0] 
 inst=[01000113,0] li      sp, 16
C0:       1032 [1] pc=[0040000228,0] W[r 0=0000000000000004,0][0] R[r 0=0000000000000000,0] R[r 0=0000000000000000,0] 
 inst=[0000100f,0] fence.i
C0:       1090 [1] pc=[004000022c,0] W[r 0=0000000000000000,0][1] R[r 0=0000000000000000,0] R[r 0=0000000000000000,0] 
 inst=[00000013,0] nop
C0:       1091 [1] pc=[0040000230,0] W[r 2=000000000000000f,0][1] R[r 2=0000000000000010,0] R[r31=0000000000000013,0] 
 inst=[fff10113,1] addi    sp, sp, -1
C0:       1092 [1] pc=[0040000234,0] W[r 0=0000000000000001,0][0] R[r 2=000000000000000f,0] R[r 0=0000000000000000,0] 
 inst=[fe011ee3,0] bnez    sp, pc - 4
C0:       1096 [1] pc=[0040000230,1] W[r 2=000000000000000e,0][1] R[r 2=000000000000000f,0] R[r31=0000000000000013,0] 
 inst=[fff10113,1] addi    sp, sp, -1
C0:       1097 [1] pc=[0040000234,0] W[r 0=0000000000000001,0][0] R[r 2=000000000000000e,0] R[r 0=0000000000000000,0] 
 inst=[fe011ee3,0] bnez    sp, pc - 4
C0:       1101 [1] pc=[0040000230,1] W[r 2=000000000000000d,0][1] R[r 2=000000000000000e,0] R[r31=0000000000000013,0] 
 inst=[fff10113,1] addi    sp, sp, -1
C0:       1102 [1] pc=[0040000234,0] W[r 0=0000000000000001,0][0] R[r 2=000000000000000d,0] R[r 0=0000000000000000,0] 
 inst=[fe011ee3,0] bnez    sp, pc - 4
C0:       1103 [1] pc=[0040000230,1] W[r 2=000000000000000c,0][1] R[r 2=000000000000000d,0] R[r31=0000000000000013,0] 
 inst=[fff10113,1] addi    sp, sp, -1
C0:       1104 [1] pc=[0040000234,0] W[r 0=0000000000000001,0][0] R[r 2=000000000000000c,0] R[r 0=0000000000000000,0] 
 inst=[fe011ee3,0] bnez    sp, pc - 4
C0:       1105 [1] pc=[0040000230,1] W[r 2=000000000000000b,0][1] R[r 2=000000000000000c,0] R[r31=0000000000000013,0] 
 inst=[fff10113,1] addi    sp, sp, -1
C0:       1106 [1] pc=[0040000234,0] W[r 0=0000000000000001,0][0] R[r 2=000000000000000b,0] R[r 0=0000000000000000,0] 
 inst=[fe011ee3,0] bnez    sp, pc - 4
C0:       1110 [1] pc=[0040000230,1] W[r 2=000000000000000a,0][1] R[r 2=000000000000000b,0] R[r31=0000000000000013,0] 
 inst=[fff10113,1] addi    sp, sp, -1
C0:       1111 [1] pc=[0040000234,0] W[r 0=0000000000000001,0][0] R[r 2=000000000000000a,0] R[r 0=0000000000000000,0] 
 inst=[fe011ee3,0] bnez    sp, pc - 4
C0:       1112 [1] pc=[0040000230,1] W[r 2=0000000000000009,0][1] R[r 2=000000000000000a,0] R[r31=0000000000000013,0] 
 inst=[fff10113,1] addi    sp, sp, -1
C0:       1113 [1] pc=[0040000234,0] W[r 0=0000000000000001,0][0] R[r 2=0000000000000009,0] R[r 0=0000000000000000,0] 
 inst=[fe011ee3,0] bnez    sp, pc - 4
C0:       1114 [1] pc=[0040000230,1] W[r 2=0000000000000008,0][1] R[r 2=0000000000000009,0] R[r31=0000000000000013,0] 
 inst=[fff10113,1] addi    sp, sp, -1
C0:       1115 [1] pc=[0040000234,0] W[r 0=0000000000000001,0][0] R[r 2=0000000000000008,0] R[r 0=0000000000000000,0] 
 inst=[fe011ee3,0] bnez    sp, pc - 4
C0:       1116 [1] pc=[0040000230,1] W[r 2=0000000000000007,0][1] R[r 2=0000000000000008,0] R[r31=0000000000000013,0] 
 inst=[fff10113,1] addi    sp, sp, -1
C0:       1117 [1] pc=[0040000234,0] W[r 0=0000000000000001,0][0] R[r 2=0000000000000007,0] R[r 0=0000000000000000,0] 
 inst=[fe011ee3,0] bnez    sp, pc - 4
C0:       1121 [1] pc=[0040000230,1] W[r 2=0000000000000006,0][1] R[r 2=0000000000000007,0] R[r31=0000000000000013,0] 
 inst=[fff10113,1] addi    sp, sp, -1
C0:       1122 [1] pc=[0040000234,0] W[r 0=0000000000000001,0][0] R[r 2=0000000000000006,0] R[r 0=0000000000000000,0] 
 inst=[fe011ee3,0] bnez    sp, pc - 4
C0:       1126 [1] pc=[0040000230,1] W[r 2=0000000000000005,0][1] R[r 2=0000000000000006,0] R[r31=0000000000000013,0] 
 inst=[fff10113,1] addi    sp, sp, -1
C0:       1127 [1] pc=[0040000234,0] W[r 0=0000000000000001,0][0] R[r 2=0000000000000005,0] R[r 0=0000000000000000,0] 
 inst=[fe011ee3,0] bnez    sp, pc - 4
C0:       1128 [1] pc=[0040000230,1] W[r 2=0000000000000004,0][1] R[r 2=0000000000000005,0] R[r31=0000000000000013,0] 
 inst=[fff10113,1] addi    sp, sp, -1
C0:       1129 [1] pc=[0040000234,0] W[r 0=0000000000000001,0][0] R[r 2=0000000000000004,0] R[r 0=0000000000000000,0] 
 inst=[fe011ee3,0] bnez    sp, pc - 4
C0:       1130 [1] pc=[0040000230,1] W[r 2=0000000000000003,0][1] R[r 2=0000000000000004,0] R[r31=0000000000000013,0] 
 inst=[fff10113,1] addi    sp, sp, -1
C0:       1131 [1] pc=[0040000234,0] W[r 0=0000000000000001,0][0] R[r 2=0000000000000003,0] R[r 0=0000000000000000,0] 
 inst=[fe011ee3,0] bnez    sp, pc - 4
C0:       1132 [1] pc=[0040000230,1] W[r 2=0000000000000002,0][1] R[r 2=0000000000000003,0] R[r31=0000000000000013,0] 
 inst=[fff10113,1] addi    sp, sp, -1
C0:       1133 [1] pc=[0040000234,0] W[r 0=0000000000000001,0][0] R[r 2=0000000000000002,0] R[r 0=0000000000000000,0] 
 inst=[fe011ee3,0] bnez    sp, pc - 4
C0:       1134 [1] pc=[0040000230,1] W[r 2=0000000000000001,0][1] R[r 2=0000000000000002,0] R[r31=0000000000000013,0] 
 inst=[fff10113,1] addi    sp, sp, -1
C0:       1135 [1] pc=[0040000234,0] W[r 0=0000000000000001,0][0] R[r 2=0000000000000001,0] R[r 0=0000000000000000,0] 
 inst=[fe011ee3,0] bnez    sp, pc - 4
C0:       1136 [1] pc=[0040000230,1] W[r 2=0000000000000000,0][1] R[r 2=0000000000000001,0] R[r31=0000000000000013,0] 
 inst=[fff10113,1] addi    sp, sp, -1
C0:       1137 [1] pc=[0040000234,0] W[r 0=0000000000000000,0][0] R[r 2=0000000000000000,0] R[r 0=0000000000000000,0] 
 inst=[fe011ee3,0] bnez    sp, pc - 4
C0:       1141 [1] pc=[0040000238,0] W[r28=0000000000000008,0][1] R[r 0=0000000000000000,0] R[r 8=0000000000000013,0] 
 inst=[00800e13,0] li      t3, 8
C0:       1142 [1] pc=[004000023c,0] W[r10=000000004000023c,0][1] R[r 0=0000000000000000,0] R[r 0=0000000000000000,0] 
 inst=[00000517,0] auipc   a0, 0x0
TagXact1: (0) Read 0xb8000024 miss
TagXact1: (0) Read 0xbffc0000 miss
TagXact1: (0) FetchRead 0xbffffe00 => 0000000000000000
C0:       1177 [1] pc=[0040000240,0] W[r10=0000000040000270,0][1] R[r10=000000004000023c,0] R[r20=0000000000000013,0] 
 inst=[03450513,0] addi    a0, a0, 52
C0:       1178 [1] pc=[0040000244,0] W[r 0=0000000040000270,0][0] R[r10=0000000040000270,0] R[r 0=0000000000000000,0] 
 inst=[00052483,0] lw      s1, 0(a0)
C0:       1203 [1] pc=[0040000248,0] W[r 9=0000000000900e13,1][1] R[r 1=0000000000000001,0] R[r 0=0000000000000000,0] 
 inst=[000094d7,0] unknown
C0:       1204 [1] pc=[004000024c,0] W[r 0=0000000040000270,0][0] R[r10=0000000040000270,0] R[r 9=0000000000900e13,1] 
 inst=[00952023,0] sw      s1, 0(a0)
C0:       1205 [1] pc=[0040000250,0] W[r 2=0000000000000010,0][1] R[r 0=0000000000000000,0] R[r16=0000000000000013,0] 
 inst=[01000113,0] li      sp, 16
C0:       1212 [1] pc=[0040000254,0] W[r 0=0000000000000004,0][0] R[r 0=0000000000000000,0] R[r 0=0000000000000000,0] 
 inst=[0000100f,0] fence.i
C0:       1270 [1] pc=[0040000258,0] W[r 2=000000000000000f,0][1] R[r 2=0000000000000010,0] R[r31=0000000000000013,0] 
 inst=[fff10113,0] addi    sp, sp, -1
C0:       1271 [1] pc=[004000025c,0] W[r 0=0000000000000000,0][0] R[r 2=000000000000000f,0] R[r 0=0000000000000000,0] 
 inst=[00010a63,0] beqz    sp, pc + 20
C0:       1272 [1] pc=[0040000260,0] W[r 3=0000000040000260,0][1] R[r 0=0000000000000000,0] R[r 0=0000000000000000,0] 
 inst=[00000197,0] auipc   gp, 0x0
C0:       1273 [1] pc=[0040000264,0] W[r 3=0000000040000258,0][1] R[r 3=0000000040000260,0] R[r24=0000000000000013,0] 
 inst=[ff818193,0] addi    gp, gp, -8
C0:       1274 [1] pc=[0040000268,0] W[r 0=000000004000026c,0][1] R[r 3=0000000040000258,0] R[r 0=0000000000000000,0] 
 inst=[00018067,0] jr      gp
C0:       1278 [1] pc=[0040000258,0] W[r 2=000000000000000e,0][1] R[r 2=000000000000000f,0] R[r31=0000000000000013,0] 
 inst=[fff10113,0] addi    sp, sp, -1
C0:       1279 [1] pc=[004000025c,0] W[r 0=0000000000000000,0][0] R[r 2=000000000000000e,0] R[r 0=0000000000000000,0] 
 inst=[00010a63,0] beqz    sp, pc + 20
C0:       1280 [1] pc=[0040000260,0] W[r 3=0000000040000260,0][1] R[r 0=0000000000000000,0] R[r 0=0000000000000000,0] 
 inst=[00000197,0] auipc   gp, 0x0
C0:       1281 [1] pc=[0040000264,0] W[r 3=0000000040000258,0][1] R[r 3=0000000040000260,0] R[r24=0000000000000013,0] 
 inst=[ff818193,0] addi    gp, gp, -8
C0:       1282 [1] pc=[0040000268,0] W[r 0=000000004000026c,0][1] R[r 3=0000000040000258,0] R[r 0=0000000000000000,0] 
 inst=[00018067,0] jr      gp
C0:       1283 [1] pc=[0040000258,0] W[r 2=000000000000000d,0][1] R[r 2=000000000000000e,0] R[r31=0000000000000013,0] 
 inst=[fff10113,0] addi    sp, sp, -1
C0:       1284 [1] pc=[004000025c,0] W[r 0=0000000000000000,0][0] R[r 2=000000000000000d,0] R[r 0=0000000000000000,0] 
 inst=[00010a63,0] beqz    sp, pc + 20
C0:       1285 [1] pc=[0040000260,0] W[r 3=0000000040000260,0][1] R[r 0=0000000000000000,0] R[r 0=0000000000000000,0] 
 inst=[00000197,0] auipc   gp, 0x0
C0:       1286 [1] pc=[0040000264,0] W[r 3=0000000040000258,0][1] R[r 3=0000000040000260,0] R[r24=0000000000000013,0] 
 inst=[ff818193,0] addi    gp, gp, -8
C0:       1287 [1] pc=[0040000268,0] W[r 0=000000004000026c,0][1] R[r 3=0000000040000258,0] R[r 0=0000000000000000,0] 
 inst=[00018067,0] jr      gp
C0:       1288 [1] pc=[0040000258,0] W[r 2=000000000000000c,0][1] R[r 2=000000000000000d,0] R[r31=0000000000000013,0] 
 inst=[fff10113,0] addi    sp, sp, -1
C0:       1289 [1] pc=[004000025c,0] W[r 0=0000000000000000,0][0] R[r 2=000000000000000c,0] R[r 0=0000000000000000,0] 
 inst=[00010a63,0] beqz    sp, pc + 20
C0:       1290 [1] pc=[0040000260,0] W[r 3=0000000040000260,0][1] R[r 0=0000000000000000,0] R[r 0=0000000000000000,0] 
 inst=[00000197,0] auipc   gp, 0x0
C0:       1291 [1] pc=[0040000264,0] W[r 3=0000000040000258,0][1] R[r 3=0000000040000260,0] R[r24=0000000000000013,0] 
 inst=[ff818193,0] addi    gp, gp, -8
C0:       1292 [1] pc=[0040000268,0] W[r 0=000000004000026c,0][1] R[r 3=0000000040000258,0] R[r 0=0000000000000000,0] 
 inst=[00018067,0] jr      gp
C0:       1293 [1] pc=[0040000258,0] W[r 2=000000000000000b,0][1] R[r 2=000000000000000c,0] R[r31=0000000000000013,0] 
 inst=[fff10113,0] addi    sp, sp, -1
C0:       1294 [1] pc=[004000025c,0] W[r 0=0000000000000000,0][0] R[r 2=000000000000000b,0] R[r 0=0000000000000000,0] 
 inst=[00010a63,0] beqz    sp, pc + 20
C0:       1295 [1] pc=[0040000260,0] W[r 3=0000000040000260,0][1] R[r 0=0000000000000000,0] R[r 0=0000000000000000,0] 
 inst=[00000197,0] auipc   gp, 0x0
C0:       1296 [1] pc=[0040000264,0] W[r 3=0000000040000258,0][1] R[r 3=0000000040000260,0] R[r24=0000000000000013,0] 
 inst=[ff818193,0] addi    gp, gp, -8
C0:       1297 [1] pc=[0040000268,0] W[r 0=000000004000026c,0][1] R[r 3=0000000040000258,0] R[r 0=0000000000000000,0] 
 inst=[00018067,0] jr      gp
C0:       1298 [1] pc=[0040000258,0] W[r 2=000000000000000a,0][1] R[r 2=000000000000000b,0] R[r31=0000000000000013,0] 
 inst=[fff10113,0] addi    sp, sp, -1
C0:       1299 [1] pc=[004000025c,0] W[r 0=0000000000000000,0][0] R[r 2=000000000000000a,0] R[r 0=0000000000000000,0] 
 inst=[00010a63,0] beqz    sp, pc + 20
C0:       1300 [1] pc=[0040000260,0] W[r 3=0000000040000260,0][1] R[r 0=0000000000000000,0] R[r 0=0000000000000000,0] 
 inst=[00000197,0] auipc   gp, 0x0
C0:       1301 [1] pc=[0040000264,0] W[r 3=0000000040000258,0][1] R[r 3=0000000040000260,0] R[r24=0000000000000013,0] 
 inst=[ff818193,0] addi    gp, gp, -8
C0:       1302 [1] pc=[0040000268,0] W[r 0=000000004000026c,0][1] R[r 3=0000000040000258,0] R[r 0=0000000000000000,0] 
 inst=[00018067,0] jr      gp
C0:       1303 [1] pc=[0040000258,0] W[r 2=0000000000000009,0][1] R[r 2=000000000000000a,0] R[r31=0000000000000013,0] 
 inst=[fff10113,0] addi    sp, sp, -1
C0:       1304 [1] pc=[004000025c,0] W[r 0=0000000000000000,0][0] R[r 2=0000000000000009,0] R[r 0=0000000000000000,0] 
 inst=[00010a63,0] beqz    sp, pc + 20
C0:       1305 [1] pc=[0040000260,0] W[r 3=0000000040000260,0][1] R[r 0=0000000000000000,0] R[r 0=0000000000000000,0] 
 inst=[00000197,0] auipc   gp, 0x0
C0:       1306 [1] pc=[0040000264,0] W[r 3=0000000040000258,0][1] R[r 3=0000000040000260,0] R[r24=0000000000000013,0] 
 inst=[ff818193,0] addi    gp, gp, -8
C0:       1307 [1] pc=[0040000268,0] W[r 0=000000004000026c,0][1] R[r 3=0000000040000258,0] R[r 0=0000000000000000,0] 
 inst=[00018067,0] jr      gp
C0:       1308 [1] pc=[0040000258,0] W[r 2=0000000000000008,0][1] R[r 2=0000000000000009,0] R[r31=0000000000000013,0] 
 inst=[fff10113,0] addi    sp, sp, -1
C0:       1309 [1] pc=[004000025c,0] W[r 0=0000000000000000,0][0] R[r 2=0000000000000008,0] R[r 0=0000000000000000,0] 
 inst=[00010a63,0] beqz    sp, pc + 20
C0:       1310 [1] pc=[0040000260,0] W[r 3=0000000040000260,0][1] R[r 0=0000000000000000,0] R[r 0=0000000000000000,0] 
 inst=[00000197,0] auipc   gp, 0x0
C0:       1311 [1] pc=[0040000264,0] W[r 3=0000000040000258,0][1] R[r 3=0000000040000260,0] R[r24=0000000000000013,0] 
 inst=[ff818193,0] addi    gp, gp, -8
C0:       1312 [1] pc=[0040000268,0] W[r 0=000000004000026c,0][1] R[r 3=0000000040000258,0] R[r 0=0000000000000000,0] 
 inst=[00018067,0] jr      gp
C0:       1313 [1] pc=[0040000258,0] W[r 2=0000000000000007,0][1] R[r 2=0000000000000008,0] R[r31=0000000000000013,0] 
 inst=[fff10113,0] addi    sp, sp, -1
C0:       1314 [1] pc=[004000025c,0] W[r 0=0000000000000000,0][0] R[r 2=0000000000000007,0] R[r 0=0000000000000000,0] 
 inst=[00010a63,0] beqz    sp, pc + 20
C0:       1315 [1] pc=[0040000260,0] W[r 3=0000000040000260,0][1] R[r 0=0000000000000000,0] R[r 0=0000000000000000,0] 
 inst=[00000197,0] auipc   gp, 0x0
C0:       1316 [1] pc=[0040000264,0] W[r 3=0000000040000258,0][1] R[r 3=0000000040000260,0] R[r24=0000000000000013,0] 
 inst=[ff818193,0] addi    gp, gp, -8
C0:       1317 [1] pc=[0040000268,0] W[r 0=000000004000026c,0][1] R[r 3=0000000040000258,0] R[r 0=0000000000000000,0] 
 inst=[00018067,0] jr      gp
C0:       1318 [1] pc=[0040000258,0] W[r 2=0000000000000006,0][1] R[r 2=0000000000000007,0] R[r31=0000000000000013,0] 
 inst=[fff10113,0] addi    sp, sp, -1
C0:       1319 [1] pc=[004000025c,0] W[r 0=0000000000000000,0][0] R[r 2=0000000000000006,0] R[r 0=0000000000000000,0] 
 inst=[00010a63,0] beqz    sp, pc + 20
C0:       1320 [1] pc=[0040000260,0] W[r 3=0000000040000260,0][1] R[r 0=0000000000000000,0] R[r 0=0000000000000000,0] 
 inst=[00000197,0] auipc   gp, 0x0
C0:       1321 [1] pc=[0040000264,0] W[r 3=0000000040000258,0][1] R[r 3=0000000040000260,0] R[r24=0000000000000013,0] 
 inst=[ff818193,0] addi    gp, gp, -8
C0:       1322 [1] pc=[0040000268,0] W[r 0=000000004000026c,0][1] R[r 3=0000000040000258,0] R[r 0=0000000000000000,0] 
 inst=[00018067,0] jr      gp
C0:       1323 [1] pc=[0040000258,0] W[r 2=0000000000000005,0][1] R[r 2=0000000000000006,0] R[r31=0000000000000013,0] 
 inst=[fff10113,0] addi    sp, sp, -1
C0:       1324 [1] pc=[004000025c,0] W[r 0=0000000000000000,0][0] R[r 2=0000000000000005,0] R[r 0=0000000000000000,0] 
 inst=[00010a63,0] beqz    sp, pc + 20
C0:       1325 [1] pc=[0040000260,0] W[r 3=0000000040000260,0][1] R[r 0=0000000000000000,0] R[r 0=0000000000000000,0] 
 inst=[00000197,0] auipc   gp, 0x0
C0:       1326 [1] pc=[0040000264,0] W[r 3=0000000040000258,0][1] R[r 3=0000000040000260,0] R[r24=0000000000000013,0] 
 inst=[ff818193,0] addi    gp, gp, -8
C0:       1327 [1] pc=[0040000268,0] W[r 0=000000004000026c,0][1] R[r 3=0000000040000258,0] R[r 0=0000000000000000,0] 
 inst=[00018067,0] jr      gp
C0:       1328 [1] pc=[0040000258,0] W[r 2=0000000000000004,0][1] R[r 2=0000000000000005,0] R[r31=0000000000000013,0] 
 inst=[fff10113,0] addi    sp, sp, -1
C0:       1329 [1] pc=[004000025c,0] W[r 0=0000000000000000,0][0] R[r 2=0000000000000004,0] R[r 0=0000000000000000,0] 
 inst=[00010a63,0] beqz    sp, pc + 20
C0:       1330 [1] pc=[0040000260,0] W[r 3=0000000040000260,0][1] R[r 0=0000000000000000,0] R[r 0=0000000000000000,0] 
 inst=[00000197,0] auipc   gp, 0x0
C0:       1331 [1] pc=[0040000264,0] W[r 3=0000000040000258,0][1] R[r 3=0000000040000260,0] R[r24=0000000000000013,0] 
 inst=[ff818193,0] addi    gp, gp, -8
C0:       1332 [1] pc=[0040000268,0] W[r 0=000000004000026c,0][1] R[r 3=0000000040000258,0] R[r 0=0000000000000000,0] 
 inst=[00018067,0] jr      gp
C0:       1333 [1] pc=[0040000258,0] W[r 2=0000000000000003,0][1] R[r 2=0000000000000004,0] R[r31=0000000000000013,0] 
 inst=[fff10113,0] addi    sp, sp, -1
C0:       1334 [1] pc=[004000025c,0] W[r 0=0000000000000000,0][0] R[r 2=0000000000000003,0] R[r 0=0000000000000000,0] 
 inst=[00010a63,0] beqz    sp, pc + 20
C0:       1335 [1] pc=[0040000260,0] W[r 3=0000000040000260,0][1] R[r 0=0000000000000000,0] R[r 0=0000000000000000,0] 
 inst=[00000197,0] auipc   gp, 0x0
C0:       1336 [1] pc=[0040000264,0] W[r 3=0000000040000258,0][1] R[r 3=0000000040000260,0] R[r24=0000000000000013,0] 
 inst=[ff818193,0] addi    gp, gp, -8
C0:       1337 [1] pc=[0040000268,0] W[r 0=000000004000026c,0][1] R[r 3=0000000040000258,0] R[r 0=0000000000000000,0] 
 inst=[00018067,0] jr      gp
C0:       1338 [1] pc=[0040000258,0] W[r 2=0000000000000002,0][1] R[r 2=0000000000000003,0] R[r31=0000000000000013,0] 
 inst=[fff10113,0] addi    sp, sp, -1
C0:       1339 [1] pc=[004000025c,0] W[r 0=0000000000000000,0][0] R[r 2=0000000000000002,0] R[r 0=0000000000000000,0] 
 inst=[00010a63,0] beqz    sp, pc + 20
C0:       1340 [1] pc=[0040000260,0] W[r 3=0000000040000260,0][1] R[r 0=0000000000000000,0] R[r 0=0000000000000000,0] 
 inst=[00000197,0] auipc   gp, 0x0
C0:       1341 [1] pc=[0040000264,0] W[r 3=0000000040000258,0][1] R[r 3=0000000040000260,0] R[r24=0000000000000013,0] 
 inst=[ff818193,0] addi    gp, gp, -8
C0:       1342 [1] pc=[0040000268,0] W[r 0=000000004000026c,0][1] R[r 3=0000000040000258,0] R[r 0=0000000000000000,0] 
 inst=[00018067,0] jr      gp
C0:       1343 [1] pc=[0040000258,0] W[r 2=0000000000000001,0][1] R[r 2=0000000000000002,0] R[r31=0000000000000013,0] 
 inst=[fff10113,0] addi    sp, sp, -1
C0:       1344 [1] pc=[004000025c,0] W[r 0=0000000000000000,0][0] R[r 2=0000000000000001,0] R[r 0=0000000000000000,0] 
 inst=[00010a63,0] beqz    sp, pc + 20
C0:       1345 [1] pc=[0040000260,0] W[r 3=0000000040000260,0][1] R[r 0=0000000000000000,0] R[r 0=0000000000000000,0] 
 inst=[00000197,0] auipc   gp, 0x0
C0:       1346 [1] pc=[0040000264,0] W[r 3=0000000040000258,0][1] R[r 3=0000000040000260,0] R[r24=0000000000000013,0] 
 inst=[ff818193,0] addi    gp, gp, -8
C0:       1347 [1] pc=[0040000268,0] W[r 0=000000004000026c,0][1] R[r 3=0000000040000258,0] R[r 0=0000000000000000,0] 
 inst=[00018067,0] jr      gp
C0:       1348 [1] pc=[0040000258,0] W[r 2=0000000000000000,0][1] R[r 2=0000000000000001,0] R[r31=0000000000000013,0] 
 inst=[fff10113,0] addi    sp, sp, -1
C0:       1349 [1] pc=[004000025c,0] W[r 0=0000000000000001,0][0] R[r 2=0000000000000000,0] R[r 0=0000000000000000,0] 
 inst=[00010a63,0] beqz    sp, pc + 20
C0:       1353 [1] pc=[0040000270,1] W[r28=0000000000000009,0][1] R[r 0=0000000000000000,0] R[r 9=0000000000000013,0] 
 inst=[00900e13,1] li      t3, 9
C0:       1354 [1] pc=[0040000274,0] W[r10=0000000040000274,0][1] R[r 0=0000000000000000,0] R[r 0=0000000000000000,0] 
 inst=[00000517,0] auipc   a0, 0x0
C0:       1355 [1] pc=[0040000278,0] W[r10=0000000040000290,0][1] R[r10=0000000040000274,0] R[r28=0000000000000009,0] 
 inst=[01c50513,0] addi    a0, a0, 28
C0:       1356 [1] pc=[004000027c,0] W[r 0=0000000040000290,0][0] R[r10=0000000040000290,0] R[r 0=0000000000000000,0] 
 inst=[00052483,0] lw      s1, 0(a0)
TagXact1: (0) Read 0xb8000028 miss
TagXact1: (0) Read 0xbffc0000 miss
TagXact1: (0) FetchRead 0xbffffe00 => 0000000000000000
C0:       1417 [1] pc=[0040000280,0] W[r 9=0000000000a00e13,1][1] R[r 1=0000000000000001,0] R[r 0=0000000000000000,0] 
 inst=[000094d7,0] unknown
C0:       1418 [1] pc=[0040000284,0] W[r 0=0000000040000290,0][0] R[r10=0000000040000290,0] R[r 9=0000000000a00e13,1] 
 inst=[00952023,0] sw      s1, 0(a0)
C0:       1426 [1] pc=[0040000288,0] W[r 0=0000000000000004,0][0] R[r 0=0000000000000000,0] R[r 0=0000000000000000,0] 
 inst=[0000100f,0] fence.i
C0:       1484 [1] pc=[004000028c,0] W[r 0=0000000040000290,0][1] R[r 0=0000000000000000,0] R[r 4=0000000000000013,0] 
 inst=[0040006f,0] j       pc + 0x4
C0:       1485 [1] pc=[0040000290,1] W[r28=000000000000000a,0][1] R[r 0=0000000000000000,0] R[r10=0000000000000013,0] 
 inst=[00a00e13,1] li      t3, 10
C0:       1486 [1] pc=[0040000294,0] W[r 0=0000000040000298,0][1] R[r 0=0000000000000000,0] R[r 4=0000000000000013,0] 
 inst=[0040006f,0] j       pc + 0x4
C0:       1487 [0] pc=[0040000298,1] W[r 0=000000004000029c,0][0] R[r 0=0000000000000000,0] R[r 8=0000000000000013,0] 
 inst=[1080006f,0] j       pc + 0x108
C0:       1510 [1] pc=[0040000004,0] W[r30=0000000010f0f000,0][1] R[r 0=0000000000000000,0] R[r16=0000000000000013,0] 
 inst=[bf002f73,0] csrr    t5, unknown_bf0
C0:       1513 [1] pc=[0040000008,0] W[r 0=0000000010f0f000,0][1] R[r30=0000000010f0f000,0] R[r 0=0000000000000000,0] 
 inst=[340f1073,0] csrw    mscratch, t5
C0:       1514 [1] pc=[004000000c,0] W[r31=00000000000000f0,0][1] R[r 0=0000000000000000,0] R[r16=0000000000000013,0] 
 inst=[0f000f93,0] li      t6, 240
C0:       1515 [1] pc=[0040000010,0] W[r30=000000000000f000,0][1] R[r 1=0000000010f0f003,0] R[r 0=0000000000000000,0] 
 inst=[0000ff37,0] lui     t5, 0xf
C0:       1516 [1] pc=[0040000014,0] W[r31=000000000000f0f0,0][1] R[r31=00000000000000f0,0] R[r30=000000000000f000,0] 
 inst=[01efefb3,0] or      t6, t6, t5
C0:       1517 [1] pc=[0040000018,0] W[r30=0000000000f00000,0][1] R[r 0=0000000000000000,0] R[r15=0000000000000013,0] 
 inst=[00f00f37,0] lui     t5, 0xf00
C0:       1518 [1] pc=[004000001c,0] W[r31=0000000000f0f0f0,0][1] R[r31=000000000000f0f0,0] R[r30=0000000000f00000,0] 
 inst=[01efefb3,0] or      t6, t6, t5
C0:       1519 [1] pc=[0040000020,0] W[r 0=0000000010f0f000,0][1] R[r31=0000000000f0f0f0,0] R[r16=0000000000000013,0] 
 inst=[bf0f9073,0] csrw    unknown_bf0, t6
C0:       1523 [1] pc=[0040000024,0] W[r30=0000000000000010,0][1] R[r 0=0000000000000000,0] R[r 2=0000000000000013,0] 
 inst=[34202f73,0] csrr    t5, mcause
C0:       1524 [1] pc=[0040000028,0] W[r31=0000000000000008,0][1] R[r 0=0000000000000000,0] R[r 8=0000000000000013,0] 
 inst=[00800f93,0] li      t6, 8
C0:       1526 [1] pc=[004000002c,0] W[r 0=0000000000000000,0][0] R[r30=0000000000000010,0] R[r31=0000000000000008,0] 
 inst=[03ff0a63,0] beq     t5, t6, pc + 52
C0:       1527 [1] pc=[0040000030,0] W[r31=0000000000000009,0][1] R[r 0=0000000000000000,0] R[r 9=0000000000000013,0] 
 inst=[00900f93,0] li      t6, 9
C0:       1528 [1] pc=[0040000034,0] W[r 0=0000000000000000,0][0] R[r30=0000000000000010,0] R[r31=0000000000000009,0] 
 inst=[03ff0663,0] beq     t5, t6, pc + 44
C0:       1529 [1] pc=[0040000038,0] W[r31=000000000000000b,0][1] R[r 0=0000000000000000,0] R[r11=0000000000000013,0] 
 inst=[00b00f93,0] li      t6, 11
C0:       1530 [1] pc=[004000003c,0] W[r 0=0000000000000000,0][0] R[r30=0000000000000010,0] R[r31=000000000000000b,0] 
 inst=[03ff0263,0] beq     t5, t6, pc + 36
C0:       1548 [1] pc=[0040000040,0] W[r30=0000000040000040,0][1] R[r 0=0000000000000000,0] R[r 0=0000000000000000,0] 
 inst=[00000f17,0] auipc   t5, 0x0
C0:       1549 [1] pc=[0040000044,0] W[r30=00000000400003c0,0][1] R[r30=0000000040000040,0] R[r 0=0000000000000000,0] 
 inst=[380f0f13,0] addi    t5, t5, 896
C0:       1550 [1] pc=[0040000048,0] W[r 0=0000000000000000,0][0] R[r30=00000000400003c0,0] R[r 0=0000000000000000,0] 
 inst=[000f0463,0] beqz    t5, pc + 8
C0:       1551 [1] pc=[004000004c,0] W[r 0=0000000040000050,0][1] R[r30=00000000400003c0,0] R[r 0=0000000000000000,0] 
 inst=[000f0067,0] jr      t5
C0:       1575 [1] pc=[00400003c0,0] W[r16=0000000000000005,0][1] R[r 0=0000000000000000,0] R[r 5=0000000000000013,0] 
 inst=[00500813,0] li      a6, 5
C0:       1576 [1] pc=[00400003c4,0] W[r 0=0000000000000000,0][0] R[r28=000000000000000a,0] R[r16=0000000000000005,0] 
 inst=[030e0063,0] beq     t3, a6, pc + 32
C0:       1577 [1] pc=[00400003c8,0] W[r16=0000000000000006,0][1] R[r 0=0000000000000000,0] R[r 6=0000000000000013,0] 
 inst=[00600813,0] li      a6, 6
C0:       1578 [1] pc=[00400003cc,0] W[r 0=0000000000000000,0][0] R[r28=000000000000000a,0] R[r16=0000000000000006,0] 
 inst=[010e0c63,0] beq     t3, a6, pc + 24
C0:       1579 [1] pc=[00400003d0,0] W[r16=000000000000000a,0][1] R[r 0=0000000000000000,0] R[r10=0000000000000013,0] 
 inst=[00a00813,0] li      a6, 10
C0:       1580 [1] pc=[00400003d4,0] W[r 0=0000000000000001,0][0] R[r28=000000000000000a,0] R[r16=000000000000000a,0] 
 inst=[010e0863,0] beq     t3, a6, pc + 16
C0:       1584 [1] pc=[00400003e4,0] W[r16=0000000000000010,0][1] R[r 0=0000000000000000,0] R[r16=0000000000000013,0] 
 inst=[01000813,0] li      a6, 16
C0:       1585 [1] pc=[00400003e8,0] W[r17=0000000000000010,0][1] R[r 0=0000000000000000,0] R[r 2=0000000000000013,0] 
 inst=[342028f3,0] csrr    a7, mcause
C0:       1588 [1] pc=[00400003ec,0] W[r 0=0000000000000000,0][0] R[r16=0000000000000010,0] R[r17=0000000000000010,0] 
 inst=[fb181ae3,0] bne     a6, a7, pc - 76
C0:       1589 [1] pc=[00400003f0,0] W[r16=0000000040000298,0][1] R[r 0=0000000000000000,0] R[r 1=0000000000000013,0] 
 inst=[34102873,0] csrr    a6, mepc
C0:       1592 [1] pc=[00400003f4,0] W[r17=0000000000000000,0][1] R[r16=0000000040000298,0] R[r 0=0000000000000000,0] 
 inst=[000808d7,0] unknown
C0:       1593 [1] pc=[00400003f8,0] W[r 0=0000000000000000,0][0] R[r17=0000000000000000,0] R[r 0=0000000000000000,0] 
 inst=[fa0894e3,0] bnez    a7, pc - 88
C0:       1594 [1] pc=[00400003fc,0] W[r16=000000004000029c,0][1] R[r16=0000000040000298,0] R[r 4=0000000000000013,0] 
 inst=[00480813,0] addi    a6, a6, 4
C0:       1613 [1] pc=[0040000400,0] W[r 0=0000000040000298,0][1] R[r16=000000004000029c,0] R[r 1=0000000000000013,0] 
 inst=[34181073,0] csrw    mepc, a6
C0:       1614 [1] pc=[0040000404,0] W[r30=0000000010f0f000,0][1] R[r 0=0000000000000000,0] R[r 0=0000000000000000,0] 
 inst=[34002f73,0] csrr    t5, mscratch
C0:       1617 [1] pc=[0040000408,0] W[r 0=0000000000f0f0f0,0][1] R[r30=0000000010f0f000,0] R[r16=0000000000000013,0] 
 inst=[bf0f1073,0] csrw    unknown_bf0, t5
C0:       1621 [1] pc=[004000040c,0] W[r 0=0000000000000000,0][0] R[r 0=0000000000000000,0] R[r 2=0000000000000013,0] 
 inst=[30200073,0] mret
C0:       1626 [1] pc=[004000029c,0] W[r28=000000000000000b,0][1] R[r 0=0000000000000000,0] R[r11=0000000000000013,0] 
 inst=[00b00e13,0] li      t3, 11
C0:       1627 [1] pc=[00400002a0,0] W[r10=00000000400002a0,0][1] R[r 0=0000000000000000,0] R[r 0=0000000000000000,0] 
 inst=[00000517,0] auipc   a0, 0x0
C0:       1628 [1] pc=[00400002a4,0] W[r10=00000000400002c8,0][1] R[r10=00000000400002a0,0] R[r 8=0000000000000013,0] 
 inst=[02850513,0] addi    a0, a0, 40
C0:       1629 [1] pc=[00400002a8,0] W[r 0=00000000400002c8,0][0] R[r10=00000000400002c8,0] R[r 0=0000000000000000,0] 
 inst=[00052483,0] lw      s1, 0(a0)
TagXact1: (0) Read 0xb800002c miss
TagXact1: (0) Read 0xbffc0000 miss
TagXact1: (0) FetchRead 0xbffffe00 => 0000000000000000
C0:       1670 [1] pc=[00400002ac,0] W[r 9=fffffffffff10113,1][1] R[r 1=0000000000000001,0] R[r 0=0000000000000000,0] 
 inst=[000094d7,0] unknown
C0:       1671 [1] pc=[00400002b0,0] W[r 0=00000000400002c8,0][0] R[r10=00000000400002c8,0] R[r 9=fffffffffff10113,1] 
 inst=[00952023,0] sw      s1, 0(a0)
C0:       1679 [1] pc=[00400002b4,0] W[r 9=0000000000c00e13,0][1] R[r10=00000000400002c8,0] R[r16=0000000000000013,0] 
 inst=[01052483,0] lw      s1, 16(a0)
C0:       1681 [1] pc=[00400002b8,0] W[r 9=0000000000c00e13,1][1] R[r 1=0000000000000001,0] R[r 0=0000000000000000,0] 
 inst=[000094d7,0] unknown
C0:       1682 [1] pc=[00400002bc,0] W[r 0=00000000400002d8,0][0] R[r10=00000000400002c8,0] R[r 9=0000000000c00e13,1] 
 inst=[00952823,0] sw      s1, 16(a0)
C0:       1737 [1] pc=[00400002c0,0] W[r 2=0000000000000010,0][1] R[r 0=0000000000000000,0] R[r16=0000000000000013,0] 
 inst=[01000113,0] li      sp, 16
C0:       1738 [1] pc=[00400002c4,0] W[r 0=0000000000000004,0][0] R[r 0=0000000000000000,0] R[r 0=0000000000000000,0] 
 inst=[0000100f,0] fence.i
C0:       1796 [1] pc=[00400002c8,0] W[r 2=000000000000000f,0][1] R[r 2=0000000000000010,0] R[r31=0000000000000013,0] 
 inst=[fff10113,1] addi    sp, sp, -1
C0:       1797 [1] pc=[00400002cc,0] W[r 0=0000000000000000,0][0] R[r 2=000000000000000f,0] R[r 0=0000000000000000,0] 
 inst=[00010663,0] beqz    sp, pc + 12
C0:       1798 [1] pc=[00400002d0,0] W[r 0=00000000400002d4,0][1] R[r31=0000000000000013,0] R[r25=0000000000000013,0] 
 inst=[ff9ff06f,0] j       pc - 0x8
C0:       1802 [1] pc=[00400002c8,1] W[r 2=000000000000000e,0][1] R[r 2=000000000000000f,0] R[r31=0000000000000013,0] 
 inst=[fff10113,1] addi    sp, sp, -1
C0:       1803 [1] pc=[00400002cc,0] W[r 0=0000000000000000,0][0] R[r 2=000000000000000e,0] R[r 0=0000000000000000,0] 
 inst=[00010663,0] beqz    sp, pc + 12
C0:       1804 [1] pc=[00400002d0,0] W[r 0=00000000400002d4,0][1] R[r31=000000000000000f,0] R[r25=0000000000000013,0] 
 inst=[ff9ff06f,0] j       pc - 0x8
C0:       1805 [1] pc=[00400002c8,1] W[r 2=000000000000000d,0][1] R[r 2=000000000000000e,0] R[r31=0000000000000013,0] 
 inst=[fff10113,1] addi    sp, sp, -1
C0:       1806 [1] pc=[00400002cc,0] W[r 0=0000000000000000,0][0] R[r 2=000000000000000d,0] R[r 0=0000000000000000,0] 
 inst=[00010663,0] beqz    sp, pc + 12
C0:       1807 [1] pc=[00400002d0,0] W[r 0=00000000400002d4,0][1] R[r31=000000000000000f,0] R[r25=0000000000000013,0] 
 inst=[ff9ff06f,0] j       pc - 0x8
C0:       1808 [1] pc=[00400002c8,1] W[r 2=000000000000000c,0][1] R[r 2=000000000000000d,0] R[r31=0000000000000013,0] 
 inst=[fff10113,1] addi    sp, sp, -1
C0:       1809 [1] pc=[00400002cc,0] W[r 0=0000000000000000,0][0] R[r 2=000000000000000c,0] R[r 0=0000000000000000,0] 
 inst=[00010663,0] beqz    sp, pc + 12
C0:       1810 [1] pc=[00400002d0,0] W[r 0=00000000400002d4,0][1] R[r31=000000000000000f,0] R[r25=0000000000000013,0] 
 inst=[ff9ff06f,0] j       pc - 0x8
C0:       1811 [1] pc=[00400002c8,1] W[r 2=000000000000000b,0][1] R[r 2=000000000000000c,0] R[r31=0000000000000013,0] 
 inst=[fff10113,1] addi    sp, sp, -1
C0:       1812 [1] pc=[00400002cc,0] W[r 0=0000000000000000,0][0] R[r 2=000000000000000b,0] R[r 0=0000000000000000,0] 
 inst=[00010663,0] beqz    sp, pc + 12
C0:       1813 [1] pc=[00400002d0,0] W[r 0=00000000400002d4,0][1] R[r31=000000000000000f,0] R[r25=0000000000000013,0] 
 inst=[ff9ff06f,0] j       pc - 0x8
C0:       1814 [1] pc=[00400002c8,1] W[r 2=000000000000000a,0][1] R[r 2=000000000000000b,0] R[r31=0000000000000013,0] 
 inst=[fff10113,1] addi    sp, sp, -1
C0:       1815 [1] pc=[00400002cc,0] W[r 0=0000000000000000,0][0] R[r 2=000000000000000a,0] R[r 0=0000000000000000,0] 
 inst=[00010663,0] beqz    sp, pc + 12
C0:       1816 [1] pc=[00400002d0,0] W[r 0=00000000400002d4,0][1] R[r31=000000000000000b,0] R[r25=0000000000000013,0] 
 inst=[ff9ff06f,0] j       pc - 0x8
C0:       1817 [1] pc=[00400002c8,1] W[r 2=0000000000000009,0][1] R[r 2=000000000000000a,0] R[r31=0000000000000013,0] 
 inst=[fff10113,1] addi    sp, sp, -1
C0:       1818 [1] pc=[00400002cc,0] W[r 0=0000000000000000,0][0] R[r 2=0000000000000009,0] R[r 0=0000000000000000,0] 
 inst=[00010663,0] beqz    sp, pc + 12
C0:       1819 [1] pc=[00400002d0,0] W[r 0=00000000400002d4,0][1] R[r31=000000000000000b,0] R[r25=0000000000000013,0] 
 inst=[ff9ff06f,0] j       pc - 0x8
C0:       1820 [1] pc=[00400002c8,1] W[r 2=0000000000000008,0][1] R[r 2=0000000000000009,0] R[r31=0000000000000013,0] 
 inst=[fff10113,1] addi    sp, sp, -1
C0:       1821 [1] pc=[00400002cc,0] W[r 0=0000000000000000,0][0] R[r 2=0000000000000008,0] R[r 0=0000000000000000,0] 
 inst=[00010663,0] beqz    sp, pc + 12
C0:       1822 [1] pc=[00400002d0,0] W[r 0=00000000400002d4,0][1] R[r31=000000000000000b,0] R[r25=0000000000000013,0] 
 inst=[ff9ff06f,0] j       pc - 0x8
C0:       1823 [1] pc=[00400002c8,1] W[r 2=0000000000000007,0][1] R[r 2=0000000000000008,0] R[r31=0000000000000013,0] 
 inst=[fff10113,1] addi    sp, sp, -1
C0:       1824 [1] pc=[00400002cc,0] W[r 0=0000000000000000,0][0] R[r 2=0000000000000007,0] R[r 0=0000000000000000,0] 
 inst=[00010663,0] beqz    sp, pc + 12
C0:       1825 [1] pc=[00400002d0,0] W[r 0=00000000400002d4,0][1] R[r31=000000000000000b,0] R[r25=0000000000000013,0] 
 inst=[ff9ff06f,0] j       pc - 0x8
C0:       1826 [1] pc=[00400002c8,1] W[r 2=0000000000000006,0][1] R[r 2=0000000000000007,0] R[r31=0000000000000013,0] 
 inst=[fff10113,1] addi    sp, sp, -1
C0:       1827 [1] pc=[00400002cc,0] W[r 0=0000000000000000,0][0] R[r 2=0000000000000006,0] R[r 0=0000000000000000,0] 
 inst=[00010663,0] beqz    sp, pc + 12
C0:       1828 [1] pc=[00400002d0,0] W[r 0=00000000400002d4,0][1] R[r31=0000000000000007,0] R[r25=0000000000000013,0] 
 inst=[ff9ff06f,0] j       pc - 0x8
C0:       1829 [1] pc=[00400002c8,1] W[r 2=0000000000000005,0][1] R[r 2=0000000000000006,0] R[r31=0000000000000013,0] 
 inst=[fff10113,1] addi    sp, sp, -1
C0:       1830 [1] pc=[00400002cc,0] W[r 0=0000000000000000,0][0] R[r 2=0000000000000005,0] R[r 0=0000000000000000,0] 
 inst=[00010663,0] beqz    sp, pc + 12
C0:       1831 [1] pc=[00400002d0,0] W[r 0=00000000400002d4,0][1] R[r31=0000000000000007,0] R[r25=0000000000000013,0] 
 inst=[ff9ff06f,0] j       pc - 0x8
C0:       1832 [1] pc=[00400002c8,1] W[r 2=0000000000000004,0][1] R[r 2=0000000000000005,0] R[r31=0000000000000013,0] 
 inst=[fff10113,1] addi    sp, sp, -1
C0:       1833 [1] pc=[00400002cc,0] W[r 0=0000000000000000,0][0] R[r 2=0000000000000004,0] R[r 0=0000000000000000,0] 
 inst=[00010663,0] beqz    sp, pc + 12
C0:       1834 [1] pc=[00400002d0,0] W[r 0=00000000400002d4,0][1] R[r31=0000000000000007,0] R[r25=0000000000000013,0] 
 inst=[ff9ff06f,0] j       pc - 0x8
C0:       1835 [1] pc=[00400002c8,1] W[r 2=0000000000000003,0][1] R[r 2=0000000000000004,0] R[r31=0000000000000013,0] 
 inst=[fff10113,1] addi    sp, sp, -1
C0:       1836 [1] pc=[00400002cc,0] W[r 0=0000000000000000,0][0] R[r 2=0000000000000003,0] R[r 0=0000000000000000,0] 
 inst=[00010663,0] beqz    sp, pc + 12
C0:       1837 [1] pc=[00400002d0,0] W[r 0=00000000400002d4,0][1] R[r31=0000000000000007,0] R[r25=0000000000000013,0] 
 inst=[ff9ff06f,0] j       pc - 0x8
C0:       1838 [1] pc=[00400002c8,1] W[r 2=0000000000000002,0][1] R[r 2=0000000000000003,0] R[r31=0000000000000013,0] 
 inst=[fff10113,1] addi    sp, sp, -1
C0:       1839 [1] pc=[00400002cc,0] W[r 0=0000000000000000,0][0] R[r 2=0000000000000002,0] R[r 0=0000000000000000,0] 
 inst=[00010663,0] beqz    sp, pc + 12
C0:       1840 [1] pc=[00400002d0,0] W[r 0=00000000400002d4,0][1] R[r31=0000000000000003,0] R[r25=0000000000000013,0] 
 inst=[ff9ff06f,0] j       pc - 0x8
C0:       1841 [1] pc=[00400002c8,1] W[r 2=0000000000000001,0][1] R[r 2=0000000000000002,0] R[r31=0000000000000013,0] 
 inst=[fff10113,1] addi    sp, sp, -1
C0:       1842 [1] pc=[00400002cc,0] W[r 0=0000000000000000,0][0] R[r 2=0000000000000001,0] R[r 0=0000000000000000,0] 
 inst=[00010663,0] beqz    sp, pc + 12
C0:       1843 [1] pc=[00400002d0,0] W[r 0=00000000400002d4,0][1] R[r31=0000000000000003,0] R[r25=0000000000000013,0] 
 inst=[ff9ff06f,0] j       pc - 0x8
C0:       1844 [1] pc=[00400002c8,1] W[r 2=0000000000000000,0][1] R[r 2=0000000000000001,0] R[r31=0000000000000013,0] 
 inst=[fff10113,1] addi    sp, sp, -1
C0:       1845 [1] pc=[00400002cc,0] W[r 0=0000000000000001,0][0] R[r 2=0000000000000000,0] R[r 0=0000000000000000,0] 
 inst=[00010663,0] beqz    sp, pc + 12
C0:       1849 [1] pc=[00400002d8,1] W[r28=000000000000000c,0][1] R[r 0=0000000000000000,0] R[r12=0000000000000013,0] 
 inst=[00c00e13,1] li      t3, 12
C0:       1850 [1] pc=[00400002dc,0] W[r 3=00000000400002dc,0][1] R[r 0=0000000000000000,0] R[r 0=0000000000000000,0] 
 inst=[00000197,0] auipc   gp, 0x0
C0:       1851 [1] pc=[00400002e0,0] W[r 3=00000000400002d8,0][1] R[r 3=00000000400002dc,0] R[r28=000000000000000c,0] 
 inst=[ffc18193,0] addi    gp, gp, -4
C0:       1852 [1] pc=[00400002e4,0] W[r 0=00000000400002e8,0][1] R[r 3=00000000400002d8,0] R[r16=0000000000000013,0] 
 inst=[01018067,0] jalr    zero, gp, 16
C0:       1853 [1] pc=[00400002e8,0] W[r 3=0000000010000000,0][1] R[r 1=0000000000000001,0] R[r28=0000000000000013,0] 
 inst=[01c09193,0] slli    gp, ra, 28
C0:       1854 [1] pc=[00400002ec,0] W[r 0=0000000010f0f000,0][1] R[r 3=0000000010000000,0] R[r16=0000000000000013,0] 
 inst=[8f01b073,0] csrc    unknown_8f0, gp
C0:       1858 [1] pc=[00400002f0,0] W[r 3=0000000040000000,0][1] R[r 1=0000000000000001,0] R[r30=0000000000000013,0] 
 inst=[01e09193,0] slli    gp, ra, 30
C0:       1859 [1] pc=[00400002f4,0] W[r 0=0000000000f0f000,0][1] R[r 3=0000000040000000,0] R[r16=0000000000000013,0] 
 inst=[8f01a073,0] csrs    unknown_8f0, gp
C0:       1863 [1] pc=[00400002f8,0] W[r28=000000000000000d,0][1] R[r 0=0000000000000000,0] R[r13=0000000000000013,0] 
 inst=[00d00e13,0] li      t3, 13
C0:       1864 [1] pc=[00400002fc,0] W[r10=00000000400002fc,0][1] R[r 0=0000000000000000,0] R[r 0=0000000000000000,0] 
 inst=[00000517,0] auipc   a0, 0x0
TagXact1: (0) Read 0xb8000030 miss
TagXact1: (0) Read 0xbffc0000 miss
TagXact1: (0) FetchRead 0xbffffe00 => 0000000000000000
C0:       1899 [1] pc=[0040000300,0] W[r10=0000000040000320,0][1] R[r10=00000000400002fc,0] R[r 4=0000000000000013,0] 
 inst=[02450513,0] addi    a0, a0, 36
C0:       1900 [1] pc=[0040000304,0] W[r 0=0000000040000320,0][0] R[r10=0000000040000320,0] R[r 0=0000000000000000,0] 
 inst=[00052483,0] lw      s1, 0(a0)
C0:       1925 [1] pc=[0040000308,0] W[r 9=0000000000e00e13,1][1] R[r 1=0000000000000001,0] R[r 0=0000000000000000,0] 
 inst=[000094d7,0] unknown
C0:       1926 [1] pc=[004000030c,0] W[r 0=0000000040000320,0][0] R[r10=0000000040000320,0] R[r 9=0000000000e00e13,1] 
 inst=[00952023,0] sw      s1, 0(a0)
C0:       1927 [1] pc=[0040000310,0] W[r 3=0000000040000310,0][1] R[r 0=0000000000000000,0] R[r 0=0000000000000000,0] 
 inst=[00000197,0] auipc   gp, 0x0
C0:       1928 [1] pc=[0040000314,0] W[r 3=0000000040000320,0][1] R[r 3=0000000040000310,0] R[r16=0000000000000013,0] 
 inst=[01018193,0] addi    gp, gp, 16
C0:       1934 [1] pc=[0040000318,0] W[r 0=0000000000000004,0][0] R[r 0=0000000000000000,0] R[r 0=0000000000000000,0] 
 inst=[0000100f,0] fence.i
C0:       1992 [1] pc=[004000031c,0] W[r 0=0000000040000320,0][1] R[r 3=0000000040000320,0] R[r 0=0000000000000000,0] 
 inst=[00018067,0] jr      gp
C0:       1993 [1] pc=[0040000320,1] W[r28=000000000000000e,0][1] R[r 0=0000000000000000,0] R[r14=0000000000000013,0] 
 inst=[00e00e13,1] li      t3, 14
C0:       1994 [1] pc=[0040000324,0] W[r 3=0000000040000324,0][1] R[r 0=0000000000000000,0] R[r 0=0000000000000000,0] 
 inst=[00000197,0] auipc   gp, 0x0
C0:       1995 [1] pc=[0040000328,0] W[r 3=0000000040000330,0][1] R[r 3=0000000040000324,0] R[r12=0000000000000013,0] 
 inst=[00c18193,0] addi    gp, gp, 12
C0:       1996 [1] pc=[004000032c,0] W[r 0=0000000040000330,0][1] R[r 3=0000000040000330,0] R[r 0=0000000000000000,0] 
 inst=[00018067,0] jr      gp
C0:       1997 [0] pc=[0040000330,1] W[r 0=0000000040000334,0][0] R[r 0=0000000000000000,0] R[r16=0000000000000013,0] 
 inst=[0700006f,0] j       pc + 0x70
C0:       2020 [1] pc=[0040000004,0] W[r30=0000000040f0f000,0][1] R[r 0=0000000000000000,0] R[r16=0000000000000013,0] 
 inst=[bf002f73,0] csrr    t5, unknown_bf0
C0:       2023 [1] pc=[0040000008,0] W[r 0=0000000010f0f000,0][1] R[r30=0000000040f0f000,0] R[r 0=0000000000000000,0] 
 inst=[340f1073,0] csrw    mscratch, t5
C0:       2024 [1] pc=[004000000c,0] W[r31=00000000000000f0,0][1] R[r 0=0000000000000000,0] R[r16=0000000000000013,0] 
 inst=[0f000f93,0] li      t6, 240
C0:       2025 [1] pc=[0040000010,0] W[r30=000000000000f000,0][1] R[r 1=0000000040f0f003,0] R[r 0=0000000000000000,0] 
 inst=[0000ff37,0] lui     t5, 0xf
C0:       2026 [1] pc=[0040000014,0] W[r31=000000000000f0f0,0][1] R[r31=00000000000000f0,0] R[r30=000000000000f000,0] 
 inst=[01efefb3,0] or      t6, t6, t5
C0:       2027 [1] pc=[0040000018,0] W[r30=0000000000f00000,0][1] R[r 0=0000000000000000,0] R[r15=0000000000000013,0] 
 inst=[00f00f37,0] lui     t5, 0xf00
C0:       2028 [1] pc=[004000001c,0] W[r31=0000000000f0f0f0,0][1] R[r31=000000000000f0f0,0] R[r30=0000000000f00000,0] 
 inst=[01efefb3,0] or      t6, t6, t5
C0:       2029 [1] pc=[0040000020,0] W[r 0=0000000040f0f000,0][1] R[r31=0000000000f0f0f0,0] R[r16=0000000000000013,0] 
 inst=[bf0f9073,0] csrw    unknown_bf0, t6
C0:       2033 [1] pc=[0040000024,0] W[r30=0000000000000010,0][1] R[r 0=0000000000000000,0] R[r 2=0000000000000013,0] 
 inst=[34202f73,0] csrr    t5, mcause
C0:       2034 [1] pc=[0040000028,0] W[r31=0000000000000008,0][1] R[r 0=0000000000000000,0] R[r 8=0000000000000013,0] 
 inst=[00800f93,0] li      t6, 8
C0:       2036 [1] pc=[004000002c,0] W[r 0=0000000000000000,0][0] R[r30=0000000000000010,0] R[r31=0000000000000008,0] 
 inst=[03ff0a63,0] beq     t5, t6, pc + 52
C0:       2037 [1] pc=[0040000030,0] W[r31=0000000000000009,0][1] R[r 0=0000000000000000,0] R[r 9=0000000000000013,0] 
 inst=[00900f93,0] li      t6, 9
C0:       2038 [1] pc=[0040000034,0] W[r 0=0000000000000000,0][0] R[r30=0000000000000010,0] R[r31=0000000000000009,0] 
 inst=[03ff0663,0] beq     t5, t6, pc + 44
C0:       2039 [1] pc=[0040000038,0] W[r31=000000000000000b,0][1] R[r 0=0000000000000000,0] R[r11=0000000000000013,0] 
 inst=[00b00f93,0] li      t6, 11
C0:       2040 [1] pc=[004000003c,0] W[r 0=0000000000000000,0][0] R[r30=0000000000000010,0] R[r31=000000000000000b,0] 
 inst=[03ff0263,0] beq     t5, t6, pc + 36
C0:       2058 [1] pc=[0040000040,0] W[r30=0000000040000040,0][1] R[r 0=0000000000000000,0] R[r 0=0000000000000000,0] 
 inst=[00000f17,0] auipc   t5, 0x0
C0:       2059 [1] pc=[0040000044,0] W[r30=00000000400003c0,0][1] R[r30=0000000040000040,0] R[r 0=0000000000000000,0] 
 inst=[380f0f13,0] addi    t5, t5, 896
C0:       2060 [1] pc=[0040000048,0] W[r 0=0000000000000000,0][0] R[r30=00000000400003c0,0] R[r 0=0000000000000000,0] 
 inst=[000f0463,0] beqz    t5, pc + 8
C0:       2061 [1] pc=[004000004c,0] W[r 0=0000000040000050,0][1] R[r30=00000000400003c0,0] R[r 0=0000000000000000,0] 
 inst=[000f0067,0] jr      t5
C0:       2085 [1] pc=[00400003c0,0] W[r16=0000000000000005,0][1] R[r 0=0000000000000000,0] R[r 5=0000000000000013,0] 
 inst=[00500813,0] li      a6, 5
C0:       2086 [1] pc=[00400003c4,0] W[r 0=0000000000000000,0][0] R[r28=000000000000000e,0] R[r16=0000000000000005,0] 
 inst=[030e0063,0] beq     t3, a6, pc + 32
C0:       2087 [1] pc=[00400003c8,0] W[r16=0000000000000006,0][1] R[r 0=0000000000000000,0] R[r 6=0000000000000013,0] 
 inst=[00600813,0] li      a6, 6
C0:       2088 [1] pc=[00400003cc,0] W[r 0=0000000000000000,0][0] R[r28=000000000000000e,0] R[r16=0000000000000006,0] 
 inst=[010e0c63,0] beq     t3, a6, pc + 24
C0:       2089 [1] pc=[00400003d0,0] W[r16=000000000000000a,0][1] R[r 0=0000000000000000,0] R[r10=0000000000000013,0] 
 inst=[00a00813,0] li      a6, 10
C0:       2090 [1] pc=[00400003d4,0] W[r 0=0000000000000000,0][0] R[r28=000000000000000e,0] R[r16=000000000000000a,0] 
 inst=[010e0863,0] beq     t3, a6, pc + 16
C0:       2091 [1] pc=[00400003d8,0] W[r16=000000000000000e,0][1] R[r 0=0000000000000000,0] R[r14=0000000000000013,0] 
 inst=[00e00813,0] li      a6, 14
C0:       2092 [1] pc=[00400003dc,0] W[r 0=0000000000000001,0][0] R[r28=000000000000000e,0] R[r16=000000000000000e,0] 
 inst=[010e0463,0] beq     t3, a6, pc + 8
C0:       2096 [1] pc=[00400003e4,0] W[r16=0000000000000010,0][1] R[r 0=0000000000000000,0] R[r16=0000000000000013,0] 
 inst=[01000813,0] li      a6, 16
C0:       2097 [1] pc=[00400003e8,0] W[r17=0000000000000010,0][1] R[r 0=0000000000000000,0] R[r 2=0000000000000013,0] 
 inst=[342028f3,0] csrr    a7, mcause
C0:       2100 [1] pc=[00400003ec,0] W[r 0=0000000000000000,0][0] R[r16=0000000000000010,0] R[r17=0000000000000010,0] 
 inst=[fb181ae3,0] bne     a6, a7, pc - 76
C0:       2101 [1] pc=[00400003f0,0] W[r16=0000000040000330,0][1] R[r 0=0000000000000000,0] R[r 1=0000000000000013,0] 
 inst=[34102873,0] csrr    a6, mepc
C0:       2104 [1] pc=[00400003f4,0] W[r17=0000000000000000,0][1] R[r16=0000000040000330,0] R[r 0=0000000000000000,0] 
 inst=[000808d7,0] unknown
C0:       2105 [1] pc=[00400003f8,0] W[r 0=0000000000000000,0][0] R[r17=0000000000000000,0] R[r 0=0000000000000000,0] 
 inst=[fa0894e3,0] bnez    a7, pc - 88
C0:       2106 [1] pc=[00400003fc,0] W[r16=0000000040000334,0][1] R[r16=0000000040000330,0] R[r 4=0000000000000013,0] 
 inst=[00480813,0] addi    a6, a6, 4
C0:       2125 [1] pc=[0040000400,0] W[r 0=0000000040000330,0][1] R[r16=0000000040000334,0] R[r 1=0000000000000013,0] 
 inst=[34181073,0] csrw    mepc, a6
C0:       2126 [1] pc=[0040000404,0] W[r30=0000000040f0f000,0][1] R[r 0=0000000000000000,0] R[r 0=0000000000000000,0] 
 inst=[34002f73,0] csrr    t5, mscratch
C0:       2129 [1] pc=[0040000408,0] W[r 0=0000000000f0f0f0,0][1] R[r30=0000000040f0f000,0] R[r16=0000000000000013,0] 
 inst=[bf0f1073,0] csrw    unknown_bf0, t5
C0:       2133 [1] pc=[004000040c,0] W[r 0=0000000000000000,0][0] R[r 0=0000000000000000,0] R[r 2=0000000000000013,0] 
 inst=[30200073,0] mret
C0:       2138 [1] pc=[0040000334,0] W[r28=000000000000000f,0][1] R[r 0=0000000000000000,0] R[r15=0000000000000013,0] 
 inst=[00f00e13,0] li      t3, 15
C0:       2139 [1] pc=[0040000338,0] W[r10=0000000040000338,0][1] R[r 0=0000000000000000,0] R[r 0=0000000000000000,0] 
 inst=[00000517,0] auipc   a0, 0x0
C0:       2140 [1] pc=[004000033c,0] W[r10=0000000040000360,0][1] R[r10=0000000040000338,0] R[r 8=0000000000000013,0] 
 inst=[02850513,0] addi    a0, a0, 40
TagXact1: (0) Read 0xb8000034 miss
TagXact1: (0) Read 0xbffc0000 miss
TagXact1: (0) FetchRead 0xbffffe00 => 0000000000000000
C0:       2177 [1] pc=[0040000340,0] W[r 0=0000000040000360,0][0] R[r10=0000000040000360,0] R[r 0=0000000000000000,0] 
 inst=[00052483,0] lw      s1, 0(a0)
C0:       2202 [1] pc=[0040000344,0] W[r 9=fffffffffff10113,1][1] R[r 1=0000000000000001,0] R[r 0=0000000000000000,0] 
 inst=[000094d7,0] unknown
C0:       2203 [1] pc=[0040000348,0] W[r 0=0000000040000360,0][0] R[r10=0000000040000360,0] R[r 9=fffffffffff10113,1] 
 inst=[00952023,0] sw      s1, 0(a0)
C0:       2211 [1] pc=[004000034c,0] W[r 9=0000000001000e13,0][1] R[r10=0000000040000360,0] R[r16=0000000000000013,0] 
 inst=[01052483,0] lw      s1, 16(a0)
C0:       2213 [1] pc=[0040000350,0] W[r 9=0000000001000e13,1][1] R[r 1=0000000000000001,0] R[r 0=0000000000000000,0] 
 inst=[000094d7,0] unknown
C0:       2214 [1] pc=[0040000354,0] W[r 0=0000000040000370,0][0] R[r10=0000000040000360,0] R[r 9=0000000001000e13,1] 
 inst=[00952823,0] sw      s1, 16(a0)
C0:       2215 [1] pc=[0040000358,0] W[r 2=0000000000000010,0][1] R[r 0=0000000000000000,0] R[r16=0000000000000013,0] 
 inst=[01000113,0] li      sp, 16
C0:       2218 [1] pc=[004000035c,0] W[r 0=0000000000000004,0][0] R[r 0=0000000000000000,0] R[r 0=0000000000000000,0] 
 inst=[0000100f,0] fence.i
C0:       2276 [1] pc=[0040000360,0] W[r 2=000000000000000f,0][1] R[r 2=0000000000000010,0] R[r31=0000000000000013,0] 
 inst=[fff10113,1] addi    sp, sp, -1
C0:       2277 [1] pc=[0040000364,0] W[r 0=0000000000000000,0][0] R[r 2=000000000000000f,0] R[r 0=0000000000000000,0] 
 inst=[00010663,0] beqz    sp, pc + 12
C0:       2278 [1] pc=[0040000368,0] W[r 0=000000004000036c,0][1] R[r10=0000000040000360,0] R[r 0=0000000000000000,0] 
 inst=[00050067,0] jr      a0
C0:       2282 [1] pc=[0040000360,1] W[r 2=000000000000000e,0][1] R[r 2=000000000000000f,0] R[r31=0000000000000013,0] 
 inst=[fff10113,1] addi    sp, sp, -1
C0:       2283 [1] pc=[0040000364,0] W[r 0=0000000000000000,0][0] R[r 2=000000000000000e,0] R[r 0=0000000000000000,0] 
 inst=[00010663,0] beqz    sp, pc + 12
C0:       2284 [1] pc=[0040000368,0] W[r 0=000000004000036c,0][1] R[r10=0000000040000360,0] R[r 0=0000000000000000,0] 
 inst=[00050067,0] jr      a0
C0:       2285 [1] pc=[0040000360,1] W[r 2=000000000000000d,0][1] R[r 2=000000000000000e,0] R[r31=0000000000000013,0] 
 inst=[fff10113,1] addi    sp, sp, -1
C0:       2286 [1] pc=[0040000364,0] W[r 0=0000000000000000,0][0] R[r 2=000000000000000d,0] R[r 0=0000000000000000,0] 
 inst=[00010663,0] beqz    sp, pc + 12
C0:       2287 [1] pc=[0040000368,0] W[r 0=000000004000036c,0][1] R[r10=0000000040000360,0] R[r 0=0000000000000000,0] 
 inst=[00050067,0] jr      a0
C0:       2288 [1] pc=[0040000360,1] W[r 2=000000000000000c,0][1] R[r 2=000000000000000d,0] R[r31=0000000000000013,0] 
 inst=[fff10113,1] addi    sp, sp, -1
C0:       2289 [1] pc=[0040000364,0] W[r 0=0000000000000000,0][0] R[r 2=000000000000000c,0] R[r 0=0000000000000000,0] 
 inst=[00010663,0] beqz    sp, pc + 12
C0:       2290 [1] pc=[0040000368,0] W[r 0=000000004000036c,0][1] R[r10=0000000040000360,0] R[r 0=0000000000000000,0] 
 inst=[00050067,0] jr      a0
C0:       2291 [1] pc=[0040000360,1] W[r 2=000000000000000b,0][1] R[r 2=000000000000000c,0] R[r31=0000000000000013,0] 
 inst=[fff10113,1] addi    sp, sp, -1
C0:       2292 [1] pc=[0040000364,0] W[r 0=0000000000000000,0][0] R[r 2=000000000000000b,0] R[r 0=0000000000000000,0] 
 inst=[00010663,0] beqz    sp, pc + 12
C0:       2293 [1] pc=[0040000368,0] W[r 0=000000004000036c,0][1] R[r10=0000000040000360,0] R[r 0=0000000000000000,0] 
 inst=[00050067,0] jr      a0
C0:       2294 [1] pc=[0040000360,1] W[r 2=000000000000000a,0][1] R[r 2=000000000000000b,0] R[r31=0000000000000013,0] 
 inst=[fff10113,1] addi    sp, sp, -1
C0:       2295 [1] pc=[0040000364,0] W[r 0=0000000000000000,0][0] R[r 2=000000000000000a,0] R[r 0=0000000000000000,0] 
 inst=[00010663,0] beqz    sp, pc + 12
C0:       2296 [1] pc=[0040000368,0] W[r 0=000000004000036c,0][1] R[r10=0000000040000360,0] R[r 0=0000000000000000,0] 
 inst=[00050067,0] jr      a0
C0:       2297 [1] pc=[0040000360,1] W[r 2=0000000000000009,0][1] R[r 2=000000000000000a,0] R[r31=0000000000000013,0] 
 inst=[fff10113,1] addi    sp, sp, -1
C0:       2298 [1] pc=[0040000364,0] W[r 0=0000000000000000,0][0] R[r 2=0000000000000009,0] R[r 0=0000000000000000,0] 
 inst=[00010663,0] beqz    sp, pc + 12
C0:       2299 [1] pc=[0040000368,0] W[r 0=000000004000036c,0][1] R[r10=0000000040000360,0] R[r 0=0000000000000000,0] 
 inst=[00050067,0] jr      a0
C0:       2300 [1] pc=[0040000360,1] W[r 2=0000000000000008,0][1] R[r 2=0000000000000009,0] R[r31=0000000000000013,0] 
 inst=[fff10113,1] addi    sp, sp, -1
C0:       2301 [1] pc=[0040000364,0] W[r 0=0000000000000000,0][0] R[r 2=0000000000000008,0] R[r 0=0000000000000000,0] 
 inst=[00010663,0] beqz    sp, pc + 12
C0:       2302 [1] pc=[0040000368,0] W[r 0=000000004000036c,0][1] R[r10=0000000040000360,0] R[r 0=0000000000000000,0] 
 inst=[00050067,0] jr      a0
C0:       2303 [1] pc=[0040000360,1] W[r 2=0000000000000007,0][1] R[r 2=0000000000000008,0] R[r31=0000000000000013,0] 
 inst=[fff10113,1] addi    sp, sp, -1
C0:       2304 [1] pc=[0040000364,0] W[r 0=0000000000000000,0][0] R[r 2=0000000000000007,0] R[r 0=0000000000000000,0] 
 inst=[00010663,0] beqz    sp, pc + 12
C0:       2305 [1] pc=[0040000368,0] W[r 0=000000004000036c,0][1] R[r10=0000000040000360,0] R[r 0=0000000000000000,0] 
 inst=[00050067,0] jr      a0
C0:       2306 [1] pc=[0040000360,1] W[r 2=0000000000000006,0][1] R[r 2=0000000000000007,0] R[r31=0000000000000013,0] 
 inst=[fff10113,1] addi    sp, sp, -1
C0:       2307 [1] pc=[0040000364,0] W[r 0=0000000000000000,0][0] R[r 2=0000000000000006,0] R[r 0=0000000000000000,0] 
 inst=[00010663,0] beqz    sp, pc + 12
C0:       2308 [1] pc=[0040000368,0] W[r 0=000000004000036c,0][1] R[r10=0000000040000360,0] R[r 0=0000000000000000,0] 
 inst=[00050067,0] jr      a0
C0:       2309 [1] pc=[0040000360,1] W[r 2=0000000000000005,0][1] R[r 2=0000000000000006,0] R[r31=0000000000000013,0] 
 inst=[fff10113,1] addi    sp, sp, -1
C0:       2310 [1] pc=[0040000364,0] W[r 0=0000000000000000,0][0] R[r 2=0000000000000005,0] R[r 0=0000000000000000,0] 
 inst=[00010663,0] beqz    sp, pc + 12
C0:       2311 [1] pc=[0040000368,0] W[r 0=000000004000036c,0][1] R[r10=0000000040000360,0] R[r 0=0000000000000000,0] 
 inst=[00050067,0] jr      a0
C0:       2312 [1] pc=[0040000360,1] W[r 2=0000000000000004,0][1] R[r 2=0000000000000005,0] R[r31=0000000000000013,0] 
 inst=[fff10113,1] addi    sp, sp, -1
C0:       2313 [1] pc=[0040000364,0] W[r 0=0000000000000000,0][0] R[r 2=0000000000000004,0] R[r 0=0000000000000000,0] 
 inst=[00010663,0] beqz    sp, pc + 12
C0:       2314 [1] pc=[0040000368,0] W[r 0=000000004000036c,0][1] R[r10=0000000040000360,0] R[r 0=0000000000000000,0] 
 inst=[00050067,0] jr      a0
C0:       2315 [1] pc=[0040000360,1] W[r 2=0000000000000003,0][1] R[r 2=0000000000000004,0] R[r31=0000000000000013,0] 
 inst=[fff10113,1] addi    sp, sp, -1
C0:       2316 [1] pc=[0040000364,0] W[r 0=0000000000000000,0][0] R[r 2=0000000000000003,0] R[r 0=0000000000000000,0] 
 inst=[00010663,0] beqz    sp, pc + 12
C0:       2317 [1] pc=[0040000368,0] W[r 0=000000004000036c,0][1] R[r10=0000000040000360,0] R[r 0=0000000000000000,0] 
 inst=[00050067,0] jr      a0
C0:       2318 [1] pc=[0040000360,1] W[r 2=0000000000000002,0][1] R[r 2=0000000000000003,0] R[r31=0000000000000013,0] 
 inst=[fff10113,1] addi    sp, sp, -1
C0:       2319 [1] pc=[0040000364,0] W[r 0=0000000000000000,0][0] R[r 2=0000000000000002,0] R[r 0=0000000000000000,0] 
 inst=[00010663,0] beqz    sp, pc + 12
C0:       2320 [1] pc=[0040000368,0] W[r 0=000000004000036c,0][1] R[r10=0000000040000360,0] R[r 0=0000000000000000,0] 
 inst=[00050067,0] jr      a0
C0:       2321 [1] pc=[0040000360,1] W[r 2=0000000000000001,0][1] R[r 2=0000000000000002,0] R[r31=0000000000000013,0] 
 inst=[fff10113,1] addi    sp, sp, -1
C0:       2322 [1] pc=[0040000364,0] W[r 0=0000000000000000,0][0] R[r 2=0000000000000001,0] R[r 0=0000000000000000,0] 
 inst=[00010663,0] beqz    sp, pc + 12
C0:       2323 [1] pc=[0040000368,0] W[r 0=000000004000036c,0][1] R[r10=0000000040000360,0] R[r 0=0000000000000000,0] 
 inst=[00050067,0] jr      a0
C0:       2324 [1] pc=[0040000360,1] W[r 2=0000000000000000,0][1] R[r 2=0000000000000001,0] R[r31=0000000000000013,0] 
 inst=[fff10113,1] addi    sp, sp, -1
C0:       2325 [1] pc=[0040000364,0] W[r 0=0000000000000001,0][0] R[r 2=0000000000000000,0] R[r 0=0000000000000000,0] 
 inst=[00010663,0] beqz    sp, pc + 12
C0:       2329 [1] pc=[0040000370,0] W[r28=0000000000000010,0][1] R[r 0=0000000000000000,0] R[r16=0000000000000013,0] 
 inst=[01000e13,1] li      t3, 16
C0:       2330 [1] pc=[0040000374,0] W[r10=0000000040000374,0][1] R[r 0=0000000000000000,0] R[r 0=0000000000000000,0] 
 inst=[00000517,0] auipc   a0, 0x0
C0:       2331 [1] pc=[0040000378,0] W[r10=0000000040000390,0][1] R[r10=0000000040000374,0] R[r28=0000000000000010,0] 
 inst=[01c50513,0] addi    a0, a0, 28
C0:       2332 [1] pc=[004000037c,0] W[r 0=0000000040000390,0][0] R[r10=0000000040000390,0] R[r 0=0000000000000000,0] 
 inst=[00052783,0] lw      a5, 0(a0)
TagXact1: (0) Read 0xb8000038 miss
TagXact1: (0) Read 0xbffc0000 miss
TagXact1: (0) FetchRead 0xbffffe00 => 0000000000000000
C0:       2394 [1] pc=[0040000380,0] W[r15=0000000000000013,1][1] R[r 1=0000000000000001,0] R[r 0=0000000000000000,0] 
 inst=[000097d7,0] unknown
C0:       2395 [1] pc=[0040000384,0] W[r 0=0000000040000390,0][0] R[r10=0000000040000390,0] R[r 0=0000000000000000,0] 
 inst=[00052023,0] sw      zero, 0(a0)
C0:       2403 [1] pc=[0040000388,0] W[r 0=0000000000000004,0][0] R[r 0=0000000000000000,0] R[r 0=0000000000000000,0] 
 inst=[0000100f,0] fence.i
C0:       2461 [1] pc=[004000038c,0] W[r 0=0000000040000390,0][1] R[r10=0000000040000390,0] R[r 0=0000000000000000,0] 
 inst=[00050067,0] jr      a0
C0:       2462 [0] pc=[0040000390,1] W[r 0=0000000000000000,0][0] R[r 0=0000000000000000,0] R[r 0=0000000000000000,0] 
 inst=[00000000,0] addi    s0, sp, 0
C0:       2485 [1] pc=[0040000004,0] W[r30=0000000040f0f000,0][1] R[r 0=0000000000000000,0] R[r16=0000000000000013,0] 
 inst=[bf002f73,0] csrr    t5, unknown_bf0
C0:       2488 [1] pc=[0040000008,0] W[r 0=0000000040f0f000,0][1] R[r30=0000000040f0f000,0] R[r 0=0000000000000000,0] 
 inst=[340f1073,0] csrw    mscratch, t5
C0:       2489 [1] pc=[004000000c,0] W[r31=00000000000000f0,0][1] R[r 0=0000000000000000,0] R[r16=0000000000000013,0] 
 inst=[0f000f93,0] li      t6, 240
C0:       2490 [1] pc=[0040000010,0] W[r30=000000000000f000,0][1] R[r 1=0000000040f0f003,0] R[r 0=0000000000000000,0] 
 inst=[0000ff37,0] lui     t5, 0xf
C0:       2491 [1] pc=[0040000014,0] W[r31=000000000000f0f0,0][1] R[r31=00000000000000f0,0] R[r30=000000000000f000,0] 
 inst=[01efefb3,0] or      t6, t6, t5
C0:       2492 [1] pc=[0040000018,0] W[r30=0000000000f00000,0][1] R[r 0=0000000000000000,0] R[r15=0000000000000013,0] 
 inst=[00f00f37,0] lui     t5, 0xf00
C0:       2493 [1] pc=[004000001c,0] W[r31=0000000000f0f0f0,0][1] R[r31=000000000000f0f0,0] R[r30=0000000000f00000,0] 
 inst=[01efefb3,0] or      t6, t6, t5
C0:       2494 [1] pc=[0040000020,0] W[r 0=0000000040f0f000,0][1] R[r31=0000000000f0f0f0,0] R[r16=0000000000000013,0] 
 inst=[bf0f9073,0] csrw    unknown_bf0, t6
C0:       2498 [1] pc=[0040000024,0] W[r30=0000000000000002,0][1] R[r 0=0000000000000000,0] R[r 2=0000000000000013,0] 
 inst=[34202f73,0] csrr    t5, mcause
C0:       2499 [1] pc=[0040000028,0] W[r31=0000000000000008,0][1] R[r 0=0000000000000000,0] R[r 8=0000000000000013,0] 
 inst=[00800f93,0] li      t6, 8
C0:       2501 [1] pc=[004000002c,0] W[r 0=0000000000000000,0][0] R[r30=0000000000000002,0] R[r31=0000000000000008,0] 
 inst=[03ff0a63,0] beq     t5, t6, pc + 52
C0:       2502 [1] pc=[0040000030,0] W[r31=0000000000000009,0][1] R[r 0=0000000000000000,0] R[r 9=0000000000000013,0] 
 inst=[00900f93,0] li      t6, 9
C0:       2503 [1] pc=[0040000034,0] W[r 0=0000000000000000,0][0] R[r30=0000000000000002,0] R[r31=0000000000000009,0] 
 inst=[03ff0663,0] beq     t5, t6, pc + 44
C0:       2504 [1] pc=[0040000038,0] W[r31=000000000000000b,0][1] R[r 0=0000000000000000,0] R[r11=0000000000000013,0] 
 inst=[00b00f93,0] li      t6, 11
C0:       2505 [1] pc=[004000003c,0] W[r 0=0000000000000000,0][0] R[r30=0000000000000002,0] R[r31=000000000000000b,0] 
 inst=[03ff0263,0] beq     t5, t6, pc + 36
C0:       2523 [1] pc=[0040000040,0] W[r30=0000000040000040,0][1] R[r 0=0000000000000000,0] R[r 0=0000000000000000,0] 
 inst=[00000f17,0] auipc   t5, 0x0
C0:       2524 [1] pc=[0040000044,0] W[r30=00000000400003c0,0][1] R[r30=0000000040000040,0] R[r 0=0000000000000000,0] 
 inst=[380f0f13,0] addi    t5, t5, 896
C0:       2525 [1] pc=[0040000048,0] W[r 0=0000000000000000,0][0] R[r30=00000000400003c0,0] R[r 0=0000000000000000,0] 
 inst=[000f0463,0] beqz    t5, pc + 8
C0:       2526 [1] pc=[004000004c,0] W[r 0=0000000040000050,0][1] R[r30=00000000400003c0,0] R[r 0=0000000000000000,0] 
 inst=[000f0067,0] jr      t5
C0:       2550 [1] pc=[00400003c0,0] W[r16=0000000000000005,0][1] R[r 0=0000000000000000,0] R[r 5=0000000000000013,0] 
 inst=[00500813,0] li      a6, 5
C0:       2551 [1] pc=[00400003c4,0] W[r 0=0000000000000000,0][0] R[r28=0000000000000010,0] R[r16=0000000000000005,0] 
 inst=[030e0063,0] beq     t3, a6, pc + 32
C0:       2552 [1] pc=[00400003c8,0] W[r16=0000000000000006,0][1] R[r 0=0000000000000000,0] R[r 6=0000000000000013,0] 
 inst=[00600813,0] li      a6, 6
C0:       2553 [1] pc=[00400003cc,0] W[r 0=0000000000000000,0][0] R[r28=0000000000000010,0] R[r16=0000000000000006,0] 
 inst=[010e0c63,0] beq     t3, a6, pc + 24
C0:       2554 [1] pc=[00400003d0,0] W[r16=000000000000000a,0][1] R[r 0=0000000000000000,0] R[r10=0000000000000013,0] 
 inst=[00a00813,0] li      a6, 10
C0:       2555 [1] pc=[00400003d4,0] W[r 0=0000000000000000,0][0] R[r28=0000000000000010,0] R[r16=000000000000000a,0] 
 inst=[010e0863,0] beq     t3, a6, pc + 16
C0:       2556 [1] pc=[00400003d8,0] W[r16=000000000000000e,0][1] R[r 0=0000000000000000,0] R[r14=0000000000000013,0] 
 inst=[00e00813,0] li      a6, 14
C0:       2557 [1] pc=[00400003dc,0] W[r 0=0000000000000000,0][0] R[r28=0000000000000010,0] R[r16=000000000000000e,0] 
 inst=[010e0463,0] beq     t3, a6, pc + 8
C0:       2558 [1] pc=[00400003e0,0] W[r 0=00000000400003e4,0][1] R[r 0=0000000000000000,0] R[r16=000000000000000e,0] 
 inst=[0300006f,0] j       pc + 0x30
C0:       2580 [1] pc=[0040000410,0] W[r16=0000000000000010,0][1] R[r 0=0000000000000000,0] R[r16=0000000000000013,0] 
 inst=[01000813,0] li      a6, 16
C0:       2581 [1] pc=[0040000414,0] W[r 0=0000000000000001,0][0] R[r28=0000000000000010,0] R[r16=0000000000000010,0] 
 inst=[010e0463,0] beq     t3, a6, pc + 8
C0:       2585 [1] pc=[004000041c,0] W[r17=0000000000000002,0][1] R[r 0=0000000000000000,0] R[r 2=0000000000000013,0] 
 inst=[342028f3,0] csrr    a7, mcause
C0:       2586 [1] pc=[0040000420,0] W[r16=0000000000000002,0][1] R[r 0=0000000000000000,0] R[r 2=0000000000000013,0] 
 inst=[00200813,0] li      a6, 2
C0:       2588 [1] pc=[0040000424,0] W[r 0=0000000000000000,0][0] R[r16=0000000000000002,0] R[r17=0000000000000002,0] 
 inst=[03181a63,0] bne     a6, a7, pc + 52
C0:       2589 [1] pc=[0040000428,0] W[r17=0000000040000390,0][1] R[r 0=0000000000000000,0] R[r 1=0000000000000003,0] 
 inst=[341028f3,0] csrr    a7, mepc
C0:       2592 [1] pc=[004000042c,0] W[r16=0000000000000000,0][1] R[r17=0000000040000390,0] R[r 0=0000000000000000,0] 
 inst=[0008a803,0] lw      a6, 0(a7)
C0:       2594 [1] pc=[0040000430,0] W[r 0=0000000000000000,0][0] R[r16=0000000000000000,0] R[r 0=0000000000000000,0] 
 inst=[f60818e3,0] bnez    a6, pc - 144
C0:       2595 [1] pc=[0040000434,0] W[r16=0000000000000000,0][1] R[r16=0000000000000000,0] R[r 0=0000000000000000,0] 
 inst=[00080857,0] unknown
C0:       2596 [1] pc=[0040000438,0] W[r 0=0000000000000000,0][0] R[r16=0000000000000000,0] R[r 0=0000000000000000,0] 
 inst=[f60814e3,0] bnez    a6, pc - 152
C0:       2597 [1] pc=[004000043c,0] W[r16=0000000000000013,1][1] R[r15=0000000000000013,1] R[r 0=0000000000000000,0] 
 inst=[00078813,0] mv      a6, a5
TagXact1: (0) Read 0xb8000044 miss
TagXact1: (0) Read 0xbffc0000 miss
TagXact1: (0) FetchRead 0xbffffe00 => 0000000000000000
C0:       2634 [1] pc=[0040000440,0] W[r16=0000000000000013,0][1] R[r 0=0000000000000000,0] R[r 0=0000000000000000,0] 
 inst=[00001857,0] unknown
C0:       2635 [1] pc=[0040000444,0] W[r 0=0000000040000390,0][0] R[r17=0000000040000390,0] R[r16=0000000000000013,0] 
 inst=[0108a023,0] sw      a6, 0(a7)
C0:       2639 [1] pc=[0040000448,0] W[r30=0000000040f0f000,0][1] R[r 0=0000000000000000,0] R[r 0=0000000000000000,0] 
 inst=[34002f73,0] csrr    t5, mscratch
C0:       2642 [1] pc=[004000044c,0] W[r 0=0000000000f0f0f0,0][1] R[r30=0000000040f0f000,0] R[r16=0000000000000003,0] 
 inst=[bf0f1073,0] csrw    unknown_bf0, t5
C0:       2646 [1] pc=[0040000450,0] W[r 0=0000000000000004,0][0] R[r 0=0000000000000000,0] R[r 0=0000000000000000,0] 
 inst=[0000100f,0] fence.i
C0:       2668 [1] pc=[0040000454,0] W[r 0=0000000000000000,0][0] R[r 0=0000000000000000,0] R[r 2=0000000000000003,0] 
 inst=[30200073,0] mret
C0:       2727 [0] pc=[0040000390,1] W[r 0=0000000000000000,0][0] R[r 0=0000000000000000,0] R[r 0=0000000000000000,0] 
 inst=[00000013,0] nop
C0:       2750 [1] pc=[0040000004,0] W[r30=0000000040f0f000,0][1] R[r 0=0000000000000000,0] R[r16=0000000000000003,0] 
 inst=[bf002f73,0] csrr    t5, unknown_bf0
C0:       2753 [1] pc=[0040000008,0] W[r 0=0000000040f0f000,0][1] R[r30=0000000040f0f000,0] R[r 0=0000000000000000,0] 
 inst=[340f1073,0] csrw    mscratch, t5
C0:       2754 [1] pc=[004000000c,0] W[r31=00000000000000f0,0][1] R[r 0=0000000000000000,0] R[r16=0000000000000003,0] 
 inst=[0f000f93,0] li      t6, 240
C0:       2755 [1] pc=[0040000010,0] W[r30=000000000000f000,0][1] R[r 1=0000000040f0f003,0] R[r 0=0000000000000000,0] 
 inst=[0000ff37,0] lui     t5, 0xf
C0:       2756 [1] pc=[0040000014,0] W[r31=000000000000f0f0,0][1] R[r31=00000000000000f0,0] R[r30=000000000000f000,0] 
 inst=[01efefb3,0] or      t6, t6, t5
C0:       2757 [1] pc=[0040000018,0] W[r30=0000000000f00000,0][1] R[r 0=0000000000000000,0] R[r15=0000000000000003,0] 
 inst=[00f00f37,0] lui     t5, 0xf00
C0:       2758 [1] pc=[004000001c,0] W[r31=0000000000f0f0f0,0][1] R[r31=000000000000f0f0,0] R[r30=0000000000f00000,0] 
 inst=[01efefb3,0] or      t6, t6, t5
C0:       2759 [1] pc=[0040000020,0] W[r 0=0000000040f0f000,0][1] R[r31=0000000000f0f0f0,0] R[r16=0000000000000003,0] 
 inst=[bf0f9073,0] csrw    unknown_bf0, t6
C0:       2763 [1] pc=[0040000024,0] W[r30=0000000000000010,0][1] R[r 0=0000000000000000,0] R[r 2=0000000000000003,0] 
 inst=[34202f73,0] csrr    t5, mcause
C0:       2764 [1] pc=[0040000028,0] W[r31=0000000000000008,0][1] R[r 0=0000000000000000,0] R[r 8=0000000000000003,0] 
 inst=[00800f93,0] li      t6, 8
C0:       2766 [1] pc=[004000002c,0] W[r 0=0000000000000000,0][0] R[r30=0000000000000010,0] R[r31=0000000000000008,0] 
 inst=[03ff0a63,0] beq     t5, t6, pc + 52
C0:       2767 [1] pc=[0040000030,0] W[r31=0000000000000009,0][1] R[r 0=0000000000000000,0] R[r 9=0000000000000003,0] 
 inst=[00900f93,0] li      t6, 9
C0:       2768 [1] pc=[0040000034,0] W[r 0=0000000000000000,0][0] R[r30=0000000000000010,0] R[r31=0000000000000009,0] 
 inst=[03ff0663,0] beq     t5, t6, pc + 44
C0:       2769 [1] pc=[0040000038,0] W[r31=000000000000000b,0][1] R[r 0=0000000000000000,0] R[r11=0000000000000003,0] 
 inst=[00b00f93,0] li      t6, 11
C0:       2770 [1] pc=[004000003c,0] W[r 0=0000000000000000,0][0] R[r30=0000000000000010,0] R[r31=000000000000000b,0] 
 inst=[03ff0263,0] beq     t5, t6, pc + 36
C0:       2788 [1] pc=[0040000040,0] W[r30=0000000040000040,0][1] R[r 0=0000000000000000,0] R[r 0=0000000000000000,0] 
 inst=[00000f17,0] auipc   t5, 0x0
C0:       2789 [1] pc=[0040000044,0] W[r30=00000000400003c0,0][1] R[r30=0000000040000040,0] R[r 0=0000000000000000,0] 
 inst=[380f0f13,0] addi    t5, t5, 896
C0:       2790 [1] pc=[0040000048,0] W[r 0=0000000000000000,0][0] R[r30=00000000400003c0,0] R[r 0=0000000000000000,0] 
 inst=[000f0463,0] beqz    t5, pc + 8
C0:       2791 [1] pc=[004000004c,0] W[r 0=0000000040000050,0][1] R[r30=00000000400003c0,0] R[r 0=0000000000000000,0] 
 inst=[000f0067,0] jr      t5
C0:       2815 [1] pc=[00400003c0,0] W[r16=0000000000000005,0][1] R[r 0=0000000000000000,0] R[r 5=0000000000000003,0] 
 inst=[00500813,0] li      a6, 5
C0:       2816 [1] pc=[00400003c4,0] W[r 0=0000000000000000,0][0] R[r28=0000000000000010,0] R[r16=0000000000000005,0] 
 inst=[030e0063,0] beq     t3, a6, pc + 32
C0:       2817 [1] pc=[00400003c8,0] W[r16=0000000000000006,0][1] R[r 0=0000000000000000,0] R[r 6=0000000000000003,0] 
 inst=[00600813,0] li      a6, 6
C0:       2818 [1] pc=[00400003cc,0] W[r 0=0000000000000000,0][0] R[r28=0000000000000010,0] R[r16=0000000000000006,0] 
 inst=[010e0c63,0] beq     t3, a6, pc + 24
C0:       2819 [1] pc=[00400003d0,0] W[r16=000000000000000a,0][1] R[r 0=0000000000000000,0] R[r10=0000000000000003,0] 
 inst=[00a00813,0] li      a6, 10
C0:       2820 [1] pc=[00400003d4,0] W[r 0=0000000000000000,0][0] R[r28=0000000000000010,0] R[r16=000000000000000a,0] 
 inst=[010e0863,0] beq     t3, a6, pc + 16
C0:       2821 [1] pc=[00400003d8,0] W[r16=000000000000000e,0][1] R[r 0=0000000000000000,0] R[r14=0000000000000003,0] 
 inst=[00e00813,0] li      a6, 14
C0:       2822 [1] pc=[00400003dc,0] W[r 0=0000000000000000,0][0] R[r28=0000000000000010,0] R[r16=000000000000000e,0] 
 inst=[010e0463,0] beq     t3, a6, pc + 8
C0:       2823 [1] pc=[00400003e0,0] W[r 0=00000000400003e4,0][1] R[r 0=0000000000000000,0] R[r16=000000000000000e,0] 
 inst=[0300006f,0] j       pc + 0x30
C0:       2845 [1] pc=[0040000410,0] W[r16=0000000000000010,0][1] R[r 0=0000000000000000,0] R[r16=0000000000000003,0] 
 inst=[01000813,0] li      a6, 16
C0:       2846 [1] pc=[0040000414,0] W[r 0=0000000000000001,0][0] R[r28=0000000000000010,0] R[r16=0000000000000010,0] 
 inst=[010e0463,0] beq     t3, a6, pc + 8
C0:       2850 [1] pc=[004000041c,0] W[r17=0000000000000010,0][1] R[r 0=0000000000000000,0] R[r 2=0000000000000003,0] 
 inst=[342028f3,0] csrr    a7, mcause
C0:       2851 [1] pc=[0040000420,0] W[r16=0000000000000002,0][1] R[r 0=0000000000000000,0] R[r 2=0000000000000003,0] 
 inst=[00200813,0] li      a6, 2
C0:       2853 [1] pc=[0040000424,0] W[r 0=0000000000000001,0][0] R[r16=0000000000000002,0] R[r17=0000000000000010,0] 
 inst=[03181a63,0] bne     a6, a7, pc + 52
C0:       2859 [1] pc=[0040000458,0] W[r16=0000000000000010,0][1] R[r 0=0000000000000000,0] R[r16=0000000000000013,0] 
 inst=[01000813,0] li      a6, 16
C0:       2860 [1] pc=[004000045c,0] W[r 0=0000000000000000,0][0] R[r16=0000000000000010,0] R[r17=0000000000000010,0] 
 inst=[f51812e3,0] bne     a6, a7, pc - 188
C0:       2861 [1] pc=[0040000460,0] W[r17=0000000040000390,0][1] R[r 0=0000000000000000,0] R[r 1=0000000000000013,0] 
 inst=[341028f3,0] csrr    a7, mepc
C0:       2862 [1] pc=[0040000464,0] W[r16=0000000000000013,1][1] R[r15=0000000000000013,1] R[r 0=0000000000000000,0] 
 inst=[00078813,0] mv      a6, a5
C0:       2863 [1] pc=[0040000468,0] W[r15=0000000000000013,0][1] R[r 0=0000000000000000,0] R[r 0=0000000000000000,0] 
 inst=[000017d7,0] unknown
C0:       2864 [1] pc=[004000046c,0] W[r 0=0000000040000394,0][0] R[r17=0000000040000390,0] R[r15=0000000000000013,0] 
 inst=[00f8a223,0] sw      a5, 4(a7)
C0:       2865 [1] pc=[0040000470,0] W[r 0=0000000040000390,0][0] R[r17=0000000040000390,0] R[r16=0000000000000013,1] 
 inst=[0108a023,0] sw      a6, 0(a7)
C0:       2869 [1] pc=[0040000474,0] W[r30=0000000040f0f000,0][1] R[r 0=0000000000000000,0] R[r 0=0000000000000000,0] 
 inst=[34002f73,0] csrr    t5, mscratch
C0:       2872 [1] pc=[0040000478,0] W[r 0=0000000000f0f0f0,0][1] R[r30=0000000040f0f000,0] R[r16=0000000000000013,1] 
 inst=[bf0f1073,0] csrw    unknown_bf0, t5
TagXact1: (0) Read 0xb8000048 miss
TagXact1: (0) Read 0xbffc0000 miss
TagXact1: (0) FetchRead 0xbffffe00 => 0000000000000000
C0:       2908 [1] pc=[004000047c,0] W[r 0=0000000000000004,0][0] R[r 0=0000000000000000,0] R[r 0=0000000000000000,0] 
 inst=[0000100f,0] fence.i
C0:       2932 [1] pc=[0040000480,0] W[r 0=0000000000000000,0][0] R[r 0=0000000000000000,0] R[r 2=0000000000000013,1] 
 inst=[30200073,0] mret
C0:       2991 [1] pc=[0040000390,1] W[r 0=0000000000000000,0][1] R[r 0=0000000000000000,0] R[r 0=0000000000000000,0] 
 inst=[00000013,1] nop
C0:       2992 [1] pc=[0040000394,0] W[r 0=0000000000000000,0][1] R[r 0=0000000000000000,0] R[r 0=0000000000000000,0] 
 inst=[00000013,0] nop
C0:       2993 [1] pc=[0040000398,0] W[r 0=0000000040f0f000,0][1] R[r 0=0000000000000000,0] R[r16=0000000000000013,1] 
 inst=[8f001073,0] csrw    unknown_8f0, zero
C0:       2997 [1] pc=[004000039c,0] W[r 0=0000000000000001,0][0] R[r 0=0000000000000000,0] R[r28=0000000000000010,0] 
 inst=[01c01c63,0] bne     zero, t3, pc + 24
C0:       3001 [1] pc=[00400003b4,0] W[r 0=0000000000000004,0][0] R[r 0=0000000000000000,0] R[r31=0000000000000013,0] 
 inst=[0ff0000f,0] fence
C0:       3002 [1] pc=[00400003b8,0] W[r28=0000000000000001,0][1] R[r 0=0000000000000000,0] R[r 1=0000000000000013,0] 
 inst=[00100e13,0] li      t3, 1
C0:       3003 [0] pc=[00400003bc,0] W[r 0=0000000000000000,0][0] R[r 0=0000000000000000,0] R[r 0=0000000000000000,0] 
 inst=[00000073,0] ecall
C0:       3040 [1] pc=[0040000004,0] W[r30=0000000000000000,0][1] R[r 0=0000000000000000,0] R[r16=0000000000000013,0] 
 inst=[bf002f73,0] csrr    t5, unknown_bf0
C0:       3043 [1] pc=[0040000008,0] W[r 0=0000000040f0f000,0][1] R[r30=0000000000000000,0] R[r 0=0000000000000000,0] 
 inst=[340f1073,0] csrw    mscratch, t5
C0:       3044 [1] pc=[004000000c,0] W[r31=00000000000000f0,0][1] R[r 0=0000000000000000,0] R[r16=0000000000000013,0] 
 inst=[0f000f93,0] li      t6, 240
C0:       3045 [1] pc=[0040000010,0] W[r30=000000000000f000,0][1] R[r 1=0000000000000003,0] R[r 0=0000000000000000,0] 
 inst=[0000ff37,0] lui     t5, 0xf
C0:       3046 [1] pc=[0040000014,0] W[r31=000000000000f0f0,0][1] R[r31=00000000000000f0,0] R[r30=000000000000f000,0] 
 inst=[01efefb3,0] or      t6, t6, t5
C0:       3047 [1] pc=[0040000018,0] W[r30=0000000000f00000,0][1] R[r 0=0000000000000000,0] R[r15=0000000000000013,0] 
 inst=[00f00f37,0] lui     t5, 0xf00
C0:       3048 [1] pc=[004000001c,0] W[r31=0000000000f0f0f0,0][1] R[r31=000000000000f0f0,0] R[r30=0000000000f00000,0] 
 inst=[01efefb3,0] or      t6, t6, t5
C0:       3049 [1] pc=[0040000020,0] W[r 0=0000000000000000,0][1] R[r31=0000000000f0f0f0,0] R[r16=0000000000000013,0] 
 inst=[bf0f9073,0] csrw    unknown_bf0, t6
C0:       3053 [1] pc=[0040000024,0] W[r30=0000000000000008,0][1] R[r 0=0000000000000000,0] R[r 2=0000000000000013,0] 
 inst=[34202f73,0] csrr    t5, mcause
C0:       3054 [1] pc=[0040000028,0] W[r31=0000000000000008,0][1] R[r 0=0000000000000000,0] R[r 8=0000000000000013,0] 
 inst=[00800f93,0] li      t6, 8
C0:       3056 [1] pc=[004000002c,0] W[r 0=0000000000000001,0][0] R[r30=0000000000000008,0] R[r31=0000000000000008,0] 
 inst=[03ff0a63,0] beq     t5, t6, pc + 52
C0:       3078 [1] pc=[0040000060,0] W[r30=0000000000004000,0][1] R[r 0=0000000000000000,0] R[r 0=0000000000000000,0] 
 inst=[00004f37,0] lui     t5, 0x4
C0:       3079 [1] pc=[0040000064,0] W[r 0=0000000000004000,0][0] R[r30=0000000000004000,0] R[r28=0000000000000001,0] 
 inst=[01cf2023,0] sw      t3, 0(t5)
C0:       3080 [1] pc=[0040000068,0] W[r 0=000000004000006c,0][1] R[r31=000000000000000b,0] R[r25=0000000000000003,0] 
 inst=[ff9ff06f,0] j       pc - 0x8
