C0:         17 [1] pc=[0000000000,0] W[r 5=0000000040000000,0][1] R[r 0=0000000000000000,0] R[r 0=0000000000000000,0] 
 inst=[40000297,0] auipc   t0, 0x40000
C0:         18 [1] pc=[0000000004,0] W[r 0=0000000000000008,0][1] R[r 5=0000000040000000,0] R[r 0=0000000000000000,0] 
 inst=[00028067,0] jr      t0
TagXact1: (0) Create 0xbffffe00
TagXact1: (0) Create 0xbffffe40
TagXact1: (0) Create 0xbffffe80
TagXact1: (0) Create 0xbffffec0
TagXact1: (0) Create 0xbfffff00
TagXact1: (0) Create 0xbfffff40
TagXact1: (0) Create 0xbfffff80
TagXact1: (0) Create 0xbfffffc0
C0:        166 [1] pc=[0040000000,0] W[r 0=0000000040000004,0][1] R[r 0=0000000000000000,0] R[r12=822bd126c26244cb,c] 
 inst=[06c0006f,0] j       pc + 0x6c
TagXact1: (0) Read 0xb8000004 miss
TagXact1: (0) Read 0xbffc0000 miss
TagXact1: (0) FetchRead 0xbffffe00 => 0000000000000000
C0:        208 [1] pc=[004000006c,0] W[r10=0000000000000000,0][1] R[r 0=0000000000000000,0] R[r20=822bd126c26244cb,c] 
 inst=[f1402573,0] csrr    a0, mhartid
C0:        211 [1] pc=[0040000070,0] W[r 0=0000000000000000,0][0] R[r10=0000000000000000,0] R[r 0=0000000000000000,0] 
 inst=[00051063,0] bnez    a0, pc + 0
C0:        212 [1] pc=[0040000074,0] W[r10=8000000000041129,0][1] R[r 0=0000000000000000,0] R[r16=822bd126c26244cb,c] 
 inst=[f1002573,0] csrr    a0, unknown_f10
C0:        215 [1] pc=[0040000078,0] W[r 0=0000000000000001,0][0] R[r10=8000000000041129,0] R[r 0=0000000000000000,0] 
 inst=[00054863,0] bltz    a0, pc + 16
TagXact1: (0) Read 0xb8000008 miss
TagXact1: (0) Read 0xbffc0000 miss
TagXact1: (0) FetchRead 0xbffffe00 => 0000000000000000
C0:        251 [1] pc=[0040000088,0] W[r28=0000000000000000,0][1] R[r 0=0000000000000000,0] R[r 0=0000000000000000,0] 
 inst=[00000e13,0] li      t3, 0
C0:        252 [1] pc=[004000008c,0] W[r 5=000000004000008c,0][1] R[r 0=0000000000000000,0] R[r 0=0000000000000000,0] 
 inst=[00000297,0] auipc   t0, 0x0
C0:        253 [1] pc=[0040000090,0] W[r 5=0000000040000004,0][1] R[r 5=000000004000008c,0] R[r24=822bd126c26244cb,c] 
 inst=[f7828293,0] addi    t0, t0, -136
C0:        254 [1] pc=[0040000094,0] W[r 0=0000000000000000,0][1] R[r 5=0000000040000004,0] R[r 5=0000000040000004,0] 
 inst=[30529073,0] csrw    mtvec, t0
C0:        258 [1] pc=[0040000098,0] W[r 5=0000000000000098,0][1] R[r 0=0000000000000000,0] R[r 0=0000000000000000,0] 
 inst=[c0000297,0] auipc   t0, 0xc0000
C0:        259 [1] pc=[004000009c,0] W[r 5=0000000000000000,0][1] R[r 5=0000000000000098,0] R[r 8=822bd126c26244cb,c] 
 inst=[f6828293,0] addi    t0, t0, -152
C0:        260 [1] pc=[00400000a0,0] W[r 0=0000000000000001,0][0] R[r 5=0000000000000000,0] R[r 0=0000000000000000,0] 
 inst=[00028e63,0] beqz    t0, pc + 28
C0:        264 [1] pc=[00400000bc,0] W[r 0=0000000000001800,0][1] R[r 0=0000000000000000,0] R[r 0=0000000000000000,0] 
 inst=[30005073,0] csrwi   mstatus, 0
TagXact1: (0) Read 0xb800000c miss
TagXact1: (0) Read 0xbffc0000 miss
TagXact1: (0) FetchRead 0xbffffe00 => 0000000000000000
C0:        300 [1] pc=[00400000c0,0] W[r 5=00000000400000c0,0][1] R[r 0=0000000000000000,0] R[r 0=0000000000000000,0] 
 inst=[00000297,0] auipc   t0, 0x0
C0:        301 [1] pc=[00400000c4,0] W[r 5=00000000400000d4,0][1] R[r 5=00000000400000c0,0] R[r20=822bd126c26244cb,c] 
 inst=[01428293,0] addi    t0, t0, 20
C0:        302 [1] pc=[00400000c8,0] W[r 0=000000401c937d84,0][1] R[r 5=00000000400000d4,0] R[r 1=822bd126c26244cb,c] 
 inst=[34129073,0] csrw    mepc, t0
C0:        303 [1] pc=[00400000cc,0] W[r10=0000000000000000,0][1] R[r 0=0000000000000000,0] R[r20=822bd126c26244cb,c] 
 inst=[f1402573,0] csrr    a0, mhartid
C0:        304 [1] pc=[00400000d0,0] W[r 0=0000000000000000,0][0] R[r 0=0000000000000000,0] R[r 2=822bd126c26244cb,c] 
 inst=[30200073,0] mret
C0:        309 [1] pc=[00400000d4,0] W[r 0=0000000000000000,0][1] R[r 0=0000000000000000,0] R[r16=822bd126c26244cb,c] 
 inst=[8f001073,0] csrw    unknown_8f0, zero
C0:        313 [1] pc=[00400000d8,0] W[r 5=0000000000000000,0][1] R[r 0=0000000000000000,0] R[r 0=0000000000000000,0] 
 inst=[000002d7,0] unknown
C0:        314 [1] pc=[00400000dc,0] W[r29=0000000000000000,0][1] R[r 0=0000000000000000,0] R[r 0=0000000000000000,0] 
 inst=[00000e93,0] li      t4, 0
C0:        315 [1] pc=[00400000e0,0] W[r28=0000000000000002,0][1] R[r 0=0000000000000000,0] R[r 2=822bd126c26244cb,c] 
 inst=[00200e13,0] li      t3, 2
C0:        316 [1] pc=[00400000e4,0] W[r 0=0000000000000000,0][0] R[r 5=0000000000000000,0] R[r29=0000000000000000,0] 
 inst=[21d29863,0] bne     t0, t4, pc + 528
C0:        317 [1] pc=[00400000e8,0] W[r 5=0000000000000000,0][1] R[r 1=6b0d859ecad4aaee,0] R[r 0=0000000000000000,0] 
 inst=[000082d7,0] unknown
C0:        318 [1] pc=[00400000ec,0] W[r29=0000000000000000,0][1] R[r 0=0000000000000000,0] R[r 0=0000000000000000,0] 
 inst=[00000e93,0] li      t4, 0
C0:        319 [1] pc=[00400000f0,0] W[r28=0000000000000003,0][1] R[r 0=0000000000000000,0] R[r 3=822bd126c26244cb,c] 
 inst=[00300e13,0] li      t3, 3
C0:        320 [1] pc=[00400000f4,0] W[r 0=0000000000000000,0][0] R[r 5=0000000000000000,0] R[r29=0000000000000000,0] 
 inst=[21d29063,0] bne     t0, t4, pc + 512
C0:        321 [1] pc=[00400000f8,0] W[r 1=0000000000000001,0][1] R[r 0=0000000000000000,0] R[r 1=822bd126c26244cb,c] 
 inst=[00100093,0] li      ra, 1
C0:        322 [1] pc=[00400000fc,0] W[r 1=0000000000000001,1][1] R[r 1=0000000000000001,0] R[r 0=0000000000000000,0] 
 inst=[000090d7,0] unknown
TagXact1: (0) Read 0xb8000010 miss
TagXact1: (0) Read 0xbffc0000 miss
TagXact1: (0) FetchRead 0xbffffe00 => 0000000000000000
C0:        357 [1] pc=[0040000100,0] W[r 5=0000000000000001,0][1] R[r 1=0000000000000001,1] R[r 0=0000000000000000,0] 
 inst=[000082d7,0] unknown
C0:        358 [1] pc=[0040000104,0] W[r29=0000000000000001,0][1] R[r 0=0000000000000000,0] R[r 1=822bd126c26244cb,c] 
 inst=[00100e93,0] li      t4, 1
C0:        359 [1] pc=[0040000108,0] W[r28=0000000000000004,0][1] R[r 0=0000000000000000,0] R[r 4=822bd126c26244cb,c] 
 inst=[00400e13,0] li      t3, 4
C0:        360 [1] pc=[004000010c,0] W[r 0=0000000000000000,0][0] R[r 5=0000000000000001,0] R[r29=0000000000000001,0] 
 inst=[1fd29463,0] bne     t0, t4, pc + 488
C0:        361 [1] pc=[0040000110,0] W[r 2=0000000000000002,0][1] R[r 0=0000000000000000,0] R[r 2=822bd126c26244cb,c] 
 inst=[00200113,0] li      sp, 2
C0:        362 [1] pc=[0040000114,0] W[r 2=0000000000000002,2][1] R[r 2=0000000000000002,0] R[r 0=0000000000000000,0] 
 inst=[00011157,0] unknown
C0:        363 [1] pc=[0040000118,0] W[r 5=0000000000000002,0][1] R[r 2=0000000000000002,2] R[r 0=0000000000000000,0] 
 inst=[000102d7,0] unknown
C0:        364 [1] pc=[004000011c,0] W[r29=0000000000000002,0][1] R[r 0=0000000000000000,0] R[r 2=0000000000000002,2] 
 inst=[00200e93,0] li      t4, 2
C0:        365 [1] pc=[0040000120,0] W[r28=0000000000000005,0][1] R[r 0=0000000000000000,0] R[r 5=0000000000000002,0] 
 inst=[00500e13,0] li      t3, 5
C0:        366 [1] pc=[0040000124,0] W[r 0=0000000000000000,0][0] R[r 5=0000000000000002,0] R[r29=0000000000000002,0] 
 inst=[1dd29863,0] bne     t0, t4, pc + 464
C0:        367 [1] pc=[0040000128,0] W[r 3=0000000000000004,0][1] R[r 0=0000000000000000,0] R[r 4=822bd126c26244cb,c] 
 inst=[00400193,0] li      gp, 4
C0:        368 [1] pc=[004000012c,0] W[r 3=0000000000000004,4][1] R[r 3=0000000000000004,0] R[r 0=0000000000000000,0] 
 inst=[000191d7,0] unknown
C0:        369 [1] pc=[0040000130,0] W[r 5=0000000000000004,0][1] R[r 3=0000000000000004,4] R[r 0=0000000000000000,0] 
 inst=[000182d7,0] unknown
C0:        370 [1] pc=[0040000134,0] W[r29=0000000000000004,0][1] R[r 0=0000000000000000,0] R[r 4=822bd126c26244cb,c] 
 inst=[00400e93,0] li      t4, 4
C0:        371 [1] pc=[0040000138,0] W[r28=0000000000000006,0][1] R[r 0=0000000000000000,0] R[r 6=822bd126c26244cb,c] 
 inst=[00600e13,0] li      t3, 6
C0:        372 [1] pc=[004000013c,0] W[r 0=0000000000000000,0][0] R[r 5=0000000000000004,0] R[r29=0000000000000004,0] 
 inst=[1bd29c63,0] bne     t0, t4, pc + 440
TagXact1: (0) Read 0xb8000014 miss
TagXact1: (0) Read 0xbffc0000 miss
TagXact1: (0) FetchRead 0xbffffe00 => 0000000000000000
C0:        408 [1] pc=[0040000140,0] W[r 4=0000000000000008,0][1] R[r 0=0000000000000000,0] R[r 8=822bd126c26244cb,c] 
 inst=[00800213,0] li      tp, 8
C0:        409 [1] pc=[0040000144,0] W[r 4=0000000000000008,8][1] R[r 4=0000000000000008,0] R[r 0=0000000000000000,0] 
 inst=[00021257,0] unknown
C0:        410 [1] pc=[0040000148,0] W[r 5=0000000000000008,0][1] R[r 4=0000000000000008,8] R[r 0=0000000000000000,0] 
 inst=[000202d7,0] unknown
C0:        411 [1] pc=[004000014c,0] W[r29=0000000000000008,0][1] R[r 0=0000000000000000,0] R[r 8=822bd126c26244cb,c] 
 inst=[00800e93,0] li      t4, 8
C0:        412 [1] pc=[0040000150,0] W[r28=0000000000000007,0][1] R[r 0=0000000000000000,0] R[r 7=822bd126c26244cb,c] 
 inst=[00700e13,0] li      t3, 7
C0:        413 [1] pc=[0040000154,0] W[r 0=0000000000000000,0][0] R[r 5=0000000000000008,0] R[r29=0000000000000008,0] 
 inst=[1bd29063,0] bne     t0, t4, pc + 416
C0:        414 [1] pc=[0040000158,0] W[r 5=0000000000000001,0][1] R[r 1=0000000000000001,1] R[r 0=0000000000000000,0] 
 inst=[00008293,0] mv      t0, ra
C0:        415 [1] pc=[004000015c,0] W[r29=0000000000000001,0][1] R[r 0=0000000000000000,0] R[r 1=822bd126c26244cb,c] 
 inst=[00100e93,0] li      t4, 1
C0:        416 [1] pc=[0040000160,0] W[r28=0000000000000008,0][1] R[r 0=0000000000000000,0] R[r 8=822bd126c26244cb,c] 
 inst=[00800e13,0] li      t3, 8
C0:        417 [1] pc=[0040000164,0] W[r 0=0000000000000000,0][0] R[r 5=0000000000000001,0] R[r29=0000000000000001,0] 
 inst=[19d29863,0] bne     t0, t4, pc + 400
C0:        418 [1] pc=[0040000168,0] W[r 5=0000000000000002,0][1] R[r 2=0000000000000002,2] R[r 0=0000000000000000,0] 
 inst=[00010293,0] mv      t0, sp
C0:        419 [1] pc=[004000016c,0] W[r29=0000000000000002,0][1] R[r 0=0000000000000000,0] R[r 2=822bd126c26244cb,c] 
 inst=[00200e93,0] li      t4, 2
C0:        420 [1] pc=[0040000170,0] W[r28=0000000000000009,0][1] R[r 0=0000000000000000,0] R[r 9=822bd126c26244cb,c] 
 inst=[00900e13,0] li      t3, 9
C0:        421 [1] pc=[0040000174,0] W[r 0=0000000000000000,0][0] R[r 5=0000000000000002,0] R[r29=0000000000000002,0] 
 inst=[19d29063,0] bne     t0, t4, pc + 384
C0:        422 [1] pc=[0040000178,0] W[r 5=0000000000000004,0][1] R[r 3=0000000000000004,4] R[r 0=0000000000000000,0] 
 inst=[00018293,0] mv      t0, gp
C0:        423 [1] pc=[004000017c,0] W[r29=0000000000000004,0][1] R[r 0=0000000000000000,0] R[r 4=822bd126c26244cb,c] 
 inst=[00400e93,0] li      t4, 4
TagXact1: (0) Read 0xb8000018 miss
TagXact1: (0) Read 0xbffc0000 miss
TagXact1: (0) FetchRead 0xbffffe00 => 0000000000000000
C0:        458 [1] pc=[0040000180,0] W[r28=000000000000000b,0][1] R[r 0=0000000000000000,0] R[r11=822bd126c26244cb,c] 
 inst=[00b00e13,0] li      t3, 11
C0:        459 [1] pc=[0040000184,0] W[r 0=0000000000000000,0][0] R[r 5=0000000000000004,0] R[r29=0000000000000004,0] 
 inst=[17d29863,0] bne     t0, t4, pc + 368
C0:        460 [1] pc=[0040000188,0] W[r 5=0000000000000008,0][1] R[r 4=0000000000000008,8] R[r 0=0000000000000000,0] 
 inst=[00020293,0] mv      t0, tp
C0:        461 [1] pc=[004000018c,0] W[r29=0000000000000008,0][1] R[r 0=0000000000000000,0] R[r 8=0000000000000007,0] 
 inst=[00800e93,0] li      t4, 8
C0:        462 [1] pc=[0040000190,0] W[r28=000000000000000c,0][1] R[r 0=0000000000000000,0] R[r12=0000000000000007,0] 
 inst=[00c00e13,0] li      t3, 12
C0:        463 [1] pc=[0040000194,0] W[r 0=0000000000000000,0][0] R[r 5=0000000000000008,0] R[r29=0000000000000008,0] 
 inst=[17d29063,0] bne     t0, t4, pc + 352
C0:        464 [1] pc=[0040000198,0] W[r 4=0000000000000001,0][1] R[r 0=0000000000000000,0] R[r 1=0000000000000007,0] 
 inst=[00100213,0] li      tp, 1
C0:        465 [1] pc=[004000019c,0] W[r 0=0000000000000000,0][1] R[r 0=0000000000000000,0] R[r 0=0000000000000000,0] 
 inst=[00000013,0] nop
C0:        466 [1] pc=[00400001a0,0] W[r 0=0000000000000000,0][1] R[r 0=0000000000000000,0] R[r 0=0000000000000000,0] 
 inst=[00000013,0] nop
C0:        467 [1] pc=[00400001a4,0] W[r 0=0000000000000000,0][1] R[r 0=0000000000000000,0] R[r 0=0000000000000000,0] 
 inst=[00000013,0] nop
C0:        468 [1] pc=[00400001a8,0] W[r 0=0000000000000000,0][1] R[r 0=0000000000000000,0] R[r 0=0000000000000000,0] 
 inst=[00000013,0] nop
C0:        469 [1] pc=[00400001ac,0] W[r 0=0000000000000000,0][1] R[r 0=0000000000000000,0] R[r 0=0000000000000000,0] 
 inst=[00000013,0] nop
C0:        470 [1] pc=[00400001b0,0] W[r 0=0000000000000000,0][1] R[r 0=0000000000000000,0] R[r 0=0000000000000000,0] 
 inst=[00000013,0] nop
C0:        471 [1] pc=[00400001b4,0] W[r 0=0000000000000000,0][1] R[r 0=0000000000000000,0] R[r 0=0000000000000000,0] 
 inst=[00000013,0] nop
C0:        472 [1] pc=[00400001b8,0] W[r 0=0000000000000000,0][1] R[r 0=0000000000000000,0] R[r 0=0000000000000000,0] 
 inst=[00000013,0] nop
C0:        473 [1] pc=[00400001bc,0] W[r 0=0000000000000000,0][1] R[r 0=0000000000000000,0] R[r 0=0000000000000000,0] 
 inst=[00000013,0] nop
TagXact1: (0) Read 0xb800001c miss
TagXact1: (0) Read 0xbffc0000 miss
TagXact1: (0) FetchRead 0xbffffe00 => 0000000000000000
C0:        508 [1] pc=[00400001c0,0] W[r 3=0000000000000004,1][1] R[r 4=0000000000000001,0] R[r 0=0000000000000000,0] 
 inst=[000211d7,0] unknown
C0:        509 [1] pc=[00400001c4,0] W[r 5=0000000000000001,0][1] R[r 3=0000000000000004,1] R[r 0=0000000000000000,0] 
 inst=[000182d7,0] unknown
C0:        510 [1] pc=[00400001c8,0] W[r29=0000000000000001,0][1] R[r 0=0000000000000000,0] R[r 1=0000000000000007,0] 
 inst=[00100e93,0] li      t4, 1
C0:        511 [1] pc=[00400001cc,0] W[r28=000000000000000d,0][1] R[r 0=0000000000000000,0] R[r13=0000000000000007,0] 
 inst=[00d00e13,0] li      t3, 13
C0:        512 [1] pc=[00400001d0,0] W[r 0=0000000000000000,0][0] R[r 5=0000000000000001,0] R[r29=0000000000000001,0] 
 inst=[13d29263,0] bne     t0, t4, pc + 292
C0:        513 [1] pc=[00400001d4,0] W[r 4=0000000000000002,0][1] R[r 0=0000000000000000,0] R[r 2=0000000000000007,0] 
 inst=[00200213,0] li      tp, 2
C0:        514 [1] pc=[00400001d8,0] W[r 0=0000000000000000,0][1] R[r 0=0000000000000000,0] R[r 0=0000000000000000,0] 
 inst=[00000013,0] nop
C0:        515 [1] pc=[00400001dc,0] W[r 0=0000000000000000,0][1] R[r 0=0000000000000000,0] R[r 0=0000000000000000,0] 
 inst=[00000013,0] nop
C0:        516 [1] pc=[00400001e0,0] W[r 0=0000000000000000,0][1] R[r 0=0000000000000000,0] R[r 0=0000000000000000,0] 
 inst=[00000013,0] nop
C0:        517 [1] pc=[00400001e4,0] W[r 0=0000000000000000,0][1] R[r 0=0000000000000000,0] R[r 0=0000000000000000,0] 
 inst=[00000013,0] nop
C0:        518 [1] pc=[00400001e8,0] W[r 0=0000000000000000,0][1] R[r 0=0000000000000000,0] R[r 0=0000000000000000,0] 
 inst=[00000013,0] nop
C0:        519 [1] pc=[00400001ec,0] W[r 0=0000000000000000,0][1] R[r 0=0000000000000000,0] R[r 0=0000000000000000,0] 
 inst=[00000013,0] nop
C0:        520 [1] pc=[00400001f0,0] W[r 0=0000000000000000,0][1] R[r 0=0000000000000000,0] R[r 0=0000000000000000,0] 
 inst=[00000013,0] nop
C0:        521 [1] pc=[00400001f4,0] W[r 0=0000000000000000,0][1] R[r 0=0000000000000000,0] R[r 0=0000000000000000,0] 
 inst=[00000013,0] nop
C0:        522 [1] pc=[00400001f8,0] W[r 0=0000000000000000,0][1] R[r 0=0000000000000000,0] R[r 0=0000000000000000,0] 
 inst=[00000013,0] nop
C0:        523 [1] pc=[00400001fc,0] W[r 0=0000000000000000,0][1] R[r 0=0000000000000000,0] R[r 0=0000000000000000,0] 
 inst=[00000013,0] nop
TagXact1: (0) Read 0xb8000020 miss
TagXact1: (0) Read 0xbffc0000 miss
TagXact1: (0) FetchRead 0xbffffe00 => 0000000000000000
C0:        558 [1] pc=[0040000200,0] W[r 3=0000000000000004,2][1] R[r 4=0000000000000002,0] R[r 0=0000000000000000,0] 
 inst=[000211d7,0] unknown
C0:        559 [1] pc=[0040000204,0] W[r 0=0000000000000000,0][1] R[r 0=0000000000000000,0] R[r 0=0000000000000000,0] 
 inst=[00000013,0] nop
C0:        560 [1] pc=[0040000208,0] W[r 4=0000000000000002,0][1] R[r 3=0000000000000004,2] R[r 0=0000000000000000,0] 
 inst=[00018257,0] unknown
C0:        561 [1] pc=[004000020c,0] W[r 0=0000000000000000,0][1] R[r 0=0000000000000000,0] R[r 0=0000000000000000,0] 
 inst=[00000013,0] nop
C0:        562 [1] pc=[0040000210,0] W[r 5=0000000000000002,0][1] R[r 4=0000000000000002,0] R[r 0=0000000000000000,0] 
 inst=[00020293,0] mv      t0, tp
C0:        563 [1] pc=[0040000214,0] W[r29=0000000000000002,0][1] R[r 0=0000000000000000,0] R[r 2=0000000000000007,0] 
 inst=[00200e93,0] li      t4, 2
C0:        564 [1] pc=[0040000218,0] W[r28=000000000000000e,0][1] R[r 0=0000000000000000,0] R[r14=0000000000000007,0] 
 inst=[00e00e13,0] li      t3, 14
C0:        565 [1] pc=[004000021c,0] W[r 0=0000000000000000,0][0] R[r 5=0000000000000002,0] R[r29=0000000000000002,0] 
 inst=[0dd29c63,0] bne     t0, t4, pc + 216
C0:        566 [1] pc=[0040000220,0] W[r 4=0000000000000003,0][1] R[r 0=0000000000000000,0] R[r 3=0000000000000007,0] 
 inst=[00300213,0] li      tp, 3
C0:        567 [1] pc=[0040000224,0] W[r 0=0000000000000000,0][1] R[r 0=0000000000000000,0] R[r 0=0000000000000000,0] 
 inst=[00000013,0] nop
C0:        568 [1] pc=[0040000228,0] W[r 0=0000000000000000,0][1] R[r 0=0000000000000000,0] R[r 0=0000000000000000,0] 
 inst=[00000013,0] nop
C0:        569 [1] pc=[004000022c,0] W[r 0=0000000000000000,0][1] R[r 0=0000000000000000,0] R[r 0=0000000000000000,0] 
 inst=[00000013,0] nop
C0:        570 [1] pc=[0040000230,0] W[r 0=0000000000000000,0][1] R[r 0=0000000000000000,0] R[r 0=0000000000000000,0] 
 inst=[00000013,0] nop
C0:        571 [1] pc=[0040000234,0] W[r 0=0000000000000000,0][1] R[r 0=0000000000000000,0] R[r 0=0000000000000000,0] 
 inst=[00000013,0] nop
C0:        572 [1] pc=[0040000238,0] W[r 0=0000000000000000,0][1] R[r 0=0000000000000000,0] R[r 0=0000000000000000,0] 
 inst=[00000013,0] nop
C0:        573 [1] pc=[004000023c,0] W[r 0=0000000000000000,0][1] R[r 0=0000000000000000,0] R[r 0=0000000000000000,0] 
 inst=[00000013,0] nop
TagXact1: (0) Read 0xb8000024 miss
TagXact1: (0) Read 0xbffc0000 miss
TagXact1: (0) FetchRead 0xbffffe00 => 0000000000000000
C0:        608 [1] pc=[0040000240,0] W[r 3=0000000000000004,3][1] R[r 4=0000000000000003,0] R[r 0=0000000000000000,0] 
 inst=[000211d7,0] unknown
C0:        609 [1] pc=[0040000244,0] W[r 0=0000000000000000,0][1] R[r 0=0000000000000000,0] R[r 0=0000000000000000,0] 
 inst=[00000013,0] nop
C0:        610 [1] pc=[0040000248,0] W[r 0=0000000000000000,0][1] R[r 0=0000000000000000,0] R[r 0=0000000000000000,0] 
 inst=[00000013,0] nop
C0:        611 [1] pc=[004000024c,0] W[r 4=0000000000000003,0][1] R[r 3=0000000000000004,3] R[r 0=0000000000000000,0] 
 inst=[00018257,0] unknown
C0:        612 [1] pc=[0040000250,0] W[r 0=0000000000000000,0][1] R[r 0=0000000000000000,0] R[r 0=0000000000000000,0] 
 inst=[00000013,0] nop
C0:        613 [1] pc=[0040000254,0] W[r 0=0000000000000000,0][1] R[r 0=0000000000000000,0] R[r 0=0000000000000000,0] 
 inst=[00000013,0] nop
C0:        614 [1] pc=[0040000258,0] W[r 5=0000000000000003,0][1] R[r 4=0000000000000003,0] R[r 0=0000000000000000,0] 
 inst=[00020293,0] mv      t0, tp
C0:        615 [1] pc=[004000025c,0] W[r29=0000000000000003,0][1] R[r 0=0000000000000000,0] R[r 3=0000000000000007,0] 
 inst=[00300e93,0] li      t4, 3
C0:        616 [1] pc=[0040000260,0] W[r28=000000000000000f,0][1] R[r 0=0000000000000000,0] R[r15=0000000000000007,0] 
 inst=[00f00e13,0] li      t3, 15
C0:        617 [1] pc=[0040000264,0] W[r 0=0000000000000000,0][0] R[r 5=0000000000000003,0] R[r29=0000000000000003,0] 
 inst=[09d29863,0] bne     t0, t4, pc + 144
C0:        618 [1] pc=[0040000268,0] W[r 4=0000000000000004,0][1] R[r 0=0000000000000000,0] R[r 4=0000000000000007,0] 
 inst=[00400213,0] li      tp, 4
C0:        619 [1] pc=[004000026c,0] W[r 0=0000000000000000,0][1] R[r 0=0000000000000000,0] R[r 0=0000000000000000,0] 
 inst=[00000013,0] nop
C0:        620 [1] pc=[0040000270,0] W[r 0=0000000000000000,0][1] R[r 0=0000000000000000,0] R[r 0=0000000000000000,0] 
 inst=[00000013,0] nop
C0:        621 [1] pc=[0040000274,0] W[r 0=0000000000000000,0][1] R[r 0=0000000000000000,0] R[r 0=0000000000000000,0] 
 inst=[00000013,0] nop
C0:        622 [1] pc=[0040000278,0] W[r 0=0000000000000000,0][1] R[r 0=0000000000000000,0] R[r 0=0000000000000000,0] 
 inst=[00000013,0] nop
C0:        623 [1] pc=[004000027c,0] W[r 0=0000000000000000,0][1] R[r 0=0000000000000000,0] R[r 0=0000000000000000,0] 
 inst=[00000013,0] nop
TagXact1: (0) Read 0xb8000028 miss
TagXact1: (0) Read 0xbffc0000 miss
TagXact1: (0) FetchRead 0xbffffe00 => 0000000000000000
C0:        658 [1] pc=[0040000280,0] W[r 3=0000000000000004,4][1] R[r 4=0000000000000004,0] R[r 0=0000000000000000,0] 
 inst=[000211d7,0] unknown
C0:        659 [1] pc=[0040000284,0] W[r 0=0000000000000000,0][1] R[r 0=0000000000000000,0] R[r 0=0000000000000000,0] 
 inst=[00000013,0] nop
C0:        660 [1] pc=[0040000288,0] W[r 0=0000000000000000,0][1] R[r 0=0000000000000000,0] R[r 0=0000000000000000,0] 
 inst=[00000013,0] nop
C0:        661 [1] pc=[004000028c,0] W[r 0=0000000000000000,0][1] R[r 0=0000000000000000,0] R[r 0=0000000000000000,0] 
 inst=[00000013,0] nop
C0:        662 [1] pc=[0040000290,0] W[r 4=0000000000000004,0][1] R[r 3=0000000000000004,4] R[r 0=0000000000000000,0] 
 inst=[00018257,0] unknown
C0:        663 [1] pc=[0040000294,0] W[r 0=0000000000000000,0][1] R[r 0=0000000000000000,0] R[r 0=0000000000000000,0] 
 inst=[00000013,0] nop
C0:        664 [1] pc=[0040000298,0] W[r 0=0000000000000000,0][1] R[r 0=0000000000000000,0] R[r 0=0000000000000000,0] 
 inst=[00000013,0] nop
C0:        665 [1] pc=[004000029c,0] W[r 0=0000000000000000,0][1] R[r 0=0000000000000000,0] R[r 0=0000000000000000,0] 
 inst=[00000013,0] nop
C0:        666 [1] pc=[00400002a0,0] W[r 5=0000000000000004,0][1] R[r 4=0000000000000004,0] R[r 0=0000000000000000,0] 
 inst=[00020293,0] mv      t0, tp
C0:        667 [1] pc=[00400002a4,0] W[r29=0000000000000004,0][1] R[r 0=0000000000000000,0] R[r 4=0000000000000007,0] 
 inst=[00400e93,0] li      t4, 4
C0:        668 [1] pc=[00400002a8,0] W[r28=0000000000000010,0][1] R[r 0=0000000000000000,0] R[r16=0000000000000007,0] 
 inst=[01000e13,0] li      t3, 16
C0:        669 [1] pc=[00400002ac,0] W[r 0=0000000000000000,0][0] R[r 5=0000000000000004,0] R[r29=0000000000000004,0] 
 inst=[05d29463,0] bne     t0, t4, pc + 72
C0:        670 [1] pc=[00400002b0,0] W[r 4=0000000000000001,0][1] R[r 0=0000000000000000,0] R[r 1=0000000000000007,0] 
 inst=[00100213,0] li      tp, 1
C0:        671 [1] pc=[00400002b4,0] W[r 3=0000000000000005,0][1] R[r 0=0000000000000000,0] R[r 5=0000000000000007,0] 
 inst=[00500193,0] li      gp, 5
C0:        672 [1] pc=[00400002b8,0] W[r 0=0000000000000000,0][1] R[r 0=0000000000000000,0] R[r 0=0000000000000000,0] 
 inst=[00000013,0] nop
C0:        673 [1] pc=[00400002bc,0] W[r 0=0000000000000000,0][1] R[r 0=0000000000000000,0] R[r 0=0000000000000000,0] 
 inst=[00000013,0] nop
TagXact1: (0) Read 0xb800002c miss
TagXact1: (0) Read 0xbffc0000 miss
TagXact1: (0) FetchRead 0xbffffe00 => 0000000000000000
C0:        708 [1] pc=[00400002c0,0] W[r 3=0000000000000005,1][1] R[r 4=0000000000000001,0] R[r 0=0000000000000000,0] 
 inst=[000211d7,0] unknown
C0:        709 [1] pc=[00400002c4,0] W[r 0=0000000000000000,0][1] R[r 0=0000000000000000,0] R[r 0=0000000000000000,0] 
 inst=[00000013,0] nop
C0:        710 [1] pc=[00400002c8,0] W[r 5=0000000000000005,0][1] R[r 3=0000000000000005,1] R[r 0=0000000000000000,0] 
 inst=[00018293,0] mv      t0, gp
C0:        711 [1] pc=[00400002cc,0] W[r29=0000000000000005,0][1] R[r 0=0000000000000000,0] R[r 5=0000000000000005,0] 
 inst=[00500e93,0] li      t4, 5
C0:        712 [1] pc=[00400002d0,0] W[r28=0000000000000011,0][1] R[r 0=0000000000000000,0] R[r17=0000000000000007,0] 
 inst=[01100e13,0] li      t3, 17
C0:        713 [1] pc=[00400002d4,0] W[r 0=0000000000000000,0][0] R[r 5=0000000000000005,0] R[r29=0000000000000005,0] 
 inst=[03d29063,0] bne     t0, t4, pc + 32
C0:        714 [1] pc=[00400002d8,0] W[r 1=00000000000000ff,0][1] R[r 0=0000000000000000,0] R[r31=0000000000000007,0] 
 inst=[0ff00093,0] li      ra, 255
C0:        715 [1] pc=[00400002dc,0] W[r 1=00000000000000ff,f][1] R[r 1=00000000000000ff,0] R[r 0=0000000000000000,0] 
 inst=[000090d7,0] unknown
C0:        716 [1] pc=[00400002e0,0] W[r 5=000000000000000f,0][1] R[r 1=00000000000000ff,f] R[r 0=0000000000000000,0] 
 inst=[000082d7,0] unknown
C0:        717 [1] pc=[00400002e4,0] W[r29=000000000000000f,0][1] R[r 0=0000000000000000,0] R[r15=0000000000000007,0] 
 inst=[00f00e93,0] li      t4, 15
C0:        718 [1] pc=[00400002e8,0] W[r28=0000000000000012,0][1] R[r 0=0000000000000000,0] R[r18=0000000000000007,0] 
 inst=[01200e13,0] li      t3, 18
C0:        719 [1] pc=[00400002ec,0] W[r 0=0000000000000000,0][0] R[r 5=000000000000000f,0] R[r29=000000000000000f,0] 
 inst=[01d29463,0] bne     t0, t4, pc + 8
C0:        720 [1] pc=[00400002f0,0] W[r 0=0000000000000001,0][0] R[r 0=0000000000000000,0] R[r28=0000000000000012,0] 
 inst=[01c01c63,0] bne     zero, t3, pc + 24
TagXact1: (0) Read 0xb8000030 miss
TagXact1: (0) Read 0xbffc0000 miss
TagXact1: (0) FetchRead 0xbffffe00 => 0000000000000000
C0:        760 [1] pc=[0040000308,0] W[r 0=0000000000000004,0][0] R[r 0=0000000000000000,0] R[r31=0000000000000007,0] 
 inst=[0ff0000f,0] fence
C0:        761 [1] pc=[004000030c,0] W[r28=0000000000000001,0][1] R[r 0=0000000000000000,0] R[r 1=0000000000000007,0] 
 inst=[00100e13,0] li      t3, 1
C0:        762 [0] pc=[0040000310,0] W[r 0=0000000000000000,0][0] R[r 0=0000000000000000,0] R[r 0=0000000000000000,0] 
 inst=[00000073,0] ecall
C0:        767 [1] pc=[0040000004,0] W[r30=0000000000000000,0][1] R[r 0=0000000000000000,0] R[r16=0000000000000007,0] 
 inst=[bf002f73,0] csrr    t5, unknown_bf0
C0:        770 [1] pc=[0040000008,0] W[r 0=68d70fe72d48552a,0][1] R[r30=0000000000000000,0] R[r 0=0000000000000000,0] 
 inst=[340f1073,0] csrw    mscratch, t5
C0:        771 [1] pc=[004000000c,0] W[r31=00000000000000f0,0][1] R[r 0=0000000000000000,0] R[r16=0000000000000007,0] 
 inst=[0f000f93,0] li      t6, 240
C0:        772 [1] pc=[0040000010,0] W[r30=000000000000f000,0][1] R[r 1=0000000000000003,0] R[r 0=0000000000000000,0] 
 inst=[0000ff37,0] lui     t5, 0xf
C0:        773 [1] pc=[0040000014,0] W[r31=000000000000f0f0,0][1] R[r31=00000000000000f0,0] R[r30=000000000000f000,0] 
 inst=[01efefb3,0] or      t6, t6, t5
C0:        774 [1] pc=[0040000018,0] W[r30=0000000000f00000,0][1] R[r 0=0000000000000000,0] R[r15=0000000000000007,0] 
 inst=[00f00f37,0] lui     t5, 0xf00
C0:        775 [1] pc=[004000001c,0] W[r31=0000000000f0f0f0,0][1] R[r31=000000000000f0f0,0] R[r30=0000000000f00000,0] 
 inst=[01efefb3,0] or      t6, t6, t5
C0:        776 [1] pc=[0040000020,0] W[r 0=0000000000000000,0][1] R[r31=0000000000f0f0f0,0] R[r16=0000000000000007,0] 
 inst=[bf0f9073,0] csrw    unknown_bf0, t6
C0:        780 [1] pc=[0040000024,0] W[r30=0000000000000008,0][1] R[r 0=0000000000000000,0] R[r 2=0000000000000007,0] 
 inst=[34202f73,0] csrr    t5, mcause
C0:        781 [1] pc=[0040000028,0] W[r31=0000000000000008,0][1] R[r 0=0000000000000000,0] R[r 8=0000000000000007,0] 
 inst=[00800f93,0] li      t6, 8
C0:        783 [1] pc=[004000002c,0] W[r 0=0000000000000001,0][0] R[r30=0000000000000008,0] R[r31=0000000000000008,0] 
 inst=[03ff0a63,0] beq     t5, t6, pc + 52
C0:        787 [1] pc=[0040000060,0] W[r30=0000000000004000,0][1] R[r 0=0000000000000000,0] R[r 0=0000000000000000,0] 
 inst=[00004f37,0] lui     t5, 0x4
C0:        788 [1] pc=[0040000064,0] W[r 0=0000000000004000,0][0] R[r30=0000000000004000,0] R[r28=0000000000000001,0] 
 inst=[01cf2023,0] sw      t3, 0(t5)
C0:        789 [1] pc=[0040000068,0] W[r 0=000000004000006c,0][1] R[r31=000000000000000b,0] R[r25=0000000000000003,0] 
 inst=[ff9ff06f,0] j       pc - 0x8
