C0:         17 [1] pc=[0000000000,0] W[r 5=0000000040000000,0][1] R[r 0=0000000000000000,0] R[r 0=0000000000000000,0] 
 inst=[40000297,0] auipc   t0, 0x40000
C0:         18 [1] pc=[0000000004,0] W[r 0=0000000000000008,0][1] R[r 5=0000000040000000,0] R[r 0=0000000000000000,0] 
 inst=[00028067,0] jr      t0
TagXact1: (0) Create 0xbffffe00
TagXact1: (0) Create 0xbffffe40
TagXact1: (0) Create 0xbffffe80
TagXact1: (0) Create 0xbffffec0
TagXact1: (0) Create 0xbfffff00
TagXact1: (0) Create 0xbfffff40
TagXact1: (0) Create 0xbfffff80
TagXact1: (0) Create 0xbfffffc0
C0:        166 [1] pc=[0040000000,0] W[r 0=0000000040000004,0][1] R[r 0=0000000000000000,0] R[r12=822bd126c26244cb,c] 
 inst=[06c0006f,0] j       pc + 0x6c
TagXact1: (0) Read 0xb8000004 miss
TagXact1: (0) Read 0xbffc0000 miss
TagXact1: (0) FetchRead 0xbffffe00 => 0000000000000000
C0:        208 [1] pc=[004000006c,0] W[r10=0000000000000000,0][1] R[r 0=0000000000000000,0] R[r20=822bd126c26244cb,c] 
 inst=[f1402573,0] csrr    a0, mhartid
C0:        211 [1] pc=[0040000070,0] W[r 0=0000000000000000,0][0] R[r10=0000000000000000,0] R[r 0=0000000000000000,0] 
 inst=[00051063,0] bnez    a0, pc + 0
C0:        212 [1] pc=[0040000074,0] W[r10=8000000000041129,0][1] R[r 0=0000000000000000,0] R[r16=822bd126c26244cb,c] 
 inst=[f1002573,0] csrr    a0, unknown_f10
C0:        215 [1] pc=[0040000078,0] W[r 0=0000000000000001,0][0] R[r10=8000000000041129,0] R[r 0=0000000000000000,0] 
 inst=[00054863,0] bltz    a0, pc + 16
TagXact1: (0) Read 0xb8000008 miss
TagXact1: (0) Read 0xbffc0000 miss
TagXact1: (0) FetchRead 0xbffffe00 => 0000000000000000
C0:        251 [1] pc=[0040000088,0] W[r28=0000000000000000,0][1] R[r 0=0000000000000000,0] R[r 0=0000000000000000,0] 
 inst=[00000e13,0] li      t3, 0
C0:        252 [1] pc=[004000008c,0] W[r 5=000000004000008c,0][1] R[r 0=0000000000000000,0] R[r 0=0000000000000000,0] 
 inst=[00000297,0] auipc   t0, 0x0
C0:        253 [1] pc=[0040000090,0] W[r 5=0000000040000004,0][1] R[r 5=000000004000008c,0] R[r24=822bd126c26244cb,c] 
 inst=[f7828293,0] addi    t0, t0, -136
C0:        254 [1] pc=[0040000094,0] W[r 0=0000000000000000,0][1] R[r 5=0000000040000004,0] R[r 5=0000000040000004,0] 
 inst=[30529073,0] csrw    mtvec, t0
C0:        258 [1] pc=[0040000098,0] W[r 5=0000000000000098,0][1] R[r 0=0000000000000000,0] R[r 0=0000000000000000,0] 
 inst=[c0000297,0] auipc   t0, 0xc0000
C0:        259 [1] pc=[004000009c,0] W[r 5=0000000000000000,0][1] R[r 5=0000000000000098,0] R[r 8=822bd126c26244cb,c] 
 inst=[f6828293,0] addi    t0, t0, -152
C0:        260 [1] pc=[00400000a0,0] W[r 0=0000000000000001,0][0] R[r 5=0000000000000000,0] R[r 0=0000000000000000,0] 
 inst=[00028e63,0] beqz    t0, pc + 28
C0:        264 [1] pc=[00400000bc,0] W[r 0=0000000000001800,0][1] R[r 0=0000000000000000,0] R[r 0=0000000000000000,0] 
 inst=[30005073,0] csrwi   mstatus, 0
TagXact1: (0) Read 0xb800000c miss
TagXact1: (0) Read 0xbffc0000 miss
TagXact1: (0) FetchRead 0xbffffe00 => 0000000000000000
C0:        300 [1] pc=[00400000c0,0] W[r 5=00000000400000c0,0][1] R[r 0=0000000000000000,0] R[r 0=0000000000000000,0] 
 inst=[00000297,0] auipc   t0, 0x0
C0:        301 [1] pc=[00400000c4,0] W[r 5=00000000400000d4,0][1] R[r 5=00000000400000c0,0] R[r20=822bd126c26244cb,c] 
 inst=[01428293,0] addi    t0, t0, 20
C0:        302 [1] pc=[00400000c8,0] W[r 0=000000401c937d84,0][1] R[r 5=00000000400000d4,0] R[r 1=822bd126c26244cb,c] 
 inst=[34129073,0] csrw    mepc, t0
C0:        303 [1] pc=[00400000cc,0] W[r10=0000000000000000,0][1] R[r 0=0000000000000000,0] R[r20=822bd126c26244cb,c] 
 inst=[f1402573,0] csrr    a0, mhartid
C0:        304 [1] pc=[00400000d0,0] W[r 0=0000000000000000,0][0] R[r 0=0000000000000000,0] R[r 2=822bd126c26244cb,c] 
 inst=[30200073,0] mret
C0:        309 [1] pc=[00400000d4,0] W[r10=00000000400000d4,0][1] R[r 0=0000000000000000,0] R[r 0=0000000000000000,0] 
 inst=[00000517,0] auipc   a0, 0x0
C0:        310 [1] pc=[00400000d8,0] W[r10=00000000400001e0,0][1] R[r10=00000000400000d4,0] R[r12=822bd126c26244cb,c] 
 inst=[10c50513,0] addi    a0, a0, 268
C0:        311 [1] pc=[00400000dc,0] W[r 1=000000000000f000,0][1] R[r 1=800000000004112b,0] R[r 0=0000000000000000,0] 
 inst=[0000f0b7,0] lui     ra, 0xf
C0:        312 [1] pc=[00400000e0,0] W[r 0=0000000000000000,0][1] R[r 1=000000000000f000,0] R[r16=822bd126c26244cb,c] 
 inst=[8f009073,0] csrw    unknown_8f0, ra
C0:        316 [1] pc=[00400000e4,0] W[r 1=0000000000f00000,0][1] R[r 0=0000000000000000,0] R[r15=822bd126c26244cb,c] 
 inst=[00f000b7,0] lui     ra, 0xf00
C0:        317 [1] pc=[00400000e8,0] W[r 0=000000000000f000,0][1] R[r 1=0000000000f00000,0] R[r16=822bd126c26244cb,c] 
 inst=[8f00a073,0] csrs    unknown_8f0, ra
C0:        321 [1] pc=[00400000ec,0] W[r 1=0000000000000001,0][1] R[r 0=0000000000000000,0] R[r 1=822bd126c26244cb,c] 
 inst=[00100093,0] li      ra, 1
C0:        322 [1] pc=[00400000f0,0] W[r 1=0000000000000001,1][1] R[r 1=0000000000000001,0] R[r 0=0000000000000000,0] 
 inst=[000090d7,0] unknown
C0:        323 [1] pc=[00400000f4,0] W[r 0=00000000400001e1,0][0] R[r10=00000000400001e0,0] R[r 1=0000000000000001,1] 
 inst=[001500a3,0] sb      ra, 1(a0)
C0:        324 [1] pc=[00400000f8,0] W[r 0=0000000000000000,0][1] R[r 0=0000000000000000,0] R[r 0=0000000000000000,0] 
 inst=[00000013,0] nop
C0:        325 [1] pc=[00400000fc,0] W[r 0=00000000400001e0,0][0] R[r10=00000000400001e0,0] R[r 0=0000000000000000,0] 
 inst=[00053283,0] ld      t0, 0(a0)
TagXact1: (0) Read 0xb8000010 miss
TagXact1: (0) Read 0xbffc0000 miss
TagXact1: (0) FetchRead 0xbffffe00 => 0000000000000000
TagXact1: (0) Read 0xb800001c miss
TagXact1: (0) Read 0xbffc0000 miss
TagXact1: (0) FetchRead 0xbffffe00 => 0000000000000000
C0:        390 [1] pc=[0040000100,0] W[r 5=0000000000000001,0][1] R[r 5=0000ffff0f0f010f,1] R[r 0=0000000000000000,0] 
 inst=[000282d7,0] unknown
C0:        391 [1] pc=[0040000104,0] W[r29=0000000000000001,0][1] R[r 0=0000000000000000,0] R[r 1=822bd126c26244cb,c] 
 inst=[00100e93,0] li      t4, 1
C0:        392 [1] pc=[0040000108,0] W[r28=0000000000000002,0][1] R[r 0=0000000000000000,0] R[r 2=822bd126c26244cb,c] 
 inst=[00200e13,0] li      t3, 2
C0:        393 [1] pc=[004000010c,0] W[r 0=0000000000000000,0][0] R[r 5=0000000000000001,0] R[r29=0000000000000001,0] 
 inst=[0bd29463,0] bne     t0, t4, pc + 168
C0:        394 [1] pc=[0040000110,0] W[r 1=0000000000000002,0][1] R[r 0=0000000000000000,0] R[r 2=822bd126c26244cb,c] 
 inst=[00200093,0] li      ra, 2
C0:        395 [1] pc=[0040000114,0] W[r 1=0000000000000002,2][1] R[r 1=0000000000000002,0] R[r 0=0000000000000000,0] 
 inst=[000090d7,0] unknown
C0:        396 [1] pc=[0040000118,0] W[r 0=00000000400001e2,0][0] R[r10=00000000400001e0,0] R[r 1=0000000000000002,2] 
 inst=[00151123,0] sh      ra, 2(a0)
C0:        397 [1] pc=[004000011c,0] W[r 0=0000000000000000,0][1] R[r 0=0000000000000000,0] R[r 0=0000000000000000,0] 
 inst=[00000013,0] nop
C0:        398 [1] pc=[0040000120,0] W[r 5=0000ffff0002010f,2][1] R[r10=00000000400001e0,0] R[r 0=0000000000000000,0] 
 inst=[00053283,0] ld      t0, 0(a0)
C0:        400 [1] pc=[0040000124,0] W[r 5=0000000000000002,0][1] R[r 5=0000ffff0002010f,2] R[r 0=0000000000000000,0] 
 inst=[000282d7,0] unknown
C0:        401 [1] pc=[0040000128,0] W[r29=0000000000000002,0][1] R[r 0=0000000000000000,0] R[r 2=822bd126c26244cb,c] 
 inst=[00200e93,0] li      t4, 2
C0:        402 [1] pc=[004000012c,0] W[r28=0000000000000003,0][1] R[r 0=0000000000000000,0] R[r 3=822bd126c26244cb,c] 
 inst=[00300e13,0] li      t3, 3
C0:        403 [1] pc=[0040000130,0] W[r 0=0000000000000000,0][0] R[r 5=0000000000000002,0] R[r29=0000000000000002,0] 
 inst=[09d29263,0] bne     t0, t4, pc + 132
C0:        404 [1] pc=[0040000134,0] W[r 1=0000000000000003,0][1] R[r 0=0000000000000000,0] R[r 3=822bd126c26244cb,c] 
 inst=[00300093,0] li      ra, 3
C0:        405 [1] pc=[0040000138,0] W[r 1=0000000000000003,3][1] R[r 1=0000000000000003,0] R[r 0=0000000000000000,0] 
 inst=[000090d7,0] unknown
C0:        406 [1] pc=[004000013c,0] W[r 0=00000000400001e4,0][0] R[r10=00000000400001e0,0] R[r 1=0000000000000003,3] 
 inst=[00152223,0] sw      ra, 4(a0)
TagXact1: (0) Read 0xb8000014 miss
TagXact1: (0) Read 0xbffc0000 miss
TagXact1: (0) FetchRead 0xbffffe00 => 0000000000000000
C0:        441 [1] pc=[0040000140,0] W[r 0=0000000000000000,0][1] R[r 0=0000000000000000,0] R[r 0=0000000000000000,0] 
 inst=[00000013,0] nop
C0:        442 [1] pc=[0040000144,0] W[r 5=000000030002010f,3][1] R[r10=00000000400001e0,0] R[r 0=0000000000000000,0] 
 inst=[00053283,0] ld      t0, 0(a0)
C0:        444 [1] pc=[0040000148,0] W[r 5=0000000000000003,0][1] R[r 5=000000030002010f,3] R[r 0=0000000000000000,0] 
 inst=[000282d7,0] unknown
C0:        445 [1] pc=[004000014c,0] W[r29=0000000000000003,0][1] R[r 0=0000000000000000,0] R[r 3=822bd126c26244cb,c] 
 inst=[00300e93,0] li      t4, 3
C0:        446 [1] pc=[0040000150,0] W[r28=0000000000000004,0][1] R[r 0=0000000000000000,0] R[r 4=822bd126c26244cb,c] 
 inst=[00400e13,0] li      t3, 4
C0:        447 [1] pc=[0040000154,0] W[r 0=0000000000000000,0][0] R[r 5=0000000000000003,0] R[r29=0000000000000003,0] 
 inst=[07d29063,0] bne     t0, t4, pc + 96
C0:        448 [1] pc=[0040000158,0] W[r 1=0000000000000004,0][1] R[r 0=0000000000000000,0] R[r 4=822bd126c26244cb,c] 
 inst=[00400093,0] li      ra, 4
C0:        449 [1] pc=[004000015c,0] W[r 1=0000000000000004,4][1] R[r 1=0000000000000004,0] R[r 0=0000000000000000,0] 
 inst=[000090d7,0] unknown
C0:        450 [1] pc=[0040000160,0] W[r 0=00000000400001e0,0][0] R[r10=00000000400001e0,0] R[r 1=0000000000000004,4] 
 inst=[00153023,0] sd      ra, 0(a0)
C0:        451 [1] pc=[0040000164,0] W[r 0=0000000000000000,0][1] R[r 0=0000000000000000,0] R[r 0=0000000000000000,0] 
 inst=[00000013,0] nop
C0:        452 [1] pc=[0040000168,0] W[r 5=0000000000000004,4][1] R[r10=00000000400001e0,0] R[r 0=0000000000000000,0] 
 inst=[00053283,0] ld      t0, 0(a0)
C0:        454 [1] pc=[004000016c,0] W[r 5=0000000000000004,0][1] R[r 5=0000000000000004,4] R[r 0=0000000000000000,0] 
 inst=[000282d7,0] unknown
C0:        455 [1] pc=[0040000170,0] W[r29=0000000000000004,0][1] R[r 0=0000000000000000,0] R[r 4=822bd126c26244cb,c] 
 inst=[00400e93,0] li      t4, 4
C0:        456 [1] pc=[0040000174,0] W[r28=0000000000000005,0][1] R[r 0=0000000000000000,0] R[r 5=0000000000000004,0] 
 inst=[00500e13,0] li      t3, 5
C0:        457 [1] pc=[0040000178,0] W[r 0=0000000000000000,0][0] R[r 5=0000000000000004,0] R[r29=0000000000000004,0] 
 inst=[03d29e63,0] bne     t0, t4, pc + 60
C0:        458 [1] pc=[004000017c,0] W[r 1=0000000000000009,0][1] R[r 0=0000000000000000,0] R[r 9=822bd126c26244cb,c] 
 inst=[00900093,0] li      ra, 9
TagXact1: (0) Read 0xb8000018 miss
TagXact1: (0) Read 0xbffc0000 miss
TagXact1: (0) FetchRead 0xbffffe00 => 0000000000000000
C0:        493 [1] pc=[0040000180,0] W[r 1=0000000000900000,0][1] R[r 1=0000000000000009,0] R[r20=822bd126c26244cb,c] 
 inst=[01409093,0] slli    ra, ra, 20
C0:        494 [1] pc=[0040000184,0] W[r 0=0000000000f0f000,0][1] R[r 1=0000000000900000,0] R[r16=822bd126c26244cb,c] 
 inst=[8f009073,0] csrw    unknown_8f0, ra
C0:        498 [1] pc=[0040000188,0] W[r 1=000000000000f000,0][1] R[r 1=000000000000000b,0] R[r 0=0000000000000000,0] 
 inst=[0000f0b7,0] lui     ra, 0xf
C0:        499 [1] pc=[004000018c,0] W[r 0=0000000000900000,0][1] R[r 1=000000000000f000,0] R[r16=822bd126c26244cb,c] 
 inst=[8f00a073,0] csrs    unknown_8f0, ra
C0:        503 [1] pc=[0040000190,0] W[r 1=000000000000000f,0][1] R[r 0=0000000000000000,0] R[r15=822bd126c26244cb,c] 
 inst=[00f00093,0] li      ra, 15
C0:        504 [1] pc=[0040000194,0] W[r 1=000000000000000f,f][1] R[r 1=000000000000000f,0] R[r 0=0000000000000000,0] 
 inst=[000090d7,0] unknown
C0:        505 [1] pc=[0040000198,0] W[r 0=00000000400001e0,0][0] R[r10=00000000400001e0,0] R[r 1=000000000000000f,f] 
 inst=[00153023,0] sd      ra, 0(a0)
C0:        506 [1] pc=[004000019c,0] W[r 5=000000000000000f,9][1] R[r10=00000000400001e0,0] R[r 0=0000000000000000,0] 
 inst=[00053283,0] ld      t0, 0(a0)
C0:        508 [1] pc=[00400001a0,0] W[r 5=0000000000000009,0][1] R[r 5=000000000000000f,9] R[r 0=0000000000000000,0] 
 inst=[000282d7,0] unknown
C0:        509 [1] pc=[00400001a4,0] W[r29=0000000000000009,0][1] R[r 0=0000000000000000,0] R[r 9=822bd126c26244cb,c] 
 inst=[00900e93,0] li      t4, 9
C0:        510 [1] pc=[00400001a8,0] W[r28=0000000000000006,0][1] R[r 0=0000000000000000,0] R[r 6=822bd126c26244cb,c] 
 inst=[00600e13,0] li      t3, 6
C0:        511 [1] pc=[00400001ac,0] W[r 0=0000000000000000,0][0] R[r 5=0000000000000009,0] R[r29=0000000000000009,0] 
 inst=[01d29463,0] bne     t0, t4, pc + 8
C0:        512 [1] pc=[00400001b0,0] W[r 0=0000000000000001,0][0] R[r 0=0000000000000000,0] R[r28=0000000000000006,0] 
 inst=[01c01c63,0] bne     zero, t3, pc + 24
C0:        570 [1] pc=[00400001c8,0] W[r 0=0000000000000004,0][0] R[r 0=0000000000000000,0] R[r31=822bd126c26244cb,c] 
 inst=[0ff0000f,0] fence
C0:        571 [1] pc=[00400001cc,0] W[r28=0000000000000001,0][1] R[r 0=0000000000000000,0] R[r 1=822bd126c26244cb,c] 
 inst=[00100e13,0] li      t3, 1
C0:        572 [0] pc=[00400001d0,0] W[r 0=0000000000000000,0][0] R[r 0=0000000000000000,0] R[r 0=0000000000000000,0] 
 inst=[00000073,0] ecall
C0:        577 [1] pc=[0040000004,0] W[r30=000000000090f000,0][1] R[r 0=0000000000000000,0] R[r16=822bd126c26244cb,c] 
 inst=[bf002f73,0] csrr    t5, unknown_bf0
C0:        580 [1] pc=[0040000008,0] W[r 0=68d70fe72d48552a,0][1] R[r30=000000000090f000,0] R[r 0=0000000000000000,0] 
 inst=[340f1073,0] csrw    mscratch, t5
C0:        581 [1] pc=[004000000c,0] W[r31=00000000000000f0,0][1] R[r 0=0000000000000000,0] R[r16=822bd126c26244cb,c] 
 inst=[0f000f93,0] li      t6, 240
C0:        582 [1] pc=[0040000010,0] W[r30=000000000000f000,0][1] R[r 1=000000000090f003,0] R[r 0=0000000000000000,0] 
 inst=[0000ff37,0] lui     t5, 0xf
C0:        583 [1] pc=[0040000014,0] W[r31=000000000000f0f0,0][1] R[r31=00000000000000f0,0] R[r30=000000000000f000,0] 
 inst=[01efefb3,0] or      t6, t6, t5
C0:        584 [1] pc=[0040000018,0] W[r30=0000000000f00000,0][1] R[r 0=0000000000000000,0] R[r15=822bd126c26244cb,c] 
 inst=[00f00f37,0] lui     t5, 0xf00
C0:        585 [1] pc=[004000001c,0] W[r31=0000000000f0f0f0,0][1] R[r31=000000000000f0f0,0] R[r30=0000000000f00000,0] 
 inst=[01efefb3,0] or      t6, t6, t5
C0:        586 [1] pc=[0040000020,0] W[r 0=000000000090f000,0][1] R[r31=0000000000f0f0f0,0] R[r16=822bd126c26244cb,c] 
 inst=[bf0f9073,0] csrw    unknown_bf0, t6
C0:        590 [1] pc=[0040000024,0] W[r30=0000000000000008,0][1] R[r 0=0000000000000000,0] R[r 2=822bd126c26244cb,c] 
 inst=[34202f73,0] csrr    t5, mcause
C0:        591 [1] pc=[0040000028,0] W[r31=0000000000000008,0][1] R[r 0=0000000000000000,0] R[r 8=822bd126c26244cb,c] 
 inst=[00800f93,0] li      t6, 8
C0:        593 [1] pc=[004000002c,0] W[r 0=0000000000000001,0][0] R[r30=0000000000000008,0] R[r31=0000000000000008,0] 
 inst=[03ff0a63,0] beq     t5, t6, pc + 52
C0:        597 [1] pc=[0040000060,0] W[r30=0000000000004000,0][1] R[r 0=0000000000000000,0] R[r 0=0000000000000000,0] 
 inst=[00004f37,0] lui     t5, 0x4
C0:        598 [1] pc=[0040000064,0] W[r 0=0000000000004000,0][0] R[r30=0000000000004000,0] R[r28=0000000000000001,0] 
 inst=[01cf2023,0] sw      t3, 0(t5)
C0:        599 [1] pc=[0040000068,0] W[r 0=000000004000006c,0][1] R[r31=000000000000000b,0] R[r25=0000000000000003,0] 
 inst=[ff9ff06f,0] j       pc - 0x8
