C0:         17 [1] pc=[0000000000,0] W[r 5=0000000040000000,0][1] R[r 0=0000000000000000,0] R[r 0=0000000000000000,0] 
 inst=[40000297,0] auipc   t0, 0x40000
C0:         18 [1] pc=[0000000004,0] W[r 0=0000000000000008,0][1] R[r 5=0000000040000000,0] R[r 0=0000000000000000,0] 
 inst=[00028067,0] jr      t0
TagXact1: (0) Create 0xbffffe00
TagXact1: (0) Create 0xbffffe40
TagXact1: (0) Create 0xbffffe80
TagXact1: (0) Create 0xbffffec0
TagXact1: (0) Create 0xbfffff00
TagXact1: (0) Create 0xbfffff40
TagXact1: (0) Create 0xbfffff80
TagXact1: (0) Create 0xbfffffc0
C0:        166 [1] pc=[0040000000,0] W[r 0=0000000040000004,0][1] R[r 0=0000000000000000,0] R[r12=822bd126c26244cb,c] 
 inst=[06c0006f,0] j       pc + 0x6c
TagXact1: (0) Read 0xb8000004 miss
TagXact1: (0) Read 0xbffc0000 miss
TagXact1: (0) FetchRead 0xbffffe00 => 0000000000000000
C0:        208 [1] pc=[004000006c,0] W[r10=0000000000000000,0][1] R[r 0=0000000000000000,0] R[r20=822bd126c26244cb,c] 
 inst=[f1402573,0] csrr    a0, mhartid
C0:        211 [1] pc=[0040000070,0] W[r 0=0000000000000000,0][0] R[r10=0000000000000000,0] R[r 0=0000000000000000,0] 
 inst=[00051063,0] bnez    a0, pc + 0
C0:        212 [1] pc=[0040000074,0] W[r10=8000000000041129,0][1] R[r 0=0000000000000000,0] R[r16=822bd126c26244cb,c] 
 inst=[f1002573,0] csrr    a0, unknown_f10
C0:        215 [1] pc=[0040000078,0] W[r 0=0000000000000001,0][0] R[r10=8000000000041129,0] R[r 0=0000000000000000,0] 
 inst=[00054863,0] bltz    a0, pc + 16
TagXact1: (0) Read 0xb8000008 miss
TagXact1: (0) Read 0xbffc0000 miss
TagXact1: (0) FetchRead 0xbffffe00 => 0000000000000000
C0:        251 [1] pc=[0040000088,0] W[r28=0000000000000000,0][1] R[r 0=0000000000000000,0] R[r 0=0000000000000000,0] 
 inst=[00000e13,0] li      t3, 0
C0:        252 [1] pc=[004000008c,0] W[r 5=000000004000008c,0][1] R[r 0=0000000000000000,0] R[r 0=0000000000000000,0] 
 inst=[00000297,0] auipc   t0, 0x0
C0:        253 [1] pc=[0040000090,0] W[r 5=0000000040000004,0][1] R[r 5=000000004000008c,0] R[r24=822bd126c26244cb,c] 
 inst=[f7828293,0] addi    t0, t0, -136
C0:        254 [1] pc=[0040000094,0] W[r 0=0000000000000000,0][1] R[r 5=0000000040000004,0] R[r 5=0000000040000004,0] 
 inst=[30529073,0] csrw    mtvec, t0
C0:        258 [1] pc=[0040000098,0] W[r 5=0000000040000098,0][1] R[r 0=0000000000000000,0] R[r 0=0000000000000000,0] 
 inst=[00000297,0] auipc   t0, 0x0
C0:        259 [1] pc=[004000009c,0] W[r 5=0000000040000170,0][1] R[r 5=0000000040000098,0] R[r24=822bd126c26244cb,c] 
 inst=[0d828293,0] addi    t0, t0, 216
C0:        260 [1] pc=[00400000a0,0] W[r 0=0000000000000000,0][0] R[r 5=0000000040000170,0] R[r 0=0000000000000000,0] 
 inst=[00028e63,0] beqz    t0, pc + 28
C0:        261 [1] pc=[00400000a4,0] W[r 0=00000023f3634136,0][1] R[r 5=0000000040000170,0] R[r 5=0000000040000170,0] 
 inst=[10529073,0] csrw    stvec, t0
C0:        265 [1] pc=[00400000a8,0] W[r 5=0000000000010000,0][1] R[r 2=800000000004112b,0] R[r 0=0000000000000000,0] 
 inst=[000102b7,0] lui     t0, 0x10
C0:        266 [1] pc=[00400000ac,0] W[r 5=00000000000101ab,0][1] R[r 5=0000000000010000,0] R[r11=822bd126c26244cb,c] 
 inst=[1ab2829b,0] addiw   t0, t0, 427
C0:        267 [1] pc=[00400000b0,0] W[r 0=0000000000000000,0][1] R[r 5=00000000000101ab,0] R[r 2=822bd126c26244cb,c] 
 inst=[30229073,0] csrw    medeleg, t0
C0:        273 [1] pc=[00400000b4,0] W[r 6=00000000000101ab,0][1] R[r 0=0000000000000000,0] R[r 2=822bd126c26244cb,c] 
 inst=[30202373,0] csrr    t1, medeleg
C0:        276 [1] pc=[00400000b8,0] W[r 0=0000000000000000,0][0] R[r 5=00000000000101ab,0] R[r 6=00000000000101ab,0] 
 inst=[fa6292e3,0] bne     t0, t1, pc - 92
C0:        277 [1] pc=[00400000bc,0] W[r 0=0000000000001800,0][1] R[r 0=0000000000000000,0] R[r 0=0000000000000000,0] 
 inst=[30005073,0] csrwi   mstatus, 0
TagXact1: (0) Read 0xb800000c miss
TagXact1: (0) Read 0xbffc0000 miss
TagXact1: (0) FetchRead 0xbffffe00 => 0000000000000000
C0:        313 [1] pc=[00400000c0,0] W[r10=0000000000001000,0][1] R[r 0=0000000000000000,0] R[r 0=0000000000000000,0] 
 inst=[00001537,0] lui     a0, 0x1
C0:        314 [1] pc=[00400000c4,0] W[r10=0000000000000800,0][1] R[r10=0000000000001000,0] R[r 0=0000000000000000,0] 
 inst=[8005051b,0] addiw   a0, a0, -2048
C0:        315 [1] pc=[00400000c8,0] W[r 0=0000000000000000,0][1] R[r10=0000000000000800,0] R[r 0=0000000000000000,0] 
 inst=[30052073,0] csrs    mstatus, a0
C0:        319 [1] pc=[00400000cc,0] W[r 5=00000000400000cc,0][1] R[r 0=0000000000000000,0] R[r 0=0000000000000000,0] 
 inst=[00000297,0] auipc   t0, 0x0
C0:        320 [1] pc=[00400000d0,0] W[r 5=00000000400000e0,0][1] R[r 5=00000000400000cc,0] R[r20=00000000000101ab,0] 
 inst=[01428293,0] addi    t0, t0, 20
C0:        321 [1] pc=[00400000d4,0] W[r 0=000000401c937d84,0][1] R[r 5=00000000400000e0,0] R[r 1=00000000000101ab,0] 
 inst=[34129073,0] csrw    mepc, t0
C0:        322 [1] pc=[00400000d8,0] W[r10=0000000000000000,0][1] R[r 0=0000000000000000,0] R[r20=00000000000101ab,0] 
 inst=[f1402573,0] csrr    a0, mhartid
C0:        323 [1] pc=[00400000dc,0] W[r 0=00000000000101ab,0][0] R[r 0=0000000000000000,0] R[r 2=00000000000101ab,0] 
 inst=[30200073,0] mret
C0:        328 [1] pc=[00400000e0,0] W[r 5=0000000000000100,0][1] R[r 0=0000000000000000,0] R[r 0=0000000000000000,0] 
 inst=[10000293,0] li      t0, 256
C0:        329 [1] pc=[00400000e4,0] W[r 0=0000000000000000,0][1] R[r 5=0000000000000100,0] R[r 0=0000000000000000,0] 
 inst=[1002b073,0] csrc    sstatus, t0
C0:        333 [1] pc=[00400000e8,0] W[r 5=00000000400000e8,0][1] R[r 0=0000000000000000,0] R[r 0=0000000000000000,0] 
 inst=[00000297,0] auipc   t0, 0x0
C0:        334 [1] pc=[00400000ec,0] W[r 5=00000000400000f8,0][1] R[r 5=00000000400000e8,0] R[r16=00000000000101ab,0] 
 inst=[01028293,0] addi    t0, t0, 16
C0:        335 [1] pc=[00400000f0,0] W[r 0=00000028e5dbad3b,0][1] R[r 5=00000000400000f8,0] R[r 1=00000000000101ab,0] 
 inst=[14129073,0] csrw    sepc, t0
C0:        336 [1] pc=[00400000f4,0] W[r 0=0000000000000000,0][0] R[r 0=0000000000000000,0] R[r 2=00000000000101ab,0] 
 inst=[10200073,0] sret
C0:        341 [1] pc=[00400000f8,0] W[r 1=0000000000000009,0][1] R[r 0=0000000000000000,0] R[r 9=00000000000101ab,0] 
 inst=[00900093,0] li      ra, 9
C0:        342 [1] pc=[00400000fc,0] W[r 1=0000000900000000,0][1] R[r 1=0000000000000009,0] R[r 0=0000000000000000,0] 
 inst=[02009093,0] slli    ra, ra, 32
TagXact1: (0) Read 0xb8000010 miss
TagXact1: (0) Read 0xbffc0000 miss
TagXact1: (0) FetchRead 0xbffffe00 => 0000000000000000
C0:        377 [1] pc=[0040000100,0] W[r 0=0000000000000000,0][1] R[r 1=0000000900000000,0] R[r16=00000000000101ab,0] 
 inst=[8f009073,0] csrw    unknown_8f0, ra
C0:        381 [1] pc=[0040000104,0] W[r28=0000000000000002,0][1] R[r 0=0000000000000000,0] R[r 2=00000000000101ab,0] 
 inst=[00200e13,0] li      t3, 2
C0:        382 [1] pc=[0040000108,0] W[r10=0000000000000001,0][1] R[r 0=0000000000000000,0] R[r 1=00000000000101ab,0] 
 inst=[00100513,0] li      a0, 1
C0:        383 [1] pc=[004000010c,0] W[r 5=000000004000010c,0][1] R[r 0=0000000000000000,0] R[r 0=0000000000000000,0] 
 inst=[00000297,0] auipc   t0, 0x0
C0:        384 [1] pc=[0040000110,0] W[r 5=000000004000011c,0][1] R[r 5=000000004000010c,0] R[r16=00000000000101ab,0] 
 inst=[01028293,0] addi    t0, t0, 16
C0:        385 [1] pc=[0040000114,0] W[r 5=000000004000011c,1][1] R[r10=0000000000000001,0] R[r 0=0000000000000000,0] 
 inst=[000512d7,0] unknown
C0:        386 [1] pc=[0040000118,0] W[r 0=000000004000011c,0][1] R[r 5=000000004000011c,1] R[r 0=0000000000000000,0] 
 inst=[00028067,0] jr      t0
C0:        387 [1] pc=[004000011c,0] W[r28=0000000000000003,0][1] R[r 0=0000000000000000,0] R[r 3=00000000000101ab,0] 
 inst=[00300e13,0] li      t3, 3
C0:        388 [1] pc=[0040000120,0] W[r 6=0000000000001000,0][1] R[r 0=0000000000000000,0] R[r 0=0000000000000000,0] 
 inst=[00001337,0] lui     t1, 0x1
C0:        389 [1] pc=[0040000124,0] W[r 6=0000000000000f00,0][1] R[r 6=0000000000001000,0] R[r 0=0000000000000000,0] 
 inst=[f003031b,0] addiw   t1, t1, -256
C0:        390 [1] pc=[0040000128,0] W[r 5=0000000040000128,0][1] R[r 0=0000000000000000,0] R[r 0=0000000000000000,0] 
 inst=[00000297,0] auipc   t0, 0x0
C0:        391 [1] pc=[004000012c,0] W[r 5=0000000040000148,0][1] R[r 5=0000000040000128,0] R[r 0=0000000000000000,0] 
 inst=[02028293,0] addi    t0, t0, 32
C0:        392 [0] pc=[0040000130,0] W[r 0=0000000040000134,0][0] R[r 5=0000000040000148,0] R[r 0=0000000000000000,0] 
 inst=[00028367,0] jalr    t1, t0, 0
TagXact1: (0) Read 0xb8000014 miss
TagXact1: (0) Read 0xbffc0000 miss
TagXact1: (0) FetchRead 0xbffffe00 => 0000000000000000
C0:        431 [1] pc=[0040000170,0] W[r30=0000000900000000,0][1] R[r 0=0000000000000000,0] R[r16=00000000000101ab,0] 
 inst=[9f002f73,0] csrr    t5, unknown_9f0
C0:        434 [1] pc=[0040000174,0] W[r 0=400b30028e6b2b48,0][1] R[r30=0000000900000000,0] R[r 0=0000000000000000,0] 
 inst=[140f1073,0] csrw    sscratch, t5
C0:        435 [1] pc=[0040000178,0] W[r31=00000000000000f0,0][1] R[r 0=0000000000000000,0] R[r16=00000000000101ab,0] 
 inst=[0f000f93,0] li      t6, 240
C0:        436 [1] pc=[004000017c,0] W[r30=000000000000f000,0][1] R[r 1=0000000900000003,0] R[r 0=0000000000000000,0] 
 inst=[0000ff37,0] lui     t5, 0xf
TagXact1: (0) Read 0xb8000018 miss
TagXact1: (0) Read 0xbffc0000 miss
TagXact1: (0) FetchRead 0xbffffe00 => 0000000000000000
C0:        471 [1] pc=[0040000180,0] W[r31=000000000000f0f0,0][1] R[r31=00000000000000f0,0] R[r30=000000000000f000,0] 
 inst=[01efefb3,0] or      t6, t6, t5
C0:        472 [1] pc=[0040000184,0] W[r30=0000000000f00000,0][1] R[r 0=0000000000000000,0] R[r15=000000000000f003,0] 
 inst=[00f00f37,0] lui     t5, 0xf00
C0:        473 [1] pc=[0040000188,0] W[r31=0000000000f0f0f0,0][1] R[r31=000000000000f0f0,0] R[r30=0000000000f00000,0] 
 inst=[01efefb3,0] or      t6, t6, t5
C0:        474 [1] pc=[004000018c,0] W[r 0=0000000900000000,0][1] R[r31=0000000000f0f0f0,0] R[r16=000000000000f003,0] 
 inst=[9f0f9073,0] csrw    unknown_9f0, t6
C0:        478 [1] pc=[0040000190,0] W[r17=0000000000000010,0][1] R[r 0=0000000000000000,0] R[r 2=000000000000f003,0] 
 inst=[142028f3,0] csrr    a7, scause
C0:        479 [1] pc=[0040000194,0] W[r16=0000000000000008,0][1] R[r 0=0000000000000000,0] R[r 8=000000000000f003,0] 
 inst=[00800813,0] li      a6, 8
C0:        481 [1] pc=[0040000198,0] W[r 0=0000000000000001,0][0] R[r16=0000000000000008,0] R[r17=0000000000000010,0] 
 inst=[01181463,0] bne     a6, a7, pc + 8
C0:        485 [1] pc=[00400001a0,0] W[r16=0000000000000003,0][1] R[r 0=0000000000000000,0] R[r 3=0000000000000013,0] 
 inst=[00300813,0] li      a6, 3
C0:        486 [1] pc=[00400001a4,0] W[r 0=0000000000000000,0][0] R[r28=0000000000000003,0] R[r16=0000000000000003,0] 
 inst=[fb0e16e3,0] bne     t3, a6, pc - 84
C0:        487 [1] pc=[00400001a8,0] W[r16=0000000000000010,0][1] R[r 0=0000000000000000,0] R[r16=0000000000000003,0] 
 inst=[01000813,0] li      a6, 16
C0:        488 [1] pc=[00400001ac,0] W[r 0=0000000000000000,0][0] R[r16=0000000000000010,0] R[r17=0000000000000010,0] 
 inst=[fb1812e3,0] bne     a6, a7, pc - 92
C0:        489 [1] pc=[00400001b0,0] W[r16=0000000040000130,0][1] R[r 0=0000000000000000,0] R[r 1=0000000000000013,0] 
 inst=[14102873,0] csrr    a6, sepc
C0:        492 [1] pc=[00400001b4,0] W[r16=000000004000013c,0][1] R[r16=0000000040000130,0] R[r12=0000000000000013,0] 
 inst=[00c80813,0] addi    a6, a6, 12
C0:        493 [1] pc=[00400001b8,0] W[r 0=0000000040000130,0][1] R[r16=000000004000013c,0] R[r 1=0000000000000013,0] 
 inst=[14181073,0] csrw    sepc, a6
C0:        494 [1] pc=[00400001bc,0] W[r30=0000000900000000,0][1] R[r 0=0000000000000000,0] R[r 0=0000000000000000,0] 
 inst=[14002f73,0] csrr    t5, sscratch
TagXact1: (0) Read 0xb800001c miss
TagXact1: (0) Read 0xbffc0000 miss
TagXact1: (0) FetchRead 0xbffffe00 => 0000000000000000
C0:        529 [1] pc=[00400001c0,0] W[r 0=0000000000f0f0f0,0][1] R[r30=0000000900000000,0] R[r16=0000000000000013,0] 
 inst=[9f0f1073,0] csrw    unknown_9f0, t5
C0:        533 [1] pc=[00400001c4,0] W[r 0=0000000000000000,0][0] R[r 0=0000000000000000,0] R[r 2=0000000000000013,0] 
 inst=[10200073,0] sret
C0:        538 [1] pc=[004000013c,0] W[r 5=0000000000001000,0][1] R[r 0=0000000000000000,0] R[r 0=0000000000000000,0] 
 inst=[000012b7,0] lui     t0, 0x1
C0:        539 [1] pc=[0040000140,0] W[r 5=0000000000000f00,0][1] R[r 5=0000000000001000,0] R[r 0=0000000000000000,0] 
 inst=[f002829b,0] addiw   t0, t0, -256
C0:        540 [1] pc=[0040000144,0] W[r 0=0000000000000001,0][0] R[r 6=0000000000000f00,0] R[r 5=0000000000000f00,0] 
 inst=[00530463,0] beq     t1, t0, pc + 8
C0:        544 [1] pc=[004000014c,0] W[r 0=0000000000000001,0][0] R[r 0=0000000000000000,0] R[r28=0000000000000003,0] 
 inst=[01c01c63,0] bne     zero, t3, pc + 24
C0:        548 [1] pc=[0040000164,0] W[r 0=0000000000000004,0][0] R[r 0=0000000000000000,0] R[r31=0000000000000003,0] 
 inst=[0ff0000f,0] fence
C0:        549 [1] pc=[0040000168,0] W[r28=0000000000000001,0][1] R[r 0=0000000000000000,0] R[r 1=0000000000000003,0] 
 inst=[00100e13,0] li      t3, 1
C0:        550 [0] pc=[004000016c,0] W[r 0=0000000000000000,0][0] R[r 0=0000000000000000,0] R[r 0=0000000000000000,0] 
 inst=[00000073,0] ecall
C0:        555 [1] pc=[0040000170,0] W[r30=0000000900000000,0][1] R[r 0=0000000000000000,0] R[r16=0000000000000003,0] 
 inst=[9f002f73,0] csrr    t5, unknown_9f0
C0:        558 [1] pc=[0040000174,0] W[r 0=0000000900000000,0][1] R[r30=0000000900000000,0] R[r 0=0000000000000000,0] 
 inst=[140f1073,0] csrw    sscratch, t5
C0:        559 [1] pc=[0040000178,0] W[r31=00000000000000f0,0][1] R[r 0=0000000000000000,0] R[r16=0000000000000003,0] 
 inst=[0f000f93,0] li      t6, 240
C0:        560 [1] pc=[004000017c,0] W[r30=000000000000f000,0][1] R[r 1=0000000900000003,0] R[r 0=0000000000000000,0] 
 inst=[0000ff37,0] lui     t5, 0xf
C0:        561 [1] pc=[0040000180,0] W[r31=000000000000f0f0,0][1] R[r31=00000000000000f0,0] R[r30=000000000000f000,0] 
 inst=[01efefb3,0] or      t6, t6, t5
C0:        562 [1] pc=[0040000184,0] W[r30=0000000000f00000,0][1] R[r 0=0000000000000000,0] R[r15=0000000000000003,0] 
 inst=[00f00f37,0] lui     t5, 0xf00
C0:        563 [1] pc=[0040000188,0] W[r31=0000000000f0f0f0,0][1] R[r31=000000000000f0f0,0] R[r30=0000000000f00000,0] 
 inst=[01efefb3,0] or      t6, t6, t5
C0:        564 [1] pc=[004000018c,0] W[r 0=0000000900000000,0][1] R[r31=0000000000f0f0f0,0] R[r16=0000000000000003,0] 
 inst=[9f0f9073,0] csrw    unknown_9f0, t6
C0:        568 [1] pc=[0040000190,0] W[r17=0000000000000008,0][1] R[r 0=0000000000000000,0] R[r 2=0000000000000003,0] 
 inst=[142028f3,0] csrr    a7, scause
C0:        569 [1] pc=[0040000194,0] W[r16=0000000000000008,0][1] R[r 0=0000000000000000,0] R[r 8=0000000000000003,0] 
 inst=[00800813,0] li      a6, 8
C0:        571 [1] pc=[0040000198,0] W[r 0=0000000000000000,0][0] R[r16=0000000000000008,0] R[r17=0000000000000008,0] 
 inst=[01181463,0] bne     a6, a7, pc + 8
C0:        572 [1] pc=[004000019c,0] W[r 0=00000000400001a0,0][1] R[r31=0000000900000003,0] R[r 9=000000000000000b,0] 
 inst=[fc9ff06f,0] j       pc - 0x38
C0:        576 [1] pc=[0040000164,0] W[r 0=0000000000000004,0][0] R[r 0=0000000000000000,0] R[r31=000000000000000b,0] 
 inst=[0ff0000f,0] fence
C0:        577 [1] pc=[0040000168,0] W[r28=0000000000000001,0][1] R[r 0=0000000000000000,0] R[r 1=000000000000000b,0] 
 inst=[00100e13,0] li      t3, 1
C0:        578 [0] pc=[004000016c,0] W[r 0=0000000000000000,0][0] R[r 0=0000000000000000,0] R[r 0=0000000000000000,0] 
 inst=[00000073,0] ecall
C0:        583 [1] pc=[0040000004,0] W[r30=0000000000f0f0f0,0][1] R[r 0=0000000000000000,0] R[r16=000000000000000b,0] 
 inst=[bf002f73,0] csrr    t5, unknown_bf0
C0:        586 [1] pc=[0040000008,0] W[r 0=68d70fe72d48552a,0][1] R[r30=0000000000f0f0f0,0] R[r 0=0000000000000000,0] 
 inst=[340f1073,0] csrw    mscratch, t5
C0:        587 [1] pc=[004000000c,0] W[r31=00000000000000f0,0][1] R[r 0=0000000000000000,0] R[r16=000000000000000b,0] 
 inst=[0f000f93,0] li      t6, 240
C0:        588 [1] pc=[0040000010,0] W[r30=000000000000f000,0][1] R[r 1=0000000000f0f0f3,0] R[r 0=0000000000000000,0] 
 inst=[0000ff37,0] lui     t5, 0xf
C0:        589 [1] pc=[0040000014,0] W[r31=000000000000f0f0,0][1] R[r31=00000000000000f0,0] R[r30=000000000000f000,0] 
 inst=[01efefb3,0] or      t6, t6, t5
C0:        590 [1] pc=[0040000018,0] W[r30=0000000000f00000,0][1] R[r 0=0000000000000000,0] R[r15=000000000000000b,0] 
 inst=[00f00f37,0] lui     t5, 0xf00
C0:        591 [1] pc=[004000001c,0] W[r31=0000000000f0f0f0,0][1] R[r31=000000000000f0f0,0] R[r30=0000000000f00000,0] 
 inst=[01efefb3,0] or      t6, t6, t5
C0:        592 [1] pc=[0040000020,0] W[r 0=0000000000f0f0f0,0][1] R[r31=0000000000f0f0f0,0] R[r16=000000000000000b,0] 
 inst=[bf0f9073,0] csrw    unknown_bf0, t6
C0:        596 [1] pc=[0040000024,0] W[r30=0000000000000009,0][1] R[r 0=0000000000000000,0] R[r 2=000000000000000b,0] 
 inst=[34202f73,0] csrr    t5, mcause
C0:        597 [1] pc=[0040000028,0] W[r31=0000000000000008,0][1] R[r 0=0000000000000000,0] R[r 8=000000000000000b,0] 
 inst=[00800f93,0] li      t6, 8
C0:        599 [1] pc=[004000002c,0] W[r 0=0000000000000000,0][0] R[r30=0000000000000009,0] R[r31=0000000000000008,0] 
 inst=[03ff0a63,0] beq     t5, t6, pc + 52
C0:        600 [1] pc=[0040000030,0] W[r31=0000000000000009,0][1] R[r 0=0000000000000000,0] R[r 9=000000000000000b,0] 
 inst=[00900f93,0] li      t6, 9
C0:        601 [1] pc=[0040000034,0] W[r 0=0000000000000001,0][0] R[r30=0000000000000009,0] R[r31=0000000000000009,0] 
 inst=[03ff0663,0] beq     t5, t6, pc + 44
C0:        605 [1] pc=[0040000060,0] W[r30=0000000000004000,0][1] R[r 0=0000000000000000,0] R[r 0=0000000000000000,0] 
 inst=[00004f37,0] lui     t5, 0x4
C0:        606 [1] pc=[0040000064,0] W[r 0=0000000000004000,0][0] R[r30=0000000000004000,0] R[r28=0000000000000001,0] 
 inst=[01cf2023,0] sw      t3, 0(t5)
C0:        607 [1] pc=[0040000068,0] W[r 0=000000004000006c,0][1] R[r31=000000000000000b,0] R[r25=0000000000000003,0] 
 inst=[ff9ff06f,0] j       pc - 0x8
