C0:         17 [1] pc=[0000000000,0] W[r 5=0000000040000000,0][1] R[r 0=0000000000000000,0] R[r 0=0000000000000000,0] 
 inst=[40000297,0] auipc   t0, 0x40000
C0:         18 [1] pc=[0000000004,0] W[r 0=0000000000000008,0][1] R[r 5=0000000040000000,0] R[r 0=0000000000000000,0] 
 inst=[00028067,0] jr      t0
TagXact1: (0) Create 0xbffffe00
TagXact1: (0) Create 0xbffffe40
TagXact1: (0) Create 0xbffffe80
TagXact1: (0) Create 0xbffffec0
TagXact1: (0) Create 0xbfffff00
TagXact1: (0) Create 0xbfffff40
TagXact1: (0) Create 0xbfffff80
TagXact1: (0) Create 0xbfffffc0
C0:        166 [1] pc=[0040000000,0] W[r 0=0000000040000004,0][1] R[r 0=0000000000000000,0] R[r12=822bd126c26244cb,c] 
 inst=[06c0006f,0] j       pc + 0x6c
TagXact1: (0) Read 0xb8000004 miss
TagXact1: (0) Read 0xbffc0000 miss
TagXact1: (0) FetchRead 0xbffffe00 => 0000000000000000
C0:        208 [1] pc=[004000006c,0] W[r10=0000000000000000,0][1] R[r 0=0000000000000000,0] R[r20=822bd126c26244cb,c] 
 inst=[f1402573,0] csrr    a0, mhartid
C0:        211 [1] pc=[0040000070,0] W[r 0=0000000000000000,0][0] R[r10=0000000000000000,0] R[r 0=0000000000000000,0] 
 inst=[00051063,0] bnez    a0, pc + 0
C0:        212 [1] pc=[0040000074,0] W[r10=8000000000041129,0][1] R[r 0=0000000000000000,0] R[r16=822bd126c26244cb,c] 
 inst=[f1002573,0] csrr    a0, unknown_f10
C0:        215 [1] pc=[0040000078,0] W[r 0=0000000000000001,0][0] R[r10=8000000000041129,0] R[r 0=0000000000000000,0] 
 inst=[00054863,0] bltz    a0, pc + 16
TagXact1: (0) Read 0xb8000008 miss
TagXact1: (0) Read 0xbffc0000 miss
TagXact1: (0) FetchRead 0xbffffe00 => 0000000000000000
C0:        251 [1] pc=[0040000088,0] W[r28=0000000000000000,0][1] R[r 0=0000000000000000,0] R[r 0=0000000000000000,0] 
 inst=[00000e13,0] li      t3, 0
C0:        252 [1] pc=[004000008c,0] W[r 5=000000004000008c,0][1] R[r 0=0000000000000000,0] R[r 0=0000000000000000,0] 
 inst=[00000297,0] auipc   t0, 0x0
C0:        253 [1] pc=[0040000090,0] W[r 5=0000000040000004,0][1] R[r 5=000000004000008c,0] R[r24=822bd126c26244cb,c] 
 inst=[f7828293,0] addi    t0, t0, -136
C0:        254 [1] pc=[0040000094,0] W[r 0=0000000000000000,0][1] R[r 5=0000000040000004,0] R[r 5=0000000040000004,0] 
 inst=[30529073,0] csrw    mtvec, t0
C0:        258 [1] pc=[0040000098,0] W[r 5=0000000000000098,0][1] R[r 0=0000000000000000,0] R[r 0=0000000000000000,0] 
 inst=[c0000297,0] auipc   t0, 0xc0000
C0:        259 [1] pc=[004000009c,0] W[r 5=0000000000000000,0][1] R[r 5=0000000000000098,0] R[r 8=822bd126c26244cb,c] 
 inst=[f6828293,0] addi    t0, t0, -152
C0:        260 [1] pc=[00400000a0,0] W[r 0=0000000000000001,0][0] R[r 5=0000000000000000,0] R[r 0=0000000000000000,0] 
 inst=[00028e63,0] beqz    t0, pc + 28
C0:        264 [1] pc=[00400000bc,0] W[r 0=0000000000001800,0][1] R[r 0=0000000000000000,0] R[r 0=0000000000000000,0] 
 inst=[30005073,0] csrwi   mstatus, 0
TagXact1: (0) Read 0xb800000c miss
TagXact1: (0) Read 0xbffc0000 miss
TagXact1: (0) FetchRead 0xbffffe00 => 0000000000000000
C0:        300 [1] pc=[00400000c0,0] W[r 5=00000000400000c0,0][1] R[r 0=0000000000000000,0] R[r 0=0000000000000000,0] 
 inst=[00000297,0] auipc   t0, 0x0
C0:        301 [1] pc=[00400000c4,0] W[r 5=00000000400000d4,0][1] R[r 5=00000000400000c0,0] R[r20=822bd126c26244cb,c] 
 inst=[01428293,0] addi    t0, t0, 20
C0:        302 [1] pc=[00400000c8,0] W[r 0=000000401c937d84,0][1] R[r 5=00000000400000d4,0] R[r 1=822bd126c26244cb,c] 
 inst=[34129073,0] csrw    mepc, t0
C0:        303 [1] pc=[00400000cc,0] W[r10=0000000000000000,0][1] R[r 0=0000000000000000,0] R[r20=822bd126c26244cb,c] 
 inst=[f1402573,0] csrr    a0, mhartid
C0:        304 [1] pc=[00400000d0,0] W[r 0=0000000000000000,0][0] R[r 0=0000000000000000,0] R[r 2=822bd126c26244cb,c] 
 inst=[30200073,0] mret
C0:        309 [1] pc=[00400000d4,0] W[r10=00000000400000d4,0][1] R[r 0=0000000000000000,0] R[r 0=0000000000000000,0] 
 inst=[00000517,0] auipc   a0, 0x0
C0:        310 [1] pc=[00400000d8,0] W[r10=00000000400002c0,0][1] R[r10=00000000400000d4,0] R[r12=822bd126c26244cb,c] 
 inst=[1ec50513,0] addi    a0, a0, 492
C0:        311 [1] pc=[00400000dc,0] W[r 1=000000000000f000,0][1] R[r 1=800000000004112b,0] R[r 0=0000000000000000,0] 
 inst=[0000f0b7,0] lui     ra, 0xf
C0:        312 [1] pc=[00400000e0,0] W[r 0=0000000000000000,0][1] R[r 1=000000000000f000,0] R[r16=822bd126c26244cb,c] 
 inst=[8f009073,0] csrw    unknown_8f0, ra
C0:        316 [1] pc=[00400000e4,0] W[r 1=0000000000f00000,0][1] R[r 0=0000000000000000,0] R[r15=822bd126c26244cb,c] 
 inst=[00f000b7,0] lui     ra, 0xf00
C0:        317 [1] pc=[00400000e8,0] W[r 0=000000000000f000,0][1] R[r 1=0000000000f00000,0] R[r16=822bd126c26244cb,c] 
 inst=[8f00a073,0] csrs    unknown_8f0, ra
C0:        321 [1] pc=[00400000ec,0] W[r 1=0000000000000009,0][1] R[r 0=0000000000000000,0] R[r 9=822bd126c26244cb,c] 
 inst=[00900093,0] li      ra, 9
C0:        322 [1] pc=[00400000f0,0] W[r 1=0000000000000900,0][1] R[r 1=0000000000000009,0] R[r 8=822bd126c26244cb,c] 
 inst=[00809093,0] slli    ra, ra, 8
C0:        323 [1] pc=[00400000f4,0] W[r 0=0000000000f0f000,0][1] R[r 1=0000000000000900,0] R[r16=822bd126c26244cb,c] 
 inst=[8f00a073,0] csrs    unknown_8f0, ra
C0:        327 [1] pc=[00400000f8,0] W[r28=0000000000000002,0][1] R[r 0=0000000000000000,0] R[r 2=822bd126c26244cb,c] 
 inst=[00200e13,0] li      t3, 2
C0:        328 [1] pc=[00400000fc,0] W[r 0=00000000400002c0,0][0] R[r10=00000000400002c0,0] R[r 0=0000000000000000,0] 
 inst=[00053003,0] ld      zero, 0(a0)
TagXact1: (0) Read 0xb8000010 miss
TagXact1: (0) Read 0xbffc0000 miss
TagXact1: (0) FetchRead 0xbffffe00 => 0000000000000000
TagXact1: (0) Read 0xb800002c miss
C0:        363 [1] pc=[0040000100,0] W[r28=0000000000000003,0][1] R[r 0=0000000000000000,0] R[r 3=822bd126c26244cb,c] 
 inst=[00300e13,0] li      t3, 3
C0:        364 [1] pc=[0040000104,0] W[r 5=00000000400002c0,0][1] R[r10=00000000400002c0,0] R[r 0=0000000000000000,0] 
 inst=[00050293,0] mv      t0, a0
C0:        365 [1] pc=[0040000108,0] W[r 6=000000000000000f,0][1] R[r 0=0000000000000000,0] R[r15=822bd126c26244cb,c] 
 inst=[00f00313,0] li      t1, 15
C0:        366 [1] pc=[004000010c,0] W[r 5=00000000400002c0,f][1] R[r 6=000000000000000f,0] R[r 0=0000000000000000,0] 
 inst=[000312d7,0] unknown
TagXact1: (0) Read 0xbffc0000 miss
C0:        367 [1] pc=[0040000110,0] W[r 0=00000000400002c0,0][0] R[r 5=00000000400002c0,f] R[r 0=0000000000000000,0] 
 inst=[0002b283,0] ld      t0, 0(t0)
C0:        368 [1] pc=[0040000114,0] W[r28=0000000000000004,0][1] R[r 0=0000000000000000,0] R[r 4=822bd126c26244cb,c] 
 inst=[00400e13,0] li      t3, 4
C0:        369 [1] pc=[0040000118,0] W[r10=0000000040000118,0][1] R[r 0=0000000000000000,0] R[r 0=0000000000000000,0] 
 inst=[00000517,0] auipc   a0, 0x0
C0:        370 [1] pc=[004000011c,0] W[r10=0000000040000308,0][1] R[r10=0000000040000118,0] R[r16=822bd126c26244cb,c] 
 inst=[1f050513,0] addi    a0, a0, 496
TagXact1: (0) FetchRead 0xbffffe00 => 0000000000000000
C0:        393 [1] pc=[0040000120,0] W[r 5=0000000000000006,0][1] R[r 0=0000000000000000,0] R[r 6=822bd126c26244cb,c] 
 inst=[00600293,0] li      t0, 6
C0:        394 [1] pc=[0040000124,0] W[r 5=0000000000000006,6][1] R[r 5=0000000000000006,0] R[r 0=0000000000000000,0] 
 inst=[000292d7,0] unknown
C0:        395 [1] pc=[0040000128,0] W[r 0=0000000040000308,0][0] R[r10=0000000040000308,0] R[r 5=0000000000000006,6] 
 inst=[00553023,0] sd      t0, 0(a0)
C0:        396 [1] pc=[004000012c,0] W[r 0=0000000040000308,0][0] R[r10=0000000040000308,0] R[r 0=0000000000000000,0] 
 inst=[00053283,0] ld      t0, 0(a0)
C0:        397 [1] pc=[0040000130,0] W[r28=0000000000000005,0][1] R[r 0=0000000000000000,0] R[r 5=0000000040000308,0] 
 inst=[00500e13,0] li      t3, 5
TagXact1: (0) Read 0xb8000030 miss
TagXact1: (0) Read 0xbffc0000 miss
TagXact1: (0) FetchRead 0xbffffe00 => 0000000000000000
TagXact1: (0) Read 0xb8000014 miss
TagXact1: (0) Read 0xbffc0000 miss
TagXact1: (0) FetchRead 0xbffffe00 => 0000000000000000
C0:        461 [1] pc=[0040000134,0] W[r 5=000000000000000f,0][1] R[r 0=0000000000000000,0] R[r15=822bd126c26244cb,c] 
 inst=[00f00293,0] li      t0, 15
C0:        462 [1] pc=[0040000138,0] W[r 6=0000000000000009,0][1] R[r 0=0000000000000000,0] R[r 9=822bd126c26244cb,c] 
 inst=[00900313,0] li      t1, 9
C0:        463 [1] pc=[004000013c,0] W[r 5=000000000000000f,9][1] R[r 6=0000000000000009,0] R[r 0=0000000000000000,0] 
 inst=[000312d7,0] unknown
C0:        464 [1] pc=[0040000140,0] W[r 6=000000000000d000,0][1] R[r 1=000000004000030b,0] R[r 0=0000000000000000,0] 
 inst=[0000d337,0] lui     t1, 0xd
C0:        465 [1] pc=[0040000144,0] W[r 6=000000000000d00d,0][1] R[r 6=000000000000d000,0] R[r13=822bd126c26244cb,c] 
 inst=[00d3031b,0] addiw   t1, t1, 13
C0:        466 [1] pc=[0040000148,0] W[r 0=0000000000000000,0][1] R[r 0=0000000000000000,0] R[r 0=0000000000000000,0] 
 inst=[00000013,0] nop
C0:        467 [1] pc=[004000014c,0] W[r 0=0000000000000000,0][1] R[r 0=0000000000000000,0] R[r 0=0000000000000000,0] 
 inst=[00000013,0] nop
C0:        468 [1] pc=[0040000150,0] W[r 0=0000000000000000,0][1] R[r 0=0000000000000000,0] R[r 0=0000000000000000,0] 
 inst=[00000013,0] nop
C0:        469 [1] pc=[0040000154,0] W[r 0=0000000000000000,0][1] R[r 0=0000000000000000,0] R[r 0=0000000000000000,0] 
 inst=[00000013,0] nop
C0:        470 [1] pc=[0040000158,0] W[r 0=0000000000000000,0][1] R[r 0=0000000000000000,0] R[r 0=0000000000000000,0] 
 inst=[00000013,0] nop
C0:        471 [1] pc=[004000015c,0] W[r 0=0000000000000000,0][1] R[r 0=0000000000000000,0] R[r 0=0000000000000000,0] 
 inst=[00000013,0] nop
C0:        472 [1] pc=[0040000160,0] W[r 0=0000000000000000,0][1] R[r 0=0000000000000000,0] R[r 0=0000000000000000,0] 
 inst=[00000013,0] nop
C0:        473 [1] pc=[0040000164,0] W[r 0=0000000000000000,0][1] R[r 0=0000000000000000,0] R[r 0=0000000000000000,0] 
 inst=[00000013,0] nop
C0:        474 [1] pc=[0040000168,0] W[r 0=0000000000000000,0][1] R[r 0=0000000000000000,0] R[r 0=0000000000000000,0] 
 inst=[00000013,0] nop
C0:        475 [1] pc=[004000016c,0] W[r 0=0000000000000000,0][1] R[r 0=0000000000000000,0] R[r 0=0000000000000000,0] 
 inst=[00000013,0] nop
C0:        476 [1] pc=[0040000170,0] W[r 0=0000000000000000,0][1] R[r 0=0000000000000000,0] R[r 0=0000000000000000,0] 
 inst=[00000013,0] nop
C0:        477 [1] pc=[0040000174,0] W[r 0=0000000000000000,0][1] R[r 0=0000000000000000,0] R[r 0=0000000000000000,0] 
 inst=[00000013,0] nop
C0:        478 [1] pc=[0040000178,0] W[r 0=0000000000000000,0][1] R[r 0=0000000000000000,0] R[r 0=0000000000000000,0] 
 inst=[00000013,0] nop
C0:        479 [1] pc=[004000017c,0] W[r 0=0000000000000000,0][1] R[r 0=0000000000000000,0] R[r 0=0000000000000000,0] 
 inst=[00000013,0] nop
TagXact1: (0) Read 0xb8000018 miss
TagXact1: (0) Read 0xbffc0000 miss
TagXact1: (0) FetchRead 0xbffffe00 => 0000000000000000
C0:        514 [1] pc=[0040000180,0] W[r 0=0000000040000348,0][0] R[r10=0000000040000308,0] R[r 5=000000000000000f,9] 
 inst=[04553023,0] sd      t0, 64(a0)
C0:        515 [1] pc=[0040000184,0] W[r 5=000000000000000f,0][1] R[r 0=0000000000000000,0] R[r 0=0000000000000000,0] 
 inst=[000012d7,0] unknown
C0:        516 [1] pc=[0040000188,0] W[r 5=000000000000d00d,0][1] R[r 6=000000000000d00d,0] R[r 0=0000000000000000,0] 
 inst=[00030293,0] mv      t0, t1
C0:        524 [1] pc=[004000018c,0] W[r 0=0000000040000348,0][0] R[r10=0000000040000308,0] R[r 0=0000000000000000,0] 
 inst=[04053283,0] ld      t0, 64(a0)
TagXact1: (0) Read 0xb8000034 miss
TagXact1: (0) Read 0xbffc0000 miss
TagXact1: (0) FetchRead 0xbffffe00 => 0000000000000000
C0:        553 [0] pc=[004000018c,0] W[r 0=000000000000000f,9][0] R[r10=0000000040000308,0] R[r 0=0000000000000000,0] 
 inst=[04053283,0] ld      t0, 64(a0)
C0:        558 [1] pc=[0040000004,0] W[r30=0000000000f0f900,0][1] R[r 0=0000000000000000,0] R[r16=000000000000000f,9] 
 inst=[bf002f73,0] csrr    t5, unknown_bf0
C0:        561 [1] pc=[0040000008,0] W[r 0=68d70fe72d48552a,0][1] R[r30=0000000000f0f900,0] R[r 0=0000000000000000,0] 
 inst=[340f1073,0] csrw    mscratch, t5
C0:        562 [1] pc=[004000000c,0] W[r31=00000000000000f0,0][1] R[r 0=0000000000000000,0] R[r16=000000000000000f,9] 
 inst=[0f000f93,0] li      t6, 240
C0:        563 [1] pc=[0040000010,0] W[r30=000000000000f000,0][1] R[r 1=0000000000f0f903,0] R[r 0=0000000000000000,0] 
 inst=[0000ff37,0] lui     t5, 0xf
C0:        564 [1] pc=[0040000014,0] W[r31=000000000000f0f0,0][1] R[r31=00000000000000f0,0] R[r30=000000000000f000,0] 
 inst=[01efefb3,0] or      t6, t6, t5
C0:        565 [1] pc=[0040000018,0] W[r30=0000000000f00000,0][1] R[r 0=0000000000000000,0] R[r15=000000000000000f,9] 
 inst=[00f00f37,0] lui     t5, 0xf00
C0:        566 [1] pc=[004000001c,0] W[r31=0000000000f0f0f0,0][1] R[r31=000000000000f0f0,0] R[r30=0000000000f00000,0] 
 inst=[01efefb3,0] or      t6, t6, t5
C0:        567 [1] pc=[0040000020,0] W[r 0=0000000000f0f900,0][1] R[r31=0000000000f0f0f0,0] R[r16=000000000000000f,9] 
 inst=[bf0f9073,0] csrw    unknown_bf0, t6
C0:        571 [1] pc=[0040000024,0] W[r30=0000000000000010,0][1] R[r 0=0000000000000000,0] R[r 2=000000000000000f,9] 
 inst=[34202f73,0] csrr    t5, mcause
C0:        572 [1] pc=[0040000028,0] W[r31=0000000000000008,0][1] R[r 0=0000000000000000,0] R[r 8=000000000000000f,9] 
 inst=[00800f93,0] li      t6, 8
C0:        574 [1] pc=[004000002c,0] W[r 0=0000000000000000,0][0] R[r30=0000000000000010,0] R[r31=0000000000000008,0] 
 inst=[03ff0a63,0] beq     t5, t6, pc + 52
C0:        575 [1] pc=[0040000030,0] W[r31=0000000000000009,0][1] R[r 0=0000000000000000,0] R[r 9=000000000000000f,9] 
 inst=[00900f93,0] li      t6, 9
C0:        576 [1] pc=[0040000034,0] W[r 0=0000000000000000,0][0] R[r30=0000000000000010,0] R[r31=0000000000000009,0] 
 inst=[03ff0663,0] beq     t5, t6, pc + 44
C0:        577 [1] pc=[0040000038,0] W[r31=000000000000000b,0][1] R[r 0=0000000000000000,0] R[r11=000000000000000f,9] 
 inst=[00b00f93,0] li      t6, 11
C0:        578 [1] pc=[004000003c,0] W[r 0=0000000000000000,0][0] R[r30=0000000000000010,0] R[r31=000000000000000b,0] 
 inst=[03ff0263,0] beq     t5, t6, pc + 36
C0:        579 [1] pc=[0040000040,0] W[r30=0000000040000040,0][1] R[r 0=0000000000000000,0] R[r 0=0000000000000000,0] 
 inst=[00000f17,0] auipc   t5, 0x0
C0:        580 [1] pc=[0040000044,0] W[r30=0000000040000270,0][1] R[r30=0000000040000040,0] R[r16=000000000000000f,9] 
 inst=[230f0f13,0] addi    t5, t5, 560
C0:        581 [1] pc=[0040000048,0] W[r 0=0000000000000000,0][0] R[r30=0000000040000270,0] R[r 0=0000000000000000,0] 
 inst=[000f0463,0] beqz    t5, pc + 8
C0:        582 [1] pc=[004000004c,0] W[r 0=0000000040000050,0][1] R[r30=0000000040000270,0] R[r 0=0000000000000000,0] 
 inst=[000f0067,0] jr      t5
TagXact1: (0) Read 0xb8000024 miss
TagXact1: (0) Read 0xbffc0000 miss
TagXact1: (0) FetchRead 0xbffffe00 => 0000000000000000
C0:        622 [1] pc=[0040000270,0] W[r16=000000000000000a,0][1] R[r 0=0000000000000000,0] R[r10=000000000000000f,9] 
 inst=[00a00813,0] li      a6, 10
C0:        623 [1] pc=[0040000274,0] W[r 0=0000000000000000,0][0] R[r28=0000000000000005,0] R[r16=000000000000000a,0] 
 inst=[fd0e0ee3,0] beq     t3, a6, pc - 36
C0:        624 [1] pc=[0040000278,0] W[r16=0000000000000004,0][1] R[r 0=0000000000000000,0] R[r 4=000000000000000f,9] 
 inst=[00400813,0] li      a6, 4
C0:        625 [1] pc=[004000027c,0] W[r 0=0000000000000001,0][0] R[r28=0000000000000005,0] R[r16=0000000000000004,0] 
 inst=[010e5463,0] bge     t3, a6, pc + 8
TagXact1: (0) Read 0xb8000028 miss
TagXact1: (0) Read 0xbffc0000 miss
TagXact1: (0) FetchRead 0xbffffe00 => 0000000000000000
C0:        661 [1] pc=[0040000284,0] W[r16=0000000000000010,0][1] R[r 0=0000000000000000,0] R[r16=000000000000000f,9] 
 inst=[01000813,0] li      a6, 16
C0:        662 [1] pc=[0040000288,0] W[r17=0000000000000010,0][1] R[r 0=0000000000000000,0] R[r 2=000000000000000f,9] 
 inst=[342028f3,0] csrr    a7, mcause
C0:        665 [1] pc=[004000028c,0] W[r 0=0000000000000000,0][0] R[r16=0000000000000010,0] R[r17=0000000000000010,0] 
 inst=[fd1812e3,0] bne     a6, a7, pc - 60
C0:        666 [1] pc=[0040000290,0] W[r16=000000004000018c,0][1] R[r 0=0000000000000000,0] R[r 1=0000000000000013,0] 
 inst=[34102873,0] csrr    a6, mepc
C0:        669 [1] pc=[0040000294,0] W[r16=0000000040000198,0][1] R[r16=000000004000018c,0] R[r12=0000000000000013,0] 
 inst=[00c80813,0] addi    a6, a6, 12
C0:        670 [1] pc=[0040000298,0] W[r 0=000000004000018c,0][1] R[r16=0000000040000198,0] R[r 1=0000000000000013,0] 
 inst=[34181073,0] csrw    mepc, a6
C0:        671 [1] pc=[004000029c,0] W[r30=0000000000f0f900,0][1] R[r 0=0000000000000000,0] R[r 0=0000000000000000,0] 
 inst=[34002f73,0] csrr    t5, mscratch
C0:        674 [1] pc=[00400002a0,0] W[r 0=0000000000f0f0f0,0][1] R[r30=0000000000f0f900,0] R[r16=0000000000000013,0] 
 inst=[bf0f1073,0] csrw    unknown_bf0, t5
C0:        678 [1] pc=[00400002a4,0] W[r 0=0000000000000000,0][0] R[r 0=0000000000000000,0] R[r 2=0000000000000013,0] 
 inst=[30200073,0] mret
C0:        683 [1] pc=[0040000198,0] W[r 0=0000000000000000,0][0] R[r 5=000000000000d00d,0] R[r 6=000000000000d00d,0] 
 inst=[0a629c63,0] bne     t0, t1, pc + 184
C0:        684 [1] pc=[004000019c,0] W[r28=0000000000000006,0][1] R[r 0=0000000000000000,0] R[r 6=000000000000d00f,0] 
 inst=[00600e13,0] li      t3, 6
C0:        685 [0] pc=[00400001a0,0] W[r 0=000000000000000f,9][0] R[r10=0000000040000308,0] R[r 0=0000000000000000,0] 
 inst=[04053283,0] ld      t0, 64(a0)
C0:        690 [1] pc=[0040000004,0] W[r30=0000000000f0f900,0][1] R[r 0=0000000000000000,0] R[r16=000000000000d00f,0] 
 inst=[bf002f73,0] csrr    t5, unknown_bf0
C0:        693 [1] pc=[0040000008,0] W[r 0=0000000000f0f900,0][1] R[r30=0000000000f0f900,0] R[r 0=0000000000000000,0] 
 inst=[340f1073,0] csrw    mscratch, t5
C0:        694 [1] pc=[004000000c,0] W[r31=00000000000000f0,0][1] R[r 0=0000000000000000,0] R[r16=000000000000d00f,0] 
 inst=[0f000f93,0] li      t6, 240
C0:        695 [1] pc=[0040000010,0] W[r30=000000000000f000,0][1] R[r 1=0000000000f0f903,0] R[r 0=0000000000000000,0] 
 inst=[0000ff37,0] lui     t5, 0xf
C0:        696 [1] pc=[0040000014,0] W[r31=000000000000f0f0,0][1] R[r31=00000000000000f0,0] R[r30=000000000000f000,0] 
 inst=[01efefb3,0] or      t6, t6, t5
C0:        697 [1] pc=[0040000018,0] W[r30=0000000000f00000,0][1] R[r 0=0000000000000000,0] R[r15=000000000000d00f,0] 
 inst=[00f00f37,0] lui     t5, 0xf00
C0:        698 [1] pc=[004000001c,0] W[r31=0000000000f0f0f0,0][1] R[r31=000000000000f0f0,0] R[r30=0000000000f00000,0] 
 inst=[01efefb3,0] or      t6, t6, t5
C0:        699 [1] pc=[0040000020,0] W[r 0=0000000000f0f900,0][1] R[r31=0000000000f0f0f0,0] R[r16=000000000000d00f,0] 
 inst=[bf0f9073,0] csrw    unknown_bf0, t6
C0:        703 [1] pc=[0040000024,0] W[r30=0000000000000010,0][1] R[r 0=0000000000000000,0] R[r 2=000000000000d00f,0] 
 inst=[34202f73,0] csrr    t5, mcause
C0:        704 [1] pc=[0040000028,0] W[r31=0000000000000008,0][1] R[r 0=0000000000000000,0] R[r 8=000000000000d00f,0] 
 inst=[00800f93,0] li      t6, 8
C0:        706 [1] pc=[004000002c,0] W[r 0=0000000000000000,0][0] R[r30=0000000000000010,0] R[r31=0000000000000008,0] 
 inst=[03ff0a63,0] beq     t5, t6, pc + 52
C0:        707 [1] pc=[0040000030,0] W[r31=0000000000000009,0][1] R[r 0=0000000000000000,0] R[r 9=000000000000d00f,0] 
 inst=[00900f93,0] li      t6, 9
C0:        708 [1] pc=[0040000034,0] W[r 0=0000000000000000,0][0] R[r30=0000000000000010,0] R[r31=0000000000000009,0] 
 inst=[03ff0663,0] beq     t5, t6, pc + 44
C0:        709 [1] pc=[0040000038,0] W[r31=000000000000000b,0][1] R[r 0=0000000000000000,0] R[r11=000000000000d00f,0] 
 inst=[00b00f93,0] li      t6, 11
C0:        710 [1] pc=[004000003c,0] W[r 0=0000000000000000,0][0] R[r30=0000000000000010,0] R[r31=000000000000000b,0] 
 inst=[03ff0263,0] beq     t5, t6, pc + 36
C0:        711 [1] pc=[0040000040,0] W[r30=0000000040000040,0][1] R[r 0=0000000000000000,0] R[r 0=0000000000000000,0] 
 inst=[00000f17,0] auipc   t5, 0x0
C0:        712 [1] pc=[0040000044,0] W[r30=0000000040000270,0][1] R[r30=0000000040000040,0] R[r16=000000000000d00f,0] 
 inst=[230f0f13,0] addi    t5, t5, 560
C0:        713 [1] pc=[0040000048,0] W[r 0=0000000000000000,0][0] R[r30=0000000040000270,0] R[r 0=0000000000000000,0] 
 inst=[000f0463,0] beqz    t5, pc + 8
C0:        714 [1] pc=[004000004c,0] W[r 0=0000000040000050,0][1] R[r30=0000000040000270,0] R[r 0=0000000000000000,0] 
 inst=[000f0067,0] jr      t5
C0:        715 [1] pc=[0040000270,0] W[r16=000000000000000a,0][1] R[r 0=0000000000000000,0] R[r10=000000000000d00f,0] 
 inst=[00a00813,0] li      a6, 10
C0:        716 [1] pc=[0040000274,0] W[r 0=0000000000000000,0][0] R[r28=0000000000000006,0] R[r16=000000000000000a,0] 
 inst=[fd0e0ee3,0] beq     t3, a6, pc - 36
C0:        717 [1] pc=[0040000278,0] W[r16=0000000000000004,0][1] R[r 0=0000000000000000,0] R[r 4=000000000000d00f,0] 
 inst=[00400813,0] li      a6, 4
C0:        718 [1] pc=[004000027c,0] W[r 0=0000000000000001,0][0] R[r28=0000000000000006,0] R[r16=0000000000000004,0] 
 inst=[010e5463,0] bge     t3, a6, pc + 8
C0:        722 [1] pc=[0040000284,0] W[r16=0000000000000010,0][1] R[r 0=0000000000000000,0] R[r16=000000000000d00f,0] 
 inst=[01000813,0] li      a6, 16
C0:        723 [1] pc=[0040000288,0] W[r17=0000000000000010,0][1] R[r 0=0000000000000000,0] R[r 2=000000000000d00f,0] 
 inst=[342028f3,0] csrr    a7, mcause
C0:        726 [1] pc=[004000028c,0] W[r 0=0000000000000000,0][0] R[r16=0000000000000010,0] R[r17=0000000000000010,0] 
 inst=[fd1812e3,0] bne     a6, a7, pc - 60
C0:        727 [1] pc=[0040000290,0] W[r16=00000000400001a0,0][1] R[r 0=0000000000000000,0] R[r 1=0000000000000013,0] 
 inst=[34102873,0] csrr    a6, mepc
C0:        730 [1] pc=[0040000294,0] W[r16=00000000400001ac,0][1] R[r16=00000000400001a0,0] R[r12=0000000000000013,0] 
 inst=[00c80813,0] addi    a6, a6, 12
C0:        731 [1] pc=[0040000298,0] W[r 0=00000000400001a0,0][1] R[r16=00000000400001ac,0] R[r 1=0000000000000013,0] 
 inst=[34181073,0] csrw    mepc, a6
C0:        732 [1] pc=[004000029c,0] W[r30=0000000000f0f900,0][1] R[r 0=0000000000000000,0] R[r 0=0000000000000000,0] 
 inst=[34002f73,0] csrr    t5, mscratch
C0:        735 [1] pc=[00400002a0,0] W[r 0=0000000000f0f0f0,0][1] R[r30=0000000000f0f900,0] R[r16=0000000000000013,0] 
 inst=[bf0f1073,0] csrw    unknown_bf0, t5
C0:        739 [1] pc=[00400002a4,0] W[r 0=0000000000000000,0][0] R[r 0=0000000000000000,0] R[r 2=0000000000000013,0] 
 inst=[30200073,0] mret
C0:        744 [1] pc=[00400001ac,0] W[r 0=0000000000000000,0][0] R[r 5=000000000000d00d,0] R[r 6=000000000000d00d,0] 
 inst=[0a629263,0] bne     t0, t1, pc + 164
C0:        745 [1] pc=[00400001b0,0] W[r28=0000000000000007,0][1] R[r 0=0000000000000000,0] R[r 7=000000000000d00f,0] 
 inst=[00700e13,0] li      t3, 7
C0:        746 [0] pc=[00400001b4,0] W[r 0=000000000000000f,9][0] R[r10=0000000040000308,0] R[r 0=0000000000000000,0] 
 inst=[04052283,0] lw      t0, 64(a0)
C0:        751 [1] pc=[0040000004,0] W[r30=0000000000f0f900,0][1] R[r 0=0000000000000000,0] R[r16=000000000000d00f,0] 
 inst=[bf002f73,0] csrr    t5, unknown_bf0
C0:        754 [1] pc=[0040000008,0] W[r 0=0000000000f0f900,0][1] R[r30=0000000000f0f900,0] R[r 0=0000000000000000,0] 
 inst=[340f1073,0] csrw    mscratch, t5
C0:        755 [1] pc=[004000000c,0] W[r31=00000000000000f0,0][1] R[r 0=0000000000000000,0] R[r16=000000000000d00f,0] 
 inst=[0f000f93,0] li      t6, 240
C0:        756 [1] pc=[0040000010,0] W[r30=000000000000f000,0][1] R[r 1=0000000000f0f903,0] R[r 0=0000000000000000,0] 
 inst=[0000ff37,0] lui     t5, 0xf
C0:        757 [1] pc=[0040000014,0] W[r31=000000000000f0f0,0][1] R[r31=00000000000000f0,0] R[r30=000000000000f000,0] 
 inst=[01efefb3,0] or      t6, t6, t5
C0:        758 [1] pc=[0040000018,0] W[r30=0000000000f00000,0][1] R[r 0=0000000000000000,0] R[r15=000000000000d00f,0] 
 inst=[00f00f37,0] lui     t5, 0xf00
C0:        759 [1] pc=[004000001c,0] W[r31=0000000000f0f0f0,0][1] R[r31=000000000000f0f0,0] R[r30=0000000000f00000,0] 
 inst=[01efefb3,0] or      t6, t6, t5
C0:        760 [1] pc=[0040000020,0] W[r 0=0000000000f0f900,0][1] R[r31=0000000000f0f0f0,0] R[r16=000000000000d00f,0] 
 inst=[bf0f9073,0] csrw    unknown_bf0, t6
C0:        764 [1] pc=[0040000024,0] W[r30=0000000000000010,0][1] R[r 0=0000000000000000,0] R[r 2=000000000000d00f,0] 
 inst=[34202f73,0] csrr    t5, mcause
C0:        765 [1] pc=[0040000028,0] W[r31=0000000000000008,0][1] R[r 0=0000000000000000,0] R[r 8=000000000000d00f,0] 
 inst=[00800f93,0] li      t6, 8
C0:        767 [1] pc=[004000002c,0] W[r 0=0000000000000000,0][0] R[r30=0000000000000010,0] R[r31=0000000000000008,0] 
 inst=[03ff0a63,0] beq     t5, t6, pc + 52
C0:        768 [1] pc=[0040000030,0] W[r31=0000000000000009,0][1] R[r 0=0000000000000000,0] R[r 9=000000000000d00f,0] 
 inst=[00900f93,0] li      t6, 9
C0:        769 [1] pc=[0040000034,0] W[r 0=0000000000000000,0][0] R[r30=0000000000000010,0] R[r31=0000000000000009,0] 
 inst=[03ff0663,0] beq     t5, t6, pc + 44
C0:        770 [1] pc=[0040000038,0] W[r31=000000000000000b,0][1] R[r 0=0000000000000000,0] R[r11=000000000000d00f,0] 
 inst=[00b00f93,0] li      t6, 11
C0:        771 [1] pc=[004000003c,0] W[r 0=0000000000000000,0][0] R[r30=0000000000000010,0] R[r31=000000000000000b,0] 
 inst=[03ff0263,0] beq     t5, t6, pc + 36
C0:        772 [1] pc=[0040000040,0] W[r30=0000000040000040,0][1] R[r 0=0000000000000000,0] R[r 0=0000000000000000,0] 
 inst=[00000f17,0] auipc   t5, 0x0
C0:        773 [1] pc=[0040000044,0] W[r30=0000000040000270,0][1] R[r30=0000000040000040,0] R[r16=000000000000d00f,0] 
 inst=[230f0f13,0] addi    t5, t5, 560
C0:        774 [1] pc=[0040000048,0] W[r 0=0000000000000000,0][0] R[r30=0000000040000270,0] R[r 0=0000000000000000,0] 
 inst=[000f0463,0] beqz    t5, pc + 8
C0:        775 [1] pc=[004000004c,0] W[r 0=0000000040000050,0][1] R[r30=0000000040000270,0] R[r 0=0000000000000000,0] 
 inst=[000f0067,0] jr      t5
C0:        776 [1] pc=[0040000270,0] W[r16=000000000000000a,0][1] R[r 0=0000000000000000,0] R[r10=000000000000d00f,0] 
 inst=[00a00813,0] li      a6, 10
C0:        777 [1] pc=[0040000274,0] W[r 0=0000000000000000,0][0] R[r28=0000000000000007,0] R[r16=000000000000000a,0] 
 inst=[fd0e0ee3,0] beq     t3, a6, pc - 36
C0:        778 [1] pc=[0040000278,0] W[r16=0000000000000004,0][1] R[r 0=0000000000000000,0] R[r 4=000000000000d00f,0] 
 inst=[00400813,0] li      a6, 4
C0:        779 [1] pc=[004000027c,0] W[r 0=0000000000000001,0][0] R[r28=0000000000000007,0] R[r16=0000000000000004,0] 
 inst=[010e5463,0] bge     t3, a6, pc + 8
C0:        783 [1] pc=[0040000284,0] W[r16=0000000000000010,0][1] R[r 0=0000000000000000,0] R[r16=000000000000d00f,0] 
 inst=[01000813,0] li      a6, 16
C0:        784 [1] pc=[0040000288,0] W[r17=0000000000000010,0][1] R[r 0=0000000000000000,0] R[r 2=000000000000d00f,0] 
 inst=[342028f3,0] csrr    a7, mcause
C0:        787 [1] pc=[004000028c,0] W[r 0=0000000000000000,0][0] R[r16=0000000000000010,0] R[r17=0000000000000010,0] 
 inst=[fd1812e3,0] bne     a6, a7, pc - 60
C0:        788 [1] pc=[0040000290,0] W[r16=00000000400001b4,0][1] R[r 0=0000000000000000,0] R[r 1=0000000000000013,0] 
 inst=[34102873,0] csrr    a6, mepc
C0:        791 [1] pc=[0040000294,0] W[r16=00000000400001c0,0][1] R[r16=00000000400001b4,0] R[r12=0000000000000013,0] 
 inst=[00c80813,0] addi    a6, a6, 12
C0:        792 [1] pc=[0040000298,0] W[r 0=00000000400001b4,0][1] R[r16=00000000400001c0,0] R[r 1=0000000000000013,0] 
 inst=[34181073,0] csrw    mepc, a6
C0:        793 [1] pc=[004000029c,0] W[r30=0000000000f0f900,0][1] R[r 0=0000000000000000,0] R[r 0=0000000000000000,0] 
 inst=[34002f73,0] csrr    t5, mscratch
C0:        796 [1] pc=[00400002a0,0] W[r 0=0000000000f0f0f0,0][1] R[r30=0000000000f0f900,0] R[r16=0000000000000013,0] 
 inst=[bf0f1073,0] csrw    unknown_bf0, t5
C0:        800 [1] pc=[00400002a4,0] W[r 0=0000000000000000,0][0] R[r 0=0000000000000000,0] R[r 2=0000000000000013,0] 
 inst=[30200073,0] mret
TagXact1: (0) Read 0xb800001c miss
TagXact1: (0) Read 0xbffc0000 miss
TagXact1: (0) FetchRead 0xbffffe00 => 0000000000000000
C0:        839 [1] pc=[00400001c0,0] W[r 0=0000000000000000,0][0] R[r 5=000000000000d00d,0] R[r 6=000000000000d00d,0] 
 inst=[08629863,0] bne     t0, t1, pc + 144
C0:        840 [1] pc=[00400001c4,0] W[r28=0000000000000008,0][1] R[r 0=0000000000000000,0] R[r 8=000000000000d00f,0] 
 inst=[00800e13,0] li      t3, 8
C0:        841 [0] pc=[00400001c8,0] W[r 0=000000000000000f,9][0] R[r10=0000000040000308,0] R[r 0=0000000000000000,0] 
 inst=[04051283,0] lh      t0, 64(a0)
C0:        846 [1] pc=[0040000004,0] W[r30=0000000000f0f900,0][1] R[r 0=0000000000000000,0] R[r16=000000000000d00f,0] 
 inst=[bf002f73,0] csrr    t5, unknown_bf0
C0:        849 [1] pc=[0040000008,0] W[r 0=0000000000f0f900,0][1] R[r30=0000000000f0f900,0] R[r 0=0000000000000000,0] 
 inst=[340f1073,0] csrw    mscratch, t5
C0:        850 [1] pc=[004000000c,0] W[r31=00000000000000f0,0][1] R[r 0=0000000000000000,0] R[r16=000000000000d00f,0] 
 inst=[0f000f93,0] li      t6, 240
C0:        851 [1] pc=[0040000010,0] W[r30=000000000000f000,0][1] R[r 1=0000000000f0f903,0] R[r 0=0000000000000000,0] 
 inst=[0000ff37,0] lui     t5, 0xf
C0:        852 [1] pc=[0040000014,0] W[r31=000000000000f0f0,0][1] R[r31=00000000000000f0,0] R[r30=000000000000f000,0] 
 inst=[01efefb3,0] or      t6, t6, t5
C0:        853 [1] pc=[0040000018,0] W[r30=0000000000f00000,0][1] R[r 0=0000000000000000,0] R[r15=000000000000d00f,0] 
 inst=[00f00f37,0] lui     t5, 0xf00
C0:        854 [1] pc=[004000001c,0] W[r31=0000000000f0f0f0,0][1] R[r31=000000000000f0f0,0] R[r30=0000000000f00000,0] 
 inst=[01efefb3,0] or      t6, t6, t5
C0:        855 [1] pc=[0040000020,0] W[r 0=0000000000f0f900,0][1] R[r31=0000000000f0f0f0,0] R[r16=000000000000d00f,0] 
 inst=[bf0f9073,0] csrw    unknown_bf0, t6
C0:        859 [1] pc=[0040000024,0] W[r30=0000000000000010,0][1] R[r 0=0000000000000000,0] R[r 2=000000000000d00f,0] 
 inst=[34202f73,0] csrr    t5, mcause
C0:        860 [1] pc=[0040000028,0] W[r31=0000000000000008,0][1] R[r 0=0000000000000000,0] R[r 8=000000000000d00f,0] 
 inst=[00800f93,0] li      t6, 8
C0:        862 [1] pc=[004000002c,0] W[r 0=0000000000000000,0][0] R[r30=0000000000000010,0] R[r31=0000000000000008,0] 
 inst=[03ff0a63,0] beq     t5, t6, pc + 52
C0:        863 [1] pc=[0040000030,0] W[r31=0000000000000009,0][1] R[r 0=0000000000000000,0] R[r 9=000000000000d00f,0] 
 inst=[00900f93,0] li      t6, 9
C0:        864 [1] pc=[0040000034,0] W[r 0=0000000000000000,0][0] R[r30=0000000000000010,0] R[r31=0000000000000009,0] 
 inst=[03ff0663,0] beq     t5, t6, pc + 44
C0:        865 [1] pc=[0040000038,0] W[r31=000000000000000b,0][1] R[r 0=0000000000000000,0] R[r11=000000000000d00f,0] 
 inst=[00b00f93,0] li      t6, 11
C0:        866 [1] pc=[004000003c,0] W[r 0=0000000000000000,0][0] R[r30=0000000000000010,0] R[r31=000000000000000b,0] 
 inst=[03ff0263,0] beq     t5, t6, pc + 36
C0:        867 [1] pc=[0040000040,0] W[r30=0000000040000040,0][1] R[r 0=0000000000000000,0] R[r 0=0000000000000000,0] 
 inst=[00000f17,0] auipc   t5, 0x0
C0:        868 [1] pc=[0040000044,0] W[r30=0000000040000270,0][1] R[r30=0000000040000040,0] R[r16=000000000000d00f,0] 
 inst=[230f0f13,0] addi    t5, t5, 560
C0:        869 [1] pc=[0040000048,0] W[r 0=0000000000000000,0][0] R[r30=0000000040000270,0] R[r 0=0000000000000000,0] 
 inst=[000f0463,0] beqz    t5, pc + 8
C0:        870 [1] pc=[004000004c,0] W[r 0=0000000040000050,0][1] R[r30=0000000040000270,0] R[r 0=0000000000000000,0] 
 inst=[000f0067,0] jr      t5
C0:        871 [1] pc=[0040000270,0] W[r16=000000000000000a,0][1] R[r 0=0000000000000000,0] R[r10=000000000000d00f,0] 
 inst=[00a00813,0] li      a6, 10
C0:        872 [1] pc=[0040000274,0] W[r 0=0000000000000000,0][0] R[r28=0000000000000008,0] R[r16=000000000000000a,0] 
 inst=[fd0e0ee3,0] beq     t3, a6, pc - 36
C0:        873 [1] pc=[0040000278,0] W[r16=0000000000000004,0][1] R[r 0=0000000000000000,0] R[r 4=000000000000d00f,0] 
 inst=[00400813,0] li      a6, 4
C0:        874 [1] pc=[004000027c,0] W[r 0=0000000000000001,0][0] R[r28=0000000000000008,0] R[r16=0000000000000004,0] 
 inst=[010e5463,0] bge     t3, a6, pc + 8
C0:        878 [1] pc=[0040000284,0] W[r16=0000000000000010,0][1] R[r 0=0000000000000000,0] R[r16=000000000000d00f,0] 
 inst=[01000813,0] li      a6, 16
C0:        879 [1] pc=[0040000288,0] W[r17=0000000000000010,0][1] R[r 0=0000000000000000,0] R[r 2=000000000000d00f,0] 
 inst=[342028f3,0] csrr    a7, mcause
C0:        882 [1] pc=[004000028c,0] W[r 0=0000000000000000,0][0] R[r16=0000000000000010,0] R[r17=0000000000000010,0] 
 inst=[fd1812e3,0] bne     a6, a7, pc - 60
C0:        883 [1] pc=[0040000290,0] W[r16=00000000400001c8,0][1] R[r 0=0000000000000000,0] R[r 1=0000000000000013,0] 
 inst=[34102873,0] csrr    a6, mepc
C0:        886 [1] pc=[0040000294,0] W[r16=00000000400001d4,0][1] R[r16=00000000400001c8,0] R[r12=0000000000000013,0] 
 inst=[00c80813,0] addi    a6, a6, 12
C0:        887 [1] pc=[0040000298,0] W[r 0=00000000400001c8,0][1] R[r16=00000000400001d4,0] R[r 1=0000000000000013,0] 
 inst=[34181073,0] csrw    mepc, a6
C0:        888 [1] pc=[004000029c,0] W[r30=0000000000f0f900,0][1] R[r 0=0000000000000000,0] R[r 0=0000000000000000,0] 
 inst=[34002f73,0] csrr    t5, mscratch
C0:        891 [1] pc=[00400002a0,0] W[r 0=0000000000f0f0f0,0][1] R[r30=0000000000f0f900,0] R[r16=0000000000000013,0] 
 inst=[bf0f1073,0] csrw    unknown_bf0, t5
C0:        895 [1] pc=[00400002a4,0] W[r 0=0000000000000000,0][0] R[r 0=0000000000000000,0] R[r 2=0000000000000013,0] 
 inst=[30200073,0] mret
C0:        900 [1] pc=[00400001d4,0] W[r 0=0000000000000000,0][0] R[r 5=000000000000d00d,0] R[r 6=000000000000d00d,0] 
 inst=[06629e63,0] bne     t0, t1, pc + 124
C0:        901 [1] pc=[00400001d8,0] W[r28=0000000000000009,0][1] R[r 0=0000000000000000,0] R[r 9=000000000000d00f,0] 
 inst=[00900e13,0] li      t3, 9
C0:        902 [0] pc=[00400001dc,0] W[r 0=000000000000000f,9][0] R[r10=0000000040000308,0] R[r 0=0000000000000000,0] 
 inst=[04050283,0] lb      t0, 64(a0)
C0:        907 [1] pc=[0040000004,0] W[r30=0000000000f0f900,0][1] R[r 0=0000000000000000,0] R[r16=000000000000d00f,0] 
 inst=[bf002f73,0] csrr    t5, unknown_bf0
C0:        910 [1] pc=[0040000008,0] W[r 0=0000000000f0f900,0][1] R[r30=0000000000f0f900,0] R[r 0=0000000000000000,0] 
 inst=[340f1073,0] csrw    mscratch, t5
C0:        911 [1] pc=[004000000c,0] W[r31=00000000000000f0,0][1] R[r 0=0000000000000000,0] R[r16=000000000000d00f,0] 
 inst=[0f000f93,0] li      t6, 240
C0:        912 [1] pc=[0040000010,0] W[r30=000000000000f000,0][1] R[r 1=0000000000f0f903,0] R[r 0=0000000000000000,0] 
 inst=[0000ff37,0] lui     t5, 0xf
C0:        913 [1] pc=[0040000014,0] W[r31=000000000000f0f0,0][1] R[r31=00000000000000f0,0] R[r30=000000000000f000,0] 
 inst=[01efefb3,0] or      t6, t6, t5
C0:        914 [1] pc=[0040000018,0] W[r30=0000000000f00000,0][1] R[r 0=0000000000000000,0] R[r15=000000000000d00f,0] 
 inst=[00f00f37,0] lui     t5, 0xf00
C0:        915 [1] pc=[004000001c,0] W[r31=0000000000f0f0f0,0][1] R[r31=000000000000f0f0,0] R[r30=0000000000f00000,0] 
 inst=[01efefb3,0] or      t6, t6, t5
C0:        916 [1] pc=[0040000020,0] W[r 0=0000000000f0f900,0][1] R[r31=0000000000f0f0f0,0] R[r16=000000000000d00f,0] 
 inst=[bf0f9073,0] csrw    unknown_bf0, t6
C0:        920 [1] pc=[0040000024,0] W[r30=0000000000000010,0][1] R[r 0=0000000000000000,0] R[r 2=000000000000d00f,0] 
 inst=[34202f73,0] csrr    t5, mcause
C0:        921 [1] pc=[0040000028,0] W[r31=0000000000000008,0][1] R[r 0=0000000000000000,0] R[r 8=000000000000d00f,0] 
 inst=[00800f93,0] li      t6, 8
C0:        923 [1] pc=[004000002c,0] W[r 0=0000000000000000,0][0] R[r30=0000000000000010,0] R[r31=0000000000000008,0] 
 inst=[03ff0a63,0] beq     t5, t6, pc + 52
C0:        924 [1] pc=[0040000030,0] W[r31=0000000000000009,0][1] R[r 0=0000000000000000,0] R[r 9=000000000000d00f,0] 
 inst=[00900f93,0] li      t6, 9
C0:        925 [1] pc=[0040000034,0] W[r 0=0000000000000000,0][0] R[r30=0000000000000010,0] R[r31=0000000000000009,0] 
 inst=[03ff0663,0] beq     t5, t6, pc + 44
C0:        926 [1] pc=[0040000038,0] W[r31=000000000000000b,0][1] R[r 0=0000000000000000,0] R[r11=000000000000d00f,0] 
 inst=[00b00f93,0] li      t6, 11
C0:        927 [1] pc=[004000003c,0] W[r 0=0000000000000000,0][0] R[r30=0000000000000010,0] R[r31=000000000000000b,0] 
 inst=[03ff0263,0] beq     t5, t6, pc + 36
C0:        928 [1] pc=[0040000040,0] W[r30=0000000040000040,0][1] R[r 0=0000000000000000,0] R[r 0=0000000000000000,0] 
 inst=[00000f17,0] auipc   t5, 0x0
C0:        929 [1] pc=[0040000044,0] W[r30=0000000040000270,0][1] R[r30=0000000040000040,0] R[r16=000000000000d00f,0] 
 inst=[230f0f13,0] addi    t5, t5, 560
C0:        930 [1] pc=[0040000048,0] W[r 0=0000000000000000,0][0] R[r30=0000000040000270,0] R[r 0=0000000000000000,0] 
 inst=[000f0463,0] beqz    t5, pc + 8
C0:        931 [1] pc=[004000004c,0] W[r 0=0000000040000050,0][1] R[r30=0000000040000270,0] R[r 0=0000000000000000,0] 
 inst=[000f0067,0] jr      t5
C0:        932 [1] pc=[0040000270,0] W[r16=000000000000000a,0][1] R[r 0=0000000000000000,0] R[r10=000000000000d00f,0] 
 inst=[00a00813,0] li      a6, 10
C0:        933 [1] pc=[0040000274,0] W[r 0=0000000000000000,0][0] R[r28=0000000000000009,0] R[r16=000000000000000a,0] 
 inst=[fd0e0ee3,0] beq     t3, a6, pc - 36
C0:        934 [1] pc=[0040000278,0] W[r16=0000000000000004,0][1] R[r 0=0000000000000000,0] R[r 4=000000000000d00f,0] 
 inst=[00400813,0] li      a6, 4
C0:        935 [1] pc=[004000027c,0] W[r 0=0000000000000001,0][0] R[r28=0000000000000009,0] R[r16=0000000000000004,0] 
 inst=[010e5463,0] bge     t3, a6, pc + 8
C0:        939 [1] pc=[0040000284,0] W[r16=0000000000000010,0][1] R[r 0=0000000000000000,0] R[r16=000000000000d00f,0] 
 inst=[01000813,0] li      a6, 16
C0:        940 [1] pc=[0040000288,0] W[r17=0000000000000010,0][1] R[r 0=0000000000000000,0] R[r 2=000000000000d00f,0] 
 inst=[342028f3,0] csrr    a7, mcause
C0:        943 [1] pc=[004000028c,0] W[r 0=0000000000000000,0][0] R[r16=0000000000000010,0] R[r17=0000000000000010,0] 
 inst=[fd1812e3,0] bne     a6, a7, pc - 60
C0:        944 [1] pc=[0040000290,0] W[r16=00000000400001dc,0][1] R[r 0=0000000000000000,0] R[r 1=0000000000000013,0] 
 inst=[34102873,0] csrr    a6, mepc
C0:        947 [1] pc=[0040000294,0] W[r16=00000000400001e8,0][1] R[r16=00000000400001dc,0] R[r12=0000000000000013,0] 
 inst=[00c80813,0] addi    a6, a6, 12
C0:        948 [1] pc=[0040000298,0] W[r 0=00000000400001dc,0][1] R[r16=00000000400001e8,0] R[r 1=0000000000000013,0] 
 inst=[34181073,0] csrw    mepc, a6
C0:        949 [1] pc=[004000029c,0] W[r30=0000000000f0f900,0][1] R[r 0=0000000000000000,0] R[r 0=0000000000000000,0] 
 inst=[34002f73,0] csrr    t5, mscratch
C0:        952 [1] pc=[00400002a0,0] W[r 0=0000000000f0f0f0,0][1] R[r30=0000000000f0f900,0] R[r16=0000000000000013,0] 
 inst=[bf0f1073,0] csrw    unknown_bf0, t5
C0:        956 [1] pc=[00400002a4,0] W[r 0=0000000000000000,0][0] R[r 0=0000000000000000,0] R[r 2=0000000000000013,0] 
 inst=[30200073,0] mret
C0:        961 [1] pc=[00400001e8,0] W[r 0=0000000000000000,0][0] R[r 5=000000000000d00d,0] R[r 6=000000000000d00d,0] 
 inst=[06629463,0] bne     t0, t1, pc + 104
C0:        962 [1] pc=[00400001ec,0] W[r28=000000000000000a,0][1] R[r 0=0000000000000000,0] R[r10=000000000000d00f,0] 
 inst=[00a00e13,0] li      t3, 10
C0:        963 [1] pc=[00400001f0,0] W[r 0=0000000000000000,0][0] R[r 5=000000000000d00d,0] R[r 6=000000000000d00d,0] 
 inst=[06629063,0] bne     t0, t1, pc + 96
C0:        964 [1] pc=[00400001f4,0] W[r 1=000000000000f000,0][1] R[r 1=000000000000d00f,0] R[r 0=0000000000000000,0] 
 inst=[0000f0b7,0] lui     ra, 0xf
C0:        965 [1] pc=[00400001f8,0] W[r 0=0000000000f0f900,0][1] R[r 1=000000000000f000,0] R[r16=000000000000d00f,0] 
 inst=[8f00b073,0] csrc    unknown_8f0, ra
TagXact1: (0) Read 0xb8000020 miss
TagXact1: (0) Read 0xbffc0000 miss
TagXact1: (0) FetchRead 0xbffffe00 => 0000000000000000
C0:       1003 [1] pc=[00400001fc,0] W[r28=000000000000000b,0][1] R[r 0=0000000000000000,0] R[r11=000000000000d00f,0] 
 inst=[00b00e13,0] li      t3, 11
C0:       1004 [0] pc=[0040000200,0] W[r 0=000000000000000f,0][0] R[r10=0000000040000308,0] R[r 0=0000000000000000,0] 
 inst=[04052003,0] lw      zero, 64(a0)
C0:       1009 [1] pc=[0040000004,0] W[r30=0000000000f00900,0][1] R[r 0=0000000000000000,0] R[r16=000000000000d00f,0] 
 inst=[bf002f73,0] csrr    t5, unknown_bf0
C0:       1012 [1] pc=[0040000008,0] W[r 0=0000000000f0f900,0][1] R[r30=0000000000f00900,0] R[r 0=0000000000000000,0] 
 inst=[340f1073,0] csrw    mscratch, t5
C0:       1013 [1] pc=[004000000c,0] W[r31=00000000000000f0,0][1] R[r 0=0000000000000000,0] R[r16=000000000000d00f,0] 
 inst=[0f000f93,0] li      t6, 240
C0:       1014 [1] pc=[0040000010,0] W[r30=000000000000f000,0][1] R[r 1=0000000000f00903,0] R[r 0=0000000000000000,0] 
 inst=[0000ff37,0] lui     t5, 0xf
C0:       1015 [1] pc=[0040000014,0] W[r31=000000000000f0f0,0][1] R[r31=00000000000000f0,0] R[r30=000000000000f000,0] 
 inst=[01efefb3,0] or      t6, t6, t5
C0:       1016 [1] pc=[0040000018,0] W[r30=0000000000f00000,0][1] R[r 0=0000000000000000,0] R[r15=000000000000d00f,0] 
 inst=[00f00f37,0] lui     t5, 0xf00
C0:       1017 [1] pc=[004000001c,0] W[r31=0000000000f0f0f0,0][1] R[r31=000000000000f0f0,0] R[r30=0000000000f00000,0] 
 inst=[01efefb3,0] or      t6, t6, t5
C0:       1018 [1] pc=[0040000020,0] W[r 0=0000000000f00900,0][1] R[r31=0000000000f0f0f0,0] R[r16=000000000000d00f,0] 
 inst=[bf0f9073,0] csrw    unknown_bf0, t6
C0:       1022 [1] pc=[0040000024,0] W[r30=0000000000000010,0][1] R[r 0=0000000000000000,0] R[r 2=000000000000d00f,0] 
 inst=[34202f73,0] csrr    t5, mcause
C0:       1023 [1] pc=[0040000028,0] W[r31=0000000000000008,0][1] R[r 0=0000000000000000,0] R[r 8=000000000000d00f,0] 
 inst=[00800f93,0] li      t6, 8
C0:       1025 [1] pc=[004000002c,0] W[r 0=0000000000000000,0][0] R[r30=0000000000000010,0] R[r31=0000000000000008,0] 
 inst=[03ff0a63,0] beq     t5, t6, pc + 52
C0:       1026 [1] pc=[0040000030,0] W[r31=0000000000000009,0][1] R[r 0=0000000000000000,0] R[r 9=000000000000d00f,0] 
 inst=[00900f93,0] li      t6, 9
C0:       1027 [1] pc=[0040000034,0] W[r 0=0000000000000000,0][0] R[r30=0000000000000010,0] R[r31=0000000000000009,0] 
 inst=[03ff0663,0] beq     t5, t6, pc + 44
C0:       1028 [1] pc=[0040000038,0] W[r31=000000000000000b,0][1] R[r 0=0000000000000000,0] R[r11=000000000000d00f,0] 
 inst=[00b00f93,0] li      t6, 11
C0:       1029 [1] pc=[004000003c,0] W[r 0=0000000000000000,0][0] R[r30=0000000000000010,0] R[r31=000000000000000b,0] 
 inst=[03ff0263,0] beq     t5, t6, pc + 36
C0:       1030 [1] pc=[0040000040,0] W[r30=0000000040000040,0][1] R[r 0=0000000000000000,0] R[r 0=0000000000000000,0] 
 inst=[00000f17,0] auipc   t5, 0x0
C0:       1031 [1] pc=[0040000044,0] W[r30=0000000040000270,0][1] R[r30=0000000040000040,0] R[r16=000000000000d00f,0] 
 inst=[230f0f13,0] addi    t5, t5, 560
C0:       1032 [1] pc=[0040000048,0] W[r 0=0000000000000000,0][0] R[r30=0000000040000270,0] R[r 0=0000000000000000,0] 
 inst=[000f0463,0] beqz    t5, pc + 8
C0:       1033 [1] pc=[004000004c,0] W[r 0=0000000040000050,0][1] R[r30=0000000040000270,0] R[r 0=0000000000000000,0] 
 inst=[000f0067,0] jr      t5
C0:       1034 [1] pc=[0040000270,0] W[r16=000000000000000a,0][1] R[r 0=0000000000000000,0] R[r10=000000000000d00f,0] 
 inst=[00a00813,0] li      a6, 10
C0:       1035 [1] pc=[0040000274,0] W[r 0=0000000000000000,0][0] R[r28=000000000000000b,0] R[r16=000000000000000a,0] 
 inst=[fd0e0ee3,0] beq     t3, a6, pc - 36
C0:       1036 [1] pc=[0040000278,0] W[r16=0000000000000004,0][1] R[r 0=0000000000000000,0] R[r 4=000000000000d00f,0] 
 inst=[00400813,0] li      a6, 4
C0:       1037 [1] pc=[004000027c,0] W[r 0=0000000000000001,0][0] R[r28=000000000000000b,0] R[r16=0000000000000004,0] 
 inst=[010e5463,0] bge     t3, a6, pc + 8
C0:       1038 [1] pc=[0040000284,0] W[r16=0000000000000010,0][1] R[r 0=0000000000000000,0] R[r16=0000000000000004,0] 
 inst=[01000813,0] li      a6, 16
C0:       1039 [1] pc=[0040000288,0] W[r17=0000000000000010,0][1] R[r 0=0000000000000000,0] R[r 2=000000000000d00f,0] 
 inst=[342028f3,0] csrr    a7, mcause
C0:       1042 [1] pc=[004000028c,0] W[r 0=0000000000000000,0][0] R[r16=0000000000000010,0] R[r17=0000000000000010,0] 
 inst=[fd1812e3,0] bne     a6, a7, pc - 60
C0:       1043 [1] pc=[0040000290,0] W[r16=0000000040000200,0][1] R[r 0=0000000000000000,0] R[r 1=0000000000000013,0] 
 inst=[34102873,0] csrr    a6, mepc
C0:       1046 [1] pc=[0040000294,0] W[r16=000000004000020c,0][1] R[r16=0000000040000200,0] R[r12=0000000000000013,0] 
 inst=[00c80813,0] addi    a6, a6, 12
C0:       1047 [1] pc=[0040000298,0] W[r 0=0000000040000200,0][1] R[r16=000000004000020c,0] R[r 1=0000000000000013,0] 
 inst=[34181073,0] csrw    mepc, a6
C0:       1048 [1] pc=[004000029c,0] W[r30=0000000000f00900,0][1] R[r 0=0000000000000000,0] R[r 0=0000000000000000,0] 
 inst=[34002f73,0] csrr    t5, mscratch
C0:       1051 [1] pc=[00400002a0,0] W[r 0=0000000000f0f0f0,0][1] R[r30=0000000000f00900,0] R[r16=0000000000000013,0] 
 inst=[bf0f1073,0] csrw    unknown_bf0, t5
C0:       1055 [1] pc=[00400002a4,0] W[r 0=0000000000000000,0][0] R[r 0=0000000000000000,0] R[r 2=0000000000000013,0] 
 inst=[30200073,0] mret
C0:       1060 [1] pc=[004000020c,0] W[r 0=0000000000000000,0][0] R[r 5=000000000000d00d,0] R[r 6=000000000000d00d,0] 
 inst=[04629263,0] bne     t0, t1, pc + 68
C0:       1061 [1] pc=[0040000210,0] W[r28=000000000000000c,0][1] R[r 0=0000000000000000,0] R[r12=000000000000d00f,0] 
 inst=[00c00e13,0] li      t3, 12
C0:       1062 [0] pc=[0040000214,0] W[r 0=000000000000000f,0][0] R[r10=0000000040000308,0] R[r 0=0000000000000000,0] 
 inst=[04052003,0] lw      zero, 64(a0)
C0:       1067 [1] pc=[0040000004,0] W[r30=0000000000f00900,0][1] R[r 0=0000000000000000,0] R[r16=000000000000d00f,0] 
 inst=[bf002f73,0] csrr    t5, unknown_bf0
C0:       1070 [1] pc=[0040000008,0] W[r 0=0000000000f00900,0][1] R[r30=0000000000f00900,0] R[r 0=0000000000000000,0] 
 inst=[340f1073,0] csrw    mscratch, t5
C0:       1071 [1] pc=[004000000c,0] W[r31=00000000000000f0,0][1] R[r 0=0000000000000000,0] R[r16=000000000000d00f,0] 
 inst=[0f000f93,0] li      t6, 240
C0:       1072 [1] pc=[0040000010,0] W[r30=000000000000f000,0][1] R[r 1=0000000000f00903,0] R[r 0=0000000000000000,0] 
 inst=[0000ff37,0] lui     t5, 0xf
C0:       1073 [1] pc=[0040000014,0] W[r31=000000000000f0f0,0][1] R[r31=00000000000000f0,0] R[r30=000000000000f000,0] 
 inst=[01efefb3,0] or      t6, t6, t5
C0:       1074 [1] pc=[0040000018,0] W[r30=0000000000f00000,0][1] R[r 0=0000000000000000,0] R[r15=000000000000d00f,0] 
 inst=[00f00f37,0] lui     t5, 0xf00
C0:       1075 [1] pc=[004000001c,0] W[r31=0000000000f0f0f0,0][1] R[r31=000000000000f0f0,0] R[r30=0000000000f00000,0] 
 inst=[01efefb3,0] or      t6, t6, t5
C0:       1076 [1] pc=[0040000020,0] W[r 0=0000000000f00900,0][1] R[r31=0000000000f0f0f0,0] R[r16=000000000000d00f,0] 
 inst=[bf0f9073,0] csrw    unknown_bf0, t6
C0:       1080 [1] pc=[0040000024,0] W[r30=0000000000000010,0][1] R[r 0=0000000000000000,0] R[r 2=000000000000d00f,0] 
 inst=[34202f73,0] csrr    t5, mcause
C0:       1081 [1] pc=[0040000028,0] W[r31=0000000000000008,0][1] R[r 0=0000000000000000,0] R[r 8=000000000000d00f,0] 
 inst=[00800f93,0] li      t6, 8
C0:       1083 [1] pc=[004000002c,0] W[r 0=0000000000000000,0][0] R[r30=0000000000000010,0] R[r31=0000000000000008,0] 
 inst=[03ff0a63,0] beq     t5, t6, pc + 52
C0:       1084 [1] pc=[0040000030,0] W[r31=0000000000000009,0][1] R[r 0=0000000000000000,0] R[r 9=000000000000d00f,0] 
 inst=[00900f93,0] li      t6, 9
C0:       1085 [1] pc=[0040000034,0] W[r 0=0000000000000000,0][0] R[r30=0000000000000010,0] R[r31=0000000000000009,0] 
 inst=[03ff0663,0] beq     t5, t6, pc + 44
C0:       1086 [1] pc=[0040000038,0] W[r31=000000000000000b,0][1] R[r 0=0000000000000000,0] R[r11=000000000000d00f,0] 
 inst=[00b00f93,0] li      t6, 11
C0:       1087 [1] pc=[004000003c,0] W[r 0=0000000000000000,0][0] R[r30=0000000000000010,0] R[r31=000000000000000b,0] 
 inst=[03ff0263,0] beq     t5, t6, pc + 36
C0:       1088 [1] pc=[0040000040,0] W[r30=0000000040000040,0][1] R[r 0=0000000000000000,0] R[r 0=0000000000000000,0] 
 inst=[00000f17,0] auipc   t5, 0x0
C0:       1089 [1] pc=[0040000044,0] W[r30=0000000040000270,0][1] R[r30=0000000040000040,0] R[r16=000000000000d00f,0] 
 inst=[230f0f13,0] addi    t5, t5, 560
C0:       1090 [1] pc=[0040000048,0] W[r 0=0000000000000000,0][0] R[r30=0000000040000270,0] R[r 0=0000000000000000,0] 
 inst=[000f0463,0] beqz    t5, pc + 8
C0:       1091 [1] pc=[004000004c,0] W[r 0=0000000040000050,0][1] R[r30=0000000040000270,0] R[r 0=0000000000000000,0] 
 inst=[000f0067,0] jr      t5
C0:       1092 [1] pc=[0040000270,0] W[r16=000000000000000a,0][1] R[r 0=0000000000000000,0] R[r10=000000000000d00f,0] 
 inst=[00a00813,0] li      a6, 10
C0:       1093 [1] pc=[0040000274,0] W[r 0=0000000000000000,0][0] R[r28=000000000000000c,0] R[r16=000000000000000a,0] 
 inst=[fd0e0ee3,0] beq     t3, a6, pc - 36
C0:       1094 [1] pc=[0040000278,0] W[r16=0000000000000004,0][1] R[r 0=0000000000000000,0] R[r 4=000000000000d00f,0] 
 inst=[00400813,0] li      a6, 4
C0:       1095 [1] pc=[004000027c,0] W[r 0=0000000000000001,0][0] R[r28=000000000000000c,0] R[r16=0000000000000004,0] 
 inst=[010e5463,0] bge     t3, a6, pc + 8
C0:       1096 [1] pc=[0040000284,0] W[r16=0000000000000010,0][1] R[r 0=0000000000000000,0] R[r16=0000000000000004,0] 
 inst=[01000813,0] li      a6, 16
C0:       1097 [1] pc=[0040000288,0] W[r17=0000000000000010,0][1] R[r 0=0000000000000000,0] R[r 2=000000000000d00f,0] 
 inst=[342028f3,0] csrr    a7, mcause
C0:       1100 [1] pc=[004000028c,0] W[r 0=0000000000000000,0][0] R[r16=0000000000000010,0] R[r17=0000000000000010,0] 
 inst=[fd1812e3,0] bne     a6, a7, pc - 60
C0:       1101 [1] pc=[0040000290,0] W[r16=0000000040000214,0][1] R[r 0=0000000000000000,0] R[r 1=0000000000000013,0] 
 inst=[34102873,0] csrr    a6, mepc
C0:       1104 [1] pc=[0040000294,0] W[r16=0000000040000220,0][1] R[r16=0000000040000214,0] R[r12=0000000000000013,0] 
 inst=[00c80813,0] addi    a6, a6, 12
C0:       1105 [1] pc=[0040000298,0] W[r 0=0000000040000214,0][1] R[r16=0000000040000220,0] R[r 1=0000000000000013,0] 
 inst=[34181073,0] csrw    mepc, a6
C0:       1106 [1] pc=[004000029c,0] W[r30=0000000000f00900,0][1] R[r 0=0000000000000000,0] R[r 0=0000000000000000,0] 
 inst=[34002f73,0] csrr    t5, mscratch
C0:       1109 [1] pc=[00400002a0,0] W[r 0=0000000000f0f0f0,0][1] R[r30=0000000000f00900,0] R[r16=0000000000000013,0] 
 inst=[bf0f1073,0] csrw    unknown_bf0, t5
C0:       1113 [1] pc=[00400002a4,0] W[r 0=0000000000000000,0][0] R[r 0=0000000000000000,0] R[r 2=0000000000000013,0] 
 inst=[30200073,0] mret
C0:       1118 [1] pc=[0040000220,0] W[r 0=0000000000000000,0][0] R[r 5=000000000000d00d,0] R[r 6=000000000000d00d,0] 
 inst=[02629863,0] bne     t0, t1, pc + 48
C0:       1119 [1] pc=[0040000224,0] W[r28=000000000000000d,0][1] R[r 0=0000000000000000,0] R[r13=000000000000d00f,0] 
 inst=[00d00e13,0] li      t3, 13
C0:       1120 [0] pc=[0040000228,0] W[r 0=000000000000000f,0][0] R[r10=0000000040000308,0] R[r 0=0000000000000000,0] 
 inst=[04051003,0] lh      zero, 64(a0)
C0:       1125 [1] pc=[0040000004,0] W[r30=0000000000f00900,0][1] R[r 0=0000000000000000,0] R[r16=000000000000d00f,0] 
 inst=[bf002f73,0] csrr    t5, unknown_bf0
C0:       1128 [1] pc=[0040000008,0] W[r 0=0000000000f00900,0][1] R[r30=0000000000f00900,0] R[r 0=0000000000000000,0] 
 inst=[340f1073,0] csrw    mscratch, t5
C0:       1129 [1] pc=[004000000c,0] W[r31=00000000000000f0,0][1] R[r 0=0000000000000000,0] R[r16=000000000000d00f,0] 
 inst=[0f000f93,0] li      t6, 240
C0:       1130 [1] pc=[0040000010,0] W[r30=000000000000f000,0][1] R[r 1=0000000000f00903,0] R[r 0=0000000000000000,0] 
 inst=[0000ff37,0] lui     t5, 0xf
C0:       1131 [1] pc=[0040000014,0] W[r31=000000000000f0f0,0][1] R[r31=00000000000000f0,0] R[r30=000000000000f000,0] 
 inst=[01efefb3,0] or      t6, t6, t5
C0:       1132 [1] pc=[0040000018,0] W[r30=0000000000f00000,0][1] R[r 0=0000000000000000,0] R[r15=000000000000d00f,0] 
 inst=[00f00f37,0] lui     t5, 0xf00
C0:       1133 [1] pc=[004000001c,0] W[r31=0000000000f0f0f0,0][1] R[r31=000000000000f0f0,0] R[r30=0000000000f00000,0] 
 inst=[01efefb3,0] or      t6, t6, t5
C0:       1134 [1] pc=[0040000020,0] W[r 0=0000000000f00900,0][1] R[r31=0000000000f0f0f0,0] R[r16=000000000000d00f,0] 
 inst=[bf0f9073,0] csrw    unknown_bf0, t6
C0:       1138 [1] pc=[0040000024,0] W[r30=0000000000000010,0][1] R[r 0=0000000000000000,0] R[r 2=000000000000d00f,0] 
 inst=[34202f73,0] csrr    t5, mcause
C0:       1139 [1] pc=[0040000028,0] W[r31=0000000000000008,0][1] R[r 0=0000000000000000,0] R[r 8=000000000000d00f,0] 
 inst=[00800f93,0] li      t6, 8
C0:       1141 [1] pc=[004000002c,0] W[r 0=0000000000000000,0][0] R[r30=0000000000000010,0] R[r31=0000000000000008,0] 
 inst=[03ff0a63,0] beq     t5, t6, pc + 52
C0:       1142 [1] pc=[0040000030,0] W[r31=0000000000000009,0][1] R[r 0=0000000000000000,0] R[r 9=000000000000d00f,0] 
 inst=[00900f93,0] li      t6, 9
C0:       1143 [1] pc=[0040000034,0] W[r 0=0000000000000000,0][0] R[r30=0000000000000010,0] R[r31=0000000000000009,0] 
 inst=[03ff0663,0] beq     t5, t6, pc + 44
C0:       1144 [1] pc=[0040000038,0] W[r31=000000000000000b,0][1] R[r 0=0000000000000000,0] R[r11=000000000000d00f,0] 
 inst=[00b00f93,0] li      t6, 11
C0:       1145 [1] pc=[004000003c,0] W[r 0=0000000000000000,0][0] R[r30=0000000000000010,0] R[r31=000000000000000b,0] 
 inst=[03ff0263,0] beq     t5, t6, pc + 36
C0:       1146 [1] pc=[0040000040,0] W[r30=0000000040000040,0][1] R[r 0=0000000000000000,0] R[r 0=0000000000000000,0] 
 inst=[00000f17,0] auipc   t5, 0x0
C0:       1147 [1] pc=[0040000044,0] W[r30=0000000040000270,0][1] R[r30=0000000040000040,0] R[r16=000000000000d00f,0] 
 inst=[230f0f13,0] addi    t5, t5, 560
C0:       1148 [1] pc=[0040000048,0] W[r 0=0000000000000000,0][0] R[r30=0000000040000270,0] R[r 0=0000000000000000,0] 
 inst=[000f0463,0] beqz    t5, pc + 8
C0:       1149 [1] pc=[004000004c,0] W[r 0=0000000040000050,0][1] R[r30=0000000040000270,0] R[r 0=0000000000000000,0] 
 inst=[000f0067,0] jr      t5
C0:       1150 [1] pc=[0040000270,0] W[r16=000000000000000a,0][1] R[r 0=0000000000000000,0] R[r10=000000000000d00f,0] 
 inst=[00a00813,0] li      a6, 10
C0:       1151 [1] pc=[0040000274,0] W[r 0=0000000000000000,0][0] R[r28=000000000000000d,0] R[r16=000000000000000a,0] 
 inst=[fd0e0ee3,0] beq     t3, a6, pc - 36
C0:       1152 [1] pc=[0040000278,0] W[r16=0000000000000004,0][1] R[r 0=0000000000000000,0] R[r 4=000000000000d00f,0] 
 inst=[00400813,0] li      a6, 4
C0:       1153 [1] pc=[004000027c,0] W[r 0=0000000000000001,0][0] R[r28=000000000000000d,0] R[r16=0000000000000004,0] 
 inst=[010e5463,0] bge     t3, a6, pc + 8
C0:       1154 [1] pc=[0040000284,0] W[r16=0000000000000010,0][1] R[r 0=0000000000000000,0] R[r16=0000000000000004,0] 
 inst=[01000813,0] li      a6, 16
C0:       1155 [1] pc=[0040000288,0] W[r17=0000000000000010,0][1] R[r 0=0000000000000000,0] R[r 2=000000000000d00f,0] 
 inst=[342028f3,0] csrr    a7, mcause
C0:       1158 [1] pc=[004000028c,0] W[r 0=0000000000000000,0][0] R[r16=0000000000000010,0] R[r17=0000000000000010,0] 
 inst=[fd1812e3,0] bne     a6, a7, pc - 60
C0:       1159 [1] pc=[0040000290,0] W[r16=0000000040000228,0][1] R[r 0=0000000000000000,0] R[r 1=0000000000000013,0] 
 inst=[34102873,0] csrr    a6, mepc
C0:       1162 [1] pc=[0040000294,0] W[r16=0000000040000234,0][1] R[r16=0000000040000228,0] R[r12=0000000000000013,0] 
 inst=[00c80813,0] addi    a6, a6, 12
C0:       1163 [1] pc=[0040000298,0] W[r 0=0000000040000228,0][1] R[r16=0000000040000234,0] R[r 1=0000000000000013,0] 
 inst=[34181073,0] csrw    mepc, a6
C0:       1164 [1] pc=[004000029c,0] W[r30=0000000000f00900,0][1] R[r 0=0000000000000000,0] R[r 0=0000000000000000,0] 
 inst=[34002f73,0] csrr    t5, mscratch
C0:       1167 [1] pc=[00400002a0,0] W[r 0=0000000000f0f0f0,0][1] R[r30=0000000000f00900,0] R[r16=0000000000000013,0] 
 inst=[bf0f1073,0] csrw    unknown_bf0, t5
C0:       1171 [1] pc=[00400002a4,0] W[r 0=0000000000000000,0][0] R[r 0=0000000000000000,0] R[r 2=0000000000000013,0] 
 inst=[30200073,0] mret
C0:       1176 [1] pc=[0040000234,0] W[r 0=0000000000000000,0][0] R[r 5=000000000000d00d,0] R[r 6=000000000000d00d,0] 
 inst=[00629e63,0] bne     t0, t1, pc + 28
C0:       1177 [1] pc=[0040000238,0] W[r28=000000000000000e,0][1] R[r 0=0000000000000000,0] R[r14=000000000000d00f,0] 
 inst=[00e00e13,0] li      t3, 14
C0:       1178 [0] pc=[004000023c,0] W[r 0=000000000000000f,0][0] R[r10=0000000040000308,0] R[r 0=0000000000000000,0] 
 inst=[04050003,0] lb      zero, 64(a0)
C0:       1183 [1] pc=[0040000004,0] W[r30=0000000000f00900,0][1] R[r 0=0000000000000000,0] R[r16=000000000000d00f,0] 
 inst=[bf002f73,0] csrr    t5, unknown_bf0
C0:       1186 [1] pc=[0040000008,0] W[r 0=0000000000f00900,0][1] R[r30=0000000000f00900,0] R[r 0=0000000000000000,0] 
 inst=[340f1073,0] csrw    mscratch, t5
C0:       1187 [1] pc=[004000000c,0] W[r31=00000000000000f0,0][1] R[r 0=0000000000000000,0] R[r16=000000000000d00f,0] 
 inst=[0f000f93,0] li      t6, 240
C0:       1188 [1] pc=[0040000010,0] W[r30=000000000000f000,0][1] R[r 1=0000000000f00903,0] R[r 0=0000000000000000,0] 
 inst=[0000ff37,0] lui     t5, 0xf
C0:       1189 [1] pc=[0040000014,0] W[r31=000000000000f0f0,0][1] R[r31=00000000000000f0,0] R[r30=000000000000f000,0] 
 inst=[01efefb3,0] or      t6, t6, t5
C0:       1190 [1] pc=[0040000018,0] W[r30=0000000000f00000,0][1] R[r 0=0000000000000000,0] R[r15=000000000000d00f,0] 
 inst=[00f00f37,0] lui     t5, 0xf00
C0:       1191 [1] pc=[004000001c,0] W[r31=0000000000f0f0f0,0][1] R[r31=000000000000f0f0,0] R[r30=0000000000f00000,0] 
 inst=[01efefb3,0] or      t6, t6, t5
C0:       1192 [1] pc=[0040000020,0] W[r 0=0000000000f00900,0][1] R[r31=0000000000f0f0f0,0] R[r16=000000000000d00f,0] 
 inst=[bf0f9073,0] csrw    unknown_bf0, t6
C0:       1196 [1] pc=[0040000024,0] W[r30=0000000000000010,0][1] R[r 0=0000000000000000,0] R[r 2=000000000000d00f,0] 
 inst=[34202f73,0] csrr    t5, mcause
C0:       1197 [1] pc=[0040000028,0] W[r31=0000000000000008,0][1] R[r 0=0000000000000000,0] R[r 8=000000000000d00f,0] 
 inst=[00800f93,0] li      t6, 8
C0:       1199 [1] pc=[004000002c,0] W[r 0=0000000000000000,0][0] R[r30=0000000000000010,0] R[r31=0000000000000008,0] 
 inst=[03ff0a63,0] beq     t5, t6, pc + 52
C0:       1200 [1] pc=[0040000030,0] W[r31=0000000000000009,0][1] R[r 0=0000000000000000,0] R[r 9=000000000000d00f,0] 
 inst=[00900f93,0] li      t6, 9
C0:       1201 [1] pc=[0040000034,0] W[r 0=0000000000000000,0][0] R[r30=0000000000000010,0] R[r31=0000000000000009,0] 
 inst=[03ff0663,0] beq     t5, t6, pc + 44
C0:       1202 [1] pc=[0040000038,0] W[r31=000000000000000b,0][1] R[r 0=0000000000000000,0] R[r11=000000000000d00f,0] 
 inst=[00b00f93,0] li      t6, 11
C0:       1203 [1] pc=[004000003c,0] W[r 0=0000000000000000,0][0] R[r30=0000000000000010,0] R[r31=000000000000000b,0] 
 inst=[03ff0263,0] beq     t5, t6, pc + 36
C0:       1204 [1] pc=[0040000040,0] W[r30=0000000040000040,0][1] R[r 0=0000000000000000,0] R[r 0=0000000000000000,0] 
 inst=[00000f17,0] auipc   t5, 0x0
C0:       1205 [1] pc=[0040000044,0] W[r30=0000000040000270,0][1] R[r30=0000000040000040,0] R[r16=000000000000d00f,0] 
 inst=[230f0f13,0] addi    t5, t5, 560
C0:       1206 [1] pc=[0040000048,0] W[r 0=0000000000000000,0][0] R[r30=0000000040000270,0] R[r 0=0000000000000000,0] 
 inst=[000f0463,0] beqz    t5, pc + 8
C0:       1207 [1] pc=[004000004c,0] W[r 0=0000000040000050,0][1] R[r30=0000000040000270,0] R[r 0=0000000000000000,0] 
 inst=[000f0067,0] jr      t5
C0:       1208 [1] pc=[0040000270,0] W[r16=000000000000000a,0][1] R[r 0=0000000000000000,0] R[r10=000000000000d00f,0] 
 inst=[00a00813,0] li      a6, 10
C0:       1209 [1] pc=[0040000274,0] W[r 0=0000000000000000,0][0] R[r28=000000000000000e,0] R[r16=000000000000000a,0] 
 inst=[fd0e0ee3,0] beq     t3, a6, pc - 36
C0:       1210 [1] pc=[0040000278,0] W[r16=0000000000000004,0][1] R[r 0=0000000000000000,0] R[r 4=000000000000d00f,0] 
 inst=[00400813,0] li      a6, 4
C0:       1211 [1] pc=[004000027c,0] W[r 0=0000000000000001,0][0] R[r28=000000000000000e,0] R[r16=0000000000000004,0] 
 inst=[010e5463,0] bge     t3, a6, pc + 8
C0:       1212 [1] pc=[0040000284,0] W[r16=0000000000000010,0][1] R[r 0=0000000000000000,0] R[r16=0000000000000004,0] 
 inst=[01000813,0] li      a6, 16
C0:       1213 [1] pc=[0040000288,0] W[r17=0000000000000010,0][1] R[r 0=0000000000000000,0] R[r 2=000000000000d00f,0] 
 inst=[342028f3,0] csrr    a7, mcause
C0:       1216 [1] pc=[004000028c,0] W[r 0=0000000000000000,0][0] R[r16=0000000000000010,0] R[r17=0000000000000010,0] 
 inst=[fd1812e3,0] bne     a6, a7, pc - 60
C0:       1217 [1] pc=[0040000290,0] W[r16=000000004000023c,0][1] R[r 0=0000000000000000,0] R[r 1=0000000000000013,0] 
 inst=[34102873,0] csrr    a6, mepc
C0:       1220 [1] pc=[0040000294,0] W[r16=0000000040000248,0][1] R[r16=000000004000023c,0] R[r12=0000000000000013,0] 
 inst=[00c80813,0] addi    a6, a6, 12
C0:       1221 [1] pc=[0040000298,0] W[r 0=000000004000023c,0][1] R[r16=0000000040000248,0] R[r 1=0000000000000013,0] 
 inst=[34181073,0] csrw    mepc, a6
C0:       1222 [1] pc=[004000029c,0] W[r30=0000000000f00900,0][1] R[r 0=0000000000000000,0] R[r 0=0000000000000000,0] 
 inst=[34002f73,0] csrr    t5, mscratch
C0:       1225 [1] pc=[00400002a0,0] W[r 0=0000000000f0f0f0,0][1] R[r30=0000000000f00900,0] R[r16=0000000000000013,0] 
 inst=[bf0f1073,0] csrw    unknown_bf0, t5
C0:       1229 [1] pc=[00400002a4,0] W[r 0=0000000000000000,0][0] R[r 0=0000000000000000,0] R[r 2=0000000000000013,0] 
 inst=[30200073,0] mret
C0:       1234 [1] pc=[0040000248,0] W[r 0=0000000000000000,0][0] R[r 5=000000000000d00d,0] R[r 6=000000000000d00d,0] 
 inst=[00629463,0] bne     t0, t1, pc + 8
C0:       1235 [1] pc=[004000024c,0] W[r 0=0000000000000001,0][0] R[r 0=0000000000000000,0] R[r28=000000000000000e,0] 
 inst=[01c01c63,0] bne     zero, t3, pc + 24
C0:       1239 [1] pc=[0040000264,0] W[r 0=0000000000000004,0][0] R[r 0=0000000000000000,0] R[r31=000000000000000f,0] 
 inst=[0ff0000f,0] fence
C0:       1240 [1] pc=[0040000268,0] W[r28=0000000000000001,0][1] R[r 0=0000000000000000,0] R[r 1=000000000000000f,0] 
 inst=[00100e13,0] li      t3, 1
C0:       1241 [0] pc=[004000026c,0] W[r 0=0000000000000000,0][0] R[r 0=0000000000000000,0] R[r 0=0000000000000000,0] 
 inst=[00000073,0] ecall
C0:       1246 [1] pc=[0040000004,0] W[r30=0000000000f00900,0][1] R[r 0=0000000000000000,0] R[r16=000000000000000f,0] 
 inst=[bf002f73,0] csrr    t5, unknown_bf0
C0:       1249 [1] pc=[0040000008,0] W[r 0=0000000000f00900,0][1] R[r30=0000000000f00900,0] R[r 0=0000000000000000,0] 
 inst=[340f1073,0] csrw    mscratch, t5
C0:       1250 [1] pc=[004000000c,0] W[r31=00000000000000f0,0][1] R[r 0=0000000000000000,0] R[r16=000000000000000f,0] 
 inst=[0f000f93,0] li      t6, 240
C0:       1251 [1] pc=[0040000010,0] W[r30=000000000000f000,0][1] R[r 1=0000000000f00903,0] R[r 0=0000000000000000,0] 
 inst=[0000ff37,0] lui     t5, 0xf
C0:       1252 [1] pc=[0040000014,0] W[r31=000000000000f0f0,0][1] R[r31=00000000000000f0,0] R[r30=000000000000f000,0] 
 inst=[01efefb3,0] or      t6, t6, t5
C0:       1253 [1] pc=[0040000018,0] W[r30=0000000000f00000,0][1] R[r 0=0000000000000000,0] R[r15=000000000000000f,0] 
 inst=[00f00f37,0] lui     t5, 0xf00
C0:       1254 [1] pc=[004000001c,0] W[r31=0000000000f0f0f0,0][1] R[r31=000000000000f0f0,0] R[r30=0000000000f00000,0] 
 inst=[01efefb3,0] or      t6, t6, t5
C0:       1255 [1] pc=[0040000020,0] W[r 0=0000000000f00900,0][1] R[r31=0000000000f0f0f0,0] R[r16=000000000000000f,0] 
 inst=[bf0f9073,0] csrw    unknown_bf0, t6
C0:       1259 [1] pc=[0040000024,0] W[r30=0000000000000008,0][1] R[r 0=0000000000000000,0] R[r 2=000000000000000f,0] 
 inst=[34202f73,0] csrr    t5, mcause
C0:       1260 [1] pc=[0040000028,0] W[r31=0000000000000008,0][1] R[r 0=0000000000000000,0] R[r 8=000000000000000f,0] 
 inst=[00800f93,0] li      t6, 8
C0:       1262 [1] pc=[004000002c,0] W[r 0=0000000000000001,0][0] R[r30=0000000000000008,0] R[r31=0000000000000008,0] 
 inst=[03ff0a63,0] beq     t5, t6, pc + 52
C0:       1266 [1] pc=[0040000060,0] W[r30=0000000000004000,0][1] R[r 0=0000000000000000,0] R[r 0=0000000000000000,0] 
 inst=[00004f37,0] lui     t5, 0x4
C0:       1267 [1] pc=[0040000064,0] W[r 0=0000000000004000,0][0] R[r30=0000000000004000,0] R[r28=0000000000000001,0] 
 inst=[01cf2023,0] sw      t3, 0(t5)
C0:       1268 [1] pc=[0040000068,0] W[r 0=000000004000006c,0][1] R[r31=000000000000000b,0] R[r25=0000000000000003,0] 
 inst=[ff9ff06f,0] j       pc - 0x8
