C0:         17 [1] pc=[0000000000,0] W[r 5=0000000040000000,0][1] R[r 0=0000000000000000,0] R[r 0=0000000000000000,0] 
 inst=[40000297,0] auipc   t0, 0x40000
C0:         18 [1] pc=[0000000004,0] W[r 0=0000000000000008,0][1] R[r 5=0000000040000000,0] R[r 0=0000000000000000,0] 
 inst=[00028067,0] jr      t0
TagXact1: (0) Create 0xbffffe00
TagXact1: (0) Create 0xbffffe40
TagXact1: (0) Create 0xbffffe80
TagXact1: (0) Create 0xbffffec0
TagXact1: (0) Create 0xbfffff00
TagXact1: (0) Create 0xbfffff40
TagXact1: (0) Create 0xbfffff80
TagXact1: (0) Create 0xbfffffc0
C0:        166 [1] pc=[0040000000,0] W[r 0=0000000040000004,0][1] R[r 0=0000000000000000,0] R[r12=822bd126c26244cb,c] 
 inst=[06c0006f,0] j       pc + 0x6c
TagXact1: (0) Read 0xb8000004 miss
TagXact1: (0) Read 0xbffc0000 miss
TagXact1: (0) FetchRead 0xbffffe00 => 0000000000000000
C0:        208 [1] pc=[004000006c,0] W[r10=0000000000000000,0][1] R[r 0=0000000000000000,0] R[r20=822bd126c26244cb,c] 
 inst=[f1402573,0] csrr    a0, mhartid
C0:        211 [1] pc=[0040000070,0] W[r 0=0000000000000000,0][0] R[r10=0000000000000000,0] R[r 0=0000000000000000,0] 
 inst=[00051063,0] bnez    a0, pc + 0
C0:        212 [1] pc=[0040000074,0] W[r10=8000000000041129,0][1] R[r 0=0000000000000000,0] R[r16=822bd126c26244cb,c] 
 inst=[f1002573,0] csrr    a0, unknown_f10
C0:        215 [1] pc=[0040000078,0] W[r 0=0000000000000001,0][0] R[r10=8000000000041129,0] R[r 0=0000000000000000,0] 
 inst=[00054863,0] bltz    a0, pc + 16
TagXact1: (0) Read 0xb8000008 miss
TagXact1: (0) Read 0xbffc0000 miss
TagXact1: (0) FetchRead 0xbffffe00 => 0000000000000000
C0:        251 [1] pc=[0040000088,0] W[r28=0000000000000000,0][1] R[r 0=0000000000000000,0] R[r 0=0000000000000000,0] 
 inst=[00000e13,0] li      t3, 0
C0:        252 [1] pc=[004000008c,0] W[r 5=000000004000008c,0][1] R[r 0=0000000000000000,0] R[r 0=0000000000000000,0] 
 inst=[00000297,0] auipc   t0, 0x0
C0:        253 [1] pc=[0040000090,0] W[r 5=0000000040000004,0][1] R[r 5=000000004000008c,0] R[r24=822bd126c26244cb,c] 
 inst=[f7828293,0] addi    t0, t0, -136
C0:        254 [1] pc=[0040000094,0] W[r 0=0000000000000000,0][1] R[r 5=0000000040000004,0] R[r 5=0000000040000004,0] 
 inst=[30529073,0] csrw    mtvec, t0
C0:        258 [1] pc=[0040000098,0] W[r 5=0000000040000098,0][1] R[r 0=0000000000000000,0] R[r 0=0000000000000000,0] 
 inst=[00000297,0] auipc   t0, 0x0
C0:        259 [1] pc=[004000009c,0] W[r 5=0000000040000270,0][1] R[r 5=0000000040000098,0] R[r24=822bd126c26244cb,c] 
 inst=[1d828293,0] addi    t0, t0, 472
C0:        260 [1] pc=[00400000a0,0] W[r 0=0000000000000000,0][0] R[r 5=0000000040000270,0] R[r 0=0000000000000000,0] 
 inst=[00028e63,0] beqz    t0, pc + 28
C0:        261 [1] pc=[00400000a4,0] W[r 0=00000023f3634136,0][1] R[r 5=0000000040000270,0] R[r 5=0000000040000270,0] 
 inst=[10529073,0] csrw    stvec, t0
C0:        265 [1] pc=[00400000a8,0] W[r 5=0000000000010000,0][1] R[r 2=800000000004112b,0] R[r 0=0000000000000000,0] 
 inst=[000102b7,0] lui     t0, 0x10
C0:        266 [1] pc=[00400000ac,0] W[r 5=00000000000101ab,0][1] R[r 5=0000000000010000,0] R[r11=822bd126c26244cb,c] 
 inst=[1ab2829b,0] addiw   t0, t0, 427
C0:        267 [1] pc=[00400000b0,0] W[r 0=0000000000000000,0][1] R[r 5=00000000000101ab,0] R[r 2=822bd126c26244cb,c] 
 inst=[30229073,0] csrw    medeleg, t0
C0:        273 [1] pc=[00400000b4,0] W[r 6=00000000000101ab,0][1] R[r 0=0000000000000000,0] R[r 2=822bd126c26244cb,c] 
 inst=[30202373,0] csrr    t1, medeleg
C0:        276 [1] pc=[00400000b8,0] W[r 0=0000000000000000,0][0] R[r 5=00000000000101ab,0] R[r 6=00000000000101ab,0] 
 inst=[fa6292e3,0] bne     t0, t1, pc - 92
C0:        277 [1] pc=[00400000bc,0] W[r 0=0000000000001800,0][1] R[r 0=0000000000000000,0] R[r 0=0000000000000000,0] 
 inst=[30005073,0] csrwi   mstatus, 0
TagXact1: (0) Read 0xb800000c miss
TagXact1: (0) Read 0xbffc0000 miss
TagXact1: (0) FetchRead 0xbffffe00 => 0000000000000000
C0:        313 [1] pc=[00400000c0,0] W[r10=0000000000001000,0][1] R[r 0=0000000000000000,0] R[r 0=0000000000000000,0] 
 inst=[00001537,0] lui     a0, 0x1
C0:        314 [1] pc=[00400000c4,0] W[r10=0000000000000800,0][1] R[r10=0000000000001000,0] R[r 0=0000000000000000,0] 
 inst=[8005051b,0] addiw   a0, a0, -2048
C0:        315 [1] pc=[00400000c8,0] W[r 0=0000000000000000,0][1] R[r10=0000000000000800,0] R[r 0=0000000000000000,0] 
 inst=[30052073,0] csrs    mstatus, a0
C0:        319 [1] pc=[00400000cc,0] W[r 5=00000000400000cc,0][1] R[r 0=0000000000000000,0] R[r 0=0000000000000000,0] 
 inst=[00000297,0] auipc   t0, 0x0
C0:        320 [1] pc=[00400000d0,0] W[r 5=00000000400000e0,0][1] R[r 5=00000000400000cc,0] R[r20=00000000000101ab,0] 
 inst=[01428293,0] addi    t0, t0, 20
C0:        321 [1] pc=[00400000d4,0] W[r 0=000000401c937d84,0][1] R[r 5=00000000400000e0,0] R[r 1=00000000000101ab,0] 
 inst=[34129073,0] csrw    mepc, t0
C0:        322 [1] pc=[00400000d8,0] W[r10=0000000000000000,0][1] R[r 0=0000000000000000,0] R[r20=00000000000101ab,0] 
 inst=[f1402573,0] csrr    a0, mhartid
C0:        323 [1] pc=[00400000dc,0] W[r 0=00000000000101ab,0][0] R[r 0=0000000000000000,0] R[r 2=00000000000101ab,0] 
 inst=[30200073,0] mret
C0:        328 [1] pc=[00400000e0,0] W[r 5=0000000000000100,0][1] R[r 0=0000000000000000,0] R[r 0=0000000000000000,0] 
 inst=[10000293,0] li      t0, 256
C0:        329 [1] pc=[00400000e4,0] W[r 0=0000000000000000,0][1] R[r 5=0000000000000100,0] R[r 0=0000000000000000,0] 
 inst=[1002b073,0] csrc    sstatus, t0
C0:        333 [1] pc=[00400000e8,0] W[r 5=00000000400000e8,0][1] R[r 0=0000000000000000,0] R[r 0=0000000000000000,0] 
 inst=[00000297,0] auipc   t0, 0x0
C0:        334 [1] pc=[00400000ec,0] W[r 5=00000000400000f8,0][1] R[r 5=00000000400000e8,0] R[r16=00000000000101ab,0] 
 inst=[01028293,0] addi    t0, t0, 16
C0:        335 [1] pc=[00400000f0,0] W[r 0=00000028e5dbad3b,0][1] R[r 5=00000000400000f8,0] R[r 1=00000000000101ab,0] 
 inst=[14129073,0] csrw    sepc, t0
C0:        336 [1] pc=[00400000f4,0] W[r 0=0000000000000000,0][0] R[r 0=0000000000000000,0] R[r 2=00000000000101ab,0] 
 inst=[10200073,0] sret
C0:        341 [1] pc=[00400000f8,0] W[r10=00000000400000f8,0][1] R[r 0=0000000000000000,0] R[r 0=0000000000000000,0] 
 inst=[00000517,0] auipc   a0, 0x0
C0:        342 [1] pc=[00400000fc,0] W[r10=0000000040000300,0][1] R[r10=00000000400000f8,0] R[r 8=00000000000101ab,0] 
 inst=[20850513,0] addi    a0, a0, 520
TagXact1: (0) Read 0xb8000010 miss
TagXact1: (0) Read 0xbffc0000 miss
TagXact1: (0) FetchRead 0xbffffe00 => 0000000000000000
C0:        377 [1] pc=[0040000100,0] W[r 1=000000000000f000,0][1] R[r 1=00000000000101ab,0] R[r 0=0000000000000000,0] 
 inst=[0000f0b7,0] lui     ra, 0xf
C0:        378 [1] pc=[0040000104,0] W[r 0=0000000000000000,0][1] R[r 1=000000000000f000,0] R[r16=00000000000101ab,0] 
 inst=[8f009073,0] csrw    unknown_8f0, ra
C0:        382 [1] pc=[0040000108,0] W[r 1=0000000000f00000,0][1] R[r 0=0000000000000000,0] R[r15=00000000000101ab,0] 
 inst=[00f000b7,0] lui     ra, 0xf00
C0:        383 [1] pc=[004000010c,0] W[r 0=000000000000f000,0][1] R[r 1=0000000000f00000,0] R[r16=00000000000101ab,0] 
 inst=[8f00a073,0] csrs    unknown_8f0, ra
C0:        387 [1] pc=[0040000110,0] W[r 1=0000000000000009,0][1] R[r 0=0000000000000000,0] R[r 9=00000000000101ab,0] 
 inst=[00900093,0] li      ra, 9
C0:        388 [1] pc=[0040000114,0] W[r 1=0000000000000900,0][1] R[r 1=0000000000000009,0] R[r 8=00000000000101ab,0] 
 inst=[00809093,0] slli    ra, ra, 8
C0:        389 [1] pc=[0040000118,0] W[r 0=0000000000f0f000,0][1] R[r 1=0000000000000900,0] R[r16=00000000000101ab,0] 
 inst=[8f00a073,0] csrs    unknown_8f0, ra
C0:        393 [1] pc=[004000011c,0] W[r28=0000000000000002,0][1] R[r 0=0000000000000000,0] R[r 2=00000000000101ab,0] 
 inst=[00200e13,0] li      t3, 2
C0:        394 [1] pc=[0040000120,0] W[r 0=0000000040000300,0][0] R[r10=0000000040000300,0] R[r 0=0000000000000000,0] 
 inst=[00053003,0] ld      zero, 0(a0)
C0:        395 [1] pc=[0040000124,0] W[r28=0000000000000003,0][1] R[r 0=0000000000000000,0] R[r 3=00000000000101ab,0] 
 inst=[00300e13,0] li      t3, 3
C0:        396 [1] pc=[0040000128,0] W[r 5=0000000040000300,0][1] R[r10=0000000040000300,0] R[r 0=0000000000000000,0] 
 inst=[00050293,0] mv      t0, a0
C0:        397 [1] pc=[004000012c,0] W[r 6=000000000000000f,0][1] R[r 0=0000000000000000,0] R[r15=00000000000101ab,0] 
 inst=[00f00313,0] li      t1, 15
C0:        398 [1] pc=[0040000130,0] W[r 5=0000000040000300,f][1] R[r 6=000000000000000f,0] R[r 0=0000000000000000,0] 
 inst=[000312d7,0] unknown
C0:        399 [1] pc=[0040000134,0] W[r 0=0000000040000300,0][0] R[r 5=0000000040000300,f] R[r 0=0000000000000000,0] 
 inst=[0002b283,0] ld      t0, 0(t0)
C0:        400 [1] pc=[0040000138,0] W[r28=0000000000000004,0][1] R[r 0=0000000000000000,0] R[r 4=00000000000101ab,0] 
 inst=[00400e13,0] li      t3, 4
C0:        401 [1] pc=[004000013c,0] W[r10=000000004000013c,0][1] R[r 0=0000000000000000,0] R[r 0=0000000000000000,0] 
 inst=[00000517,0] auipc   a0, 0x0
TagXact1: (0) Read 0xb8000030 miss
TagXact1: (0) Read 0xbffc0000 miss
TagXact1: (0) FetchRead 0xbffffe00 => 0000000000000000
TagXact1: (0) Read 0xb8000014 miss
TagXact1: (0) Read 0xbffc0000 miss
TagXact1: (0) FetchRead 0xbffffe00 => 0000000000000000
C0:        460 [1] pc=[0040000140,0] W[r10=0000000040000348,0][1] R[r10=000000004000013c,0] R[r12=00000000000101ab,0] 
 inst=[20c50513,0] addi    a0, a0, 524
C0:        461 [1] pc=[0040000144,0] W[r 5=0000000000000006,0][1] R[r 0=0000000000000000,0] R[r 6=00000000000101ab,0] 
 inst=[00600293,0] li      t0, 6
C0:        462 [1] pc=[0040000148,0] W[r 5=0000000000000006,6][1] R[r 5=0000000000000006,0] R[r 0=0000000000000000,0] 
 inst=[000292d7,0] unknown
C0:        463 [1] pc=[004000014c,0] W[r 0=0000000040000348,0][0] R[r10=0000000040000348,0] R[r 5=0000000000000006,6] 
 inst=[00553023,0] sd      t0, 0(a0)
C0:        464 [1] pc=[0040000150,0] W[r 0=0000000040000348,0][0] R[r10=0000000040000348,0] R[r 0=0000000000000000,0] 
 inst=[00053283,0] ld      t0, 0(a0)
C0:        465 [1] pc=[0040000154,0] W[r28=0000000000000005,0][1] R[r 0=0000000000000000,0] R[r 5=0000000040000348,0] 
 inst=[00500e13,0] li      t3, 5
TagXact1: (0) Read 0xb8000034 miss
TagXact1: (0) Read 0xbffc0000 miss
TagXact1: (0) FetchRead 0xbffffe00 => 0000000000000000
C0:        506 [1] pc=[0040000158,0] W[r 5=000000000000000f,0][1] R[r 0=0000000000000000,0] R[r15=00000000000101ab,0] 
 inst=[00f00293,0] li      t0, 15
C0:        507 [1] pc=[004000015c,0] W[r 6=0000000000000009,0][1] R[r 0=0000000000000000,0] R[r 9=00000000000101ab,0] 
 inst=[00900313,0] li      t1, 9
C0:        508 [1] pc=[0040000160,0] W[r 5=000000000000000f,9][1] R[r 6=0000000000000009,0] R[r 0=0000000000000000,0] 
 inst=[000312d7,0] unknown
C0:        509 [1] pc=[0040000164,0] W[r 6=000000000000d000,0][1] R[r 1=000000004000034b,0] R[r 0=0000000000000000,0] 
 inst=[0000d337,0] lui     t1, 0xd
C0:        510 [1] pc=[0040000168,0] W[r 6=000000000000d00d,0][1] R[r 6=000000000000d000,0] R[r13=00000000000101ab,0] 
 inst=[00d3031b,0] addiw   t1, t1, 13
C0:        511 [1] pc=[004000016c,0] W[r 0=0000000000000000,0][1] R[r 0=0000000000000000,0] R[r 0=0000000000000000,0] 
 inst=[00000013,0] nop
C0:        512 [1] pc=[0040000170,0] W[r 0=0000000000000000,0][1] R[r 0=0000000000000000,0] R[r 0=0000000000000000,0] 
 inst=[00000013,0] nop
C0:        513 [1] pc=[0040000174,0] W[r 0=0000000000000000,0][1] R[r 0=0000000000000000,0] R[r 0=0000000000000000,0] 
 inst=[00000013,0] nop
C0:        514 [1] pc=[0040000178,0] W[r 0=0000000000000000,0][1] R[r 0=0000000000000000,0] R[r 0=0000000000000000,0] 
 inst=[00000013,0] nop
C0:        515 [1] pc=[004000017c,0] W[r 0=0000000000000000,0][1] R[r 0=0000000000000000,0] R[r 0=0000000000000000,0] 
 inst=[00000013,0] nop
TagXact1: (0) Read 0xb8000018 miss
TagXact1: (0) Read 0xbffc0000 miss
TagXact1: (0) FetchRead 0xbffffe00 => 0000000000000000
C0:        550 [1] pc=[0040000180,0] W[r 0=0000000040000388,0][0] R[r10=0000000040000348,0] R[r 5=000000000000000f,9] 
 inst=[04553023,0] sd      t0, 64(a0)
C0:        551 [1] pc=[0040000184,0] W[r 5=000000000000000f,0][1] R[r 0=0000000000000000,0] R[r 0=0000000000000000,0] 
 inst=[000012d7,0] unknown
C0:        552 [1] pc=[0040000188,0] W[r 5=000000000000d00d,0][1] R[r 6=000000000000d00d,0] R[r 0=0000000000000000,0] 
 inst=[00030293,0] mv      t0, t1
C0:        560 [1] pc=[004000018c,0] W[r 0=0000000040000388,0][0] R[r10=0000000040000348,0] R[r 0=0000000000000000,0] 
 inst=[04053283,0] ld      t0, 64(a0)
TagXact1: (0) Read 0xb8000038 miss
TagXact1: (0) Read 0xbffc0000 miss
TagXact1: (0) FetchRead 0xbffffe00 => 0000000000000000
C0:        590 [0] pc=[004000018c,0] W[r 0=000000000000000f,9][0] R[r10=0000000040000348,0] R[r 0=0000000000000000,0] 
 inst=[04053283,0] ld      t0, 64(a0)
TagXact1: (0) Read 0xb8000024 miss
TagXact1: (0) Read 0xbffc0000 miss
TagXact1: (0) FetchRead 0xbffffe00 => 0000000000000000
C0:        629 [1] pc=[0040000270,0] W[r30=0000000000f0f900,0][1] R[r 0=0000000000000000,0] R[r16=000000000000000f,9] 
 inst=[9f002f73,0] csrr    t5, unknown_9f0
C0:        632 [1] pc=[0040000274,0] W[r 0=400b30028e6b2b48,0][1] R[r30=0000000000f0f900,0] R[r 0=0000000000000000,0] 
 inst=[140f1073,0] csrw    sscratch, t5
C0:        633 [1] pc=[0040000278,0] W[r31=00000000000000f0,0][1] R[r 0=0000000000000000,0] R[r16=000000000000000f,9] 
 inst=[0f000f93,0] li      t6, 240
C0:        634 [1] pc=[004000027c,0] W[r30=000000000000f000,0][1] R[r 1=0000000000f0f903,0] R[r 0=0000000000000000,0] 
 inst=[0000ff37,0] lui     t5, 0xf
TagXact1: (0) Read 0xb8000028 miss
TagXact1: (0) Read 0xbffc0000 miss
TagXact1: (0) FetchRead 0xbffffe00 => 0000000000000000
C0:        669 [1] pc=[0040000280,0] W[r31=000000000000f0f0,0][1] R[r31=00000000000000f0,0] R[r30=000000000000f000,0] 
 inst=[01efefb3,0] or      t6, t6, t5
C0:        670 [1] pc=[0040000284,0] W[r30=0000000000f00000,0][1] R[r 0=0000000000000000,0] R[r15=000000000000f003,0] 
 inst=[00f00f37,0] lui     t5, 0xf00
C0:        671 [1] pc=[0040000288,0] W[r31=0000000000f0f0f0,0][1] R[r31=000000000000f0f0,0] R[r30=0000000000f00000,0] 
 inst=[01efefb3,0] or      t6, t6, t5
C0:        672 [1] pc=[004000028c,0] W[r 0=0000000000f0f900,0][1] R[r31=0000000000f0f0f0,0] R[r16=000000000000f003,0] 
 inst=[9f0f9073,0] csrw    unknown_9f0, t6
C0:        676 [1] pc=[0040000290,0] W[r17=0000000000000010,0][1] R[r 0=0000000000000000,0] R[r 2=000000000000f003,0] 
 inst=[142028f3,0] csrr    a7, scause
C0:        677 [1] pc=[0040000294,0] W[r16=0000000000000008,0][1] R[r 0=0000000000000000,0] R[r 8=000000000000f003,0] 
 inst=[00800813,0] li      a6, 8
C0:        679 [1] pc=[0040000298,0] W[r 0=0000000000000001,0][0] R[r16=0000000000000008,0] R[r17=0000000000000010,0] 
 inst=[01181463,0] bne     a6, a7, pc + 8
C0:        683 [1] pc=[00400002a0,0] W[r16=000000000000000a,0][1] R[r 0=0000000000000000,0] R[r10=0000000000000013,0] 
 inst=[00a00813,0] li      a6, 10
C0:        684 [1] pc=[00400002a4,0] W[r 0=0000000000000000,0][0] R[r28=0000000000000005,0] R[r16=000000000000000a,0] 
 inst=[fb0e06e3,0] beq     t3, a6, pc - 84
C0:        685 [1] pc=[00400002a8,0] W[r16=0000000000000004,0][1] R[r 0=0000000000000000,0] R[r 4=0000000000000013,0] 
 inst=[00400813,0] li      a6, 4
C0:        686 [1] pc=[00400002ac,0] W[r 0=0000000000000001,0][0] R[r28=0000000000000005,0] R[r16=0000000000000004,0] 
 inst=[010e5463,0] bge     t3, a6, pc + 8
C0:        690 [1] pc=[00400002b4,0] W[r16=0000000000000010,0][1] R[r 0=0000000000000000,0] R[r16=0000000000000013,0] 
 inst=[01000813,0] li      a6, 16
C0:        691 [1] pc=[00400002b8,0] W[r 0=0000000000000000,0][0] R[r16=0000000000000010,0] R[r17=0000000000000010,0] 
 inst=[f9181ce3,0] bne     a6, a7, pc - 104
C0:        692 [1] pc=[00400002bc,0] W[r16=000000004000018c,0][1] R[r 0=0000000000000000,0] R[r 1=0000000000000013,0] 
 inst=[14102873,0] csrr    a6, sepc
TagXact1: (0) Read 0xb800002c miss
TagXact1: (0) Read 0xbffc0000 miss
TagXact1: (0) FetchRead 0xbffffe00 => 0000000000000000
C0:        727 [1] pc=[00400002c0,0] W[r16=0000000040000198,0][1] R[r16=000000004000018c,0] R[r12=0000000000000013,0] 
 inst=[00c80813,0] addi    a6, a6, 12
C0:        728 [1] pc=[00400002c4,0] W[r 0=000000004000018c,0][1] R[r16=0000000040000198,0] R[r 1=0000000000000013,0] 
 inst=[14181073,0] csrw    sepc, a6
C0:        729 [1] pc=[00400002c8,0] W[r30=0000000000f0f900,0][1] R[r 0=0000000000000000,0] R[r 0=0000000000000000,0] 
 inst=[14002f73,0] csrr    t5, sscratch
C0:        732 [1] pc=[00400002cc,0] W[r 0=0000000000f0f0f0,0][1] R[r30=0000000000f0f900,0] R[r16=0000000000000013,0] 
 inst=[9f0f1073,0] csrw    unknown_9f0, t5
C0:        736 [1] pc=[00400002d0,0] W[r 0=0000000000000000,0][0] R[r 0=0000000000000000,0] R[r 2=0000000000000013,0] 
 inst=[10200073,0] sret
C0:        741 [1] pc=[0040000198,0] W[r 0=0000000000000000,0][0] R[r 5=000000000000d00d,0] R[r 6=000000000000d00d,0] 
 inst=[0a629c63,0] bne     t0, t1, pc + 184
C0:        742 [1] pc=[004000019c,0] W[r28=0000000000000006,0][1] R[r 0=0000000000000000,0] R[r 6=000000000000d00f,0] 
 inst=[00600e13,0] li      t3, 6
C0:        743 [0] pc=[00400001a0,0] W[r 0=000000000000000f,9][0] R[r10=0000000040000348,0] R[r 0=0000000000000000,0] 
 inst=[04053283,0] ld      t0, 64(a0)
C0:        748 [1] pc=[0040000270,0] W[r30=0000000000f0f900,0][1] R[r 0=0000000000000000,0] R[r16=000000000000d00f,0] 
 inst=[9f002f73,0] csrr    t5, unknown_9f0
C0:        751 [1] pc=[0040000274,0] W[r 0=0000000000f0f900,0][1] R[r30=0000000000f0f900,0] R[r 0=0000000000000000,0] 
 inst=[140f1073,0] csrw    sscratch, t5
C0:        752 [1] pc=[0040000278,0] W[r31=00000000000000f0,0][1] R[r 0=0000000000000000,0] R[r16=000000000000d00f,0] 
 inst=[0f000f93,0] li      t6, 240
C0:        753 [1] pc=[004000027c,0] W[r30=000000000000f000,0][1] R[r 1=0000000000f0f903,0] R[r 0=0000000000000000,0] 
 inst=[0000ff37,0] lui     t5, 0xf
C0:        754 [1] pc=[0040000280,0] W[r31=000000000000f0f0,0][1] R[r31=00000000000000f0,0] R[r30=000000000000f000,0] 
 inst=[01efefb3,0] or      t6, t6, t5
C0:        755 [1] pc=[0040000284,0] W[r30=0000000000f00000,0][1] R[r 0=0000000000000000,0] R[r15=000000000000d00f,0] 
 inst=[00f00f37,0] lui     t5, 0xf00
C0:        756 [1] pc=[0040000288,0] W[r31=0000000000f0f0f0,0][1] R[r31=000000000000f0f0,0] R[r30=0000000000f00000,0] 
 inst=[01efefb3,0] or      t6, t6, t5
C0:        757 [1] pc=[004000028c,0] W[r 0=0000000000f0f900,0][1] R[r31=0000000000f0f0f0,0] R[r16=000000000000d00f,0] 
 inst=[9f0f9073,0] csrw    unknown_9f0, t6
C0:        761 [1] pc=[0040000290,0] W[r17=0000000000000010,0][1] R[r 0=0000000000000000,0] R[r 2=000000000000d00f,0] 
 inst=[142028f3,0] csrr    a7, scause
C0:        762 [1] pc=[0040000294,0] W[r16=0000000000000008,0][1] R[r 0=0000000000000000,0] R[r 8=000000000000d00f,0] 
 inst=[00800813,0] li      a6, 8
C0:        764 [1] pc=[0040000298,0] W[r 0=0000000000000001,0][0] R[r16=0000000000000008,0] R[r17=0000000000000010,0] 
 inst=[01181463,0] bne     a6, a7, pc + 8
C0:        768 [1] pc=[00400002a0,0] W[r16=000000000000000a,0][1] R[r 0=0000000000000000,0] R[r10=0000000000000013,0] 
 inst=[00a00813,0] li      a6, 10
C0:        769 [1] pc=[00400002a4,0] W[r 0=0000000000000000,0][0] R[r28=0000000000000006,0] R[r16=000000000000000a,0] 
 inst=[fb0e06e3,0] beq     t3, a6, pc - 84
C0:        770 [1] pc=[00400002a8,0] W[r16=0000000000000004,0][1] R[r 0=0000000000000000,0] R[r 4=0000000000000013,0] 
 inst=[00400813,0] li      a6, 4
C0:        771 [1] pc=[00400002ac,0] W[r 0=0000000000000001,0][0] R[r28=0000000000000006,0] R[r16=0000000000000004,0] 
 inst=[010e5463,0] bge     t3, a6, pc + 8
C0:        775 [1] pc=[00400002b4,0] W[r16=0000000000000010,0][1] R[r 0=0000000000000000,0] R[r16=0000000000000013,0] 
 inst=[01000813,0] li      a6, 16
C0:        776 [1] pc=[00400002b8,0] W[r 0=0000000000000000,0][0] R[r16=0000000000000010,0] R[r17=0000000000000010,0] 
 inst=[f9181ce3,0] bne     a6, a7, pc - 104
C0:        777 [1] pc=[00400002bc,0] W[r16=00000000400001a0,0][1] R[r 0=0000000000000000,0] R[r 1=0000000000000013,0] 
 inst=[14102873,0] csrr    a6, sepc
C0:        780 [1] pc=[00400002c0,0] W[r16=00000000400001ac,0][1] R[r16=00000000400001a0,0] R[r12=0000000000000013,0] 
 inst=[00c80813,0] addi    a6, a6, 12
C0:        781 [1] pc=[00400002c4,0] W[r 0=00000000400001a0,0][1] R[r16=00000000400001ac,0] R[r 1=0000000000000013,0] 
 inst=[14181073,0] csrw    sepc, a6
C0:        782 [1] pc=[00400002c8,0] W[r30=0000000000f0f900,0][1] R[r 0=0000000000000000,0] R[r 0=0000000000000000,0] 
 inst=[14002f73,0] csrr    t5, sscratch
C0:        785 [1] pc=[00400002cc,0] W[r 0=0000000000f0f0f0,0][1] R[r30=0000000000f0f900,0] R[r16=0000000000000013,0] 
 inst=[9f0f1073,0] csrw    unknown_9f0, t5
C0:        789 [1] pc=[00400002d0,0] W[r 0=0000000000000000,0][0] R[r 0=0000000000000000,0] R[r 2=0000000000000013,0] 
 inst=[10200073,0] sret
C0:        794 [1] pc=[00400001ac,0] W[r 0=0000000000000000,0][0] R[r 5=000000000000d00d,0] R[r 6=000000000000d00d,0] 
 inst=[0a629263,0] bne     t0, t1, pc + 164
C0:        795 [1] pc=[00400001b0,0] W[r28=0000000000000007,0][1] R[r 0=0000000000000000,0] R[r 7=000000000000d00f,0] 
 inst=[00700e13,0] li      t3, 7
C0:        796 [0] pc=[00400001b4,0] W[r 0=000000000000000f,9][0] R[r10=0000000040000348,0] R[r 0=0000000000000000,0] 
 inst=[04052283,0] lw      t0, 64(a0)
C0:        801 [1] pc=[0040000270,0] W[r30=0000000000f0f900,0][1] R[r 0=0000000000000000,0] R[r16=000000000000d00f,0] 
 inst=[9f002f73,0] csrr    t5, unknown_9f0
C0:        804 [1] pc=[0040000274,0] W[r 0=0000000000f0f900,0][1] R[r30=0000000000f0f900,0] R[r 0=0000000000000000,0] 
 inst=[140f1073,0] csrw    sscratch, t5
C0:        805 [1] pc=[0040000278,0] W[r31=00000000000000f0,0][1] R[r 0=0000000000000000,0] R[r16=000000000000d00f,0] 
 inst=[0f000f93,0] li      t6, 240
C0:        806 [1] pc=[004000027c,0] W[r30=000000000000f000,0][1] R[r 1=0000000000f0f903,0] R[r 0=0000000000000000,0] 
 inst=[0000ff37,0] lui     t5, 0xf
C0:        807 [1] pc=[0040000280,0] W[r31=000000000000f0f0,0][1] R[r31=00000000000000f0,0] R[r30=000000000000f000,0] 
 inst=[01efefb3,0] or      t6, t6, t5
C0:        808 [1] pc=[0040000284,0] W[r30=0000000000f00000,0][1] R[r 0=0000000000000000,0] R[r15=000000000000d00f,0] 
 inst=[00f00f37,0] lui     t5, 0xf00
C0:        809 [1] pc=[0040000288,0] W[r31=0000000000f0f0f0,0][1] R[r31=000000000000f0f0,0] R[r30=0000000000f00000,0] 
 inst=[01efefb3,0] or      t6, t6, t5
C0:        810 [1] pc=[004000028c,0] W[r 0=0000000000f0f900,0][1] R[r31=0000000000f0f0f0,0] R[r16=000000000000d00f,0] 
 inst=[9f0f9073,0] csrw    unknown_9f0, t6
C0:        814 [1] pc=[0040000290,0] W[r17=0000000000000010,0][1] R[r 0=0000000000000000,0] R[r 2=000000000000d00f,0] 
 inst=[142028f3,0] csrr    a7, scause
C0:        815 [1] pc=[0040000294,0] W[r16=0000000000000008,0][1] R[r 0=0000000000000000,0] R[r 8=000000000000d00f,0] 
 inst=[00800813,0] li      a6, 8
C0:        817 [1] pc=[0040000298,0] W[r 0=0000000000000001,0][0] R[r16=0000000000000008,0] R[r17=0000000000000010,0] 
 inst=[01181463,0] bne     a6, a7, pc + 8
C0:        818 [1] pc=[00400002a0,0] W[r16=000000000000000a,0][1] R[r 0=0000000000000000,0] R[r10=0000000000000013,0] 
 inst=[00a00813,0] li      a6, 10
C0:        819 [1] pc=[00400002a4,0] W[r 0=0000000000000000,0][0] R[r28=0000000000000007,0] R[r16=000000000000000a,0] 
 inst=[fb0e06e3,0] beq     t3, a6, pc - 84
C0:        820 [1] pc=[00400002a8,0] W[r16=0000000000000004,0][1] R[r 0=0000000000000000,0] R[r 4=0000000000000013,0] 
 inst=[00400813,0] li      a6, 4
C0:        821 [1] pc=[00400002ac,0] W[r 0=0000000000000001,0][0] R[r28=0000000000000007,0] R[r16=0000000000000004,0] 
 inst=[010e5463,0] bge     t3, a6, pc + 8
C0:        822 [1] pc=[00400002b4,0] W[r16=0000000000000010,0][1] R[r 0=0000000000000000,0] R[r16=0000000000000004,0] 
 inst=[01000813,0] li      a6, 16
C0:        823 [1] pc=[00400002b8,0] W[r 0=0000000000000000,0][0] R[r16=0000000000000010,0] R[r17=0000000000000010,0] 
 inst=[f9181ce3,0] bne     a6, a7, pc - 104
C0:        824 [1] pc=[00400002bc,0] W[r16=00000000400001b4,0][1] R[r 0=0000000000000000,0] R[r 1=0000000000000013,0] 
 inst=[14102873,0] csrr    a6, sepc
C0:        827 [1] pc=[00400002c0,0] W[r16=00000000400001c0,0][1] R[r16=00000000400001b4,0] R[r12=0000000000000013,0] 
 inst=[00c80813,0] addi    a6, a6, 12
C0:        828 [1] pc=[00400002c4,0] W[r 0=00000000400001b4,0][1] R[r16=00000000400001c0,0] R[r 1=0000000000000013,0] 
 inst=[14181073,0] csrw    sepc, a6
C0:        829 [1] pc=[00400002c8,0] W[r30=0000000000f0f900,0][1] R[r 0=0000000000000000,0] R[r 0=0000000000000000,0] 
 inst=[14002f73,0] csrr    t5, sscratch
C0:        832 [1] pc=[00400002cc,0] W[r 0=0000000000f0f0f0,0][1] R[r30=0000000000f0f900,0] R[r16=0000000000000013,0] 
 inst=[9f0f1073,0] csrw    unknown_9f0, t5
C0:        836 [1] pc=[00400002d0,0] W[r 0=0000000000000000,0][0] R[r 0=0000000000000000,0] R[r 2=0000000000000013,0] 
 inst=[10200073,0] sret
TagXact1: (0) Read 0xb800001c miss
TagXact1: (0) Read 0xbffc0000 miss
TagXact1: (0) FetchRead 0xbffffe00 => 0000000000000000
C0:        875 [1] pc=[00400001c0,0] W[r 0=0000000000000000,0][0] R[r 5=000000000000d00d,0] R[r 6=000000000000d00d,0] 
 inst=[08629863,0] bne     t0, t1, pc + 144
C0:        876 [1] pc=[00400001c4,0] W[r28=0000000000000008,0][1] R[r 0=0000000000000000,0] R[r 8=000000000000d00f,0] 
 inst=[00800e13,0] li      t3, 8
C0:        877 [0] pc=[00400001c8,0] W[r 0=000000000000000f,9][0] R[r10=0000000040000348,0] R[r 0=0000000000000000,0] 
 inst=[04051283,0] lh      t0, 64(a0)
C0:        882 [1] pc=[0040000270,0] W[r30=0000000000f0f900,0][1] R[r 0=0000000000000000,0] R[r16=000000000000d00f,0] 
 inst=[9f002f73,0] csrr    t5, unknown_9f0
C0:        885 [1] pc=[0040000274,0] W[r 0=0000000000f0f900,0][1] R[r30=0000000000f0f900,0] R[r 0=0000000000000000,0] 
 inst=[140f1073,0] csrw    sscratch, t5
C0:        886 [1] pc=[0040000278,0] W[r31=00000000000000f0,0][1] R[r 0=0000000000000000,0] R[r16=000000000000d00f,0] 
 inst=[0f000f93,0] li      t6, 240
C0:        887 [1] pc=[004000027c,0] W[r30=000000000000f000,0][1] R[r 1=0000000000f0f903,0] R[r 0=0000000000000000,0] 
 inst=[0000ff37,0] lui     t5, 0xf
C0:        888 [1] pc=[0040000280,0] W[r31=000000000000f0f0,0][1] R[r31=00000000000000f0,0] R[r30=000000000000f000,0] 
 inst=[01efefb3,0] or      t6, t6, t5
C0:        889 [1] pc=[0040000284,0] W[r30=0000000000f00000,0][1] R[r 0=0000000000000000,0] R[r15=000000000000d00f,0] 
 inst=[00f00f37,0] lui     t5, 0xf00
C0:        890 [1] pc=[0040000288,0] W[r31=0000000000f0f0f0,0][1] R[r31=000000000000f0f0,0] R[r30=0000000000f00000,0] 
 inst=[01efefb3,0] or      t6, t6, t5
C0:        891 [1] pc=[004000028c,0] W[r 0=0000000000f0f900,0][1] R[r31=0000000000f0f0f0,0] R[r16=000000000000d00f,0] 
 inst=[9f0f9073,0] csrw    unknown_9f0, t6
C0:        895 [1] pc=[0040000290,0] W[r17=0000000000000010,0][1] R[r 0=0000000000000000,0] R[r 2=000000000000d00f,0] 
 inst=[142028f3,0] csrr    a7, scause
C0:        896 [1] pc=[0040000294,0] W[r16=0000000000000008,0][1] R[r 0=0000000000000000,0] R[r 8=000000000000d00f,0] 
 inst=[00800813,0] li      a6, 8
C0:        898 [1] pc=[0040000298,0] W[r 0=0000000000000001,0][0] R[r16=0000000000000008,0] R[r17=0000000000000010,0] 
 inst=[01181463,0] bne     a6, a7, pc + 8
C0:        899 [1] pc=[00400002a0,0] W[r16=000000000000000a,0][1] R[r 0=0000000000000000,0] R[r10=0000000000000013,0] 
 inst=[00a00813,0] li      a6, 10
C0:        900 [1] pc=[00400002a4,0] W[r 0=0000000000000000,0][0] R[r28=0000000000000008,0] R[r16=000000000000000a,0] 
 inst=[fb0e06e3,0] beq     t3, a6, pc - 84
C0:        901 [1] pc=[00400002a8,0] W[r16=0000000000000004,0][1] R[r 0=0000000000000000,0] R[r 4=0000000000000013,0] 
 inst=[00400813,0] li      a6, 4
C0:        902 [1] pc=[00400002ac,0] W[r 0=0000000000000001,0][0] R[r28=0000000000000008,0] R[r16=0000000000000004,0] 
 inst=[010e5463,0] bge     t3, a6, pc + 8
C0:        903 [1] pc=[00400002b4,0] W[r16=0000000000000010,0][1] R[r 0=0000000000000000,0] R[r16=0000000000000004,0] 
 inst=[01000813,0] li      a6, 16
C0:        904 [1] pc=[00400002b8,0] W[r 0=0000000000000000,0][0] R[r16=0000000000000010,0] R[r17=0000000000000010,0] 
 inst=[f9181ce3,0] bne     a6, a7, pc - 104
C0:        905 [1] pc=[00400002bc,0] W[r16=00000000400001c8,0][1] R[r 0=0000000000000000,0] R[r 1=0000000000000013,0] 
 inst=[14102873,0] csrr    a6, sepc
C0:        908 [1] pc=[00400002c0,0] W[r16=00000000400001d4,0][1] R[r16=00000000400001c8,0] R[r12=0000000000000013,0] 
 inst=[00c80813,0] addi    a6, a6, 12
C0:        909 [1] pc=[00400002c4,0] W[r 0=00000000400001c8,0][1] R[r16=00000000400001d4,0] R[r 1=0000000000000013,0] 
 inst=[14181073,0] csrw    sepc, a6
C0:        910 [1] pc=[00400002c8,0] W[r30=0000000000f0f900,0][1] R[r 0=0000000000000000,0] R[r 0=0000000000000000,0] 
 inst=[14002f73,0] csrr    t5, sscratch
C0:        913 [1] pc=[00400002cc,0] W[r 0=0000000000f0f0f0,0][1] R[r30=0000000000f0f900,0] R[r16=0000000000000013,0] 
 inst=[9f0f1073,0] csrw    unknown_9f0, t5
C0:        917 [1] pc=[00400002d0,0] W[r 0=0000000000000000,0][0] R[r 0=0000000000000000,0] R[r 2=0000000000000013,0] 
 inst=[10200073,0] sret
C0:        922 [1] pc=[00400001d4,0] W[r 0=0000000000000000,0][0] R[r 5=000000000000d00d,0] R[r 6=000000000000d00d,0] 
 inst=[06629e63,0] bne     t0, t1, pc + 124
C0:        923 [1] pc=[00400001d8,0] W[r28=0000000000000009,0][1] R[r 0=0000000000000000,0] R[r 9=000000000000d00f,0] 
 inst=[00900e13,0] li      t3, 9
C0:        924 [0] pc=[00400001dc,0] W[r 0=000000000000000f,9][0] R[r10=0000000040000348,0] R[r 0=0000000000000000,0] 
 inst=[04050283,0] lb      t0, 64(a0)
C0:        929 [1] pc=[0040000270,0] W[r30=0000000000f0f900,0][1] R[r 0=0000000000000000,0] R[r16=000000000000d00f,0] 
 inst=[9f002f73,0] csrr    t5, unknown_9f0
C0:        932 [1] pc=[0040000274,0] W[r 0=0000000000f0f900,0][1] R[r30=0000000000f0f900,0] R[r 0=0000000000000000,0] 
 inst=[140f1073,0] csrw    sscratch, t5
C0:        933 [1] pc=[0040000278,0] W[r31=00000000000000f0,0][1] R[r 0=0000000000000000,0] R[r16=000000000000d00f,0] 
 inst=[0f000f93,0] li      t6, 240
C0:        934 [1] pc=[004000027c,0] W[r30=000000000000f000,0][1] R[r 1=0000000000f0f903,0] R[r 0=0000000000000000,0] 
 inst=[0000ff37,0] lui     t5, 0xf
C0:        935 [1] pc=[0040000280,0] W[r31=000000000000f0f0,0][1] R[r31=00000000000000f0,0] R[r30=000000000000f000,0] 
 inst=[01efefb3,0] or      t6, t6, t5
C0:        936 [1] pc=[0040000284,0] W[r30=0000000000f00000,0][1] R[r 0=0000000000000000,0] R[r15=000000000000d00f,0] 
 inst=[00f00f37,0] lui     t5, 0xf00
C0:        937 [1] pc=[0040000288,0] W[r31=0000000000f0f0f0,0][1] R[r31=000000000000f0f0,0] R[r30=0000000000f00000,0] 
 inst=[01efefb3,0] or      t6, t6, t5
C0:        938 [1] pc=[004000028c,0] W[r 0=0000000000f0f900,0][1] R[r31=0000000000f0f0f0,0] R[r16=000000000000d00f,0] 
 inst=[9f0f9073,0] csrw    unknown_9f0, t6
C0:        942 [1] pc=[0040000290,0] W[r17=0000000000000010,0][1] R[r 0=0000000000000000,0] R[r 2=000000000000d00f,0] 
 inst=[142028f3,0] csrr    a7, scause
C0:        943 [1] pc=[0040000294,0] W[r16=0000000000000008,0][1] R[r 0=0000000000000000,0] R[r 8=000000000000d00f,0] 
 inst=[00800813,0] li      a6, 8
C0:        945 [1] pc=[0040000298,0] W[r 0=0000000000000001,0][0] R[r16=0000000000000008,0] R[r17=0000000000000010,0] 
 inst=[01181463,0] bne     a6, a7, pc + 8
C0:        946 [1] pc=[00400002a0,0] W[r16=000000000000000a,0][1] R[r 0=0000000000000000,0] R[r10=0000000000000013,0] 
 inst=[00a00813,0] li      a6, 10
C0:        947 [1] pc=[00400002a4,0] W[r 0=0000000000000000,0][0] R[r28=0000000000000009,0] R[r16=000000000000000a,0] 
 inst=[fb0e06e3,0] beq     t3, a6, pc - 84
C0:        948 [1] pc=[00400002a8,0] W[r16=0000000000000004,0][1] R[r 0=0000000000000000,0] R[r 4=0000000000000013,0] 
 inst=[00400813,0] li      a6, 4
C0:        949 [1] pc=[00400002ac,0] W[r 0=0000000000000001,0][0] R[r28=0000000000000009,0] R[r16=0000000000000004,0] 
 inst=[010e5463,0] bge     t3, a6, pc + 8
C0:        950 [1] pc=[00400002b4,0] W[r16=0000000000000010,0][1] R[r 0=0000000000000000,0] R[r16=0000000000000004,0] 
 inst=[01000813,0] li      a6, 16
C0:        951 [1] pc=[00400002b8,0] W[r 0=0000000000000000,0][0] R[r16=0000000000000010,0] R[r17=0000000000000010,0] 
 inst=[f9181ce3,0] bne     a6, a7, pc - 104
C0:        952 [1] pc=[00400002bc,0] W[r16=00000000400001dc,0][1] R[r 0=0000000000000000,0] R[r 1=0000000000000013,0] 
 inst=[14102873,0] csrr    a6, sepc
C0:        955 [1] pc=[00400002c0,0] W[r16=00000000400001e8,0][1] R[r16=00000000400001dc,0] R[r12=0000000000000013,0] 
 inst=[00c80813,0] addi    a6, a6, 12
C0:        956 [1] pc=[00400002c4,0] W[r 0=00000000400001dc,0][1] R[r16=00000000400001e8,0] R[r 1=0000000000000013,0] 
 inst=[14181073,0] csrw    sepc, a6
C0:        957 [1] pc=[00400002c8,0] W[r30=0000000000f0f900,0][1] R[r 0=0000000000000000,0] R[r 0=0000000000000000,0] 
 inst=[14002f73,0] csrr    t5, sscratch
C0:        960 [1] pc=[00400002cc,0] W[r 0=0000000000f0f0f0,0][1] R[r30=0000000000f0f900,0] R[r16=0000000000000013,0] 
 inst=[9f0f1073,0] csrw    unknown_9f0, t5
C0:        964 [1] pc=[00400002d0,0] W[r 0=0000000000000000,0][0] R[r 0=0000000000000000,0] R[r 2=0000000000000013,0] 
 inst=[10200073,0] sret
C0:        969 [1] pc=[00400001e8,0] W[r 0=0000000000000000,0][0] R[r 5=000000000000d00d,0] R[r 6=000000000000d00d,0] 
 inst=[06629463,0] bne     t0, t1, pc + 104
C0:        970 [1] pc=[00400001ec,0] W[r28=000000000000000a,0][1] R[r 0=0000000000000000,0] R[r10=000000000000d00f,0] 
 inst=[00a00e13,0] li      t3, 10
C0:        971 [1] pc=[00400001f0,0] W[r 0=0000000000000000,0][0] R[r 5=000000000000d00d,0] R[r 6=000000000000d00d,0] 
 inst=[06629063,0] bne     t0, t1, pc + 96
C0:        972 [1] pc=[00400001f4,0] W[r 1=000000000000f000,0][1] R[r 1=000000000000d00f,0] R[r 0=0000000000000000,0] 
 inst=[0000f0b7,0] lui     ra, 0xf
C0:        973 [1] pc=[00400001f8,0] W[r 0=0000000000f0f900,0][1] R[r 1=000000000000f000,0] R[r16=000000000000d00f,0] 
 inst=[8f00b073,0] csrc    unknown_8f0, ra
TagXact1: (0) Read 0xb8000020 miss
TagXact1: (0) Read 0xbffc0000 miss
TagXact1: (0) FetchRead 0xbffffe00 => 0000000000000000
C0:       1009 [1] pc=[00400001fc,0] W[r28=000000000000000b,0][1] R[r 0=0000000000000000,0] R[r11=000000000000d00f,0] 
 inst=[00b00e13,0] li      t3, 11
C0:       1010 [0] pc=[0040000200,0] W[r 0=000000000000000f,0][0] R[r10=0000000040000348,0] R[r 0=0000000000000000,0] 
 inst=[04052003,0] lw      zero, 64(a0)
C0:       1015 [1] pc=[0040000270,0] W[r30=0000000000f00900,0][1] R[r 0=0000000000000000,0] R[r16=000000000000d00f,0] 
 inst=[9f002f73,0] csrr    t5, unknown_9f0
C0:       1018 [1] pc=[0040000274,0] W[r 0=0000000000f0f900,0][1] R[r30=0000000000f00900,0] R[r 0=0000000000000000,0] 
 inst=[140f1073,0] csrw    sscratch, t5
C0:       1019 [1] pc=[0040000278,0] W[r31=00000000000000f0,0][1] R[r 0=0000000000000000,0] R[r16=000000000000d00f,0] 
 inst=[0f000f93,0] li      t6, 240
C0:       1020 [1] pc=[004000027c,0] W[r30=000000000000f000,0][1] R[r 1=0000000000f00903,0] R[r 0=0000000000000000,0] 
 inst=[0000ff37,0] lui     t5, 0xf
C0:       1021 [1] pc=[0040000280,0] W[r31=000000000000f0f0,0][1] R[r31=00000000000000f0,0] R[r30=000000000000f000,0] 
 inst=[01efefb3,0] or      t6, t6, t5
C0:       1022 [1] pc=[0040000284,0] W[r30=0000000000f00000,0][1] R[r 0=0000000000000000,0] R[r15=000000000000d00f,0] 
 inst=[00f00f37,0] lui     t5, 0xf00
C0:       1023 [1] pc=[0040000288,0] W[r31=0000000000f0f0f0,0][1] R[r31=000000000000f0f0,0] R[r30=0000000000f00000,0] 
 inst=[01efefb3,0] or      t6, t6, t5
C0:       1024 [1] pc=[004000028c,0] W[r 0=0000000000f00900,0][1] R[r31=0000000000f0f0f0,0] R[r16=000000000000d00f,0] 
 inst=[9f0f9073,0] csrw    unknown_9f0, t6
C0:       1028 [1] pc=[0040000290,0] W[r17=0000000000000010,0][1] R[r 0=0000000000000000,0] R[r 2=000000000000d00f,0] 
 inst=[142028f3,0] csrr    a7, scause
C0:       1029 [1] pc=[0040000294,0] W[r16=0000000000000008,0][1] R[r 0=0000000000000000,0] R[r 8=000000000000d00f,0] 
 inst=[00800813,0] li      a6, 8
C0:       1031 [1] pc=[0040000298,0] W[r 0=0000000000000001,0][0] R[r16=0000000000000008,0] R[r17=0000000000000010,0] 
 inst=[01181463,0] bne     a6, a7, pc + 8
C0:       1032 [1] pc=[00400002a0,0] W[r16=000000000000000a,0][1] R[r 0=0000000000000000,0] R[r10=0000000000000013,0] 
 inst=[00a00813,0] li      a6, 10
C0:       1033 [1] pc=[00400002a4,0] W[r 0=0000000000000000,0][0] R[r28=000000000000000b,0] R[r16=000000000000000a,0] 
 inst=[fb0e06e3,0] beq     t3, a6, pc - 84
C0:       1034 [1] pc=[00400002a8,0] W[r16=0000000000000004,0][1] R[r 0=0000000000000000,0] R[r 4=0000000000000013,0] 
 inst=[00400813,0] li      a6, 4
C0:       1035 [1] pc=[00400002ac,0] W[r 0=0000000000000001,0][0] R[r28=000000000000000b,0] R[r16=0000000000000004,0] 
 inst=[010e5463,0] bge     t3, a6, pc + 8
C0:       1036 [1] pc=[00400002b4,0] W[r16=0000000000000010,0][1] R[r 0=0000000000000000,0] R[r16=0000000000000004,0] 
 inst=[01000813,0] li      a6, 16
C0:       1037 [1] pc=[00400002b8,0] W[r 0=0000000000000000,0][0] R[r16=0000000000000010,0] R[r17=0000000000000010,0] 
 inst=[f9181ce3,0] bne     a6, a7, pc - 104
C0:       1038 [1] pc=[00400002bc,0] W[r16=0000000040000200,0][1] R[r 0=0000000000000000,0] R[r 1=0000000000000013,0] 
 inst=[14102873,0] csrr    a6, sepc
C0:       1041 [1] pc=[00400002c0,0] W[r16=000000004000020c,0][1] R[r16=0000000040000200,0] R[r12=0000000000000013,0] 
 inst=[00c80813,0] addi    a6, a6, 12
C0:       1042 [1] pc=[00400002c4,0] W[r 0=0000000040000200,0][1] R[r16=000000004000020c,0] R[r 1=0000000000000013,0] 
 inst=[14181073,0] csrw    sepc, a6
C0:       1043 [1] pc=[00400002c8,0] W[r30=0000000000f00900,0][1] R[r 0=0000000000000000,0] R[r 0=0000000000000000,0] 
 inst=[14002f73,0] csrr    t5, sscratch
C0:       1046 [1] pc=[00400002cc,0] W[r 0=0000000000f0f0f0,0][1] R[r30=0000000000f00900,0] R[r16=0000000000000013,0] 
 inst=[9f0f1073,0] csrw    unknown_9f0, t5
C0:       1050 [1] pc=[00400002d0,0] W[r 0=0000000000000000,0][0] R[r 0=0000000000000000,0] R[r 2=0000000000000013,0] 
 inst=[10200073,0] sret
C0:       1055 [1] pc=[004000020c,0] W[r 0=0000000000000000,0][0] R[r 5=000000000000d00d,0] R[r 6=000000000000d00d,0] 
 inst=[04629263,0] bne     t0, t1, pc + 68
C0:       1056 [1] pc=[0040000210,0] W[r28=000000000000000c,0][1] R[r 0=0000000000000000,0] R[r12=000000000000d00f,0] 
 inst=[00c00e13,0] li      t3, 12
C0:       1057 [0] pc=[0040000214,0] W[r 0=000000000000000f,0][0] R[r10=0000000040000348,0] R[r 0=0000000000000000,0] 
 inst=[04052003,0] lw      zero, 64(a0)
C0:       1062 [1] pc=[0040000270,0] W[r30=0000000000f00900,0][1] R[r 0=0000000000000000,0] R[r16=000000000000d00f,0] 
 inst=[9f002f73,0] csrr    t5, unknown_9f0
C0:       1065 [1] pc=[0040000274,0] W[r 0=0000000000f00900,0][1] R[r30=0000000000f00900,0] R[r 0=0000000000000000,0] 
 inst=[140f1073,0] csrw    sscratch, t5
C0:       1066 [1] pc=[0040000278,0] W[r31=00000000000000f0,0][1] R[r 0=0000000000000000,0] R[r16=000000000000d00f,0] 
 inst=[0f000f93,0] li      t6, 240
C0:       1067 [1] pc=[004000027c,0] W[r30=000000000000f000,0][1] R[r 1=0000000000f00903,0] R[r 0=0000000000000000,0] 
 inst=[0000ff37,0] lui     t5, 0xf
C0:       1068 [1] pc=[0040000280,0] W[r31=000000000000f0f0,0][1] R[r31=00000000000000f0,0] R[r30=000000000000f000,0] 
 inst=[01efefb3,0] or      t6, t6, t5
C0:       1069 [1] pc=[0040000284,0] W[r30=0000000000f00000,0][1] R[r 0=0000000000000000,0] R[r15=000000000000d00f,0] 
 inst=[00f00f37,0] lui     t5, 0xf00
C0:       1070 [1] pc=[0040000288,0] W[r31=0000000000f0f0f0,0][1] R[r31=000000000000f0f0,0] R[r30=0000000000f00000,0] 
 inst=[01efefb3,0] or      t6, t6, t5
C0:       1071 [1] pc=[004000028c,0] W[r 0=0000000000f00900,0][1] R[r31=0000000000f0f0f0,0] R[r16=000000000000d00f,0] 
 inst=[9f0f9073,0] csrw    unknown_9f0, t6
C0:       1075 [1] pc=[0040000290,0] W[r17=0000000000000010,0][1] R[r 0=0000000000000000,0] R[r 2=000000000000d00f,0] 
 inst=[142028f3,0] csrr    a7, scause
C0:       1076 [1] pc=[0040000294,0] W[r16=0000000000000008,0][1] R[r 0=0000000000000000,0] R[r 8=000000000000d00f,0] 
 inst=[00800813,0] li      a6, 8
C0:       1078 [1] pc=[0040000298,0] W[r 0=0000000000000001,0][0] R[r16=0000000000000008,0] R[r17=0000000000000010,0] 
 inst=[01181463,0] bne     a6, a7, pc + 8
C0:       1079 [1] pc=[00400002a0,0] W[r16=000000000000000a,0][1] R[r 0=0000000000000000,0] R[r10=0000000000000013,0] 
 inst=[00a00813,0] li      a6, 10
C0:       1080 [1] pc=[00400002a4,0] W[r 0=0000000000000000,0][0] R[r28=000000000000000c,0] R[r16=000000000000000a,0] 
 inst=[fb0e06e3,0] beq     t3, a6, pc - 84
C0:       1081 [1] pc=[00400002a8,0] W[r16=0000000000000004,0][1] R[r 0=0000000000000000,0] R[r 4=0000000000000013,0] 
 inst=[00400813,0] li      a6, 4
C0:       1082 [1] pc=[00400002ac,0] W[r 0=0000000000000001,0][0] R[r28=000000000000000c,0] R[r16=0000000000000004,0] 
 inst=[010e5463,0] bge     t3, a6, pc + 8
C0:       1083 [1] pc=[00400002b4,0] W[r16=0000000000000010,0][1] R[r 0=0000000000000000,0] R[r16=0000000000000004,0] 
 inst=[01000813,0] li      a6, 16
C0:       1084 [1] pc=[00400002b8,0] W[r 0=0000000000000000,0][0] R[r16=0000000000000010,0] R[r17=0000000000000010,0] 
 inst=[f9181ce3,0] bne     a6, a7, pc - 104
C0:       1085 [1] pc=[00400002bc,0] W[r16=0000000040000214,0][1] R[r 0=0000000000000000,0] R[r 1=0000000000000013,0] 
 inst=[14102873,0] csrr    a6, sepc
C0:       1088 [1] pc=[00400002c0,0] W[r16=0000000040000220,0][1] R[r16=0000000040000214,0] R[r12=0000000000000013,0] 
 inst=[00c80813,0] addi    a6, a6, 12
C0:       1089 [1] pc=[00400002c4,0] W[r 0=0000000040000214,0][1] R[r16=0000000040000220,0] R[r 1=0000000000000013,0] 
 inst=[14181073,0] csrw    sepc, a6
C0:       1090 [1] pc=[00400002c8,0] W[r30=0000000000f00900,0][1] R[r 0=0000000000000000,0] R[r 0=0000000000000000,0] 
 inst=[14002f73,0] csrr    t5, sscratch
C0:       1093 [1] pc=[00400002cc,0] W[r 0=0000000000f0f0f0,0][1] R[r30=0000000000f00900,0] R[r16=0000000000000013,0] 
 inst=[9f0f1073,0] csrw    unknown_9f0, t5
C0:       1097 [1] pc=[00400002d0,0] W[r 0=0000000000000000,0][0] R[r 0=0000000000000000,0] R[r 2=0000000000000013,0] 
 inst=[10200073,0] sret
C0:       1102 [1] pc=[0040000220,0] W[r 0=0000000000000000,0][0] R[r 5=000000000000d00d,0] R[r 6=000000000000d00d,0] 
 inst=[02629863,0] bne     t0, t1, pc + 48
C0:       1103 [1] pc=[0040000224,0] W[r28=000000000000000d,0][1] R[r 0=0000000000000000,0] R[r13=000000000000d00f,0] 
 inst=[00d00e13,0] li      t3, 13
C0:       1104 [0] pc=[0040000228,0] W[r 0=000000000000000f,0][0] R[r10=0000000040000348,0] R[r 0=0000000000000000,0] 
 inst=[04051003,0] lh      zero, 64(a0)
C0:       1109 [1] pc=[0040000270,0] W[r30=0000000000f00900,0][1] R[r 0=0000000000000000,0] R[r16=000000000000d00f,0] 
 inst=[9f002f73,0] csrr    t5, unknown_9f0
C0:       1112 [1] pc=[0040000274,0] W[r 0=0000000000f00900,0][1] R[r30=0000000000f00900,0] R[r 0=0000000000000000,0] 
 inst=[140f1073,0] csrw    sscratch, t5
C0:       1113 [1] pc=[0040000278,0] W[r31=00000000000000f0,0][1] R[r 0=0000000000000000,0] R[r16=000000000000d00f,0] 
 inst=[0f000f93,0] li      t6, 240
C0:       1114 [1] pc=[004000027c,0] W[r30=000000000000f000,0][1] R[r 1=0000000000f00903,0] R[r 0=0000000000000000,0] 
 inst=[0000ff37,0] lui     t5, 0xf
C0:       1115 [1] pc=[0040000280,0] W[r31=000000000000f0f0,0][1] R[r31=00000000000000f0,0] R[r30=000000000000f000,0] 
 inst=[01efefb3,0] or      t6, t6, t5
C0:       1116 [1] pc=[0040000284,0] W[r30=0000000000f00000,0][1] R[r 0=0000000000000000,0] R[r15=000000000000d00f,0] 
 inst=[00f00f37,0] lui     t5, 0xf00
C0:       1117 [1] pc=[0040000288,0] W[r31=0000000000f0f0f0,0][1] R[r31=000000000000f0f0,0] R[r30=0000000000f00000,0] 
 inst=[01efefb3,0] or      t6, t6, t5
C0:       1118 [1] pc=[004000028c,0] W[r 0=0000000000f00900,0][1] R[r31=0000000000f0f0f0,0] R[r16=000000000000d00f,0] 
 inst=[9f0f9073,0] csrw    unknown_9f0, t6
C0:       1122 [1] pc=[0040000290,0] W[r17=0000000000000010,0][1] R[r 0=0000000000000000,0] R[r 2=000000000000d00f,0] 
 inst=[142028f3,0] csrr    a7, scause
C0:       1123 [1] pc=[0040000294,0] W[r16=0000000000000008,0][1] R[r 0=0000000000000000,0] R[r 8=000000000000d00f,0] 
 inst=[00800813,0] li      a6, 8
C0:       1125 [1] pc=[0040000298,0] W[r 0=0000000000000001,0][0] R[r16=0000000000000008,0] R[r17=0000000000000010,0] 
 inst=[01181463,0] bne     a6, a7, pc + 8
C0:       1126 [1] pc=[00400002a0,0] W[r16=000000000000000a,0][1] R[r 0=0000000000000000,0] R[r10=0000000000000013,0] 
 inst=[00a00813,0] li      a6, 10
C0:       1127 [1] pc=[00400002a4,0] W[r 0=0000000000000000,0][0] R[r28=000000000000000d,0] R[r16=000000000000000a,0] 
 inst=[fb0e06e3,0] beq     t3, a6, pc - 84
C0:       1128 [1] pc=[00400002a8,0] W[r16=0000000000000004,0][1] R[r 0=0000000000000000,0] R[r 4=0000000000000013,0] 
 inst=[00400813,0] li      a6, 4
C0:       1129 [1] pc=[00400002ac,0] W[r 0=0000000000000001,0][0] R[r28=000000000000000d,0] R[r16=0000000000000004,0] 
 inst=[010e5463,0] bge     t3, a6, pc + 8
C0:       1130 [1] pc=[00400002b4,0] W[r16=0000000000000010,0][1] R[r 0=0000000000000000,0] R[r16=0000000000000004,0] 
 inst=[01000813,0] li      a6, 16
C0:       1131 [1] pc=[00400002b8,0] W[r 0=0000000000000000,0][0] R[r16=0000000000000010,0] R[r17=0000000000000010,0] 
 inst=[f9181ce3,0] bne     a6, a7, pc - 104
C0:       1132 [1] pc=[00400002bc,0] W[r16=0000000040000228,0][1] R[r 0=0000000000000000,0] R[r 1=0000000000000013,0] 
 inst=[14102873,0] csrr    a6, sepc
C0:       1135 [1] pc=[00400002c0,0] W[r16=0000000040000234,0][1] R[r16=0000000040000228,0] R[r12=0000000000000013,0] 
 inst=[00c80813,0] addi    a6, a6, 12
C0:       1136 [1] pc=[00400002c4,0] W[r 0=0000000040000228,0][1] R[r16=0000000040000234,0] R[r 1=0000000000000013,0] 
 inst=[14181073,0] csrw    sepc, a6
C0:       1137 [1] pc=[00400002c8,0] W[r30=0000000000f00900,0][1] R[r 0=0000000000000000,0] R[r 0=0000000000000000,0] 
 inst=[14002f73,0] csrr    t5, sscratch
C0:       1140 [1] pc=[00400002cc,0] W[r 0=0000000000f0f0f0,0][1] R[r30=0000000000f00900,0] R[r16=0000000000000013,0] 
 inst=[9f0f1073,0] csrw    unknown_9f0, t5
C0:       1144 [1] pc=[00400002d0,0] W[r 0=0000000000000000,0][0] R[r 0=0000000000000000,0] R[r 2=0000000000000013,0] 
 inst=[10200073,0] sret
C0:       1149 [1] pc=[0040000234,0] W[r 0=0000000000000000,0][0] R[r 5=000000000000d00d,0] R[r 6=000000000000d00d,0] 
 inst=[00629e63,0] bne     t0, t1, pc + 28
C0:       1150 [1] pc=[0040000238,0] W[r28=000000000000000e,0][1] R[r 0=0000000000000000,0] R[r14=000000000000d00f,0] 
 inst=[00e00e13,0] li      t3, 14
C0:       1151 [0] pc=[004000023c,0] W[r 0=000000000000000f,0][0] R[r10=0000000040000348,0] R[r 0=0000000000000000,0] 
 inst=[04050003,0] lb      zero, 64(a0)
C0:       1156 [1] pc=[0040000270,0] W[r30=0000000000f00900,0][1] R[r 0=0000000000000000,0] R[r16=000000000000d00f,0] 
 inst=[9f002f73,0] csrr    t5, unknown_9f0
C0:       1159 [1] pc=[0040000274,0] W[r 0=0000000000f00900,0][1] R[r30=0000000000f00900,0] R[r 0=0000000000000000,0] 
 inst=[140f1073,0] csrw    sscratch, t5
C0:       1160 [1] pc=[0040000278,0] W[r31=00000000000000f0,0][1] R[r 0=0000000000000000,0] R[r16=000000000000d00f,0] 
 inst=[0f000f93,0] li      t6, 240
C0:       1161 [1] pc=[004000027c,0] W[r30=000000000000f000,0][1] R[r 1=0000000000f00903,0] R[r 0=0000000000000000,0] 
 inst=[0000ff37,0] lui     t5, 0xf
C0:       1162 [1] pc=[0040000280,0] W[r31=000000000000f0f0,0][1] R[r31=00000000000000f0,0] R[r30=000000000000f000,0] 
 inst=[01efefb3,0] or      t6, t6, t5
C0:       1163 [1] pc=[0040000284,0] W[r30=0000000000f00000,0][1] R[r 0=0000000000000000,0] R[r15=000000000000d00f,0] 
 inst=[00f00f37,0] lui     t5, 0xf00
C0:       1164 [1] pc=[0040000288,0] W[r31=0000000000f0f0f0,0][1] R[r31=000000000000f0f0,0] R[r30=0000000000f00000,0] 
 inst=[01efefb3,0] or      t6, t6, t5
C0:       1165 [1] pc=[004000028c,0] W[r 0=0000000000f00900,0][1] R[r31=0000000000f0f0f0,0] R[r16=000000000000d00f,0] 
 inst=[9f0f9073,0] csrw    unknown_9f0, t6
C0:       1169 [1] pc=[0040000290,0] W[r17=0000000000000010,0][1] R[r 0=0000000000000000,0] R[r 2=000000000000d00f,0] 
 inst=[142028f3,0] csrr    a7, scause
C0:       1170 [1] pc=[0040000294,0] W[r16=0000000000000008,0][1] R[r 0=0000000000000000,0] R[r 8=000000000000d00f,0] 
 inst=[00800813,0] li      a6, 8
C0:       1172 [1] pc=[0040000298,0] W[r 0=0000000000000001,0][0] R[r16=0000000000000008,0] R[r17=0000000000000010,0] 
 inst=[01181463,0] bne     a6, a7, pc + 8
C0:       1173 [1] pc=[00400002a0,0] W[r16=000000000000000a,0][1] R[r 0=0000000000000000,0] R[r10=0000000000000013,0] 
 inst=[00a00813,0] li      a6, 10
C0:       1174 [1] pc=[00400002a4,0] W[r 0=0000000000000000,0][0] R[r28=000000000000000e,0] R[r16=000000000000000a,0] 
 inst=[fb0e06e3,0] beq     t3, a6, pc - 84
C0:       1175 [1] pc=[00400002a8,0] W[r16=0000000000000004,0][1] R[r 0=0000000000000000,0] R[r 4=0000000000000013,0] 
 inst=[00400813,0] li      a6, 4
C0:       1176 [1] pc=[00400002ac,0] W[r 0=0000000000000001,0][0] R[r28=000000000000000e,0] R[r16=0000000000000004,0] 
 inst=[010e5463,0] bge     t3, a6, pc + 8
C0:       1177 [1] pc=[00400002b4,0] W[r16=0000000000000010,0][1] R[r 0=0000000000000000,0] R[r16=0000000000000004,0] 
 inst=[01000813,0] li      a6, 16
C0:       1178 [1] pc=[00400002b8,0] W[r 0=0000000000000000,0][0] R[r16=0000000000000010,0] R[r17=0000000000000010,0] 
 inst=[f9181ce3,0] bne     a6, a7, pc - 104
C0:       1179 [1] pc=[00400002bc,0] W[r16=000000004000023c,0][1] R[r 0=0000000000000000,0] R[r 1=0000000000000013,0] 
 inst=[14102873,0] csrr    a6, sepc
C0:       1182 [1] pc=[00400002c0,0] W[r16=0000000040000248,0][1] R[r16=000000004000023c,0] R[r12=0000000000000013,0] 
 inst=[00c80813,0] addi    a6, a6, 12
C0:       1183 [1] pc=[00400002c4,0] W[r 0=000000004000023c,0][1] R[r16=0000000040000248,0] R[r 1=0000000000000013,0] 
 inst=[14181073,0] csrw    sepc, a6
C0:       1184 [1] pc=[00400002c8,0] W[r30=0000000000f00900,0][1] R[r 0=0000000000000000,0] R[r 0=0000000000000000,0] 
 inst=[14002f73,0] csrr    t5, sscratch
C0:       1187 [1] pc=[00400002cc,0] W[r 0=0000000000f0f0f0,0][1] R[r30=0000000000f00900,0] R[r16=0000000000000013,0] 
 inst=[9f0f1073,0] csrw    unknown_9f0, t5
C0:       1191 [1] pc=[00400002d0,0] W[r 0=0000000000000000,0][0] R[r 0=0000000000000000,0] R[r 2=0000000000000013,0] 
 inst=[10200073,0] sret
C0:       1196 [1] pc=[0040000248,0] W[r 0=0000000000000000,0][0] R[r 5=000000000000d00d,0] R[r 6=000000000000d00d,0] 
 inst=[00629463,0] bne     t0, t1, pc + 8
C0:       1197 [1] pc=[004000024c,0] W[r 0=0000000000000001,0][0] R[r 0=0000000000000000,0] R[r28=000000000000000e,0] 
 inst=[01c01c63,0] bne     zero, t3, pc + 24
C0:       1201 [1] pc=[0040000264,0] W[r 0=0000000000000004,0][0] R[r 0=0000000000000000,0] R[r31=000000000000000f,0] 
 inst=[0ff0000f,0] fence
C0:       1202 [1] pc=[0040000268,0] W[r28=0000000000000001,0][1] R[r 0=0000000000000000,0] R[r 1=000000000000000f,0] 
 inst=[00100e13,0] li      t3, 1
C0:       1203 [0] pc=[004000026c,0] W[r 0=0000000000000000,0][0] R[r 0=0000000000000000,0] R[r 0=0000000000000000,0] 
 inst=[00000073,0] ecall
C0:       1208 [1] pc=[0040000270,0] W[r30=0000000000f00900,0][1] R[r 0=0000000000000000,0] R[r16=000000000000000f,0] 
 inst=[9f002f73,0] csrr    t5, unknown_9f0
C0:       1211 [1] pc=[0040000274,0] W[r 0=0000000000f00900,0][1] R[r30=0000000000f00900,0] R[r 0=0000000000000000,0] 
 inst=[140f1073,0] csrw    sscratch, t5
C0:       1212 [1] pc=[0040000278,0] W[r31=00000000000000f0,0][1] R[r 0=0000000000000000,0] R[r16=000000000000000f,0] 
 inst=[0f000f93,0] li      t6, 240
C0:       1213 [1] pc=[004000027c,0] W[r30=000000000000f000,0][1] R[r 1=0000000000f00903,0] R[r 0=0000000000000000,0] 
 inst=[0000ff37,0] lui     t5, 0xf
C0:       1214 [1] pc=[0040000280,0] W[r31=000000000000f0f0,0][1] R[r31=00000000000000f0,0] R[r30=000000000000f000,0] 
 inst=[01efefb3,0] or      t6, t6, t5
C0:       1215 [1] pc=[0040000284,0] W[r30=0000000000f00000,0][1] R[r 0=0000000000000000,0] R[r15=000000000000000f,0] 
 inst=[00f00f37,0] lui     t5, 0xf00
C0:       1216 [1] pc=[0040000288,0] W[r31=0000000000f0f0f0,0][1] R[r31=000000000000f0f0,0] R[r30=0000000000f00000,0] 
 inst=[01efefb3,0] or      t6, t6, t5
C0:       1217 [1] pc=[004000028c,0] W[r 0=0000000000f00900,0][1] R[r31=0000000000f0f0f0,0] R[r16=000000000000000f,0] 
 inst=[9f0f9073,0] csrw    unknown_9f0, t6
C0:       1221 [1] pc=[0040000290,0] W[r17=0000000000000008,0][1] R[r 0=0000000000000000,0] R[r 2=000000000000000f,0] 
 inst=[142028f3,0] csrr    a7, scause
C0:       1222 [1] pc=[0040000294,0] W[r16=0000000000000008,0][1] R[r 0=0000000000000000,0] R[r 8=000000000000000f,0] 
 inst=[00800813,0] li      a6, 8
C0:       1224 [1] pc=[0040000298,0] W[r 0=0000000000000000,0][0] R[r16=0000000000000008,0] R[r17=0000000000000008,0] 
 inst=[01181463,0] bne     a6, a7, pc + 8
C0:       1228 [1] pc=[004000029c,0] W[r 0=00000000400002a0,0][1] R[r31=0000000000f00903,0] R[r 9=000000000000000b,0] 
 inst=[fc9ff06f,0] j       pc - 0x38
C0:       1232 [1] pc=[0040000264,0] W[r 0=0000000000000004,0][0] R[r 0=0000000000000000,0] R[r31=000000000000000b,0] 
 inst=[0ff0000f,0] fence
C0:       1233 [1] pc=[0040000268,0] W[r28=0000000000000001,0][1] R[r 0=0000000000000000,0] R[r 1=000000000000000b,0] 
 inst=[00100e13,0] li      t3, 1
C0:       1234 [0] pc=[004000026c,0] W[r 0=0000000000000000,0][0] R[r 0=0000000000000000,0] R[r 0=0000000000000000,0] 
 inst=[00000073,0] ecall
C0:       1239 [1] pc=[0040000004,0] W[r30=0000000000f0f0f0,0][1] R[r 0=0000000000000000,0] R[r16=000000000000000b,0] 
 inst=[bf002f73,0] csrr    t5, unknown_bf0
C0:       1242 [1] pc=[0040000008,0] W[r 0=68d70fe72d48552a,0][1] R[r30=0000000000f0f0f0,0] R[r 0=0000000000000000,0] 
 inst=[340f1073,0] csrw    mscratch, t5
C0:       1243 [1] pc=[004000000c,0] W[r31=00000000000000f0,0][1] R[r 0=0000000000000000,0] R[r16=000000000000000b,0] 
 inst=[0f000f93,0] li      t6, 240
C0:       1244 [1] pc=[0040000010,0] W[r30=000000000000f000,0][1] R[r 1=0000000000f0f0f3,0] R[r 0=0000000000000000,0] 
 inst=[0000ff37,0] lui     t5, 0xf
C0:       1245 [1] pc=[0040000014,0] W[r31=000000000000f0f0,0][1] R[r31=00000000000000f0,0] R[r30=000000000000f000,0] 
 inst=[01efefb3,0] or      t6, t6, t5
C0:       1246 [1] pc=[0040000018,0] W[r30=0000000000f00000,0][1] R[r 0=0000000000000000,0] R[r15=000000000000000b,0] 
 inst=[00f00f37,0] lui     t5, 0xf00
C0:       1247 [1] pc=[004000001c,0] W[r31=0000000000f0f0f0,0][1] R[r31=000000000000f0f0,0] R[r30=0000000000f00000,0] 
 inst=[01efefb3,0] or      t6, t6, t5
C0:       1248 [1] pc=[0040000020,0] W[r 0=0000000000f0f0f0,0][1] R[r31=0000000000f0f0f0,0] R[r16=000000000000000b,0] 
 inst=[bf0f9073,0] csrw    unknown_bf0, t6
C0:       1252 [1] pc=[0040000024,0] W[r30=0000000000000009,0][1] R[r 0=0000000000000000,0] R[r 2=000000000000000b,0] 
 inst=[34202f73,0] csrr    t5, mcause
C0:       1253 [1] pc=[0040000028,0] W[r31=0000000000000008,0][1] R[r 0=0000000000000000,0] R[r 8=000000000000000b,0] 
 inst=[00800f93,0] li      t6, 8
C0:       1255 [1] pc=[004000002c,0] W[r 0=0000000000000000,0][0] R[r30=0000000000000009,0] R[r31=0000000000000008,0] 
 inst=[03ff0a63,0] beq     t5, t6, pc + 52
C0:       1256 [1] pc=[0040000030,0] W[r31=0000000000000009,0][1] R[r 0=0000000000000000,0] R[r 9=000000000000000b,0] 
 inst=[00900f93,0] li      t6, 9
C0:       1257 [1] pc=[0040000034,0] W[r 0=0000000000000001,0][0] R[r30=0000000000000009,0] R[r31=0000000000000009,0] 
 inst=[03ff0663,0] beq     t5, t6, pc + 44
C0:       1261 [1] pc=[0040000060,0] W[r30=0000000000004000,0][1] R[r 0=0000000000000000,0] R[r 0=0000000000000000,0] 
 inst=[00004f37,0] lui     t5, 0x4
C0:       1262 [1] pc=[0040000064,0] W[r 0=0000000000004000,0][0] R[r30=0000000000004000,0] R[r28=0000000000000001,0] 
 inst=[01cf2023,0] sw      t3, 0(t5)
C0:       1263 [1] pc=[0040000068,0] W[r 0=000000004000006c,0][1] R[r31=000000000000000b,0] R[r25=0000000000000003,0] 
 inst=[ff9ff06f,0] j       pc - 0x8
