C0:         17 [1] pc=[0000000000,0] W[r 5=0000000040000000,0][1] R[r 0=0000000000000000,0] R[r 0=0000000000000000,0] 
 inst=[40000297,0] auipc   t0, 0x40000
C0:         18 [1] pc=[0000000004,0] W[r 0=0000000000000008,0][1] R[r 5=0000000040000000,0] R[r 0=0000000000000000,0] 
 inst=[00028067,0] jr      t0
TagXact1: (0) Create 0xbffffe00
TagXact1: (0) Create 0xbffffe40
TagXact1: (0) Create 0xbffffe80
TagXact1: (0) Create 0xbffffec0
TagXact1: (0) Create 0xbfffff00
TagXact1: (0) Create 0xbfffff40
TagXact1: (0) Create 0xbfffff80
TagXact1: (0) Create 0xbfffffc0
C0:        166 [1] pc=[0040000000,0] W[r 0=0000000040000004,0][1] R[r 0=0000000000000000,0] R[r12=822bd126c26244cb,c] 
 inst=[06c0006f,0] j       pc + 0x6c
TagXact1: (0) Read 0xb8000004 miss
TagXact1: (0) Read 0xbffc0000 miss
TagXact1: (0) FetchRead 0xbffffe00 => 0000000000000000
C0:        208 [1] pc=[004000006c,0] W[r10=0000000000000000,0][1] R[r 0=0000000000000000,0] R[r20=822bd126c26244cb,c] 
 inst=[f1402573,0] csrr    a0, mhartid
C0:        211 [1] pc=[0040000070,0] W[r 0=0000000000000000,0][0] R[r10=0000000000000000,0] R[r 0=0000000000000000,0] 
 inst=[00051063,0] bnez    a0, pc + 0
C0:        212 [1] pc=[0040000074,0] W[r10=8000000000041129,0][1] R[r 0=0000000000000000,0] R[r16=822bd126c26244cb,c] 
 inst=[f1002573,0] csrr    a0, unknown_f10
C0:        215 [1] pc=[0040000078,0] W[r 0=0000000000000001,0][0] R[r10=8000000000041129,0] R[r 0=0000000000000000,0] 
 inst=[00054863,0] bltz    a0, pc + 16
TagXact1: (0) Read 0xb8000008 miss
TagXact1: (0) Read 0xbffc0000 miss
TagXact1: (0) FetchRead 0xbffffe00 => 0000000000000000
C0:        251 [1] pc=[0040000088,0] W[r28=0000000000000000,0][1] R[r 0=0000000000000000,0] R[r 0=0000000000000000,0] 
 inst=[00000e13,0] li      t3, 0
C0:        252 [1] pc=[004000008c,0] W[r 5=000000004000008c,0][1] R[r 0=0000000000000000,0] R[r 0=0000000000000000,0] 
 inst=[00000297,0] auipc   t0, 0x0
C0:        253 [1] pc=[0040000090,0] W[r 5=0000000040000004,0][1] R[r 5=000000004000008c,0] R[r24=822bd126c26244cb,c] 
 inst=[f7828293,0] addi    t0, t0, -136
C0:        254 [1] pc=[0040000094,0] W[r 0=0000000000000000,0][1] R[r 5=0000000040000004,0] R[r 5=0000000040000004,0] 
 inst=[30529073,0] csrw    mtvec, t0
C0:        258 [1] pc=[0040000098,0] W[r 5=0000000000000098,0][1] R[r 0=0000000000000000,0] R[r 0=0000000000000000,0] 
 inst=[c0000297,0] auipc   t0, 0xc0000
C0:        259 [1] pc=[004000009c,0] W[r 5=0000000000000000,0][1] R[r 5=0000000000000098,0] R[r 8=822bd126c26244cb,c] 
 inst=[f6828293,0] addi    t0, t0, -152
C0:        260 [1] pc=[00400000a0,0] W[r 0=0000000000000001,0][0] R[r 5=0000000000000000,0] R[r 0=0000000000000000,0] 
 inst=[00028e63,0] beqz    t0, pc + 28
C0:        264 [1] pc=[00400000bc,0] W[r 0=0000000000001800,0][1] R[r 0=0000000000000000,0] R[r 0=0000000000000000,0] 
 inst=[30005073,0] csrwi   mstatus, 0
TagXact1: (0) Read 0xb800000c miss
TagXact1: (0) Read 0xbffc0000 miss
TagXact1: (0) FetchRead 0xbffffe00 => 0000000000000000
C0:        300 [1] pc=[00400000c0,0] W[r 5=00000000400000c0,0][1] R[r 0=0000000000000000,0] R[r 0=0000000000000000,0] 
 inst=[00000297,0] auipc   t0, 0x0
C0:        301 [1] pc=[00400000c4,0] W[r 5=00000000400000d4,0][1] R[r 5=00000000400000c0,0] R[r20=822bd126c26244cb,c] 
 inst=[01428293,0] addi    t0, t0, 20
C0:        302 [1] pc=[00400000c8,0] W[r 0=000000401c937d84,0][1] R[r 5=00000000400000d4,0] R[r 1=822bd126c26244cb,c] 
 inst=[34129073,0] csrw    mepc, t0
C0:        303 [1] pc=[00400000cc,0] W[r10=0000000000000000,0][1] R[r 0=0000000000000000,0] R[r20=822bd126c26244cb,c] 
 inst=[f1402573,0] csrr    a0, mhartid
C0:        304 [1] pc=[00400000d0,0] W[r 0=0000000000000000,0][0] R[r 0=0000000000000000,0] R[r 2=822bd126c26244cb,c] 
 inst=[30200073,0] mret
C0:        309 [1] pc=[00400000d4,0] W[r 0=0000000000000000,0][1] R[r 0=0000000000000000,0] R[r16=822bd126c26244cb,c] 
 inst=[8f001073,0] csrw    unknown_8f0, zero
C0:        313 [1] pc=[00400000d8,0] W[r 5=0000000000000000,0][1] R[r 0=0000000000000000,0] R[r 0=0000000000000000,0] 
 inst=[000002d7,0] unknown
C0:        314 [1] pc=[00400000dc,0] W[r29=0000000000000000,0][1] R[r 0=0000000000000000,0] R[r 0=0000000000000000,0] 
 inst=[00000e93,0] li      t4, 0
C0:        315 [1] pc=[00400000e0,0] W[r28=0000000000000002,0][1] R[r 0=0000000000000000,0] R[r 2=822bd126c26244cb,c] 
 inst=[00200e13,0] li      t3, 2
C0:        316 [1] pc=[00400000e4,0] W[r 0=0000000000000000,0][0] R[r 5=0000000000000000,0] R[r29=0000000000000000,0] 
 inst=[6fd29e63,0] bne     t0, t4, pc + 1788
C0:        317 [1] pc=[00400000e8,0] W[r 5=0000000000000000,0][1] R[r 1=6b0d859ecad4aaee,0] R[r 0=0000000000000000,0] 
 inst=[000082d7,0] unknown
C0:        318 [1] pc=[00400000ec,0] W[r29=0000000000000000,0][1] R[r 0=0000000000000000,0] R[r 0=0000000000000000,0] 
 inst=[00000e93,0] li      t4, 0
C0:        319 [1] pc=[00400000f0,0] W[r28=0000000000000003,0][1] R[r 0=0000000000000000,0] R[r 3=822bd126c26244cb,c] 
 inst=[00300e13,0] li      t3, 3
C0:        320 [1] pc=[00400000f4,0] W[r 0=0000000000000000,0][0] R[r 5=0000000000000000,0] R[r29=0000000000000000,0] 
 inst=[6fd29663,0] bne     t0, t4, pc + 1772
C0:        321 [1] pc=[00400000f8,0] W[r 1=0000000000000001,0][1] R[r 0=0000000000000000,0] R[r 1=822bd126c26244cb,c] 
 inst=[00100093,0] li      ra, 1
C0:        322 [1] pc=[00400000fc,0] W[r 1=0000000000000010,0][1] R[r 1=0000000000000001,0] R[r 4=822bd126c26244cb,c] 
 inst=[00409093,0] slli    ra, ra, 4
TagXact1: (0) Read 0xb8000010 miss
TagXact1: (0) Read 0xbffc0000 miss
TagXact1: (0) FetchRead 0xbffffe00 => 0000000000000000
C0:        357 [1] pc=[0040000100,0] W[r 0=0000000000000000,0][1] R[r 1=0000000000000010,0] R[r16=822bd126c26244cb,c] 
 inst=[8f009073,0] csrw    unknown_8f0, ra
C0:        361 [1] pc=[0040000104,0] W[r 1=0000000000000010,0][1] R[r 0=0000000000000000,0] R[r 1=0000000000000010,0] 
 inst=[001000b3,0] add     ra, zero, ra
C0:        362 [1] pc=[0040000108,0] W[r 5=0000000000000000,0][1] R[r 1=0000000000000010,0] R[r 0=0000000000000000,0] 
 inst=[000082d7,0] unknown
C0:        363 [1] pc=[004000010c,0] W[r29=0000000000000000,0][1] R[r 0=0000000000000000,0] R[r 0=0000000000000000,0] 
 inst=[00000e93,0] li      t4, 0
C0:        364 [1] pc=[0040000110,0] W[r28=0000000000000004,0][1] R[r 0=0000000000000000,0] R[r 4=0000000000000013,0] 
 inst=[00400e13,0] li      t3, 4
C0:        365 [1] pc=[0040000114,0] W[r 0=0000000000000000,0][0] R[r 5=0000000000000000,0] R[r29=0000000000000000,0] 
 inst=[6dd29663,0] bne     t0, t4, pc + 1740
C0:        366 [1] pc=[0040000118,0] W[r 1=0000000000000001,0][1] R[r 0=0000000000000000,0] R[r 1=0000000000000013,0] 
 inst=[00100093,0] li      ra, 1
C0:        367 [1] pc=[004000011c,0] W[r 1=0000000000000001,1][1] R[r 1=0000000000000001,0] R[r 0=0000000000000000,0] 
 inst=[000090d7,0] unknown
C0:        368 [1] pc=[0040000120,0] W[r 1=0000000000000001,1][1] R[r 0=0000000000000000,0] R[r 1=0000000000000001,1] 
 inst=[001000b3,0] add     ra, zero, ra
C0:        369 [1] pc=[0040000124,0] W[r 5=0000000000000001,0][1] R[r 1=0000000000000001,1] R[r 0=0000000000000000,0] 
 inst=[000082d7,0] unknown
C0:        370 [1] pc=[0040000128,0] W[r29=0000000000000001,0][1] R[r 0=0000000000000000,0] R[r 1=0000000000000001,1] 
 inst=[00100e93,0] li      t4, 1
C0:        371 [1] pc=[004000012c,0] W[r28=0000000000000005,0][1] R[r 0=0000000000000000,0] R[r 5=0000000000000001,0] 
 inst=[00500e13,0] li      t3, 5
C0:        372 [1] pc=[0040000130,0] W[r 0=0000000000000000,0][0] R[r 5=0000000000000001,0] R[r29=0000000000000001,0] 
 inst=[6bd29863,0] bne     t0, t4, pc + 1712
C0:        373 [1] pc=[0040000134,0] W[r 2=0000000000000002,0][1] R[r 0=0000000000000000,0] R[r 2=0000000000000013,0] 
 inst=[00200113,0] li      sp, 2
C0:        374 [1] pc=[0040000138,0] W[r 2=0000000000000020,0][1] R[r 2=0000000000000002,0] R[r 4=0000000000000013,0] 
 inst=[00411113,0] slli    sp, sp, 4
C0:        375 [1] pc=[004000013c,0] W[r 0=0000000000000010,0][1] R[r 2=0000000000000020,0] R[r16=0000000000000013,0] 
 inst=[8f011073,0] csrw    unknown_8f0, sp
TagXact1: (0) Read 0xb8000014 miss
TagXact1: (0) Read 0xbffc0000 miss
TagXact1: (0) FetchRead 0xbffffe00 => 0000000000000000
C0:        411 [1] pc=[0040000140,0] W[r 2=0000000000000002,0][1] R[r 0=0000000000000000,0] R[r 2=0000000000000013,0] 
 inst=[00200113,0] li      sp, 2
C0:        412 [1] pc=[0040000144,0] W[r 2=0000000000000002,2][1] R[r 2=0000000000000002,0] R[r 0=0000000000000000,0] 
 inst=[00011157,0] unknown
C0:        413 [1] pc=[0040000148,0] W[r 2=0000000000000003,2][1] R[r 1=0000000000000001,1] R[r 2=0000000000000002,2] 
 inst=[00208133,0] add     sp, ra, sp
C0:        414 [1] pc=[004000014c,0] W[r 5=0000000000000002,0][1] R[r 2=0000000000000003,2] R[r 0=0000000000000000,0] 
 inst=[000102d7,0] unknown
C0:        415 [1] pc=[0040000150,0] W[r29=0000000000000002,0][1] R[r 0=0000000000000000,0] R[r 2=0000000000000003,2] 
 inst=[00200e93,0] li      t4, 2
C0:        416 [1] pc=[0040000154,0] W[r28=0000000000000006,0][1] R[r 0=0000000000000000,0] R[r 6=0000000000000013,0] 
 inst=[00600e13,0] li      t3, 6
C0:        417 [1] pc=[0040000158,0] W[r 0=0000000000000000,0][0] R[r 5=0000000000000002,0] R[r29=0000000000000002,0] 
 inst=[69d29463,0] bne     t0, t4, pc + 1672
C0:        418 [1] pc=[004000015c,0] W[r 3=0000000000000003,0][1] R[r 0=0000000000000000,0] R[r 3=0000000000000013,0] 
 inst=[00300193,0] li      gp, 3
C0:        419 [1] pc=[0040000160,0] W[r 3=0000000000000030,0][1] R[r 3=0000000000000003,0] R[r 4=0000000000000013,0] 
 inst=[00419193,0] slli    gp, gp, 4
C0:        420 [1] pc=[0040000164,0] W[r 0=0000000000000020,0][1] R[r 3=0000000000000030,0] R[r16=0000000000000013,0] 
 inst=[8f019073,0] csrw    unknown_8f0, gp
C0:        424 [1] pc=[0040000168,0] W[r 3=0000000000000003,0][1] R[r 0=0000000000000000,0] R[r 3=0000000000000013,0] 
 inst=[00300193,0] li      gp, 3
C0:        425 [1] pc=[004000016c,0] W[r 3=0000000000000001,3][1] R[r 1=0000000000000001,1] R[r 2=0000000000000003,2] 
 inst=[0020f1b3,0] and     gp, ra, sp
C0:        426 [1] pc=[0040000170,0] W[r 5=0000000000000003,0][1] R[r 3=0000000000000001,3] R[r 0=0000000000000000,0] 
 inst=[000182d7,0] unknown
C0:        427 [1] pc=[0040000174,0] W[r29=0000000000000003,0][1] R[r 0=0000000000000000,0] R[r 3=0000000000000001,3] 
 inst=[00300e93,0] li      t4, 3
C0:        428 [1] pc=[0040000178,0] W[r28=0000000000000007,0][1] R[r 0=0000000000000000,0] R[r 7=0000000000000003,2] 
 inst=[00700e13,0] li      t3, 7
C0:        429 [1] pc=[004000017c,0] W[r 0=0000000000000000,0][0] R[r 5=0000000000000003,0] R[r29=0000000000000003,0] 
 inst=[67d29263,0] bne     t0, t4, pc + 1636
TagXact1: (0) Read 0xb8000018 miss
TagXact1: (0) Read 0xbffc0000 miss
TagXact1: (0) FetchRead 0xbffffe00 => 0000000000000000
C0:        465 [1] pc=[0040000180,0] W[r 3=0000000000000000,3][1] R[r 3=0000000000000001,3] R[r 0=0000000000000000,0] 
 inst=[0001f193,0] andi    gp, gp, 0
C0:        466 [1] pc=[0040000184,0] W[r 5=0000000000000003,0][1] R[r 3=0000000000000000,3] R[r 0=0000000000000000,0] 
 inst=[000182d7,0] unknown
C0:        467 [1] pc=[0040000188,0] W[r29=0000000000000003,0][1] R[r 0=0000000000000000,0] R[r 3=0000000000000000,3] 
 inst=[00300e93,0] li      t4, 3
C0:        468 [1] pc=[004000018c,0] W[r28=0000000000000008,0][1] R[r 0=0000000000000000,0] R[r 8=0000000000000003,2] 
 inst=[00800e13,0] li      t3, 8
C0:        469 [1] pc=[0040000190,0] W[r 0=0000000000000000,0][0] R[r 5=0000000000000003,0] R[r29=0000000000000003,0] 
 inst=[65d29863,0] bne     t0, t4, pc + 1616
C0:        470 [1] pc=[0040000194,0] W[r 4=0000000000000000,3][1] R[r 3=0000000000000000,3] R[r 0=0000000000000000,0] 
 inst=[00018213,0] mv      tp, gp
C0:        471 [1] pc=[0040000198,0] W[r 5=0000000000000003,0][1] R[r 4=0000000000000000,3] R[r 0=0000000000000000,0] 
 inst=[000202d7,0] unknown
C0:        472 [1] pc=[004000019c,0] W[r29=0000000000000003,0][1] R[r 0=0000000000000000,0] R[r 3=0000000000000003,2] 
 inst=[00300e93,0] li      t4, 3
C0:        473 [1] pc=[00400001a0,0] W[r28=0000000000000009,0][1] R[r 0=0000000000000000,0] R[r 9=0000000000000003,2] 
 inst=[00900e13,0] li      t3, 9
C0:        474 [1] pc=[00400001a4,0] W[r 0=0000000000000000,0][0] R[r 5=0000000000000003,0] R[r29=0000000000000003,0] 
 inst=[63d29e63,0] bne     t0, t4, pc + 1596
C0:        475 [1] pc=[00400001a8,0] W[r 0=0000000000000030,0][1] R[r 0=0000000000000000,0] R[r16=0000000000000003,2] 
 inst=[8f001073,0] csrw    unknown_8f0, zero
C0:        479 [1] pc=[00400001ac,0] W[r 5=0000000000000003,0][1] R[r 4=0000000000000000,3] R[r 0=0000000000000000,0] 
 inst=[000202d7,0] unknown
C0:        480 [1] pc=[00400001b0,0] W[r29=0000000000000003,0][1] R[r 0=0000000000000000,0] R[r 3=0000000000000003,2] 
 inst=[00300e93,0] li      t4, 3
C0:        481 [1] pc=[00400001b4,0] W[r28=000000000000000a,0][1] R[r 0=0000000000000000,0] R[r10=0000000000000003,2] 
 inst=[00a00e13,0] li      t3, 10
C0:        482 [1] pc=[00400001b8,0] W[r 0=0000000000000000,0][0] R[r 5=0000000000000003,0] R[r29=0000000000000003,0] 
 inst=[63d29463,0] bne     t0, t4, pc + 1576
C0:        483 [1] pc=[00400001bc,0] W[r 2=000000000000000f,0][1] R[r 0=0000000000000000,0] R[r15=0000000000000003,2] 
 inst=[00f00113,0] li      sp, 15
TagXact1: (0) Read 0xb800001c miss
TagXact1: (0) Read 0xbffc0000 miss
TagXact1: (0) FetchRead 0xbffffe00 => 0000000000000000
C0:        518 [1] pc=[00400001c0,0] W[r 4=0000000000000000,f][1] R[r 2=000000000000000f,0] R[r 0=0000000000000000,0] 
 inst=[00011257,0] unknown
C0:        519 [1] pc=[00400001c4,0] W[r 5=000000000000000f,0][1] R[r 4=0000000000000000,f] R[r 0=0000000000000000,0] 
 inst=[000202d7,0] unknown
C0:        520 [1] pc=[00400001c8,0] W[r29=000000000000000f,0][1] R[r 0=0000000000000000,0] R[r15=0000000000000003,2] 
 inst=[00f00e93,0] li      t4, 15
C0:        521 [1] pc=[00400001cc,0] W[r28=000000000000000b,0][1] R[r 0=0000000000000000,0] R[r11=0000000000000003,2] 
 inst=[00b00e13,0] li      t3, 11
C0:        522 [1] pc=[00400001d0,0] W[r 0=0000000000000000,0][0] R[r 5=000000000000000f,0] R[r29=000000000000000f,0] 
 inst=[61d29863,0] bne     t0, t4, pc + 1552
C0:        523 [1] pc=[00400001d4,0] W[r 3=0000000000000000,0][1] R[r 4=0000000000000000,f] R[r 0=0000000000000000,0] 
 inst=[00020193,0] mv      gp, tp
C0:        524 [1] pc=[00400001d8,0] W[r 5=0000000000000000,0][1] R[r 3=0000000000000000,0] R[r 0=0000000000000000,0] 
 inst=[000182d7,0] unknown
C0:        525 [1] pc=[00400001dc,0] W[r29=0000000000000000,0][1] R[r 0=0000000000000000,0] R[r 0=0000000000000000,0] 
 inst=[00000e93,0] li      t4, 0
C0:        526 [1] pc=[00400001e0,0] W[r28=000000000000000c,0][1] R[r 0=0000000000000000,0] R[r12=0000000000000003,2] 
 inst=[00c00e13,0] li      t3, 12
C0:        527 [1] pc=[00400001e4,0] W[r 0=0000000000000000,0][0] R[r 5=0000000000000000,0] R[r29=0000000000000000,0] 
 inst=[5fd29e63,0] bne     t0, t4, pc + 1532
C0:        528 [1] pc=[00400001e8,0] W[r 1=000000000000000f,0][1] R[r 0=0000000000000000,0] R[r15=0000000000000003,2] 
 inst=[00f00093,0] li      ra, 15
C0:        529 [1] pc=[00400001ec,0] W[r 1=00000000000000f0,0][1] R[r 1=000000000000000f,0] R[r 4=0000000000000003,2] 
 inst=[00409093,0] slli    ra, ra, 4
C0:        530 [1] pc=[00400001f0,0] W[r 0=0000000000000000,0][1] R[r 1=00000000000000f0,0] R[r16=0000000000000003,2] 
 inst=[8f009073,0] csrw    unknown_8f0, ra
C0:        534 [1] pc=[00400001f4,0] W[r 2=0000000000000003,0][1] R[r 0=0000000000000000,0] R[r 3=0000000000000003,2] 
 inst=[00300113,0] li      sp, 3
C0:        535 [1] pc=[00400001f8,0] W[r 3=000000000000000c,0][1] R[r 0=0000000000000000,0] R[r12=0000000000000003,2] 
 inst=[00c00193,0] li      gp, 12
C0:        536 [1] pc=[00400001fc,0] W[r 2=0000000000000003,3][1] R[r 2=0000000000000003,0] R[r 0=0000000000000000,0] 
 inst=[00011157,0] unknown
TagXact1: (0) Read 0xb8000020 miss
TagXact1: (0) Read 0xbffc0000 miss
TagXact1: (0) FetchRead 0xbffffe00 => 0000000000000000
C0:        571 [1] pc=[0040000200,0] W[r 3=000000000000000c,c][1] R[r 3=000000000000000c,0] R[r 0=0000000000000000,0] 
 inst=[000191d7,0] unknown
C0:        572 [1] pc=[0040000204,0] W[r 4=000000000000000e,3][1] R[r 2=0000000000000003,3] R[r11=0000000000000003,2] 
 inst=[00b10213,0] addi    tp, sp, 11
C0:        573 [1] pc=[0040000208,0] W[r 5=0000000000000003,0][1] R[r 4=000000000000000e,3] R[r 0=0000000000000000,0] 
 inst=[000202d7,0] unknown
C0:        574 [1] pc=[004000020c,0] W[r29=0000000000000003,0][1] R[r 0=0000000000000000,0] R[r 3=0000000000000003,2] 
 inst=[00300e93,0] li      t4, 3
C0:        575 [1] pc=[0040000210,0] W[r28=000000000000000d,0][1] R[r 0=0000000000000000,0] R[r13=0000000000000003,2] 
 inst=[00d00e13,0] li      t3, 13
C0:        576 [1] pc=[0040000214,0] W[r 0=0000000000000000,0][0] R[r 5=0000000000000003,0] R[r29=0000000000000003,0] 
 inst=[5dd29663,0] bne     t0, t4, pc + 1484
C0:        577 [1] pc=[0040000218,0] W[r 2=0000000000000003,0][1] R[r 0=0000000000000000,0] R[r 3=0000000000000003,2] 
 inst=[00300113,0] li      sp, 3
C0:        578 [1] pc=[004000021c,0] W[r 3=000000000000000c,0][1] R[r 0=0000000000000000,0] R[r12=0000000000000003,2] 
 inst=[00c00193,0] li      gp, 12
C0:        579 [1] pc=[0040000220,0] W[r 2=0000000000000003,3][1] R[r 2=0000000000000003,0] R[r 0=0000000000000000,0] 
 inst=[00011157,0] unknown
C0:        580 [1] pc=[0040000224,0] W[r 3=000000000000000c,c][1] R[r 3=000000000000000c,0] R[r 0=0000000000000000,0] 
 inst=[000191d7,0] unknown
C0:        581 [1] pc=[0040000228,0] W[r 4=000000000000000e,3][1] R[r 2=0000000000000003,3] R[r11=0000000000000003,2] 
 inst=[00b1021b,0] addiw   tp, sp, 11
C0:        582 [1] pc=[004000022c,0] W[r 5=0000000000000003,0][1] R[r 4=000000000000000e,3] R[r 0=0000000000000000,0] 
 inst=[000202d7,0] unknown
C0:        583 [1] pc=[0040000230,0] W[r29=0000000000000003,0][1] R[r 0=0000000000000000,0] R[r 3=0000000000000003,2] 
 inst=[00300e93,0] li      t4, 3
C0:        584 [1] pc=[0040000234,0] W[r28=000000000000000e,0][1] R[r 0=0000000000000000,0] R[r14=0000000000000003,2] 
 inst=[00e00e13,0] li      t3, 14
C0:        585 [1] pc=[0040000238,0] W[r 0=0000000000000000,0][0] R[r 5=0000000000000003,0] R[r29=0000000000000003,0] 
 inst=[5bd29463,0] bne     t0, t4, pc + 1448
C0:        586 [1] pc=[004000023c,0] W[r 2=0000000000000003,0][1] R[r 0=0000000000000000,0] R[r 3=0000000000000003,2] 
 inst=[00300113,0] li      sp, 3
TagXact1: (0) Read 0xb8000024 miss
TagXact1: (0) Read 0xbffc0000 miss
TagXact1: (0) FetchRead 0xbffffe00 => 0000000000000000
C0:        623 [1] pc=[0040000240,0] W[r 3=000000000000000c,0][1] R[r 0=0000000000000000,0] R[r12=0000000000000003,2] 
 inst=[00c00193,0] li      gp, 12
C0:        624 [1] pc=[0040000244,0] W[r 2=0000000000000003,3][1] R[r 2=0000000000000003,0] R[r 0=0000000000000000,0] 
 inst=[00011157,0] unknown
C0:        625 [1] pc=[0040000248,0] W[r 3=000000000000000c,c][1] R[r 3=000000000000000c,0] R[r 0=0000000000000000,0] 
 inst=[000191d7,0] unknown
C0:        626 [1] pc=[004000024c,0] W[r 4=0000000000000003,3][1] R[r 2=0000000000000003,3] R[r11=0000000000000003,2] 
 inst=[00b17213,0] andi    tp, sp, 11
C0:        627 [1] pc=[0040000250,0] W[r 5=0000000000000003,0][1] R[r 4=0000000000000003,3] R[r 0=0000000000000000,0] 
 inst=[000202d7,0] unknown
C0:        628 [1] pc=[0040000254,0] W[r29=0000000000000003,0][1] R[r 0=0000000000000000,0] R[r 3=0000000000000003,2] 
 inst=[00300e93,0] li      t4, 3
C0:        629 [1] pc=[0040000258,0] W[r28=000000000000000f,0][1] R[r 0=0000000000000000,0] R[r15=0000000000000003,2] 
 inst=[00f00e13,0] li      t3, 15
C0:        630 [1] pc=[004000025c,0] W[r 0=0000000000000000,0][0] R[r 5=0000000000000003,0] R[r29=0000000000000003,0] 
 inst=[59d29263,0] bne     t0, t4, pc + 1412
C0:        631 [1] pc=[0040000260,0] W[r 2=0000000000000003,0][1] R[r 0=0000000000000000,0] R[r 3=0000000000000003,2] 
 inst=[00300113,0] li      sp, 3
C0:        632 [1] pc=[0040000264,0] W[r 3=000000000000000c,0][1] R[r 0=0000000000000000,0] R[r12=0000000000000003,2] 
 inst=[00c00193,0] li      gp, 12
C0:        633 [1] pc=[0040000268,0] W[r 2=0000000000000003,3][1] R[r 2=0000000000000003,0] R[r 0=0000000000000000,0] 
 inst=[00011157,0] unknown
C0:        634 [1] pc=[004000026c,0] W[r 3=000000000000000c,c][1] R[r 3=000000000000000c,0] R[r 0=0000000000000000,0] 
 inst=[000191d7,0] unknown
C0:        635 [1] pc=[0040000270,0] W[r 4=000000000000000b,3][1] R[r 2=0000000000000003,3] R[r11=0000000000000003,2] 
 inst=[00b16213,0] ori     tp, sp, 11
C0:        636 [1] pc=[0040000274,0] W[r 5=0000000000000003,0][1] R[r 4=000000000000000b,3] R[r 0=0000000000000000,0] 
 inst=[000202d7,0] unknown
C0:        637 [1] pc=[0040000278,0] W[r29=0000000000000003,0][1] R[r 0=0000000000000000,0] R[r 3=0000000000000003,2] 
 inst=[00300e93,0] li      t4, 3
C0:        638 [1] pc=[004000027c,0] W[r28=0000000000000010,0][1] R[r 0=0000000000000000,0] R[r16=0000000000000003,2] 
 inst=[01000e13,0] li      t3, 16
TagXact1: (0) Read 0xb8000028 miss
TagXact1: (0) Read 0xbffc0000 miss
TagXact1: (0) FetchRead 0xbffffe00 => 0000000000000000
C0:        673 [1] pc=[0040000280,0] W[r 0=0000000000000000,0][0] R[r 5=0000000000000003,0] R[r29=0000000000000003,0] 
 inst=[57d29063,0] bne     t0, t4, pc + 1376
C0:        674 [1] pc=[0040000284,0] W[r 2=0000000000000003,0][1] R[r 0=0000000000000000,0] R[r 3=0000000000000003,0] 
 inst=[00300113,0] li      sp, 3
C0:        675 [1] pc=[0040000288,0] W[r 3=000000000000000c,0][1] R[r 0=0000000000000000,0] R[r12=0000000000000003,0] 
 inst=[00c00193,0] li      gp, 12
C0:        676 [1] pc=[004000028c,0] W[r 2=0000000000000003,3][1] R[r 2=0000000000000003,0] R[r 0=0000000000000000,0] 
 inst=[00011157,0] unknown
C0:        677 [1] pc=[0040000290,0] W[r 3=000000000000000c,c][1] R[r 3=000000000000000c,0] R[r 0=0000000000000000,0] 
 inst=[000191d7,0] unknown
C0:        678 [1] pc=[0040000294,0] W[r 4=0000000000001800,3][1] R[r 2=0000000000000003,3] R[r11=0000000000000003,0] 
 inst=[00b11213,0] slli    tp, sp, 11
C0:        679 [1] pc=[0040000298,0] W[r 5=0000000000000003,0][1] R[r 4=0000000000001800,3] R[r 0=0000000000000000,0] 
 inst=[000202d7,0] unknown
C0:        680 [1] pc=[004000029c,0] W[r29=0000000000000003,0][1] R[r 0=0000000000000000,0] R[r 3=0000000000000003,0] 
 inst=[00300e93,0] li      t4, 3
C0:        681 [1] pc=[00400002a0,0] W[r28=0000000000000011,0][1] R[r 0=0000000000000000,0] R[r17=0000000000000003,0] 
 inst=[01100e13,0] li      t3, 17
C0:        682 [1] pc=[00400002a4,0] W[r 0=0000000000000000,0][0] R[r 5=0000000000000003,0] R[r29=0000000000000003,0] 
 inst=[53d29e63,0] bne     t0, t4, pc + 1340
C0:        683 [1] pc=[00400002a8,0] W[r 2=0000000000000003,0][1] R[r 0=0000000000000000,0] R[r 3=0000000000000003,0] 
 inst=[00300113,0] li      sp, 3
C0:        684 [1] pc=[00400002ac,0] W[r 3=000000000000000c,0][1] R[r 0=0000000000000000,0] R[r12=0000000000000003,0] 
 inst=[00c00193,0] li      gp, 12
C0:        685 [1] pc=[00400002b0,0] W[r 2=0000000000000003,3][1] R[r 2=0000000000000003,0] R[r 0=0000000000000000,0] 
 inst=[00011157,0] unknown
C0:        686 [1] pc=[00400002b4,0] W[r 3=000000000000000c,c][1] R[r 3=000000000000000c,0] R[r 0=0000000000000000,0] 
 inst=[000191d7,0] unknown
C0:        687 [1] pc=[00400002b8,0] W[r 4=0000000000001800,3][1] R[r 2=0000000000000003,3] R[r11=0000000000000003,0] 
 inst=[00b1121b,0] slliw   tp, sp, 11
C0:        688 [1] pc=[00400002bc,0] W[r 5=0000000000000003,0][1] R[r 4=0000000000001800,3] R[r 0=0000000000000000,0] 
 inst=[000202d7,0] unknown
TagXact1: (0) Read 0xb800002c miss
TagXact1: (0) Read 0xbffc0000 miss
TagXact1: (0) FetchRead 0xbffffe00 => 0000000000000000
C0:        723 [1] pc=[00400002c0,0] W[r29=0000000000000003,0][1] R[r 0=0000000000000000,0] R[r 3=0000000000000003,0] 
 inst=[00300e93,0] li      t4, 3
C0:        724 [1] pc=[00400002c4,0] W[r28=0000000000000012,0][1] R[r 0=0000000000000000,0] R[r18=0000000000000003,0] 
 inst=[01200e13,0] li      t3, 18
C0:        725 [1] pc=[00400002c8,0] W[r 0=0000000000000000,0][0] R[r 5=0000000000000003,0] R[r29=0000000000000003,0] 
 inst=[51d29c63,0] bne     t0, t4, pc + 1304
C0:        726 [1] pc=[00400002cc,0] W[r 2=0000000000000003,0][1] R[r 0=0000000000000000,0] R[r 3=0000000000000003,0] 
 inst=[00300113,0] li      sp, 3
C0:        727 [1] pc=[00400002d0,0] W[r 3=000000000000000c,0][1] R[r 0=0000000000000000,0] R[r12=0000000000000003,0] 
 inst=[00c00193,0] li      gp, 12
C0:        728 [1] pc=[00400002d4,0] W[r 2=0000000000000003,3][1] R[r 2=0000000000000003,0] R[r 0=0000000000000000,0] 
 inst=[00011157,0] unknown
C0:        729 [1] pc=[00400002d8,0] W[r 3=000000000000000c,c][1] R[r 3=000000000000000c,0] R[r 0=0000000000000000,0] 
 inst=[000191d7,0] unknown
C0:        730 [1] pc=[00400002dc,0] W[r 4=0000000000000001,3][1] R[r 2=0000000000000003,3] R[r11=0000000000000003,0] 
 inst=[00b12213,0] slti    tp, sp, 11
C0:        731 [1] pc=[00400002e0,0] W[r 5=0000000000000003,0][1] R[r 4=0000000000000001,3] R[r 0=0000000000000000,0] 
 inst=[000202d7,0] unknown
C0:        732 [1] pc=[00400002e4,0] W[r29=0000000000000003,0][1] R[r 0=0000000000000000,0] R[r 3=0000000000000003,0] 
 inst=[00300e93,0] li      t4, 3
C0:        733 [1] pc=[00400002e8,0] W[r28=0000000000000013,0][1] R[r 0=0000000000000000,0] R[r19=0000000000000003,0] 
 inst=[01300e13,0] li      t3, 19
C0:        734 [1] pc=[00400002ec,0] W[r 0=0000000000000000,0][0] R[r 5=0000000000000003,0] R[r29=0000000000000003,0] 
 inst=[4fd29a63,0] bne     t0, t4, pc + 1268
C0:        735 [1] pc=[00400002f0,0] W[r 2=0000000000000003,0][1] R[r 0=0000000000000000,0] R[r 3=0000000000000003,0] 
 inst=[00300113,0] li      sp, 3
C0:        736 [1] pc=[00400002f4,0] W[r 3=000000000000000c,0][1] R[r 0=0000000000000000,0] R[r12=0000000000000003,0] 
 inst=[00c00193,0] li      gp, 12
C0:        737 [1] pc=[00400002f8,0] W[r 2=0000000000000003,3][1] R[r 2=0000000000000003,0] R[r 0=0000000000000000,0] 
 inst=[00011157,0] unknown
C0:        738 [1] pc=[00400002fc,0] W[r 3=000000000000000c,c][1] R[r 3=000000000000000c,0] R[r 0=0000000000000000,0] 
 inst=[000191d7,0] unknown
TagXact1: (0) Read 0xb8000030 miss
TagXact1: (0) Read 0xbffc0000 miss
TagXact1: (0) FetchRead 0xbffffe00 => 0000000000000000
C0:        773 [1] pc=[0040000300,0] W[r 4=0000000000000001,3][1] R[r 2=0000000000000003,3] R[r11=0000000000000003,0] 
 inst=[00b13213,0] sltiu   tp, sp, 11
C0:        774 [1] pc=[0040000304,0] W[r 5=0000000000000003,0][1] R[r 4=0000000000000001,3] R[r 0=0000000000000000,0] 
 inst=[000202d7,0] unknown
C0:        775 [1] pc=[0040000308,0] W[r29=0000000000000003,0][1] R[r 0=0000000000000000,0] R[r 3=0000000000000003,0] 
 inst=[00300e93,0] li      t4, 3
C0:        776 [1] pc=[004000030c,0] W[r28=0000000000000014,0][1] R[r 0=0000000000000000,0] R[r20=0000000000000003,0] 
 inst=[01400e13,0] li      t3, 20
C0:        777 [1] pc=[0040000310,0] W[r 0=0000000000000000,0][0] R[r 5=0000000000000003,0] R[r29=0000000000000003,0] 
 inst=[4dd29863,0] bne     t0, t4, pc + 1232
C0:        778 [1] pc=[0040000314,0] W[r 2=0000000000000003,0][1] R[r 0=0000000000000000,0] R[r 3=0000000000000003,0] 
 inst=[00300113,0] li      sp, 3
C0:        779 [1] pc=[0040000318,0] W[r 3=000000000000000c,0][1] R[r 0=0000000000000000,0] R[r12=0000000000000003,0] 
 inst=[00c00193,0] li      gp, 12
C0:        780 [1] pc=[004000031c,0] W[r 2=0000000000000003,3][1] R[r 2=0000000000000003,0] R[r 0=0000000000000000,0] 
 inst=[00011157,0] unknown
C0:        781 [1] pc=[0040000320,0] W[r 3=000000000000000c,c][1] R[r 3=000000000000000c,0] R[r 0=0000000000000000,0] 
 inst=[000191d7,0] unknown
C0:        782 [1] pc=[0040000324,0] W[r 4=0000000000000000,3][1] R[r 2=0000000000000003,3] R[r11=0000000000000003,0] 
 inst=[40b15213,0] srai    tp, sp, 1035
C0:        783 [1] pc=[0040000328,0] W[r 5=0000000000000003,0][1] R[r 4=0000000000000000,3] R[r 0=0000000000000000,0] 
 inst=[000202d7,0] unknown
C0:        784 [1] pc=[004000032c,0] W[r29=0000000000000003,0][1] R[r 0=0000000000000000,0] R[r 3=0000000000000003,0] 
 inst=[00300e93,0] li      t4, 3
C0:        785 [1] pc=[0040000330,0] W[r28=0000000000000015,0][1] R[r 0=0000000000000000,0] R[r21=0000000000000003,0] 
 inst=[01500e13,0] li      t3, 21
C0:        786 [1] pc=[0040000334,0] W[r 0=0000000000000000,0][0] R[r 5=0000000000000003,0] R[r29=0000000000000003,0] 
 inst=[4bd29663,0] bne     t0, t4, pc + 1196
C0:        787 [1] pc=[0040000338,0] W[r 2=0000000000000003,0][1] R[r 0=0000000000000000,0] R[r 3=0000000000000003,0] 
 inst=[00300113,0] li      sp, 3
C0:        788 [1] pc=[004000033c,0] W[r 3=000000000000000c,0][1] R[r 0=0000000000000000,0] R[r12=0000000000000003,0] 
 inst=[00c00193,0] li      gp, 12
TagXact1: (0) Read 0xb8000034 miss
TagXact1: (0) Read 0xbffc0000 miss
TagXact1: (0) FetchRead 0xbffffe00 => 0000000000000000
C0:        823 [1] pc=[0040000340,0] W[r 2=0000000000000003,3][1] R[r 2=0000000000000003,0] R[r 0=0000000000000000,0] 
 inst=[00011157,0] unknown
C0:        824 [1] pc=[0040000344,0] W[r 3=000000000000000c,c][1] R[r 3=000000000000000c,0] R[r 0=0000000000000000,0] 
 inst=[000191d7,0] unknown
C0:        825 [1] pc=[0040000348,0] W[r 4=0000000000000000,3][1] R[r 2=0000000000000003,3] R[r11=0000000000000003,0] 
 inst=[40b1521b,0] sraiw   tp, sp, 1035
C0:        826 [1] pc=[004000034c,0] W[r 5=0000000000000003,0][1] R[r 4=0000000000000000,3] R[r 0=0000000000000000,0] 
 inst=[000202d7,0] unknown
C0:        827 [1] pc=[0040000350,0] W[r29=0000000000000003,0][1] R[r 0=0000000000000000,0] R[r 3=0000000000000003,0] 
 inst=[00300e93,0] li      t4, 3
C0:        828 [1] pc=[0040000354,0] W[r28=0000000000000016,0][1] R[r 0=0000000000000000,0] R[r22=0000000000000003,0] 
 inst=[01600e13,0] li      t3, 22
C0:        829 [1] pc=[0040000358,0] W[r 0=0000000000000000,0][0] R[r 5=0000000000000003,0] R[r29=0000000000000003,0] 
 inst=[49d29463,0] bne     t0, t4, pc + 1160
C0:        830 [1] pc=[004000035c,0] W[r 2=0000000000000003,0][1] R[r 0=0000000000000000,0] R[r 3=0000000000000003,0] 
 inst=[00300113,0] li      sp, 3
C0:        831 [1] pc=[0040000360,0] W[r 3=000000000000000c,0][1] R[r 0=0000000000000000,0] R[r12=0000000000000003,0] 
 inst=[00c00193,0] li      gp, 12
C0:        832 [1] pc=[0040000364,0] W[r 2=0000000000000003,3][1] R[r 2=0000000000000003,0] R[r 0=0000000000000000,0] 
 inst=[00011157,0] unknown
C0:        833 [1] pc=[0040000368,0] W[r 3=000000000000000c,c][1] R[r 3=000000000000000c,0] R[r 0=0000000000000000,0] 
 inst=[000191d7,0] unknown
C0:        834 [1] pc=[004000036c,0] W[r 4=0000000000000000,3][1] R[r 2=0000000000000003,3] R[r11=0000000000000003,0] 
 inst=[00b15213,0] srli    tp, sp, 11
C0:        835 [1] pc=[0040000370,0] W[r 5=0000000000000003,0][1] R[r 4=0000000000000000,3] R[r 0=0000000000000000,0] 
 inst=[000202d7,0] unknown
C0:        836 [1] pc=[0040000374,0] W[r29=0000000000000003,0][1] R[r 0=0000000000000000,0] R[r 3=0000000000000003,0] 
 inst=[00300e93,0] li      t4, 3
C0:        837 [1] pc=[0040000378,0] W[r28=0000000000000017,0][1] R[r 0=0000000000000000,0] R[r23=0000000000000003,0] 
 inst=[01700e13,0] li      t3, 23
C0:        838 [1] pc=[004000037c,0] W[r 0=0000000000000000,0][0] R[r 5=0000000000000003,0] R[r29=0000000000000003,0] 
 inst=[47d29263,0] bne     t0, t4, pc + 1124
TagXact1: (0) Read 0xb8000038 miss
TagXact1: (0) Read 0xbffc0000 miss
TagXact1: (0) FetchRead 0xbffffe00 => 0000000000000000
C0:        874 [1] pc=[0040000380,0] W[r 2=0000000000000003,0][1] R[r 0=0000000000000000,0] R[r 3=0000000000000003,0] 
 inst=[00300113,0] li      sp, 3
C0:        875 [1] pc=[0040000384,0] W[r 3=000000000000000c,0][1] R[r 0=0000000000000000,0] R[r12=0000000000000003,0] 
 inst=[00c00193,0] li      gp, 12
C0:        876 [1] pc=[0040000388,0] W[r 2=0000000000000003,3][1] R[r 2=0000000000000003,0] R[r 0=0000000000000000,0] 
 inst=[00011157,0] unknown
C0:        877 [1] pc=[004000038c,0] W[r 3=000000000000000c,c][1] R[r 3=000000000000000c,0] R[r 0=0000000000000000,0] 
 inst=[000191d7,0] unknown
C0:        878 [1] pc=[0040000390,0] W[r 4=0000000000000000,3][1] R[r 2=0000000000000003,3] R[r11=0000000000000003,0] 
 inst=[00b1521b,0] srliw   tp, sp, 11
C0:        879 [1] pc=[0040000394,0] W[r 5=0000000000000003,0][1] R[r 4=0000000000000000,3] R[r 0=0000000000000000,0] 
 inst=[000202d7,0] unknown
C0:        880 [1] pc=[0040000398,0] W[r29=0000000000000003,0][1] R[r 0=0000000000000000,0] R[r 3=0000000000000003,0] 
 inst=[00300e93,0] li      t4, 3
C0:        881 [1] pc=[004000039c,0] W[r28=0000000000000018,0][1] R[r 0=0000000000000000,0] R[r24=0000000000000003,0] 
 inst=[01800e13,0] li      t3, 24
C0:        882 [1] pc=[00400003a0,0] W[r 0=0000000000000000,0][0] R[r 5=0000000000000003,0] R[r29=0000000000000003,0] 
 inst=[45d29063,0] bne     t0, t4, pc + 1088
C0:        883 [1] pc=[00400003a4,0] W[r 2=0000000000000003,0][1] R[r 0=0000000000000000,0] R[r 3=0000000000000003,0] 
 inst=[00300113,0] li      sp, 3
C0:        884 [1] pc=[00400003a8,0] W[r 3=000000000000000c,0][1] R[r 0=0000000000000000,0] R[r12=0000000000000003,0] 
 inst=[00c00193,0] li      gp, 12
C0:        885 [1] pc=[00400003ac,0] W[r 2=0000000000000003,3][1] R[r 2=0000000000000003,0] R[r 0=0000000000000000,0] 
 inst=[00011157,0] unknown
C0:        886 [1] pc=[00400003b0,0] W[r 3=000000000000000c,c][1] R[r 3=000000000000000c,0] R[r 0=0000000000000000,0] 
 inst=[000191d7,0] unknown
C0:        887 [1] pc=[00400003b4,0] W[r 4=000000000000000f,f][1] R[r 2=0000000000000003,3] R[r 3=000000000000000c,c] 
 inst=[00310233,0] add     tp, sp, gp
C0:        888 [1] pc=[00400003b8,0] W[r 5=000000000000000f,0][1] R[r 4=000000000000000f,f] R[r 0=0000000000000000,0] 
 inst=[000202d7,0] unknown
C0:        889 [1] pc=[00400003bc,0] W[r29=000000000000000f,0][1] R[r 0=0000000000000000,0] R[r15=0000000000000003,0] 
 inst=[00f00e93,0] li      t4, 15
TagXact1: (0) Read 0xb800003c miss
TagXact1: (0) Read 0xbffc0000 miss
TagXact1: (0) FetchRead 0xbffffe00 => 0000000000000000
C0:        924 [1] pc=[00400003c0,0] W[r28=0000000000000019,0][1] R[r 0=0000000000000000,0] R[r25=0000000000000003,0] 
 inst=[01900e13,0] li      t3, 25
C0:        925 [1] pc=[00400003c4,0] W[r 0=0000000000000000,0][0] R[r 5=000000000000000f,0] R[r29=000000000000000f,0] 
 inst=[41d29e63,0] bne     t0, t4, pc + 1052
C0:        926 [1] pc=[00400003c8,0] W[r 2=0000000000000003,0][1] R[r 0=0000000000000000,0] R[r 3=000000000000000f,0] 
 inst=[00300113,0] li      sp, 3
C0:        927 [1] pc=[00400003cc,0] W[r 3=000000000000000c,0][1] R[r 0=0000000000000000,0] R[r12=000000000000000f,0] 
 inst=[00c00193,0] li      gp, 12
C0:        928 [1] pc=[00400003d0,0] W[r 2=0000000000000003,3][1] R[r 2=0000000000000003,0] R[r 0=0000000000000000,0] 
 inst=[00011157,0] unknown
C0:        929 [1] pc=[00400003d4,0] W[r 3=000000000000000c,c][1] R[r 3=000000000000000c,0] R[r 0=0000000000000000,0] 
 inst=[000191d7,0] unknown
C0:        930 [1] pc=[00400003d8,0] W[r 4=000000000000000f,f][1] R[r 2=0000000000000003,3] R[r 3=000000000000000c,c] 
 inst=[0031023b,0] addw    tp, sp, gp
C0:        931 [1] pc=[00400003dc,0] W[r 5=000000000000000f,0][1] R[r 4=000000000000000f,f] R[r 0=0000000000000000,0] 
 inst=[000202d7,0] unknown
C0:        932 [1] pc=[00400003e0,0] W[r29=000000000000000f,0][1] R[r 0=0000000000000000,0] R[r15=000000000000000f,0] 
 inst=[00f00e93,0] li      t4, 15
C0:        933 [1] pc=[00400003e4,0] W[r28=000000000000001a,0][1] R[r 0=0000000000000000,0] R[r26=000000000000000f,0] 
 inst=[01a00e13,0] li      t3, 26
C0:        934 [1] pc=[00400003e8,0] W[r 0=0000000000000000,0][0] R[r 5=000000000000000f,0] R[r29=000000000000000f,0] 
 inst=[3fd29c63,0] bne     t0, t4, pc + 1016
C0:        935 [1] pc=[00400003ec,0] W[r 2=0000000000000003,0][1] R[r 0=0000000000000000,0] R[r 3=000000000000000f,0] 
 inst=[00300113,0] li      sp, 3
C0:        936 [1] pc=[00400003f0,0] W[r 3=000000000000000c,0][1] R[r 0=0000000000000000,0] R[r12=000000000000000f,0] 
 inst=[00c00193,0] li      gp, 12
C0:        937 [1] pc=[00400003f4,0] W[r 2=0000000000000003,3][1] R[r 2=0000000000000003,0] R[r 0=0000000000000000,0] 
 inst=[00011157,0] unknown
C0:        938 [1] pc=[00400003f8,0] W[r 3=000000000000000c,c][1] R[r 3=000000000000000c,0] R[r 0=0000000000000000,0] 
 inst=[000191d7,0] unknown
C0:        939 [1] pc=[00400003fc,0] W[r 4=0000000000000000,f][1] R[r 2=0000000000000003,3] R[r 3=000000000000000c,c] 
 inst=[00317233,0] and     tp, sp, gp
TagXact1: (0) Read 0xb8000040 miss
TagXact1: (0) Read 0xbffc0000 miss
TagXact1: (0) FetchRead 0xbffffe00 => 0000000000000000
C0:        976 [1] pc=[0040000400,0] W[r 5=000000000000000f,0][1] R[r 4=0000000000000000,f] R[r 0=0000000000000000,0] 
 inst=[000202d7,0] unknown
C0:        977 [1] pc=[0040000404,0] W[r29=000000000000000f,0][1] R[r 0=0000000000000000,0] R[r15=000000000000000f,0] 
 inst=[00f00e93,0] li      t4, 15
C0:        978 [1] pc=[0040000408,0] W[r28=000000000000001b,0][1] R[r 0=0000000000000000,0] R[r27=000000000000000f,0] 
 inst=[01b00e13,0] li      t3, 27
C0:        979 [1] pc=[004000040c,0] W[r 0=0000000000000000,0][0] R[r 5=000000000000000f,0] R[r29=000000000000000f,0] 
 inst=[3dd29a63,0] bne     t0, t4, pc + 980
C0:        980 [1] pc=[0040000410,0] W[r 2=0000000000000003,0][1] R[r 0=0000000000000000,0] R[r 3=000000000000000f,0] 
 inst=[00300113,0] li      sp, 3
C0:        981 [1] pc=[0040000414,0] W[r 3=000000000000000c,0][1] R[r 0=0000000000000000,0] R[r12=000000000000000f,0] 
 inst=[00c00193,0] li      gp, 12
C0:        982 [1] pc=[0040000418,0] W[r 2=0000000000000003,3][1] R[r 2=0000000000000003,0] R[r 0=0000000000000000,0] 
 inst=[00011157,0] unknown
C0:        983 [1] pc=[004000041c,0] W[r 3=000000000000000c,c][1] R[r 3=000000000000000c,0] R[r 0=0000000000000000,0] 
 inst=[000191d7,0] unknown
C0:        984 [1] pc=[0040000420,0] W[r 0=000000000000000f,f][0] R[r 2=0000000000000003,3] R[r 3=000000000000000c,c] 
 inst=[02314233,0] div     tp, sp, gp
C0:        989 [1] pc=[0040000424,0] W[r 5=000000000000000f,0][1] R[r 4=0000000000000000,f] R[r 0=0000000000000000,0] 
 inst=[000202d7,0] unknown
C0:        990 [1] pc=[0040000428,0] W[r29=000000000000000f,0][1] R[r 0=0000000000000000,0] R[r15=000000000000000f,0] 
 inst=[00f00e93,0] li      t4, 15
C0:        991 [1] pc=[004000042c,0] W[r28=000000000000001c,0][1] R[r 0=0000000000000000,0] R[r28=000000000000000f,0] 
 inst=[01c00e13,0] li      t3, 28
C0:        992 [1] pc=[0040000430,0] W[r 0=0000000000000000,0][0] R[r 5=000000000000000f,0] R[r29=000000000000000f,0] 
 inst=[3bd29863,0] bne     t0, t4, pc + 944
C0:        993 [1] pc=[0040000434,0] W[r 2=0000000000000003,0][1] R[r 0=0000000000000000,0] R[r 3=000000000000000f,0] 
 inst=[00300113,0] li      sp, 3
C0:        994 [1] pc=[0040000438,0] W[r 3=000000000000000c,0][1] R[r 0=0000000000000000,0] R[r12=000000000000000f,0] 
 inst=[00c00193,0] li      gp, 12
C0:        995 [1] pc=[004000043c,0] W[r 2=0000000000000003,3][1] R[r 2=0000000000000003,0] R[r 0=0000000000000000,0] 
 inst=[00011157,0] unknown
TagXact1: (0) Read 0xb8000044 miss
TagXact1: (0) Read 0xbffc0000 miss
TagXact1: (0) FetchRead 0xbffffe00 => 0000000000000000
C0:       1032 [1] pc=[0040000440,0] W[r 3=000000000000000c,c][1] R[r 3=000000000000000c,0] R[r 0=0000000000000000,0] 
 inst=[000191d7,0] unknown
C0:       1033 [1] pc=[0040000444,0] W[r 0=0000000000000000,f][0] R[r 2=0000000000000003,3] R[r 3=000000000000000c,c] 
 inst=[02315233,0] divu    tp, sp, gp
C0:       1038 [1] pc=[0040000448,0] W[r 5=000000000000000f,0][1] R[r 4=0000000000000000,f] R[r 0=0000000000000000,0] 
 inst=[000202d7,0] unknown
C0:       1039 [1] pc=[004000044c,0] W[r29=000000000000000f,0][1] R[r 0=0000000000000000,0] R[r15=000000000000000f,0] 
 inst=[00f00e93,0] li      t4, 15
C0:       1040 [1] pc=[0040000450,0] W[r28=000000000000001d,0][1] R[r 0=0000000000000000,0] R[r29=000000000000000f,0] 
 inst=[01d00e13,0] li      t3, 29
C0:       1041 [1] pc=[0040000454,0] W[r 0=0000000000000000,0][0] R[r 5=000000000000000f,0] R[r29=000000000000000f,0] 
 inst=[39d29663,0] bne     t0, t4, pc + 908
C0:       1042 [1] pc=[0040000458,0] W[r 2=0000000000000003,0][1] R[r 0=0000000000000000,0] R[r 3=000000000000000f,0] 
 inst=[00300113,0] li      sp, 3
C0:       1043 [1] pc=[004000045c,0] W[r 3=000000000000000c,0][1] R[r 0=0000000000000000,0] R[r12=000000000000000f,0] 
 inst=[00c00193,0] li      gp, 12
C0:       1044 [1] pc=[0040000460,0] W[r 2=0000000000000003,3][1] R[r 2=0000000000000003,0] R[r 0=0000000000000000,0] 
 inst=[00011157,0] unknown
C0:       1045 [1] pc=[0040000464,0] W[r 3=000000000000000c,c][1] R[r 3=000000000000000c,0] R[r 0=0000000000000000,0] 
 inst=[000191d7,0] unknown
C0:       1046 [1] pc=[0040000468,0] W[r 0=0000000000000000,f][0] R[r 2=0000000000000003,3] R[r 3=000000000000000c,c] 
 inst=[0231523b,0] divuw   tp, sp, gp
C0:       1051 [1] pc=[004000046c,0] W[r 5=000000000000000f,0][1] R[r 4=0000000000000000,f] R[r 0=0000000000000000,0] 
 inst=[000202d7,0] unknown
C0:       1052 [1] pc=[0040000470,0] W[r29=000000000000000f,0][1] R[r 0=0000000000000000,0] R[r15=000000000000000f,0] 
 inst=[00f00e93,0] li      t4, 15
C0:       1053 [1] pc=[0040000474,0] W[r28=000000000000001e,0][1] R[r 0=0000000000000000,0] R[r30=000000000000000f,0] 
 inst=[01e00e13,0] li      t3, 30
C0:       1054 [1] pc=[0040000478,0] W[r 0=0000000000000000,0][0] R[r 5=000000000000000f,0] R[r29=000000000000000f,0] 
 inst=[37d29463,0] bne     t0, t4, pc + 872
C0:       1055 [1] pc=[004000047c,0] W[r 2=0000000000000003,0][1] R[r 0=0000000000000000,0] R[r 3=000000000000000f,0] 
 inst=[00300113,0] li      sp, 3
TagXact1: (0) Read 0xb8000048 miss
TagXact1: (0) Read 0xbffc0000 miss
TagXact1: (0) FetchRead 0xbffffe00 => 0000000000000000
C0:       1090 [1] pc=[0040000480,0] W[r 3=000000000000000c,0][1] R[r 0=0000000000000000,0] R[r12=000000000000000f,0] 
 inst=[00c00193,0] li      gp, 12
C0:       1091 [1] pc=[0040000484,0] W[r 2=0000000000000003,3][1] R[r 2=0000000000000003,0] R[r 0=0000000000000000,0] 
 inst=[00011157,0] unknown
C0:       1092 [1] pc=[0040000488,0] W[r 3=000000000000000c,c][1] R[r 3=000000000000000c,0] R[r 0=0000000000000000,0] 
 inst=[000191d7,0] unknown
C0:       1093 [1] pc=[004000048c,0] W[r 0=000000000000000f,f][0] R[r 2=0000000000000003,3] R[r 3=000000000000000c,c] 
 inst=[0231423b,0] divw    tp, sp, gp
C0:       1098 [1] pc=[0040000490,0] W[r 5=000000000000000f,0][1] R[r 4=0000000000000000,f] R[r 0=0000000000000000,0] 
 inst=[000202d7,0] unknown
C0:       1099 [1] pc=[0040000494,0] W[r29=000000000000000f,0][1] R[r 0=0000000000000000,0] R[r15=000000000000000f,0] 
 inst=[00f00e93,0] li      t4, 15
C0:       1100 [1] pc=[0040000498,0] W[r28=000000000000001f,0][1] R[r 0=0000000000000000,0] R[r31=000000000000000f,0] 
 inst=[01f00e13,0] li      t3, 31
C0:       1101 [1] pc=[004000049c,0] W[r 0=0000000000000000,0][0] R[r 5=000000000000000f,0] R[r29=000000000000000f,0] 
 inst=[35d29263,0] bne     t0, t4, pc + 836
C0:       1102 [1] pc=[00400004a0,0] W[r 2=0000000000000003,0][1] R[r 0=0000000000000000,0] R[r 3=000000000000000f,0] 
 inst=[00300113,0] li      sp, 3
C0:       1103 [1] pc=[00400004a4,0] W[r 3=000000000000000c,0][1] R[r 0=0000000000000000,0] R[r12=000000000000000f,0] 
 inst=[00c00193,0] li      gp, 12
C0:       1104 [1] pc=[00400004a8,0] W[r 2=0000000000000003,3][1] R[r 2=0000000000000003,0] R[r 0=0000000000000000,0] 
 inst=[00011157,0] unknown
C0:       1105 [1] pc=[00400004ac,0] W[r 3=000000000000000c,c][1] R[r 3=000000000000000c,0] R[r 0=0000000000000000,0] 
 inst=[000191d7,0] unknown
C0:       1106 [1] pc=[00400004b0,0] W[r 0=000000000000000f,f][0] R[r 2=0000000000000003,3] R[r 3=000000000000000c,c] 
 inst=[02310233,0] mul     tp, sp, gp
C0:       1110 [1] pc=[00400004b4,0] W[r 5=000000000000000f,0][1] R[r 4=0000000000000024,f] R[r 0=0000000000000000,0] 
 inst=[000202d7,0] unknown
C0:       1111 [1] pc=[00400004b8,0] W[r29=000000000000000f,0][1] R[r 0=0000000000000000,0] R[r15=000000000000000f,0] 
 inst=[00f00e93,0] li      t4, 15
C0:       1112 [1] pc=[00400004bc,0] W[r28=0000000000000020,0][1] R[r 0=0000000000000000,0] R[r 0=0000000000000000,0] 
 inst=[02000e13,0] li      t3, 32
TagXact1: (0) Read 0xb800004c miss
TagXact1: (0) Read 0xbffc0000 miss
TagXact1: (0) FetchRead 0xbffffe00 => 0000000000000000
C0:       1147 [1] pc=[00400004c0,0] W[r 0=0000000000000000,0][0] R[r 5=000000000000000f,0] R[r29=000000000000000f,0] 
 inst=[33d29063,0] bne     t0, t4, pc + 800
C0:       1148 [1] pc=[00400004c4,0] W[r 2=0000000000000003,0][1] R[r 0=0000000000000000,0] R[r 3=000000000000000f,0] 
 inst=[00300113,0] li      sp, 3
C0:       1149 [1] pc=[00400004c8,0] W[r 3=000000000000000c,0][1] R[r 0=0000000000000000,0] R[r12=000000000000000f,0] 
 inst=[00c00193,0] li      gp, 12
C0:       1150 [1] pc=[00400004cc,0] W[r 2=0000000000000003,3][1] R[r 2=0000000000000003,0] R[r 0=0000000000000000,0] 
 inst=[00011157,0] unknown
C0:       1151 [1] pc=[00400004d0,0] W[r 3=000000000000000c,c][1] R[r 3=000000000000000c,0] R[r 0=0000000000000000,0] 
 inst=[000191d7,0] unknown
C0:       1152 [1] pc=[00400004d4,0] W[r 0=0000000000003000,f][0] R[r 2=0000000000000003,3] R[r 3=000000000000000c,c] 
 inst=[02311233,0] mulh    tp, sp, gp
C0:       1163 [1] pc=[00400004d8,0] W[r 5=000000000000000f,0][1] R[r 4=0000000000000000,f] R[r 0=0000000000000000,0] 
 inst=[000202d7,0] unknown
C0:       1164 [1] pc=[00400004dc,0] W[r29=000000000000000f,0][1] R[r 0=0000000000000000,0] R[r15=000000000000000f,0] 
 inst=[00f00e93,0] li      t4, 15
C0:       1165 [1] pc=[00400004e0,0] W[r28=0000000000000021,0][1] R[r 0=0000000000000000,0] R[r 1=000000000000000f,0] 
 inst=[02100e13,0] li      t3, 33
C0:       1166 [1] pc=[00400004e4,0] W[r 0=0000000000000000,0][0] R[r 5=000000000000000f,0] R[r29=000000000000000f,0] 
 inst=[2fd29e63,0] bne     t0, t4, pc + 764
C0:       1167 [1] pc=[00400004e8,0] W[r 2=0000000000000003,0][1] R[r 0=0000000000000000,0] R[r 3=000000000000000f,0] 
 inst=[00300113,0] li      sp, 3
C0:       1168 [1] pc=[00400004ec,0] W[r 3=000000000000000c,0][1] R[r 0=0000000000000000,0] R[r12=000000000000000f,0] 
 inst=[00c00193,0] li      gp, 12
C0:       1169 [1] pc=[00400004f0,0] W[r 2=0000000000000003,3][1] R[r 2=0000000000000003,0] R[r 0=0000000000000000,0] 
 inst=[00011157,0] unknown
C0:       1170 [1] pc=[00400004f4,0] W[r 3=000000000000000c,c][1] R[r 3=000000000000000c,0] R[r 0=0000000000000000,0] 
 inst=[000191d7,0] unknown
C0:       1171 [1] pc=[00400004f8,0] W[r 0=0000000000000001,f][0] R[r 2=0000000000000003,3] R[r 3=000000000000000c,c] 
 inst=[02312233,0] mulhsu  tp, sp, gp
TagXact1: (0) Read 0xb8000050 miss
C0:       1182 [1] pc=[00400004fc,0] W[r 5=000000000000000f,0][1] R[r 4=0000000000000000,f] R[r 0=0000000000000000,0] 
 inst=[000202d7,0] unknown
TagXact1: (0) Read 0xbffc0000 miss
TagXact1: (0) FetchRead 0xbffffe00 => 0000000000000000
C0:       1209 [1] pc=[0040000500,0] W[r29=000000000000000f,0][1] R[r 0=0000000000000000,0] R[r15=000000000000000f,0] 
 inst=[00f00e93,0] li      t4, 15
C0:       1210 [1] pc=[0040000504,0] W[r28=0000000000000022,0][1] R[r 0=0000000000000000,0] R[r 2=000000000000000f,0] 
 inst=[02200e13,0] li      t3, 34
C0:       1211 [1] pc=[0040000508,0] W[r 0=0000000000000000,0][0] R[r 5=000000000000000f,0] R[r29=000000000000000f,0] 
 inst=[2dd29c63,0] bne     t0, t4, pc + 728
C0:       1212 [1] pc=[004000050c,0] W[r 2=0000000000000003,0][1] R[r 0=0000000000000000,0] R[r 3=000000000000000f,0] 
 inst=[00300113,0] li      sp, 3
C0:       1213 [1] pc=[0040000510,0] W[r 3=000000000000000c,0][1] R[r 0=0000000000000000,0] R[r12=000000000000000f,0] 
 inst=[00c00193,0] li      gp, 12
C0:       1214 [1] pc=[0040000514,0] W[r 2=0000000000000003,3][1] R[r 2=0000000000000003,0] R[r 0=0000000000000000,0] 
 inst=[00011157,0] unknown
C0:       1215 [1] pc=[0040000518,0] W[r 3=000000000000000c,c][1] R[r 3=000000000000000c,0] R[r 0=0000000000000000,0] 
 inst=[000191d7,0] unknown
C0:       1216 [1] pc=[004000051c,0] W[r 0=0000000000000001,f][0] R[r 2=0000000000000003,3] R[r 3=000000000000000c,c] 
 inst=[02313233,0] mulhu   tp, sp, gp
C0:       1227 [1] pc=[0040000520,0] W[r 5=000000000000000f,0][1] R[r 4=0000000000000000,f] R[r 0=0000000000000000,0] 
 inst=[000202d7,0] unknown
C0:       1228 [1] pc=[0040000524,0] W[r29=000000000000000f,0][1] R[r 0=0000000000000000,0] R[r15=000000000000000f,0] 
 inst=[00f00e93,0] li      t4, 15
C0:       1229 [1] pc=[0040000528,0] W[r28=0000000000000023,0][1] R[r 0=0000000000000000,0] R[r 3=000000000000000f,0] 
 inst=[02300e13,0] li      t3, 35
C0:       1230 [1] pc=[004000052c,0] W[r 0=0000000000000000,0][0] R[r 5=000000000000000f,0] R[r29=000000000000000f,0] 
 inst=[2bd29a63,0] bne     t0, t4, pc + 692
C0:       1231 [1] pc=[0040000530,0] W[r 2=0000000000000003,0][1] R[r 0=0000000000000000,0] R[r 3=000000000000000f,0] 
 inst=[00300113,0] li      sp, 3
C0:       1232 [1] pc=[0040000534,0] W[r 3=000000000000000c,0][1] R[r 0=0000000000000000,0] R[r12=000000000000000f,0] 
 inst=[00c00193,0] li      gp, 12
C0:       1233 [1] pc=[0040000538,0] W[r 2=0000000000000003,3][1] R[r 2=0000000000000003,0] R[r 0=0000000000000000,0] 
 inst=[00011157,0] unknown
C0:       1234 [1] pc=[004000053c,0] W[r 3=000000000000000c,c][1] R[r 3=000000000000000c,0] R[r 0=0000000000000000,0] 
 inst=[000191d7,0] unknown
TagXact1: (0) Read 0xb8000054 miss
TagXact1: (0) Read 0xbffc0000 miss
TagXact1: (0) FetchRead 0xbffffe00 => 0000000000000000
C0:       1269 [1] pc=[0040000540,0] W[r 0=000000000000000f,f][0] R[r 2=0000000000000003,3] R[r 3=000000000000000c,c] 
 inst=[0231023b,0] mulw    tp, sp, gp
C0:       1273 [1] pc=[0040000544,0] W[r 5=000000000000000f,0][1] R[r 4=0000000000000024,f] R[r 0=0000000000000000,0] 
 inst=[000202d7,0] unknown
C0:       1274 [1] pc=[0040000548,0] W[r29=000000000000000f,0][1] R[r 0=0000000000000000,0] R[r15=000000000000000f,c] 
 inst=[00f00e93,0] li      t4, 15
C0:       1275 [1] pc=[004000054c,0] W[r28=0000000000000024,0][1] R[r 0=0000000000000000,0] R[r 4=000000000000000f,c] 
 inst=[02400e13,0] li      t3, 36
C0:       1276 [1] pc=[0040000550,0] W[r 0=0000000000000000,0][0] R[r 5=000000000000000f,0] R[r29=000000000000000f,0] 
 inst=[29d29863,0] bne     t0, t4, pc + 656
C0:       1277 [1] pc=[0040000554,0] W[r 2=0000000000000003,0][1] R[r 0=0000000000000000,0] R[r 3=000000000000000f,c] 
 inst=[00300113,0] li      sp, 3
C0:       1278 [1] pc=[0040000558,0] W[r 3=000000000000000c,0][1] R[r 0=0000000000000000,0] R[r12=000000000000000f,c] 
 inst=[00c00193,0] li      gp, 12
C0:       1279 [1] pc=[004000055c,0] W[r 2=0000000000000003,3][1] R[r 2=0000000000000003,0] R[r 0=0000000000000000,0] 
 inst=[00011157,0] unknown
C0:       1280 [1] pc=[0040000560,0] W[r 3=000000000000000c,c][1] R[r 3=000000000000000c,0] R[r 0=0000000000000000,0] 
 inst=[000191d7,0] unknown
C0:       1281 [1] pc=[0040000564,0] W[r 4=000000000000000f,f][1] R[r 2=0000000000000003,3] R[r 3=000000000000000c,c] 
 inst=[00316233,0] or      tp, sp, gp
C0:       1282 [1] pc=[0040000568,0] W[r 5=000000000000000f,0][1] R[r 4=000000000000000f,f] R[r 0=0000000000000000,0] 
 inst=[000202d7,0] unknown
C0:       1283 [1] pc=[004000056c,0] W[r29=000000000000000f,0][1] R[r 0=0000000000000000,0] R[r15=000000000000000f,c] 
 inst=[00f00e93,0] li      t4, 15
C0:       1284 [1] pc=[0040000570,0] W[r28=0000000000000025,0][1] R[r 0=0000000000000000,0] R[r 5=000000000000000f,0] 
 inst=[02500e13,0] li      t3, 37
C0:       1285 [1] pc=[0040000574,0] W[r 0=0000000000000000,0][0] R[r 5=000000000000000f,0] R[r29=000000000000000f,0] 
 inst=[27d29663,0] bne     t0, t4, pc + 620
C0:       1286 [1] pc=[0040000578,0] W[r 2=0000000000000003,0][1] R[r 0=0000000000000000,0] R[r 3=000000000000000f,c] 
 inst=[00300113,0] li      sp, 3
C0:       1287 [1] pc=[004000057c,0] W[r 3=000000000000000c,0][1] R[r 0=0000000000000000,0] R[r12=000000000000000f,c] 
 inst=[00c00193,0] li      gp, 12
TagXact1: (0) Read 0xb8000058 miss
TagXact1: (0) Read 0xbffc0000 miss
TagXact1: (0) FetchRead 0xbffffe00 => 0000000000000000
C0:       1322 [1] pc=[0040000580,0] W[r 2=0000000000000003,3][1] R[r 2=0000000000000003,0] R[r 0=0000000000000000,0] 
 inst=[00011157,0] unknown
C0:       1323 [1] pc=[0040000584,0] W[r 3=000000000000000c,c][1] R[r 3=000000000000000c,0] R[r 0=0000000000000000,0] 
 inst=[000191d7,0] unknown
C0:       1324 [1] pc=[0040000588,0] W[r 0=000000000000000f,f][0] R[r 2=0000000000000003,3] R[r 3=000000000000000c,c] 
 inst=[02316233,0] rem     tp, sp, gp
C0:       1330 [1] pc=[004000058c,0] W[r 5=000000000000000f,0][1] R[r 4=0000000000000003,f] R[r 0=0000000000000000,0] 
 inst=[000202d7,0] unknown
C0:       1331 [1] pc=[0040000590,0] W[r29=000000000000000f,0][1] R[r 0=0000000000000000,0] R[r15=000000000000000f,c] 
 inst=[00f00e93,0] li      t4, 15
C0:       1332 [1] pc=[0040000594,0] W[r28=0000000000000026,0][1] R[r 0=0000000000000000,0] R[r 6=000000000000000f,c] 
 inst=[02600e13,0] li      t3, 38
C0:       1333 [1] pc=[0040000598,0] W[r 0=0000000000000000,0][0] R[r 5=000000000000000f,0] R[r29=000000000000000f,0] 
 inst=[25d29463,0] bne     t0, t4, pc + 584
C0:       1334 [1] pc=[004000059c,0] W[r 2=0000000000000003,0][1] R[r 0=0000000000000000,0] R[r 3=000000000000000f,c] 
 inst=[00300113,0] li      sp, 3
C0:       1335 [1] pc=[00400005a0,0] W[r 3=000000000000000c,0][1] R[r 0=0000000000000000,0] R[r12=000000000000000f,c] 
 inst=[00c00193,0] li      gp, 12
C0:       1336 [1] pc=[00400005a4,0] W[r 2=0000000000000003,3][1] R[r 2=0000000000000003,0] R[r 0=0000000000000000,0] 
 inst=[00011157,0] unknown
C0:       1337 [1] pc=[00400005a8,0] W[r 3=000000000000000c,c][1] R[r 3=000000000000000c,0] R[r 0=0000000000000000,0] 
 inst=[000191d7,0] unknown
C0:       1338 [1] pc=[00400005ac,0] W[r 0=0000000000000000,f][0] R[r 2=0000000000000003,3] R[r 3=000000000000000c,c] 
 inst=[02317233,0] remu    tp, sp, gp
C0:       1344 [1] pc=[00400005b0,0] W[r 5=000000000000000f,0][1] R[r 4=0000000000000003,f] R[r 0=0000000000000000,0] 
 inst=[000202d7,0] unknown
C0:       1345 [1] pc=[00400005b4,0] W[r29=000000000000000f,0][1] R[r 0=0000000000000000,0] R[r15=000000000000000f,c] 
 inst=[00f00e93,0] li      t4, 15
C0:       1346 [1] pc=[00400005b8,0] W[r28=0000000000000027,0][1] R[r 0=0000000000000000,0] R[r 7=000000000000000f,c] 
 inst=[02700e13,0] li      t3, 39
C0:       1347 [1] pc=[00400005bc,0] W[r 0=0000000000000000,0][0] R[r 5=000000000000000f,0] R[r29=000000000000000f,0] 
 inst=[23d29263,0] bne     t0, t4, pc + 548
TagXact1: (0) Read 0xb800005c miss
TagXact1: (0) Read 0xbffc0000 miss
TagXact1: (0) FetchRead 0xbffffe00 => 0000000000000000
C0:       1383 [1] pc=[00400005c0,0] W[r 2=0000000000000003,0][1] R[r 0=0000000000000000,0] R[r 3=000000000000000f,c] 
 inst=[00300113,0] li      sp, 3
C0:       1384 [1] pc=[00400005c4,0] W[r 3=000000000000000c,0][1] R[r 0=0000000000000000,0] R[r12=000000000000000f,c] 
 inst=[00c00193,0] li      gp, 12
C0:       1385 [1] pc=[00400005c8,0] W[r 2=0000000000000003,3][1] R[r 2=0000000000000003,0] R[r 0=0000000000000000,0] 
 inst=[00011157,0] unknown
C0:       1386 [1] pc=[00400005cc,0] W[r 3=000000000000000c,c][1] R[r 3=000000000000000c,0] R[r 0=0000000000000000,0] 
 inst=[000191d7,0] unknown
C0:       1387 [1] pc=[00400005d0,0] W[r 0=0000000000000000,f][0] R[r 2=0000000000000003,3] R[r 3=000000000000000c,c] 
 inst=[0231723b,0] remuw   tp, sp, gp
C0:       1393 [1] pc=[00400005d4,0] W[r 5=000000000000000f,0][1] R[r 4=0000000000000003,f] R[r 0=0000000000000000,0] 
 inst=[000202d7,0] unknown
C0:       1394 [1] pc=[00400005d8,0] W[r29=000000000000000f,0][1] R[r 0=0000000000000000,0] R[r15=000000000000000f,c] 
 inst=[00f00e93,0] li      t4, 15
C0:       1395 [1] pc=[00400005dc,0] W[r28=0000000000000028,0][1] R[r 0=0000000000000000,0] R[r 8=000000000000000f,c] 
 inst=[02800e13,0] li      t3, 40
C0:       1396 [1] pc=[00400005e0,0] W[r 0=0000000000000000,0][0] R[r 5=000000000000000f,0] R[r29=000000000000000f,0] 
 inst=[21d29063,0] bne     t0, t4, pc + 512
C0:       1397 [1] pc=[00400005e4,0] W[r 2=0000000000000003,0][1] R[r 0=0000000000000000,0] R[r 3=000000000000000f,c] 
 inst=[00300113,0] li      sp, 3
C0:       1398 [1] pc=[00400005e8,0] W[r 3=000000000000000c,0][1] R[r 0=0000000000000000,0] R[r12=000000000000000f,c] 
 inst=[00c00193,0] li      gp, 12
C0:       1399 [1] pc=[00400005ec,0] W[r 2=0000000000000003,3][1] R[r 2=0000000000000003,0] R[r 0=0000000000000000,0] 
 inst=[00011157,0] unknown
C0:       1400 [1] pc=[00400005f0,0] W[r 3=000000000000000c,c][1] R[r 3=000000000000000c,0] R[r 0=0000000000000000,0] 
 inst=[000191d7,0] unknown
C0:       1401 [1] pc=[00400005f4,0] W[r 0=000000000000000f,f][0] R[r 2=0000000000000003,3] R[r 3=000000000000000c,c] 
 inst=[0231623b,0] remw    tp, sp, gp
C0:       1407 [1] pc=[00400005f8,0] W[r 5=000000000000000f,0][1] R[r 4=0000000000000003,f] R[r 0=0000000000000000,0] 
 inst=[000202d7,0] unknown
C0:       1408 [1] pc=[00400005fc,0] W[r29=000000000000000f,0][1] R[r 0=0000000000000000,0] R[r15=000000000000000f,c] 
 inst=[00f00e93,0] li      t4, 15
TagXact1: (0) Read 0xb8000060 miss
TagXact1: (0) Read 0xbffc0000 miss
TagXact1: (0) FetchRead 0xbffffe00 => 0000000000000000
C0:       1443 [1] pc=[0040000600,0] W[r28=0000000000000029,0][1] R[r 0=0000000000000000,0] R[r 9=000000000000000f,c] 
 inst=[02900e13,0] li      t3, 41
C0:       1444 [1] pc=[0040000604,0] W[r 0=0000000000000000,0][0] R[r 5=000000000000000f,0] R[r29=000000000000000f,0] 
 inst=[1dd29e63,0] bne     t0, t4, pc + 476
C0:       1445 [1] pc=[0040000608,0] W[r 2=0000000000000003,0][1] R[r 0=0000000000000000,0] R[r 3=000000000000000f,0] 
 inst=[00300113,0] li      sp, 3
C0:       1446 [1] pc=[004000060c,0] W[r 3=000000000000000c,0][1] R[r 0=0000000000000000,0] R[r12=000000000000000f,0] 
 inst=[00c00193,0] li      gp, 12
C0:       1447 [1] pc=[0040000610,0] W[r 2=0000000000000003,3][1] R[r 2=0000000000000003,0] R[r 0=0000000000000000,0] 
 inst=[00011157,0] unknown
C0:       1448 [1] pc=[0040000614,0] W[r 3=000000000000000c,c][1] R[r 3=000000000000000c,0] R[r 0=0000000000000000,0] 
 inst=[000191d7,0] unknown
C0:       1449 [1] pc=[0040000618,0] W[r 4=0000000000003000,f][1] R[r 2=0000000000000003,3] R[r 3=000000000000000c,c] 
 inst=[00311233,0] sll     tp, sp, gp
C0:       1450 [1] pc=[004000061c,0] W[r 5=000000000000000f,0][1] R[r 4=0000000000003000,f] R[r 0=0000000000000000,0] 
 inst=[000202d7,0] unknown
C0:       1451 [1] pc=[0040000620,0] W[r29=000000000000000f,0][1] R[r 0=0000000000000000,0] R[r15=000000000000000f,0] 
 inst=[00f00e93,0] li      t4, 15
C0:       1452 [1] pc=[0040000624,0] W[r28=000000000000002a,0][1] R[r 0=0000000000000000,0] R[r10=000000000000000f,0] 
 inst=[02a00e13,0] li      t3, 42
C0:       1453 [1] pc=[0040000628,0] W[r 0=0000000000000000,0][0] R[r 5=000000000000000f,0] R[r29=000000000000000f,0] 
 inst=[1bd29c63,0] bne     t0, t4, pc + 440
C0:       1454 [1] pc=[004000062c,0] W[r 2=0000000000000003,0][1] R[r 0=0000000000000000,0] R[r 3=000000000000000f,0] 
 inst=[00300113,0] li      sp, 3
C0:       1455 [1] pc=[0040000630,0] W[r 3=000000000000000c,0][1] R[r 0=0000000000000000,0] R[r12=000000000000000f,0] 
 inst=[00c00193,0] li      gp, 12
C0:       1456 [1] pc=[0040000634,0] W[r 2=0000000000000003,3][1] R[r 2=0000000000000003,0] R[r 0=0000000000000000,0] 
 inst=[00011157,0] unknown
C0:       1457 [1] pc=[0040000638,0] W[r 3=000000000000000c,c][1] R[r 3=000000000000000c,0] R[r 0=0000000000000000,0] 
 inst=[000191d7,0] unknown
C0:       1458 [1] pc=[004000063c,0] W[r 4=0000000000003000,f][1] R[r 2=0000000000000003,3] R[r 3=000000000000000c,c] 
 inst=[0031123b,0] sllw    tp, sp, gp
TagXact1: (0) Read 0xb8000064 miss
TagXact1: (0) Read 0xbffc0000 miss
TagXact1: (0) FetchRead 0xbffffe00 => 0000000000000000
C0:       1493 [1] pc=[0040000640,0] W[r 5=000000000000000f,0][1] R[r 4=0000000000003000,f] R[r 0=0000000000000000,0] 
 inst=[000202d7,0] unknown
C0:       1494 [1] pc=[0040000644,0] W[r29=000000000000000f,0][1] R[r 0=0000000000000000,0] R[r15=000000000000000f,0] 
 inst=[00f00e93,0] li      t4, 15
C0:       1495 [1] pc=[0040000648,0] W[r28=000000000000002b,0][1] R[r 0=0000000000000000,0] R[r11=000000000000000f,0] 
 inst=[02b00e13,0] li      t3, 43
C0:       1496 [1] pc=[004000064c,0] W[r 0=0000000000000000,0][0] R[r 5=000000000000000f,0] R[r29=000000000000000f,0] 
 inst=[19d29a63,0] bne     t0, t4, pc + 404
C0:       1497 [1] pc=[0040000650,0] W[r 2=0000000000000003,0][1] R[r 0=0000000000000000,0] R[r 3=000000000000000f,0] 
 inst=[00300113,0] li      sp, 3
C0:       1498 [1] pc=[0040000654,0] W[r 3=000000000000000c,0][1] R[r 0=0000000000000000,0] R[r12=000000000000000f,0] 
 inst=[00c00193,0] li      gp, 12
C0:       1499 [1] pc=[0040000658,0] W[r 2=0000000000000003,3][1] R[r 2=0000000000000003,0] R[r 0=0000000000000000,0] 
 inst=[00011157,0] unknown
C0:       1500 [1] pc=[004000065c,0] W[r 3=000000000000000c,c][1] R[r 3=000000000000000c,0] R[r 0=0000000000000000,0] 
 inst=[000191d7,0] unknown
C0:       1501 [1] pc=[0040000660,0] W[r 4=0000000000000001,f][1] R[r 2=0000000000000003,3] R[r 3=000000000000000c,c] 
 inst=[00312233,0] slt     tp, sp, gp
C0:       1502 [1] pc=[0040000664,0] W[r 5=000000000000000f,0][1] R[r 4=0000000000000001,f] R[r 0=0000000000000000,0] 
 inst=[000202d7,0] unknown
C0:       1503 [1] pc=[0040000668,0] W[r29=000000000000000f,0][1] R[r 0=0000000000000000,0] R[r15=000000000000000f,0] 
 inst=[00f00e93,0] li      t4, 15
C0:       1504 [1] pc=[004000066c,0] W[r28=000000000000002c,0][1] R[r 0=0000000000000000,0] R[r12=000000000000000f,0] 
 inst=[02c00e13,0] li      t3, 44
C0:       1505 [1] pc=[0040000670,0] W[r 0=0000000000000000,0][0] R[r 5=000000000000000f,0] R[r29=000000000000000f,0] 
 inst=[17d29863,0] bne     t0, t4, pc + 368
C0:       1506 [1] pc=[0040000674,0] W[r 2=0000000000000003,0][1] R[r 0=0000000000000000,0] R[r 3=000000000000000f,0] 
 inst=[00300113,0] li      sp, 3
C0:       1507 [1] pc=[0040000678,0] W[r 3=000000000000000c,0][1] R[r 0=0000000000000000,0] R[r12=000000000000000f,0] 
 inst=[00c00193,0] li      gp, 12
C0:       1508 [1] pc=[004000067c,0] W[r 2=0000000000000003,3][1] R[r 2=0000000000000003,0] R[r 0=0000000000000000,0] 
 inst=[00011157,0] unknown
TagXact1: (0) Read 0xb8000068 miss
TagXact1: (0) Read 0xbffc0000 miss
TagXact1: (0) FetchRead 0xbffffe00 => 0000000000000000
C0:       1545 [1] pc=[0040000680,0] W[r 3=000000000000000c,c][1] R[r 3=000000000000000c,0] R[r 0=0000000000000000,0] 
 inst=[000191d7,0] unknown
C0:       1546 [1] pc=[0040000684,0] W[r 4=0000000000000001,f][1] R[r 2=0000000000000003,3] R[r 3=000000000000000c,c] 
 inst=[00313233,0] sltu    tp, sp, gp
C0:       1547 [1] pc=[0040000688,0] W[r 5=000000000000000f,0][1] R[r 4=0000000000000001,f] R[r 0=0000000000000000,0] 
 inst=[000202d7,0] unknown
C0:       1548 [1] pc=[004000068c,0] W[r29=000000000000000f,0][1] R[r 0=0000000000000000,0] R[r15=000000000000000f,0] 
 inst=[00f00e93,0] li      t4, 15
C0:       1549 [1] pc=[0040000690,0] W[r28=000000000000002d,0][1] R[r 0=0000000000000000,0] R[r13=000000000000000f,0] 
 inst=[02d00e13,0] li      t3, 45
C0:       1550 [1] pc=[0040000694,0] W[r 0=0000000000000000,0][0] R[r 5=000000000000000f,0] R[r29=000000000000000f,0] 
 inst=[15d29663,0] bne     t0, t4, pc + 332
C0:       1551 [1] pc=[0040000698,0] W[r 2=0000000000000003,0][1] R[r 0=0000000000000000,0] R[r 3=000000000000000f,0] 
 inst=[00300113,0] li      sp, 3
C0:       1552 [1] pc=[004000069c,0] W[r 3=000000000000000c,0][1] R[r 0=0000000000000000,0] R[r12=000000000000000f,0] 
 inst=[00c00193,0] li      gp, 12
C0:       1553 [1] pc=[00400006a0,0] W[r 2=0000000000000003,3][1] R[r 2=0000000000000003,0] R[r 0=0000000000000000,0] 
 inst=[00011157,0] unknown
C0:       1554 [1] pc=[00400006a4,0] W[r 3=000000000000000c,c][1] R[r 3=000000000000000c,0] R[r 0=0000000000000000,0] 
 inst=[000191d7,0] unknown
C0:       1555 [1] pc=[00400006a8,0] W[r 4=0000000000000000,f][1] R[r 2=0000000000000003,3] R[r 3=000000000000000c,c] 
 inst=[40315233,0] sra     tp, sp, gp
C0:       1556 [1] pc=[00400006ac,0] W[r 5=000000000000000f,0][1] R[r 4=0000000000000000,f] R[r 0=0000000000000000,0] 
 inst=[000202d7,0] unknown
C0:       1557 [1] pc=[00400006b0,0] W[r29=000000000000000f,0][1] R[r 0=0000000000000000,0] R[r15=000000000000000f,0] 
 inst=[00f00e93,0] li      t4, 15
C0:       1558 [1] pc=[00400006b4,0] W[r28=000000000000002e,0][1] R[r 0=0000000000000000,0] R[r14=000000000000000f,0] 
 inst=[02e00e13,0] li      t3, 46
C0:       1559 [1] pc=[00400006b8,0] W[r 0=0000000000000000,0][0] R[r 5=000000000000000f,0] R[r29=000000000000000f,0] 
 inst=[13d29463,0] bne     t0, t4, pc + 296
C0:       1560 [1] pc=[00400006bc,0] W[r 2=0000000000000003,0][1] R[r 0=0000000000000000,0] R[r 3=000000000000000f,0] 
 inst=[00300113,0] li      sp, 3
TagXact1: (0) Read 0xb800006c miss
TagXact1: (0) Read 0xbffc0000 miss
TagXact1: (0) FetchRead 0xbffffe00 => 0000000000000000
C0:       1595 [1] pc=[00400006c0,0] W[r 3=000000000000000c,0][1] R[r 0=0000000000000000,0] R[r12=000000000000000f,0] 
 inst=[00c00193,0] li      gp, 12
C0:       1596 [1] pc=[00400006c4,0] W[r 2=0000000000000003,3][1] R[r 2=0000000000000003,0] R[r 0=0000000000000000,0] 
 inst=[00011157,0] unknown
C0:       1597 [1] pc=[00400006c8,0] W[r 3=000000000000000c,c][1] R[r 3=000000000000000c,0] R[r 0=0000000000000000,0] 
 inst=[000191d7,0] unknown
C0:       1598 [1] pc=[00400006cc,0] W[r 4=0000000000000000,f][1] R[r 2=0000000000000003,3] R[r 3=000000000000000c,c] 
 inst=[4031523b,0] sraw    tp, sp, gp
C0:       1599 [1] pc=[00400006d0,0] W[r 5=000000000000000f,0][1] R[r 4=0000000000000000,f] R[r 0=0000000000000000,0] 
 inst=[000202d7,0] unknown
C0:       1600 [1] pc=[00400006d4,0] W[r29=000000000000000f,0][1] R[r 0=0000000000000000,0] R[r15=000000000000000f,0] 
 inst=[00f00e93,0] li      t4, 15
C0:       1601 [1] pc=[00400006d8,0] W[r28=000000000000002f,0][1] R[r 0=0000000000000000,0] R[r15=000000000000000f,0] 
 inst=[02f00e13,0] li      t3, 47
C0:       1602 [1] pc=[00400006dc,0] W[r 0=0000000000000000,0][0] R[r 5=000000000000000f,0] R[r29=000000000000000f,0] 
 inst=[11d29263,0] bne     t0, t4, pc + 260
C0:       1603 [1] pc=[00400006e0,0] W[r 2=0000000000000003,0][1] R[r 0=0000000000000000,0] R[r 3=000000000000000f,0] 
 inst=[00300113,0] li      sp, 3
C0:       1604 [1] pc=[00400006e4,0] W[r 3=000000000000000c,0][1] R[r 0=0000000000000000,0] R[r12=000000000000000f,0] 
 inst=[00c00193,0] li      gp, 12
C0:       1605 [1] pc=[00400006e8,0] W[r 2=0000000000000003,3][1] R[r 2=0000000000000003,0] R[r 0=0000000000000000,0] 
 inst=[00011157,0] unknown
C0:       1606 [1] pc=[00400006ec,0] W[r 3=000000000000000c,c][1] R[r 3=000000000000000c,0] R[r 0=0000000000000000,0] 
 inst=[000191d7,0] unknown
C0:       1607 [1] pc=[00400006f0,0] W[r 4=0000000000000000,f][1] R[r 2=0000000000000003,3] R[r 3=000000000000000c,c] 
 inst=[00315233,0] srl     tp, sp, gp
C0:       1608 [1] pc=[00400006f4,0] W[r 5=000000000000000f,0][1] R[r 4=0000000000000000,f] R[r 0=0000000000000000,0] 
 inst=[000202d7,0] unknown
C0:       1609 [1] pc=[00400006f8,0] W[r29=000000000000000f,0][1] R[r 0=0000000000000000,0] R[r15=000000000000000f,0] 
 inst=[00f00e93,0] li      t4, 15
C0:       1610 [1] pc=[00400006fc,0] W[r28=0000000000000030,0][1] R[r 0=0000000000000000,0] R[r16=000000000000000f,0] 
 inst=[03000e13,0] li      t3, 48
TagXact1: (0) Read 0xb8000070 miss
TagXact1: (0) Read 0xbffc0000 miss
TagXact1: (0) FetchRead 0xbffffe00 => 0000000000000000
C0:       1645 [1] pc=[0040000700,0] W[r 0=0000000000000000,0][0] R[r 5=000000000000000f,0] R[r29=000000000000000f,0] 
 inst=[0fd29063,0] bne     t0, t4, pc + 224
C0:       1646 [1] pc=[0040000704,0] W[r 2=0000000000000003,0][1] R[r 0=0000000000000000,0] R[r 3=000000000000000f,0] 
 inst=[00300113,0] li      sp, 3
C0:       1647 [1] pc=[0040000708,0] W[r 3=000000000000000c,0][1] R[r 0=0000000000000000,0] R[r12=000000000000000f,0] 
 inst=[00c00193,0] li      gp, 12
C0:       1648 [1] pc=[004000070c,0] W[r 2=0000000000000003,3][1] R[r 2=0000000000000003,0] R[r 0=0000000000000000,0] 
 inst=[00011157,0] unknown
C0:       1649 [1] pc=[0040000710,0] W[r 3=000000000000000c,c][1] R[r 3=000000000000000c,0] R[r 0=0000000000000000,0] 
 inst=[000191d7,0] unknown
C0:       1650 [1] pc=[0040000714,0] W[r 4=0000000000000000,f][1] R[r 2=0000000000000003,3] R[r 3=000000000000000c,c] 
 inst=[0031523b,0] srlw    tp, sp, gp
C0:       1651 [1] pc=[0040000718,0] W[r 5=000000000000000f,0][1] R[r 4=0000000000000000,f] R[r 0=0000000000000000,0] 
 inst=[000202d7,0] unknown
C0:       1652 [1] pc=[004000071c,0] W[r29=000000000000000f,0][1] R[r 0=0000000000000000,0] R[r15=000000000000000f,0] 
 inst=[00f00e93,0] li      t4, 15
C0:       1653 [1] pc=[0040000720,0] W[r28=0000000000000031,0][1] R[r 0=0000000000000000,0] R[r17=000000000000000f,0] 
 inst=[03100e13,0] li      t3, 49
C0:       1654 [1] pc=[0040000724,0] W[r 0=0000000000000000,0][0] R[r 5=000000000000000f,0] R[r29=000000000000000f,0] 
 inst=[0bd29e63,0] bne     t0, t4, pc + 188
C0:       1655 [1] pc=[0040000728,0] W[r 2=0000000000000003,0][1] R[r 0=0000000000000000,0] R[r 3=000000000000000f,0] 
 inst=[00300113,0] li      sp, 3
C0:       1656 [1] pc=[004000072c,0] W[r 3=000000000000000c,0][1] R[r 0=0000000000000000,0] R[r12=000000000000000f,0] 
 inst=[00c00193,0] li      gp, 12
C0:       1657 [1] pc=[0040000730,0] W[r 2=0000000000000003,3][1] R[r 2=0000000000000003,0] R[r 0=0000000000000000,0] 
 inst=[00011157,0] unknown
C0:       1658 [1] pc=[0040000734,0] W[r 3=000000000000000c,c][1] R[r 3=000000000000000c,0] R[r 0=0000000000000000,0] 
 inst=[000191d7,0] unknown
C0:       1659 [1] pc=[0040000738,0] W[r 4=fffffffffffffff7,f][1] R[r 2=0000000000000003,3] R[r 3=000000000000000c,c] 
 inst=[40310233,0] sub     tp, sp, gp
C0:       1660 [1] pc=[004000073c,0] W[r 5=000000000000000f,0][1] R[r 4=fffffffffffffff7,f] R[r 0=0000000000000000,0] 
 inst=[000202d7,0] unknown
TagXact1: (0) Read 0xb8000074 miss
TagXact1: (0) Read 0xbffc0000 miss
TagXact1: (0) FetchRead 0xbffffe00 => 0000000000000000
C0:       1695 [1] pc=[0040000740,0] W[r29=000000000000000f,0][1] R[r 0=0000000000000000,0] R[r15=000000000000000f,0] 
 inst=[00f00e93,0] li      t4, 15
C0:       1696 [1] pc=[0040000744,0] W[r28=0000000000000032,0][1] R[r 0=0000000000000000,0] R[r18=000000000000000f,0] 
 inst=[03200e13,0] li      t3, 50
C0:       1697 [1] pc=[0040000748,0] W[r 0=0000000000000000,0][0] R[r 5=000000000000000f,0] R[r29=000000000000000f,0] 
 inst=[09d29c63,0] bne     t0, t4, pc + 152
C0:       1698 [1] pc=[004000074c,0] W[r 2=0000000000000003,0][1] R[r 0=0000000000000000,0] R[r 3=000000000000000f,0] 
 inst=[00300113,0] li      sp, 3
C0:       1699 [1] pc=[0040000750,0] W[r 3=000000000000000c,0][1] R[r 0=0000000000000000,0] R[r12=000000000000000f,0] 
 inst=[00c00193,0] li      gp, 12
C0:       1700 [1] pc=[0040000754,0] W[r 2=0000000000000003,3][1] R[r 2=0000000000000003,0] R[r 0=0000000000000000,0] 
 inst=[00011157,0] unknown
C0:       1701 [1] pc=[0040000758,0] W[r 3=000000000000000c,c][1] R[r 3=000000000000000c,0] R[r 0=0000000000000000,0] 
 inst=[000191d7,0] unknown
C0:       1702 [1] pc=[004000075c,0] W[r 4=fffffffffffffff7,f][1] R[r 2=0000000000000003,3] R[r 3=000000000000000c,c] 
 inst=[4031023b,0] subw    tp, sp, gp
C0:       1703 [1] pc=[0040000760,0] W[r 5=000000000000000f,0][1] R[r 4=fffffffffffffff7,f] R[r 0=0000000000000000,0] 
 inst=[000202d7,0] unknown
C0:       1704 [1] pc=[0040000764,0] W[r29=000000000000000f,0][1] R[r 0=0000000000000000,0] R[r15=000000000000000f,0] 
 inst=[00f00e93,0] li      t4, 15
C0:       1705 [1] pc=[0040000768,0] W[r28=0000000000000033,0][1] R[r 0=0000000000000000,0] R[r19=000000000000000f,0] 
 inst=[03300e13,0] li      t3, 51
C0:       1706 [1] pc=[004000076c,0] W[r 0=0000000000000000,0][0] R[r 5=000000000000000f,0] R[r29=000000000000000f,0] 
 inst=[07d29a63,0] bne     t0, t4, pc + 116
C0:       1707 [1] pc=[0040000770,0] W[r 2=0000000000000003,0][1] R[r 0=0000000000000000,0] R[r 3=000000000000000f,0] 
 inst=[00300113,0] li      sp, 3
C0:       1708 [1] pc=[0040000774,0] W[r 3=000000000000000c,0][1] R[r 0=0000000000000000,0] R[r12=000000000000000f,0] 
 inst=[00c00193,0] li      gp, 12
C0:       1709 [1] pc=[0040000778,0] W[r 2=0000000000000003,3][1] R[r 2=0000000000000003,0] R[r 0=0000000000000000,0] 
 inst=[00011157,0] unknown
C0:       1710 [1] pc=[004000077c,0] W[r 3=000000000000000c,c][1] R[r 3=000000000000000c,0] R[r 0=0000000000000000,0] 
 inst=[000191d7,0] unknown
TagXact1: (0) Read 0xb8000078 miss
TagXact1: (0) Read 0xbffc0000 miss
TagXact1: (0) FetchRead 0xbffffe00 => 0000000000000000
C0:       1745 [1] pc=[0040000780,0] W[r 4=000000000000000f,f][1] R[r 2=0000000000000003,3] R[r 3=000000000000000c,c] 
 inst=[00314233,0] xor     tp, sp, gp
C0:       1746 [1] pc=[0040000784,0] W[r 5=000000000000000f,0][1] R[r 4=000000000000000f,f] R[r 0=0000000000000000,0] 
 inst=[000202d7,0] unknown
C0:       1747 [1] pc=[0040000788,0] W[r29=000000000000000f,0][1] R[r 0=0000000000000000,0] R[r15=000000000000000f,c] 
 inst=[00f00e93,0] li      t4, 15
C0:       1748 [1] pc=[004000078c,0] W[r28=0000000000000034,0][1] R[r 0=0000000000000000,0] R[r20=000000000000000f,c] 
 inst=[03400e13,0] li      t3, 52
C0:       1749 [1] pc=[0040000790,0] W[r 0=0000000000000000,0][0] R[r 5=000000000000000f,0] R[r29=000000000000000f,0] 
 inst=[05d29863,0] bne     t0, t4, pc + 80
C0:       1750 [1] pc=[0040000794,0] W[r 2=0000000000000003,0][1] R[r 0=0000000000000000,0] R[r 3=000000000000000f,c] 
 inst=[00300113,0] li      sp, 3
C0:       1751 [1] pc=[0040000798,0] W[r 3=000000000000000c,0][1] R[r 0=0000000000000000,0] R[r12=000000000000000f,c] 
 inst=[00c00193,0] li      gp, 12
C0:       1752 [1] pc=[004000079c,0] W[r 2=0000000000000003,3][1] R[r 2=0000000000000003,0] R[r 0=0000000000000000,0] 
 inst=[00011157,0] unknown
C0:       1753 [1] pc=[00400007a0,0] W[r 3=000000000000000c,c][1] R[r 3=000000000000000c,0] R[r 0=0000000000000000,0] 
 inst=[000191d7,0] unknown
C0:       1754 [1] pc=[00400007a4,0] W[r 4=0000000000201000,0][1] R[r 0=0000000000000000,0] R[r 2=0000000000000003,3] 
 inst=[00201237,0] lui     tp, 0x201
C0:       1755 [1] pc=[00400007a8,0] W[r 5=0000000000000000,0][1] R[r 4=0000000000201000,0] R[r 0=0000000000000000,0] 
 inst=[000202d7,0] unknown
C0:       1756 [1] pc=[00400007ac,0] W[r29=0000000000000000,0][1] R[r 0=0000000000000000,0] R[r 0=0000000000000000,0] 
 inst=[00000e93,0] li      t4, 0
C0:       1757 [1] pc=[00400007b0,0] W[r28=0000000000000035,0][1] R[r 0=0000000000000000,0] R[r21=000000000000000f,c] 
 inst=[03500e13,0] li      t3, 53
C0:       1758 [1] pc=[00400007b4,0] W[r 0=0000000000000000,0][0] R[r 5=0000000000000000,0] R[r29=0000000000000000,0] 
 inst=[03d29663,0] bne     t0, t4, pc + 44
C0:       1759 [1] pc=[00400007b8,0] W[r 2=0000000000000003,0][1] R[r 0=0000000000000000,0] R[r 3=000000000000000f,c] 
 inst=[00300113,0] li      sp, 3
C0:       1760 [1] pc=[00400007bc,0] W[r 3=000000000000000c,0][1] R[r 0=0000000000000000,0] R[r12=000000000000000f,c] 
 inst=[00c00193,0] li      gp, 12
TagXact1: (0) Read 0xb800007c miss
TagXact1: (0) Read 0xbffc0000 miss
TagXact1: (0) FetchRead 0xbffffe00 => 0000000000000000
C0:       1795 [1] pc=[00400007c0,0] W[r 2=0000000000000003,3][1] R[r 2=0000000000000003,0] R[r 0=0000000000000000,0] 
 inst=[00011157,0] unknown
C0:       1796 [1] pc=[00400007c4,0] W[r 3=000000000000000c,c][1] R[r 3=000000000000000c,0] R[r 0=0000000000000000,0] 
 inst=[000191d7,0] unknown
C0:       1797 [1] pc=[00400007c8,0] W[r 4=00000000402017c8,0][1] R[r 0=0000000000000000,0] R[r 2=0000000000000003,3] 
 inst=[00201217,0] auipc   tp, 0x201
C0:       1798 [1] pc=[00400007cc,0] W[r 5=0000000000000000,0][1] R[r 4=00000000402017c8,0] R[r 0=0000000000000000,0] 
 inst=[000202d7,0] unknown
C0:       1799 [1] pc=[00400007d0,0] W[r29=0000000000000000,0][1] R[r 0=0000000000000000,0] R[r 0=0000000000000000,0] 
 inst=[00000e93,0] li      t4, 0
C0:       1800 [1] pc=[00400007d4,0] W[r28=0000000000000036,0][1] R[r 0=0000000000000000,0] R[r22=000000000000000f,c] 
 inst=[03600e13,0] li      t3, 54
C0:       1801 [1] pc=[00400007d8,0] W[r 0=0000000000000000,0][0] R[r 5=0000000000000000,0] R[r29=0000000000000000,0] 
 inst=[01d29463,0] bne     t0, t4, pc + 8
C0:       1802 [1] pc=[00400007dc,0] W[r 0=0000000000000001,0][0] R[r 0=0000000000000000,0] R[r28=0000000000000036,0] 
 inst=[01c01c63,0] bne     zero, t3, pc + 24
C0:       1806 [1] pc=[00400007f4,0] W[r 0=0000000000000004,0][0] R[r 0=0000000000000000,0] R[r31=000000000000000f,c] 
 inst=[0ff0000f,0] fence
C0:       1807 [1] pc=[00400007f8,0] W[r28=0000000000000001,0][1] R[r 0=0000000000000000,0] R[r 1=000000000000000f,c] 
 inst=[00100e13,0] li      t3, 1
C0:       1808 [0] pc=[00400007fc,0] W[r 0=0000000000000000,0][0] R[r 0=0000000000000000,0] R[r 0=0000000000000000,0] 
 inst=[00000073,0] ecall
TagXact1: (0) Read 0xb8000080 miss
TagXact1: (0) Read 0xbffc0000 miss
TagXact1: (0) FetchRead 0xbffffe00 => 0000000000000000
C0:       1861 [1] pc=[0040000004,0] W[r30=00000000000000f0,0][1] R[r 0=0000000000000000,0] R[r16=000000000000000f,c] 
 inst=[bf002f73,0] csrr    t5, unknown_bf0
C0:       1864 [1] pc=[0040000008,0] W[r 0=68d70fe72d48552a,0][1] R[r30=00000000000000f0,0] R[r 0=0000000000000000,0] 
 inst=[340f1073,0] csrw    mscratch, t5
C0:       1865 [1] pc=[004000000c,0] W[r31=00000000000000f0,0][1] R[r 0=0000000000000000,0] R[r16=000000000000000f,c] 
 inst=[0f000f93,0] li      t6, 240
C0:       1866 [1] pc=[0040000010,0] W[r30=000000000000f000,0][1] R[r 1=00000000000000f3,0] R[r 0=0000000000000000,0] 
 inst=[0000ff37,0] lui     t5, 0xf
C0:       1867 [1] pc=[0040000014,0] W[r31=000000000000f0f0,0][1] R[r31=00000000000000f0,0] R[r30=000000000000f000,0] 
 inst=[01efefb3,0] or      t6, t6, t5
C0:       1868 [1] pc=[0040000018,0] W[r30=0000000000f00000,0][1] R[r 0=0000000000000000,0] R[r15=000000000000000f,c] 
 inst=[00f00f37,0] lui     t5, 0xf00
C0:       1869 [1] pc=[004000001c,0] W[r31=0000000000f0f0f0,0][1] R[r31=000000000000f0f0,0] R[r30=0000000000f00000,0] 
 inst=[01efefb3,0] or      t6, t6, t5
C0:       1870 [1] pc=[0040000020,0] W[r 0=00000000000000f0,0][1] R[r31=0000000000f0f0f0,0] R[r16=000000000000000f,c] 
 inst=[bf0f9073,0] csrw    unknown_bf0, t6
C0:       1874 [1] pc=[0040000024,0] W[r30=0000000000000008,0][1] R[r 0=0000000000000000,0] R[r 2=000000000000000f,c] 
 inst=[34202f73,0] csrr    t5, mcause
C0:       1875 [1] pc=[0040000028,0] W[r31=0000000000000008,0][1] R[r 0=0000000000000000,0] R[r 8=000000000000000f,c] 
 inst=[00800f93,0] li      t6, 8
C0:       1877 [1] pc=[004000002c,0] W[r 0=0000000000000001,0][0] R[r30=0000000000000008,0] R[r31=0000000000000008,0] 
 inst=[03ff0a63,0] beq     t5, t6, pc + 52
C0:       1881 [1] pc=[0040000060,0] W[r30=0000000000004000,0][1] R[r 0=0000000000000000,0] R[r 0=0000000000000000,0] 
 inst=[00004f37,0] lui     t5, 0x4
C0:       1882 [1] pc=[0040000064,0] W[r 0=0000000000004000,0][0] R[r30=0000000000004000,0] R[r28=0000000000000001,0] 
 inst=[01cf2023,0] sw      t3, 0(t5)
C0:       1883 [1] pc=[0040000068,0] W[r 0=000000004000006c,0][1] R[r31=000000000000000b,0] R[r25=0000000000000003,0] 
 inst=[ff9ff06f,0] j       pc - 0x8
