C0:         17 [1] pc=[0000000000,0] W[r 5=0000000040000000,0][1] R[r 0=0000000000000000,0] R[r 0=0000000000000000,0] 
 inst=[40000297,0] auipc   t0, 0x40000
C0:         18 [1] pc=[0000000004,0] W[r 0=0000000000000008,0][1] R[r 5=0000000040000000,0] R[r 0=0000000000000000,0] 
 inst=[00028067,0] jr      t0
TagXact1: (0) Create 0xbffffe00
TagXact1: (0) Create 0xbffffe40
TagXact1: (0) Create 0xbffffe80
TagXact1: (0) Create 0xbffffec0
TagXact1: (0) Create 0xbfffff00
TagXact1: (0) Create 0xbfffff40
TagXact1: (0) Create 0xbfffff80
TagXact1: (0) Create 0xbfffffc0
C0:        166 [1] pc=[0040000000,0] W[r 0=0000000040000004,0][1] R[r 0=0000000000000000,0] R[r12=822bd126c26244cb,c] 
 inst=[06c0006f,0] j       pc + 0x6c
TagXact1: (0) Read 0xb8000004 miss
TagXact1: (0) Read 0xbffc0000 miss
TagXact1: (0) FetchRead 0xbffffe00 => 0000000000000000
C0:        208 [1] pc=[004000006c,0] W[r10=0000000000000000,0][1] R[r 0=0000000000000000,0] R[r20=822bd126c26244cb,c] 
 inst=[f1402573,0] csrr    a0, mhartid
C0:        211 [1] pc=[0040000070,0] W[r 0=0000000000000000,0][0] R[r10=0000000000000000,0] R[r 0=0000000000000000,0] 
 inst=[00051063,0] bnez    a0, pc + 0
C0:        212 [1] pc=[0040000074,0] W[r10=8000000000041129,0][1] R[r 0=0000000000000000,0] R[r16=822bd126c26244cb,c] 
 inst=[f1002573,0] csrr    a0, unknown_f10
C0:        215 [1] pc=[0040000078,0] W[r 0=0000000000000001,0][0] R[r10=8000000000041129,0] R[r 0=0000000000000000,0] 
 inst=[00054863,0] bltz    a0, pc + 16
TagXact1: (0) Read 0xb8000008 miss
TagXact1: (0) Read 0xbffc0000 miss
TagXact1: (0) FetchRead 0xbffffe00 => 0000000000000000
C0:        251 [1] pc=[0040000088,0] W[r28=0000000000000000,0][1] R[r 0=0000000000000000,0] R[r 0=0000000000000000,0] 
 inst=[00000e13,0] li      t3, 0
C0:        252 [1] pc=[004000008c,0] W[r 5=000000004000008c,0][1] R[r 0=0000000000000000,0] R[r 0=0000000000000000,0] 
 inst=[00000297,0] auipc   t0, 0x0
C0:        253 [1] pc=[0040000090,0] W[r 5=0000000040000004,0][1] R[r 5=000000004000008c,0] R[r24=822bd126c26244cb,c] 
 inst=[f7828293,0] addi    t0, t0, -136
C0:        254 [1] pc=[0040000094,0] W[r 0=0000000000000000,0][1] R[r 5=0000000040000004,0] R[r 5=0000000040000004,0] 
 inst=[30529073,0] csrw    mtvec, t0
C0:        258 [1] pc=[0040000098,0] W[r 5=0000000000000098,0][1] R[r 0=0000000000000000,0] R[r 0=0000000000000000,0] 
 inst=[c0000297,0] auipc   t0, 0xc0000
C0:        259 [1] pc=[004000009c,0] W[r 5=0000000000000000,0][1] R[r 5=0000000000000098,0] R[r 8=822bd126c26244cb,c] 
 inst=[f6828293,0] addi    t0, t0, -152
C0:        260 [1] pc=[00400000a0,0] W[r 0=0000000000000001,0][0] R[r 5=0000000000000000,0] R[r 0=0000000000000000,0] 
 inst=[00028e63,0] beqz    t0, pc + 28
C0:        264 [1] pc=[00400000bc,0] W[r 0=0000000000001800,0][1] R[r 0=0000000000000000,0] R[r 0=0000000000000000,0] 
 inst=[30005073,0] csrwi   mstatus, 0
TagXact1: (0) Read 0xb800000c miss
TagXact1: (0) Read 0xbffc0000 miss
TagXact1: (0) FetchRead 0xbffffe00 => 0000000000000000
C0:        300 [1] pc=[00400000c0,0] W[r 5=00000000400000c0,0][1] R[r 0=0000000000000000,0] R[r 0=0000000000000000,0] 
 inst=[00000297,0] auipc   t0, 0x0
C0:        301 [1] pc=[00400000c4,0] W[r 5=00000000400000d4,0][1] R[r 5=00000000400000c0,0] R[r20=822bd126c26244cb,c] 
 inst=[01428293,0] addi    t0, t0, 20
C0:        302 [1] pc=[00400000c8,0] W[r 0=000000401c937d84,0][1] R[r 5=00000000400000d4,0] R[r 1=822bd126c26244cb,c] 
 inst=[34129073,0] csrw    mepc, t0
C0:        303 [1] pc=[00400000cc,0] W[r10=0000000000000000,0][1] R[r 0=0000000000000000,0] R[r20=822bd126c26244cb,c] 
 inst=[f1402573,0] csrr    a0, mhartid
C0:        304 [1] pc=[00400000d0,0] W[r 0=0000000000000000,0][0] R[r 0=0000000000000000,0] R[r 2=822bd126c26244cb,c] 
 inst=[30200073,0] mret
C0:        309 [1] pc=[00400000d4,0] W[r 1=000000000000000f,0][1] R[r 0=0000000000000000,0] R[r15=822bd126c26244cb,c] 
 inst=[00f0009b,0] addiw   ra, zero, 15
C0:        310 [1] pc=[00400000d8,0] W[r 1=000000f000000000,0][1] R[r 1=000000000000000f,0] R[r 4=822bd126c26244cb,c] 
 inst=[02409093,0] slli    ra, ra, 36
C0:        311 [1] pc=[00400000dc,0] W[r 0=0000000000000000,0][1] R[r 1=000000f000000000,0] R[r16=822bd126c26244cb,c] 
 inst=[8f009073,0] csrw    unknown_8f0, ra
C0:        315 [1] pc=[00400000e0,0] W[r 6=000000000000000f,0][1] R[r 0=0000000000000000,0] R[r15=822bd126c26244cb,c] 
 inst=[00f00313,0] li      t1, 15
C0:        316 [1] pc=[00400000e4,0] W[r28=0000000000000002,0][1] R[r 0=0000000000000000,0] R[r 2=822bd126c26244cb,c] 
 inst=[00200e13,0] li      t3, 2
C0:        317 [1] pc=[00400000e8,0] W[r 5=0000000000000000,0][1] R[r 0=0000000000000000,0] R[r 0=0000000000000000,0] 
 inst=[00000293,0] li      t0, 0
C0:        318 [1] pc=[00400000ec,0] W[r 5=00000000400000f0,f][1] R[r 0=0000000000000000,0] R[r 4=822bd126c26244cb,c] 
 inst=[004002ef,0] jal     t0, pc + 0x4
C0:        319 [1] pc=[00400000f0,0] W[r 5=000000000000000f,0][1] R[r 5=00000000400000f0,f] R[r 0=0000000000000000,0] 
 inst=[000282d7,0] unknown
C0:        320 [1] pc=[00400000f4,0] W[r 0=0000000000000000,0][0] R[r 5=000000000000000f,0] R[r 6=000000000000000f,0] 
 inst=[20629c63,0] bne     t0, t1, pc + 536
C0:        321 [1] pc=[00400000f8,0] W[r28=0000000000000003,0][1] R[r 0=0000000000000000,0] R[r 3=000000000000000f,0] 
 inst=[00300e13,0] li      t3, 3
C0:        322 [1] pc=[00400000fc,0] W[r 5=0000000000000000,0][1] R[r 0=0000000000000000,0] R[r 0=0000000000000000,0] 
 inst=[00000293,0] li      t0, 0
TagXact1: (0) Read 0xb8000010 miss
TagXact1: (0) Read 0xbffc0000 miss
TagXact1: (0) FetchRead 0xbffffe00 => 0000000000000000
C0:        357 [1] pc=[0040000100,0] W[r 4=0000000040000100,0][1] R[r 0=0000000000000000,0] R[r 0=0000000000000000,0] 
 inst=[00000217,0] auipc   tp, 0x0
C0:        358 [1] pc=[0040000104,0] W[r 4=000000004000010c,0][1] R[r 4=0000000040000100,0] R[r12=000000000000000f,0] 
 inst=[00c20213,0] addi    tp, tp, 12
C0:        359 [1] pc=[0040000108,0] W[r 5=000000004000010c,f][1] R[r 4=000000004000010c,0] R[r 0=0000000000000000,0] 
 inst=[000202e7,0] jalr    t0, tp, 0
C0:        363 [1] pc=[004000010c,0] W[r 5=000000000000000f,0][1] R[r 5=000000004000010c,f] R[r 0=0000000000000000,0] 
 inst=[000282d7,0] unknown
C0:        364 [1] pc=[0040000110,0] W[r 0=0000000000000000,0][0] R[r 5=000000000000000f,0] R[r 6=000000000000000f,0] 
 inst=[1e629e63,0] bne     t0, t1, pc + 508
C0:        365 [1] pc=[0040000114,0] W[r 0=000000f000000000,0][1] R[r 0=0000000000000000,0] R[r16=000000000000000f,0] 
 inst=[8f001073,0] csrw    unknown_8f0, zero
C0:        369 [1] pc=[0040000118,0] W[r 6=0000000000000000,0][1] R[r 0=0000000000000000,0] R[r 0=0000000000000000,0] 
 inst=[00000313,0] li      t1, 0
C0:        370 [1] pc=[004000011c,0] W[r28=0000000000000004,0][1] R[r 0=0000000000000000,0] R[r 4=000000000000000f,0] 
 inst=[00400e13,0] li      t3, 4
C0:        371 [1] pc=[0040000120,0] W[r 5=0000000000000000,0][1] R[r 0=0000000000000000,0] R[r 0=0000000000000000,0] 
 inst=[00000293,0] li      t0, 0
C0:        372 [1] pc=[0040000124,0] W[r 5=0000000040000128,0][1] R[r 0=0000000000000000,0] R[r 4=000000000000000f,0] 
 inst=[004002ef,0] jal     t0, pc + 0x4
C0:        373 [1] pc=[0040000128,0] W[r 5=0000000000000000,0][1] R[r 5=0000000040000128,0] R[r 0=0000000000000000,0] 
 inst=[000282d7,0] unknown
C0:        374 [1] pc=[004000012c,0] W[r 0=0000000000000000,0][0] R[r 5=0000000000000000,0] R[r 6=0000000000000000,0] 
 inst=[1e629063,0] bne     t0, t1, pc + 480
C0:        375 [1] pc=[0040000130,0] W[r28=0000000000000005,0][1] R[r 0=0000000000000000,0] R[r 5=0000000000000000,0] 
 inst=[00500e13,0] li      t3, 5
C0:        376 [1] pc=[0040000134,0] W[r 5=0000000000000000,0][1] R[r 0=0000000000000000,0] R[r 0=0000000000000000,0] 
 inst=[00000293,0] li      t0, 0
C0:        377 [1] pc=[0040000138,0] W[r 4=0000000040000138,0][1] R[r 0=0000000000000000,0] R[r 0=0000000000000000,0] 
 inst=[00000217,0] auipc   tp, 0x0
C0:        378 [1] pc=[004000013c,0] W[r 4=0000000040000144,0][1] R[r 4=0000000040000138,0] R[r12=0000000000000003,0] 
 inst=[00c20213,0] addi    tp, tp, 12
TagXact1: (0) Read 0xb8000014 miss
TagXact1: (0) Read 0xbffc0000 miss
TagXact1: (0) FetchRead 0xbffffe00 => 0000000000000000
C0:        413 [1] pc=[0040000140,0] W[r 5=0000000040000144,0][1] R[r 4=0000000040000144,0] R[r 0=0000000000000000,0] 
 inst=[000202e7,0] jalr    t0, tp, 0
C0:        417 [1] pc=[0040000144,0] W[r 5=0000000000000000,0][1] R[r 5=0000000040000144,0] R[r 0=0000000000000000,0] 
 inst=[000282d7,0] unknown
C0:        418 [1] pc=[0040000148,0] W[r 0=0000000000000000,0][0] R[r 5=0000000000000000,0] R[r 6=0000000000000000,0] 
 inst=[1c629263,0] bne     t0, t1, pc + 452
C0:        419 [1] pc=[004000014c,0] W[r 6=000000000000000f,0][1] R[r 0=0000000000000000,0] R[r15=0000000000000003,0] 
 inst=[00f00313,0] li      t1, 15
C0:        420 [1] pc=[0040000150,0] W[r28=0000000000000006,0][1] R[r 0=0000000000000000,0] R[r 6=000000000000000f,0] 
 inst=[00600e13,0] li      t3, 6
C0:        421 [1] pc=[0040000154,0] W[r 5=0000000000000000,f][1] R[r 6=000000000000000f,0] R[r 0=0000000000000000,0] 
 inst=[000312d7,0] unknown
C0:        422 [1] pc=[0040000158,0] W[r 5=000000004000015c,0][1] R[r 0=0000000000000000,0] R[r 4=0000000000000003,0] 
 inst=[004002ef,0] jal     t0, pc + 0x4
C0:        423 [1] pc=[004000015c,0] W[r 5=0000000000000000,0][1] R[r 5=000000004000015c,0] R[r 0=0000000000000000,0] 
 inst=[000282d7,0] unknown
C0:        424 [1] pc=[0040000160,0] W[r 0=0000000000000000,0][0] R[r 5=0000000000000000,0] R[r 0=0000000000000000,0] 
 inst=[1a029663,0] bnez    t0, pc + 428
C0:        425 [1] pc=[0040000164,0] W[r28=0000000000000007,0][1] R[r 0=0000000000000000,0] R[r 7=0000000000000003,0] 
 inst=[00700e13,0] li      t3, 7
C0:        426 [1] pc=[0040000168,0] W[r 5=0000000000000000,f][1] R[r 6=000000000000000f,0] R[r 0=0000000000000000,0] 
 inst=[000312d7,0] unknown
C0:        427 [1] pc=[004000016c,0] W[r 4=000000004000016c,0][1] R[r 0=0000000000000000,0] R[r 0=0000000000000000,0] 
 inst=[00000217,0] auipc   tp, 0x0
C0:        428 [1] pc=[0040000170,0] W[r 4=0000000040000178,0][1] R[r 4=000000004000016c,0] R[r12=0000000000000003,0] 
 inst=[00c20213,0] addi    tp, tp, 12
C0:        429 [1] pc=[0040000174,0] W[r 5=0000000040000178,0][1] R[r 4=0000000040000178,0] R[r 0=0000000000000000,0] 
 inst=[000202e7,0] jalr    t0, tp, 0
C0:        433 [1] pc=[0040000178,0] W[r 5=0000000000000000,0][1] R[r 5=0000000040000178,0] R[r 0=0000000000000000,0] 
 inst=[000282d7,0] unknown
C0:        434 [1] pc=[004000017c,0] W[r 0=0000000000000000,0][0] R[r 5=0000000000000000,0] R[r 0=0000000000000000,0] 
 inst=[18029863,0] bnez    t0, pc + 400
TagXact1: (0) Read 0xb8000018 miss
TagXact1: (0) Read 0xbffc0000 miss
TagXact1: (0) FetchRead 0xbffffe00 => 0000000000000000
C0:        470 [1] pc=[0040000180,0] W[r 1=000000000000000f,0][1] R[r 0=0000000000000000,0] R[r15=0000000000000003,0] 
 inst=[00f0009b,0] addiw   ra, zero, 15
C0:        471 [1] pc=[0040000184,0] W[r 1=000000f000000000,0][1] R[r 1=000000000000000f,0] R[r 4=0000000000000003,0] 
 inst=[02409093,0] slli    ra, ra, 36
C0:        472 [1] pc=[0040000188,0] W[r 0=0000000000000000,0][1] R[r 1=000000f000000000,0] R[r16=0000000000000003,0] 
 inst=[8f009073,0] csrw    unknown_8f0, ra
C0:        476 [1] pc=[004000018c,0] W[r 6=000000000000000f,0][1] R[r 0=0000000000000000,0] R[r15=0000000000000003,0] 
 inst=[00f00313,0] li      t1, 15
C0:        477 [1] pc=[0040000190,0] W[r28=0000000000000008,0][1] R[r 0=0000000000000000,0] R[r 8=0000000000000003,0] 
 inst=[00800e13,0] li      t3, 8
C0:        478 [1] pc=[0040000194,0] W[r 5=0000000000000000,0][1] R[r 0=0000000000000000,0] R[r 0=0000000000000000,0] 
 inst=[00000293,0] li      t0, 0
C0:        479 [1] pc=[0040000198,0] W[r 5=000000004000019c,f][1] R[r 0=0000000000000000,0] R[r 8=0000000000000003,0] 
 inst=[028002ef,0] jal     t0, pc + 0x28
TagXact1: (0) Read 0xb800001c miss
TagXact1: (0) Read 0xbffc0000 miss
TagXact1: (0) FetchRead 0xbffffe00 => 0000000000000000
C0:        517 [1] pc=[00400001c0,0] W[r 5=000000000000000f,0][1] R[r 5=000000004000019c,f] R[r 0=0000000000000000,0] 
 inst=[000282d7,0] unknown
C0:        518 [1] pc=[00400001c4,0] W[r 0=0000000000000000,0][0] R[r 5=000000000000000f,0] R[r 6=000000000000000f,0] 
 inst=[14629463,0] bne     t0, t1, pc + 328
C0:        519 [1] pc=[00400001c8,0] W[r28=0000000000000009,0][1] R[r 0=0000000000000000,0] R[r 9=000000000000000f,0] 
 inst=[00900e13,0] li      t3, 9
C0:        520 [1] pc=[00400001cc,0] W[r 5=0000000000000000,0][1] R[r 0=0000000000000000,0] R[r 0=0000000000000000,0] 
 inst=[00000293,0] li      t0, 0
C0:        521 [1] pc=[00400001d0,0] W[r 4=00000000400001d0,0][1] R[r 0=0000000000000000,0] R[r 0=0000000000000000,0] 
 inst=[00000217,0] auipc   tp, 0x0
C0:        522 [1] pc=[00400001d4,0] W[r 4=0000000040000200,0][1] R[r 4=00000000400001d0,0] R[r16=000000000000000f,0] 
 inst=[03020213,0] addi    tp, tp, 48
C0:        523 [1] pc=[00400001d8,0] W[r 5=00000000400001dc,f][1] R[r 4=0000000040000200,0] R[r 0=0000000000000000,0] 
 inst=[000202e7,0] jalr    t0, tp, 0
TagXact1: (0) Read 0xb8000020 miss
TagXact1: (0) Read 0xbffc0000 miss
TagXact1: (0) FetchRead 0xbffffe00 => 0000000000000000
C0:        563 [1] pc=[0040000200,0] W[r 5=000000000000000f,0][1] R[r 5=00000000400001dc,f] R[r 0=0000000000000000,0] 
 inst=[000282d7,0] unknown
C0:        564 [1] pc=[0040000204,0] W[r 0=0000000000000000,0][0] R[r 5=000000000000000f,0] R[r 6=000000000000000f,0] 
 inst=[10629463,0] bne     t0, t1, pc + 264
C0:        565 [1] pc=[0040000208,0] W[r 0=000000f000000000,0][1] R[r 0=0000000000000000,0] R[r16=000000000000000f,0] 
 inst=[8f001073,0] csrw    unknown_8f0, zero
C0:        569 [1] pc=[004000020c,0] W[r 6=0000000000000000,0][1] R[r 0=0000000000000000,0] R[r 0=0000000000000000,0] 
 inst=[00000313,0] li      t1, 0
C0:        570 [1] pc=[0040000210,0] W[r28=000000000000000a,0][1] R[r 0=0000000000000000,0] R[r10=000000000000000f,0] 
 inst=[00a00e13,0] li      t3, 10
C0:        571 [1] pc=[0040000214,0] W[r 5=0000000000000000,0][1] R[r 0=0000000000000000,0] R[r 0=0000000000000000,0] 
 inst=[00000293,0] li      t0, 0
C0:        572 [1] pc=[0040000218,0] W[r 5=000000004000021c,0][1] R[r 0=0000000000000000,0] R[r 8=000000000000000f,0] 
 inst=[028002ef,0] jal     t0, pc + 0x28
TagXact1: (0) Read 0xb8000024 miss
TagXact1: (0) Read 0xbffc0000 miss
TagXact1: (0) FetchRead 0xbffffe00 => 0000000000000000
C0:        610 [1] pc=[0040000240,0] W[r 5=0000000000000000,0][1] R[r 5=000000004000021c,0] R[r 0=0000000000000000,0] 
 inst=[000282d7,0] unknown
C0:        611 [1] pc=[0040000244,0] W[r 0=0000000000000000,0][0] R[r 5=0000000000000000,0] R[r 6=0000000000000000,0] 
 inst=[0c629463,0] bne     t0, t1, pc + 200
C0:        612 [1] pc=[0040000248,0] W[r28=000000000000000b,0][1] R[r 0=0000000000000000,0] R[r11=0000000000000003,0] 
 inst=[00b00e13,0] li      t3, 11
C0:        613 [1] pc=[004000024c,0] W[r 5=0000000000000000,0][1] R[r 0=0000000000000000,0] R[r 0=0000000000000000,0] 
 inst=[00000293,0] li      t0, 0
C0:        614 [1] pc=[0040000250,0] W[r 4=0000000040000250,0][1] R[r 0=0000000000000000,0] R[r 0=0000000000000000,0] 
 inst=[00000217,0] auipc   tp, 0x0
C0:        615 [1] pc=[0040000254,0] W[r 4=0000000040000280,0][1] R[r 4=0000000040000250,0] R[r16=0000000000000003,0] 
 inst=[03020213,0] addi    tp, tp, 48
C0:        616 [1] pc=[0040000258,0] W[r 5=000000004000025c,0][1] R[r 4=0000000040000280,0] R[r 0=0000000000000000,0] 
 inst=[000202e7,0] jalr    t0, tp, 0
TagXact1: (0) Read 0xb8000028 miss
TagXact1: (0) Read 0xbffc0000 miss
TagXact1: (0) FetchRead 0xbffffe00 => 0000000000000000
C0:        654 [1] pc=[0040000280,0] W[r 5=0000000000000000,0][1] R[r 5=000000004000025c,0] R[r 0=0000000000000000,0] 
 inst=[000282d7,0] unknown
C0:        655 [1] pc=[0040000284,0] W[r 0=0000000000000000,0][0] R[r 5=0000000000000000,0] R[r 6=0000000000000000,0] 
 inst=[08629463,0] bne     t0, t1, pc + 136
C0:        656 [1] pc=[0040000288,0] W[r 6=000000000000000f,0][1] R[r 0=0000000000000000,0] R[r15=0000000000000003,0] 
 inst=[00f00313,0] li      t1, 15
C0:        657 [1] pc=[004000028c,0] W[r28=000000000000000c,0][1] R[r 0=0000000000000000,0] R[r12=0000000000000003,0] 
 inst=[00c00e13,0] li      t3, 12
C0:        658 [1] pc=[0040000290,0] W[r 5=0000000000000000,f][1] R[r 6=000000000000000f,0] R[r 0=0000000000000000,0] 
 inst=[000312d7,0] unknown
C0:        659 [1] pc=[0040000294,0] W[r 5=0000000040000298,0][1] R[r 0=0000000000000000,0] R[r12=0000000000000003,0] 
 inst=[02c002ef,0] jal     t0, pc + 0x2c
TagXact1: (0) Read 0xb800002c miss
TagXact1: (0) Read 0xbffc0000 miss
TagXact1: (0) FetchRead 0xbffffe00 => 0000000000000000
C0:        697 [1] pc=[00400002c0,0] W[r 5=0000000000000000,0][1] R[r 5=0000000040000298,0] R[r 0=0000000000000000,0] 
 inst=[000282d7,0] unknown
C0:        698 [1] pc=[00400002c4,0] W[r 0=0000000000000000,0][0] R[r 5=0000000000000000,0] R[r 0=0000000000000000,0] 
 inst=[04029463,0] bnez    t0, pc + 72
C0:        699 [1] pc=[00400002c8,0] W[r28=000000000000000d,0][1] R[r 0=0000000000000000,0] R[r13=0000000000000003,0] 
 inst=[00d00e13,0] li      t3, 13
C0:        700 [1] pc=[00400002cc,0] W[r 5=0000000000000000,f][1] R[r 6=000000000000000f,0] R[r 0=0000000000000000,0] 
 inst=[000312d7,0] unknown
C0:        701 [1] pc=[00400002d0,0] W[r 4=00000000400002d0,0][1] R[r 0=0000000000000000,0] R[r 0=0000000000000000,0] 
 inst=[00000217,0] auipc   tp, 0x0
C0:        702 [1] pc=[00400002d4,0] W[r 4=0000000040000300,0][1] R[r 4=00000000400002d0,0] R[r16=0000000000000003,0] 
 inst=[03020213,0] addi    tp, tp, 48
C0:        703 [1] pc=[00400002d8,0] W[r 5=00000000400002dc,0][1] R[r 4=0000000040000300,0] R[r 0=0000000000000000,0] 
 inst=[000202e7,0] jalr    t0, tp, 0
TagXact1: (0) Read 0xb8000030 miss
TagXact1: (0) Read 0xbffc0000 miss
TagXact1: (0) FetchRead 0xbffffe00 => 0000000000000000
C0:        741 [1] pc=[0040000300,0] W[r 5=0000000000000000,0][1] R[r 5=00000000400002dc,0] R[r 0=0000000000000000,0] 
 inst=[000282d7,0] unknown
C0:        742 [1] pc=[0040000304,0] W[r 0=0000000000000000,0][0] R[r 5=0000000000000000,0] R[r 0=0000000000000000,0] 
 inst=[00029463,0] bnez    t0, pc + 8
C0:        743 [1] pc=[0040000308,0] W[r 0=0000000000000001,0][0] R[r 0=0000000000000000,0] R[r28=000000000000000d,0] 
 inst=[01c01c63,0] bne     zero, t3, pc + 24
C0:        747 [1] pc=[0040000320,0] W[r 0=0000000000000004,0][0] R[r 0=0000000000000000,0] R[r31=000000000000000f,0] 
 inst=[0ff0000f,0] fence
C0:        748 [1] pc=[0040000324,0] W[r28=0000000000000001,0][1] R[r 0=0000000000000000,0] R[r 1=000000000000000f,0] 
 inst=[00100e13,0] li      t3, 1
C0:        749 [0] pc=[0040000328,0] W[r 0=0000000000000000,0][0] R[r 0=0000000000000000,0] R[r 0=0000000000000000,0] 
 inst=[00000073,0] ecall
C0:        754 [1] pc=[0040000004,0] W[r30=0000000000000000,0][1] R[r 0=0000000000000000,0] R[r16=000000000000000f,0] 
 inst=[bf002f73,0] csrr    t5, unknown_bf0
C0:        757 [1] pc=[0040000008,0] W[r 0=68d70fe72d48552a,0][1] R[r30=0000000000000000,0] R[r 0=0000000000000000,0] 
 inst=[340f1073,0] csrw    mscratch, t5
C0:        758 [1] pc=[004000000c,0] W[r31=00000000000000f0,0][1] R[r 0=0000000000000000,0] R[r16=000000000000000f,0] 
 inst=[0f000f93,0] li      t6, 240
C0:        759 [1] pc=[0040000010,0] W[r30=000000000000f000,0][1] R[r 1=0000000000000003,0] R[r 0=0000000000000000,0] 
 inst=[0000ff37,0] lui     t5, 0xf
C0:        760 [1] pc=[0040000014,0] W[r31=000000000000f0f0,0][1] R[r31=00000000000000f0,0] R[r30=000000000000f000,0] 
 inst=[01efefb3,0] or      t6, t6, t5
C0:        761 [1] pc=[0040000018,0] W[r30=0000000000f00000,0][1] R[r 0=0000000000000000,0] R[r15=000000000000000f,0] 
 inst=[00f00f37,0] lui     t5, 0xf00
C0:        762 [1] pc=[004000001c,0] W[r31=0000000000f0f0f0,0][1] R[r31=000000000000f0f0,0] R[r30=0000000000f00000,0] 
 inst=[01efefb3,0] or      t6, t6, t5
C0:        763 [1] pc=[0040000020,0] W[r 0=0000000000000000,0][1] R[r31=0000000000f0f0f0,0] R[r16=000000000000000f,0] 
 inst=[bf0f9073,0] csrw    unknown_bf0, t6
C0:        767 [1] pc=[0040000024,0] W[r30=0000000000000008,0][1] R[r 0=0000000000000000,0] R[r 2=000000000000000f,0] 
 inst=[34202f73,0] csrr    t5, mcause
C0:        768 [1] pc=[0040000028,0] W[r31=0000000000000008,0][1] R[r 0=0000000000000000,0] R[r 8=000000000000000f,0] 
 inst=[00800f93,0] li      t6, 8
C0:        770 [1] pc=[004000002c,0] W[r 0=0000000000000001,0][0] R[r30=0000000000000008,0] R[r31=0000000000000008,0] 
 inst=[03ff0a63,0] beq     t5, t6, pc + 52
C0:        774 [1] pc=[0040000060,0] W[r30=0000000000004000,0][1] R[r 0=0000000000000000,0] R[r 0=0000000000000000,0] 
 inst=[00004f37,0] lui     t5, 0x4
C0:        775 [1] pc=[0040000064,0] W[r 0=0000000000004000,0][0] R[r30=0000000000004000,0] R[r28=0000000000000001,0] 
 inst=[01cf2023,0] sw      t3, 0(t5)
C0:        776 [1] pc=[0040000068,0] W[r 0=000000004000006c,0][1] R[r31=000000000000000b,0] R[r25=0000000000000003,0] 
 inst=[ff9ff06f,0] j       pc - 0x8
