C0:         17 [1] pc=[0000000000,0] W[r 5=0000000040000000,0][1] R[r 0=0000000000000000,0] R[r 0=0000000000000000,0] 
 inst=[40000297,0] auipc   t0, 0x40000
C0:         18 [1] pc=[0000000004,0] W[r 0=0000000000000008,0][1] R[r 5=0000000040000000,0] R[r 0=0000000000000000,0] 
 inst=[00028067,0] jr      t0
TagXact1: (0) Create 0xbffffe00
TagXact1: (0) Create 0xbffffe40
TagXact1: (0) Create 0xbffffe80
TagXact1: (0) Create 0xbffffec0
TagXact1: (0) Create 0xbfffff00
TagXact1: (0) Create 0xbfffff40
TagXact1: (0) Create 0xbfffff80
TagXact1: (0) Create 0xbfffffc0
C0:        166 [1] pc=[0040000000,0] W[r 0=0000000040000004,0][1] R[r 0=0000000000000000,0] R[r12=822bd126c26244cb,c] 
 inst=[06c0006f,0] j       pc + 0x6c
TagXact1: (0) Read 0xb8000004 miss
TagXact1: (0) Read 0xbffc0000 miss
TagXact1: (0) FetchRead 0xbffffe00 => 0000000000000000
C0:        208 [1] pc=[004000006c,0] W[r10=0000000000000000,0][1] R[r 0=0000000000000000,0] R[r20=822bd126c26244cb,c] 
 inst=[f1402573,0] csrr    a0, mhartid
C0:        211 [1] pc=[0040000070,0] W[r 0=0000000000000000,0][0] R[r10=0000000000000000,0] R[r 0=0000000000000000,0] 
 inst=[00051063,0] bnez    a0, pc + 0
C0:        212 [1] pc=[0040000074,0] W[r10=8000000000041129,0][1] R[r 0=0000000000000000,0] R[r16=822bd126c26244cb,c] 
 inst=[f1002573,0] csrr    a0, unknown_f10
C0:        215 [1] pc=[0040000078,0] W[r 0=0000000000000001,0][0] R[r10=8000000000041129,0] R[r 0=0000000000000000,0] 
 inst=[00054863,0] bltz    a0, pc + 16
TagXact1: (0) Read 0xb8000008 miss
TagXact1: (0) Read 0xbffc0000 miss
TagXact1: (0) FetchRead 0xbffffe00 => 0000000000000000
C0:        251 [1] pc=[0040000088,0] W[r28=0000000000000000,0][1] R[r 0=0000000000000000,0] R[r 0=0000000000000000,0] 
 inst=[00000e13,0] li      t3, 0
C0:        252 [1] pc=[004000008c,0] W[r 5=000000004000008c,0][1] R[r 0=0000000000000000,0] R[r 0=0000000000000000,0] 
 inst=[00000297,0] auipc   t0, 0x0
C0:        253 [1] pc=[0040000090,0] W[r 5=0000000040000004,0][1] R[r 5=000000004000008c,0] R[r24=822bd126c26244cb,c] 
 inst=[f7828293,0] addi    t0, t0, -136
C0:        254 [1] pc=[0040000094,0] W[r 0=0000000000000000,0][1] R[r 5=0000000040000004,0] R[r 5=0000000040000004,0] 
 inst=[30529073,0] csrw    mtvec, t0
C0:        258 [1] pc=[0040000098,0] W[r 5=0000000000000098,0][1] R[r 0=0000000000000000,0] R[r 0=0000000000000000,0] 
 inst=[c0000297,0] auipc   t0, 0xc0000
C0:        259 [1] pc=[004000009c,0] W[r 5=0000000000000000,0][1] R[r 5=0000000000000098,0] R[r 8=822bd126c26244cb,c] 
 inst=[f6828293,0] addi    t0, t0, -152
C0:        260 [1] pc=[00400000a0,0] W[r 0=0000000000000001,0][0] R[r 5=0000000000000000,0] R[r 0=0000000000000000,0] 
 inst=[00028e63,0] beqz    t0, pc + 28
C0:        264 [1] pc=[00400000bc,0] W[r 0=0000000000001800,0][1] R[r 0=0000000000000000,0] R[r 0=0000000000000000,0] 
 inst=[30005073,0] csrwi   mstatus, 0
TagXact1: (0) Read 0xb800000c miss
TagXact1: (0) Read 0xbffc0000 miss
TagXact1: (0) FetchRead 0xbffffe00 => 0000000000000000
C0:        300 [1] pc=[00400000c0,0] W[r 5=00000000400000c0,0][1] R[r 0=0000000000000000,0] R[r 0=0000000000000000,0] 
 inst=[00000297,0] auipc   t0, 0x0
C0:        301 [1] pc=[00400000c4,0] W[r 5=00000000400000d4,0][1] R[r 5=00000000400000c0,0] R[r20=822bd126c26244cb,c] 
 inst=[01428293,0] addi    t0, t0, 20
C0:        302 [1] pc=[00400000c8,0] W[r 0=000000401c937d84,0][1] R[r 5=00000000400000d4,0] R[r 1=822bd126c26244cb,c] 
 inst=[34129073,0] csrw    mepc, t0
C0:        303 [1] pc=[00400000cc,0] W[r10=0000000000000000,0][1] R[r 0=0000000000000000,0] R[r20=822bd126c26244cb,c] 
 inst=[f1402573,0] csrr    a0, mhartid
C0:        304 [1] pc=[00400000d0,0] W[r 0=0000000000000000,0][0] R[r 0=0000000000000000,0] R[r 2=822bd126c26244cb,c] 
 inst=[30200073,0] mret
C0:        309 [1] pc=[00400000d4,0] W[r 1=0000000000000009,0][1] R[r 0=0000000000000000,0] R[r 9=822bd126c26244cb,c] 
 inst=[00900093,0] li      ra, 9
C0:        310 [1] pc=[00400000d8,0] W[r 1=0000000900000000,0][1] R[r 1=0000000000000009,0] R[r 0=0000000000000000,0] 
 inst=[02009093,0] slli    ra, ra, 32
C0:        311 [1] pc=[00400000dc,0] W[r 0=0000000000000000,0][1] R[r 1=0000000900000000,0] R[r16=822bd126c26244cb,c] 
 inst=[8f009073,0] csrw    unknown_8f0, ra
C0:        315 [1] pc=[00400000e0,0] W[r28=0000000000000002,0][1] R[r 0=0000000000000000,0] R[r 2=822bd126c26244cb,c] 
 inst=[00200e13,0] li      t3, 2
C0:        316 [1] pc=[00400000e4,0] W[r10=0000000000000001,0][1] R[r 0=0000000000000000,0] R[r 1=822bd126c26244cb,c] 
 inst=[00100513,0] li      a0, 1
C0:        317 [1] pc=[00400000e8,0] W[r 5=00000000400000e8,0][1] R[r 0=0000000000000000,0] R[r 0=0000000000000000,0] 
 inst=[00000297,0] auipc   t0, 0x0
C0:        318 [1] pc=[00400000ec,0] W[r 5=00000000400000f8,0][1] R[r 5=00000000400000e8,0] R[r16=822bd126c26244cb,c] 
 inst=[01028293,0] addi    t0, t0, 16
C0:        319 [1] pc=[00400000f0,0] W[r 5=00000000400000f8,1][1] R[r10=0000000000000001,0] R[r 0=0000000000000000,0] 
 inst=[000512d7,0] unknown
C0:        320 [1] pc=[00400000f4,0] W[r 0=00000000400000f8,0][1] R[r 5=00000000400000f8,1] R[r 0=0000000000000000,0] 
 inst=[00028067,0] jr      t0
C0:        321 [1] pc=[00400000f8,0] W[r28=0000000000000003,0][1] R[r 0=0000000000000000,0] R[r 3=822bd126c26244cb,c] 
 inst=[00300e13,0] li      t3, 3
C0:        322 [1] pc=[00400000fc,0] W[r 6=0000000000001000,0][1] R[r 0=0000000000000000,0] R[r 0=0000000000000000,0] 
 inst=[00001337,0] lui     t1, 0x1
TagXact1: (0) Read 0xb8000010 miss
TagXact1: (0) Read 0xbffc0000 miss
TagXact1: (0) FetchRead 0xbffffe00 => 0000000000000000
C0:        357 [1] pc=[0040000100,0] W[r 6=0000000000000f00,0][1] R[r 6=0000000000001000,0] R[r 0=0000000000000000,0] 
 inst=[f003031b,0] addiw   t1, t1, -256
C0:        358 [1] pc=[0040000104,0] W[r 5=0000000040000104,0][1] R[r 0=0000000000000000,0] R[r 0=0000000000000000,0] 
 inst=[00000297,0] auipc   t0, 0x0
C0:        359 [1] pc=[0040000108,0] W[r 5=0000000040000124,0][1] R[r 5=0000000040000104,0] R[r 0=0000000000000000,0] 
 inst=[02028293,0] addi    t0, t0, 32
C0:        360 [0] pc=[004000010c,0] W[r 0=0000000040000110,0][0] R[r 5=0000000040000124,0] R[r 0=0000000000000000,0] 
 inst=[00028367,0] jalr    t1, t0, 0
C0:        365 [1] pc=[0040000004,0] W[r30=0000000900000000,0][1] R[r 0=0000000000000000,0] R[r16=822bd126c26244cb,c] 
 inst=[bf002f73,0] csrr    t5, unknown_bf0
C0:        368 [1] pc=[0040000008,0] W[r 0=68d70fe72d48552a,0][1] R[r30=0000000900000000,0] R[r 0=0000000000000000,0] 
 inst=[340f1073,0] csrw    mscratch, t5
C0:        369 [1] pc=[004000000c,0] W[r31=00000000000000f0,0][1] R[r 0=0000000000000000,0] R[r16=822bd126c26244cb,c] 
 inst=[0f000f93,0] li      t6, 240
C0:        370 [1] pc=[0040000010,0] W[r30=000000000000f000,0][1] R[r 1=0000000900000003,0] R[r 0=0000000000000000,0] 
 inst=[0000ff37,0] lui     t5, 0xf
C0:        371 [1] pc=[0040000014,0] W[r31=000000000000f0f0,0][1] R[r31=00000000000000f0,0] R[r30=000000000000f000,0] 
 inst=[01efefb3,0] or      t6, t6, t5
C0:        372 [1] pc=[0040000018,0] W[r30=0000000000f00000,0][1] R[r 0=0000000000000000,0] R[r15=822bd126c26244cb,c] 
 inst=[00f00f37,0] lui     t5, 0xf00
C0:        373 [1] pc=[004000001c,0] W[r31=0000000000f0f0f0,0][1] R[r31=000000000000f0f0,0] R[r30=0000000000f00000,0] 
 inst=[01efefb3,0] or      t6, t6, t5
C0:        374 [1] pc=[0040000020,0] W[r 0=0000000900000000,0][1] R[r31=0000000000f0f0f0,0] R[r16=822bd126c26244cb,c] 
 inst=[bf0f9073,0] csrw    unknown_bf0, t6
C0:        378 [1] pc=[0040000024,0] W[r30=0000000000000010,0][1] R[r 0=0000000000000000,0] R[r 2=822bd126c26244cb,c] 
 inst=[34202f73,0] csrr    t5, mcause
C0:        379 [1] pc=[0040000028,0] W[r31=0000000000000008,0][1] R[r 0=0000000000000000,0] R[r 8=822bd126c26244cb,c] 
 inst=[00800f93,0] li      t6, 8
C0:        381 [1] pc=[004000002c,0] W[r 0=0000000000000000,0][0] R[r30=0000000000000010,0] R[r31=0000000000000008,0] 
 inst=[03ff0a63,0] beq     t5, t6, pc + 52
C0:        382 [1] pc=[0040000030,0] W[r31=0000000000000009,0][1] R[r 0=0000000000000000,0] R[r 9=822bd126c26244cb,c] 
 inst=[00900f93,0] li      t6, 9
C0:        383 [1] pc=[0040000034,0] W[r 0=0000000000000000,0][0] R[r30=0000000000000010,0] R[r31=0000000000000009,0] 
 inst=[03ff0663,0] beq     t5, t6, pc + 44
C0:        384 [1] pc=[0040000038,0] W[r31=000000000000000b,0][1] R[r 0=0000000000000000,0] R[r11=822bd126c26244cb,c] 
 inst=[00b00f93,0] li      t6, 11
C0:        385 [1] pc=[004000003c,0] W[r 0=0000000000000000,0][0] R[r30=0000000000000010,0] R[r31=000000000000000b,0] 
 inst=[03ff0263,0] beq     t5, t6, pc + 36
C0:        386 [1] pc=[0040000040,0] W[r30=0000000040000040,0][1] R[r 0=0000000000000000,0] R[r 0=0000000000000000,0] 
 inst=[00000f17,0] auipc   t5, 0x0
C0:        387 [1] pc=[0040000044,0] W[r30=000000004000014c,0][1] R[r30=0000000040000040,0] R[r12=822bd126c26244cb,c] 
 inst=[10cf0f13,0] addi    t5, t5, 268
C0:        388 [1] pc=[0040000048,0] W[r 0=0000000000000000,0][0] R[r30=000000004000014c,0] R[r 0=0000000000000000,0] 
 inst=[000f0463,0] beqz    t5, pc + 8
C0:        389 [1] pc=[004000004c,0] W[r 0=0000000040000050,0][1] R[r30=000000004000014c,0] R[r 0=0000000000000000,0] 
 inst=[000f0067,0] jr      t5
TagXact1: (0) Read 0xb8000014 miss
TagXact1: (0) Read 0xbffc0000 miss
TagXact1: (0) FetchRead 0xbffffe00 => 0000000000000000
C0:        429 [1] pc=[004000014c,0] W[r16=0000000000000003,0][1] R[r 0=0000000000000000,0] R[r 3=822bd126c26244cb,c] 
 inst=[00300813,0] li      a6, 3
C0:        430 [1] pc=[0040000150,0] W[r 0=0000000000000000,0][0] R[r28=0000000000000003,0] R[r16=0000000000000003,0] 
 inst=[fd0e1ee3,0] bne     t3, a6, pc - 36
C0:        431 [1] pc=[0040000154,0] W[r16=0000000000000010,0][1] R[r 0=0000000000000000,0] R[r16=0000000000000003,0] 
 inst=[01000813,0] li      a6, 16
C0:        432 [1] pc=[0040000158,0] W[r17=0000000000000010,0][1] R[r 0=0000000000000000,0] R[r 2=822bd126c26244cb,c] 
 inst=[342028f3,0] csrr    a7, mcause
C0:        435 [1] pc=[004000015c,0] W[r 0=0000000000000000,0][0] R[r16=0000000000000010,0] R[r17=0000000000000010,0] 
 inst=[fd1818e3,0] bne     a6, a7, pc - 48
C0:        436 [1] pc=[0040000160,0] W[r16=000000004000010c,0][1] R[r 0=0000000000000000,0] R[r 1=0000000000000013,0] 
 inst=[34102873,0] csrr    a6, mepc
C0:        439 [1] pc=[0040000164,0] W[r16=0000000040000118,0][1] R[r16=000000004000010c,0] R[r12=0000000000000013,0] 
 inst=[00c80813,0] addi    a6, a6, 12
C0:        440 [1] pc=[0040000168,0] W[r 0=000000004000010c,0][1] R[r16=0000000040000118,0] R[r 1=0000000000000013,0] 
 inst=[34181073,0] csrw    mepc, a6
C0:        441 [1] pc=[004000016c,0] W[r30=0000000900000000,0][1] R[r 0=0000000000000000,0] R[r 0=0000000000000000,0] 
 inst=[34002f73,0] csrr    t5, mscratch
C0:        444 [1] pc=[0040000170,0] W[r 0=0000000000f0f0f0,0][1] R[r30=0000000900000000,0] R[r16=0000000000000013,0] 
 inst=[bf0f1073,0] csrw    unknown_bf0, t5
C0:        448 [1] pc=[0040000174,0] W[r 0=0000000000000000,0][0] R[r 0=0000000000000000,0] R[r 2=0000000000000013,0] 
 inst=[30200073,0] mret
C0:        453 [1] pc=[0040000118,0] W[r 5=0000000000001000,0][1] R[r 0=0000000000000000,0] R[r 0=0000000000000000,0] 
 inst=[000012b7,0] lui     t0, 0x1
C0:        454 [1] pc=[004000011c,0] W[r 5=0000000000000f00,0][1] R[r 5=0000000000001000,0] R[r 0=0000000000000000,0] 
 inst=[f002829b,0] addiw   t0, t0, -256
C0:        455 [1] pc=[0040000120,0] W[r 0=0000000000000001,0][0] R[r 6=0000000000000f00,0] R[r 5=0000000000000f00,0] 
 inst=[00530463,0] beq     t1, t0, pc + 8
C0:        459 [1] pc=[0040000128,0] W[r 0=0000000000000001,0][0] R[r 0=0000000000000000,0] R[r28=0000000000000003,0] 
 inst=[01c01c63,0] bne     zero, t3, pc + 24
C0:        463 [1] pc=[0040000140,0] W[r 0=0000000000000004,0][0] R[r 0=0000000000000000,0] R[r31=0000000000000003,0] 
 inst=[0ff0000f,0] fence
C0:        464 [1] pc=[0040000144,0] W[r28=0000000000000001,0][1] R[r 0=0000000000000000,0] R[r 1=0000000000000003,0] 
 inst=[00100e13,0] li      t3, 1
C0:        465 [0] pc=[0040000148,0] W[r 0=0000000000000000,0][0] R[r 0=0000000000000000,0] R[r 0=0000000000000000,0] 
 inst=[00000073,0] ecall
C0:        470 [1] pc=[0040000004,0] W[r30=0000000900000000,0][1] R[r 0=0000000000000000,0] R[r16=0000000000000003,0] 
 inst=[bf002f73,0] csrr    t5, unknown_bf0
C0:        473 [1] pc=[0040000008,0] W[r 0=0000000900000000,0][1] R[r30=0000000900000000,0] R[r 0=0000000000000000,0] 
 inst=[340f1073,0] csrw    mscratch, t5
C0:        474 [1] pc=[004000000c,0] W[r31=00000000000000f0,0][1] R[r 0=0000000000000000,0] R[r16=0000000000000003,0] 
 inst=[0f000f93,0] li      t6, 240
C0:        475 [1] pc=[0040000010,0] W[r30=000000000000f000,0][1] R[r 1=0000000900000003,0] R[r 0=0000000000000000,0] 
 inst=[0000ff37,0] lui     t5, 0xf
C0:        476 [1] pc=[0040000014,0] W[r31=000000000000f0f0,0][1] R[r31=00000000000000f0,0] R[r30=000000000000f000,0] 
 inst=[01efefb3,0] or      t6, t6, t5
C0:        477 [1] pc=[0040000018,0] W[r30=0000000000f00000,0][1] R[r 0=0000000000000000,0] R[r15=0000000000000003,0] 
 inst=[00f00f37,0] lui     t5, 0xf00
C0:        478 [1] pc=[004000001c,0] W[r31=0000000000f0f0f0,0][1] R[r31=000000000000f0f0,0] R[r30=0000000000f00000,0] 
 inst=[01efefb3,0] or      t6, t6, t5
C0:        479 [1] pc=[0040000020,0] W[r 0=0000000900000000,0][1] R[r31=0000000000f0f0f0,0] R[r16=0000000000000003,0] 
 inst=[bf0f9073,0] csrw    unknown_bf0, t6
C0:        483 [1] pc=[0040000024,0] W[r30=0000000000000008,0][1] R[r 0=0000000000000000,0] R[r 2=0000000000000003,0] 
 inst=[34202f73,0] csrr    t5, mcause
C0:        484 [1] pc=[0040000028,0] W[r31=0000000000000008,0][1] R[r 0=0000000000000000,0] R[r 8=0000000000000003,0] 
 inst=[00800f93,0] li      t6, 8
C0:        486 [1] pc=[004000002c,0] W[r 0=0000000000000001,0][0] R[r30=0000000000000008,0] R[r31=0000000000000008,0] 
 inst=[03ff0a63,0] beq     t5, t6, pc + 52
C0:        490 [1] pc=[0040000060,0] W[r30=0000000000004000,0][1] R[r 0=0000000000000000,0] R[r 0=0000000000000000,0] 
 inst=[00004f37,0] lui     t5, 0x4
C0:        491 [1] pc=[0040000064,0] W[r 0=0000000000004000,0][0] R[r30=0000000000004000,0] R[r28=0000000000000001,0] 
 inst=[01cf2023,0] sw      t3, 0(t5)
C0:        492 [1] pc=[0040000068,0] W[r 0=000000004000006c,0][1] R[r31=000000000000000b,0] R[r25=0000000000000003,0] 
 inst=[ff9ff06f,0] j       pc - 0x8
