C0:         17 [1] pc=[0000000000,0] W[r 5=0000000040000000,0][1] R[r 0=0000000000000000,0] R[r 0=0000000000000000,0] 
 inst=[40000297,0] auipc   t0, 0x40000
C0:         18 [1] pc=[0000000004,0] W[r 0=0000000000000008,0][1] R[r 5=0000000040000000,0] R[r 0=0000000000000000,0] 
 inst=[00028067,0] jr      t0
TagXact1: (0) Create 0xbffffe00
TagXact1: (0) Create 0xbffffe40
TagXact1: (0) Create 0xbffffe80
TagXact1: (0) Create 0xbffffec0
TagXact1: (0) Create 0xbfffff00
TagXact1: (0) Create 0xbfffff40
TagXact1: (0) Create 0xbfffff80
TagXact1: (0) Create 0xbfffffc0
C0:        166 [1] pc=[0040000000,0] W[r 0=0000000040000004,0][1] R[r 0=0000000000000000,0] R[r12=822bd126c26244cb,c] 
 inst=[06c0006f,0] j       pc + 0x6c
TagXact1: (0) Read 0xb8000004 miss
TagXact1: (0) Read 0xbffc0000 miss
TagXact1: (0) FetchRead 0xbffffe00 => 0000000000000000
C0:        208 [1] pc=[004000006c,0] W[r10=0000000000000000,0][1] R[r 0=0000000000000000,0] R[r20=822bd126c26244cb,c] 
 inst=[f1402573,0] csrr    a0, mhartid
C0:        211 [1] pc=[0040000070,0] W[r 0=0000000000000000,0][0] R[r10=0000000000000000,0] R[r 0=0000000000000000,0] 
 inst=[00051063,0] bnez    a0, pc + 0
C0:        212 [1] pc=[0040000074,0] W[r10=8000000000041129,0][1] R[r 0=0000000000000000,0] R[r16=822bd126c26244cb,c] 
 inst=[f1002573,0] csrr    a0, unknown_f10
C0:        215 [1] pc=[0040000078,0] W[r 0=0000000000000001,0][0] R[r10=8000000000041129,0] R[r 0=0000000000000000,0] 
 inst=[00054863,0] bltz    a0, pc + 16
TagXact1: (0) Read 0xb8000008 miss
TagXact1: (0) Read 0xbffc0000 miss
TagXact1: (0) FetchRead 0xbffffe00 => 0000000000000000
C0:        251 [1] pc=[0040000088,0] W[r28=0000000000000000,0][1] R[r 0=0000000000000000,0] R[r 0=0000000000000000,0] 
 inst=[00000e13,0] li      t3, 0
C0:        252 [1] pc=[004000008c,0] W[r 5=000000004000008c,0][1] R[r 0=0000000000000000,0] R[r 0=0000000000000000,0] 
 inst=[00000297,0] auipc   t0, 0x0
C0:        253 [1] pc=[0040000090,0] W[r 5=0000000040000004,0][1] R[r 5=000000004000008c,0] R[r24=822bd126c26244cb,c] 
 inst=[f7828293,0] addi    t0, t0, -136
C0:        254 [1] pc=[0040000094,0] W[r 0=0000000000000000,0][1] R[r 5=0000000040000004,0] R[r 5=0000000040000004,0] 
 inst=[30529073,0] csrw    mtvec, t0
C0:        258 [1] pc=[0040000098,0] W[r 5=0000000040000098,0][1] R[r 0=0000000000000000,0] R[r 0=0000000000000000,0] 
 inst=[00000297,0] auipc   t0, 0x0
C0:        259 [1] pc=[004000009c,0] W[r 5=0000000040000400,0][1] R[r 5=0000000040000098,0] R[r 8=822bd126c26244cb,c] 
 inst=[36828293,0] addi    t0, t0, 872
C0:        260 [1] pc=[00400000a0,0] W[r 0=0000000000000000,0][0] R[r 5=0000000040000400,0] R[r 0=0000000000000000,0] 
 inst=[00028e63,0] beqz    t0, pc + 28
C0:        261 [1] pc=[00400000a4,0] W[r 0=00000023f3634136,0][1] R[r 5=0000000040000400,0] R[r 5=0000000040000400,0] 
 inst=[10529073,0] csrw    stvec, t0
C0:        265 [1] pc=[00400000a8,0] W[r 5=0000000000010000,0][1] R[r 2=800000000004112b,0] R[r 0=0000000000000000,0] 
 inst=[000102b7,0] lui     t0, 0x10
C0:        266 [1] pc=[00400000ac,0] W[r 5=00000000000101ab,0][1] R[r 5=0000000000010000,0] R[r11=822bd126c26244cb,c] 
 inst=[1ab2829b,0] addiw   t0, t0, 427
C0:        267 [1] pc=[00400000b0,0] W[r 0=0000000000000000,0][1] R[r 5=00000000000101ab,0] R[r 2=822bd126c26244cb,c] 
 inst=[30229073,0] csrw    medeleg, t0
C0:        273 [1] pc=[00400000b4,0] W[r 6=00000000000101ab,0][1] R[r 0=0000000000000000,0] R[r 2=822bd126c26244cb,c] 
 inst=[30202373,0] csrr    t1, medeleg
C0:        276 [1] pc=[00400000b8,0] W[r 0=0000000000000000,0][0] R[r 5=00000000000101ab,0] R[r 6=00000000000101ab,0] 
 inst=[fa6292e3,0] bne     t0, t1, pc - 92
C0:        277 [1] pc=[00400000bc,0] W[r 0=0000000000001800,0][1] R[r 0=0000000000000000,0] R[r 0=0000000000000000,0] 
 inst=[30005073,0] csrwi   mstatus, 0
TagXact1: (0) Read 0xb800000c miss
TagXact1: (0) Read 0xbffc0000 miss
TagXact1: (0) FetchRead 0xbffffe00 => 0000000000000000
C0:        313 [1] pc=[00400000c0,0] W[r10=0000000000001000,0][1] R[r 0=0000000000000000,0] R[r 0=0000000000000000,0] 
 inst=[00001537,0] lui     a0, 0x1
C0:        314 [1] pc=[00400000c4,0] W[r10=0000000000000800,0][1] R[r10=0000000000001000,0] R[r 0=0000000000000000,0] 
 inst=[8005051b,0] addiw   a0, a0, -2048
C0:        315 [1] pc=[00400000c8,0] W[r 0=0000000000000000,0][1] R[r10=0000000000000800,0] R[r 0=0000000000000000,0] 
 inst=[30052073,0] csrs    mstatus, a0
C0:        319 [1] pc=[00400000cc,0] W[r 5=00000000400000cc,0][1] R[r 0=0000000000000000,0] R[r 0=0000000000000000,0] 
 inst=[00000297,0] auipc   t0, 0x0
C0:        320 [1] pc=[00400000d0,0] W[r 5=00000000400000e0,0][1] R[r 5=00000000400000cc,0] R[r20=00000000000101ab,0] 
 inst=[01428293,0] addi    t0, t0, 20
C0:        321 [1] pc=[00400000d4,0] W[r 0=000000401c937d84,0][1] R[r 5=00000000400000e0,0] R[r 1=00000000000101ab,0] 
 inst=[34129073,0] csrw    mepc, t0
C0:        322 [1] pc=[00400000d8,0] W[r10=0000000000000000,0][1] R[r 0=0000000000000000,0] R[r20=00000000000101ab,0] 
 inst=[f1402573,0] csrr    a0, mhartid
C0:        323 [1] pc=[00400000dc,0] W[r 0=00000000000101ab,0][0] R[r 0=0000000000000000,0] R[r 2=00000000000101ab,0] 
 inst=[30200073,0] mret
C0:        328 [1] pc=[00400000e0,0] W[r 5=0000000000000100,0][1] R[r 0=0000000000000000,0] R[r 0=0000000000000000,0] 
 inst=[10000293,0] li      t0, 256
C0:        329 [1] pc=[00400000e4,0] W[r 0=0000000000000000,0][1] R[r 5=0000000000000100,0] R[r 0=0000000000000000,0] 
 inst=[1002b073,0] csrc    sstatus, t0
C0:        333 [1] pc=[00400000e8,0] W[r 5=00000000400000e8,0][1] R[r 0=0000000000000000,0] R[r 0=0000000000000000,0] 
 inst=[00000297,0] auipc   t0, 0x0
C0:        334 [1] pc=[00400000ec,0] W[r 5=00000000400000f8,0][1] R[r 5=00000000400000e8,0] R[r16=00000000000101ab,0] 
 inst=[01028293,0] addi    t0, t0, 16
C0:        335 [1] pc=[00400000f0,0] W[r 0=00000028e5dbad3b,0][1] R[r 5=00000000400000f8,0] R[r 1=00000000000101ab,0] 
 inst=[14129073,0] csrw    sepc, t0
C0:        336 [1] pc=[00400000f4,0] W[r 0=0000000000000000,0][0] R[r 0=0000000000000000,0] R[r 2=00000000000101ab,0] 
 inst=[10200073,0] sret
C0:        341 [1] pc=[00400000f8,0] W[r28=0000000000000002,0][1] R[r 0=0000000000000000,0] R[r 2=00000000000101ab,0] 
 inst=[00200e13,0] li      t3, 2
C0:        342 [1] pc=[00400000fc,0] W[r 1=0000000000000001,0][1] R[r 0=0000000000000000,0] R[r 1=00000000000101ab,0] 
 inst=[00100093,0] li      ra, 1
TagXact1: (0) Read 0xb8000010 miss
TagXact1: (0) Read 0xbffc0000 miss
TagXact1: (0) FetchRead 0xbffffe00 => 0000000000000000
C0:        377 [1] pc=[0040000100,0] W[r 0=0000000000000001,0][0] R[r 1=0000000000000001,0] R[r 0=0000000000000000,0] 
 inst=[00009463,0] bnez    ra, pc + 8
C0:        381 [1] pc=[0040000108,0] W[r 3=0000000010000000,0][1] R[r 1=0000000000000001,0] R[r28=00000000000101ab,0] 
 inst=[01c09193,0] slli    gp, ra, 28
C0:        382 [1] pc=[004000010c,0] W[r 2=0000000000f00000,0][1] R[r 0=0000000000000000,0] R[r15=00000000000101ab,0] 
 inst=[00f00137,0] lui     sp, 0xf00
C0:        383 [1] pc=[0040000110,0] W[r 3=0000000010f00000,0][1] R[r 3=0000000010000000,0] R[r 2=0000000000f00000,0] 
 inst=[0021e1b3,0] or      gp, gp, sp
C0:        384 [1] pc=[0040000114,0] W[r 2=000000000000f000,0][1] R[r 1=0000000000000003,0] R[r 0=0000000000000000,0] 
 inst=[0000f137,0] lui     sp, 0xf
C0:        385 [1] pc=[0040000118,0] W[r 3=0000000010f0f000,0][1] R[r 3=0000000010f00000,0] R[r 2=000000000000f000,0] 
 inst=[0021e1b3,0] or      gp, gp, sp
C0:        386 [1] pc=[004000011c,0] W[r 0=0000000000000000,0][1] R[r 3=0000000010f0f000,0] R[r16=00000000000101ab,0] 
 inst=[8f019073,0] csrw    unknown_8f0, gp
C0:        390 [1] pc=[0040000120,0] W[r28=0000000000000003,0][1] R[r 0=0000000000000000,0] R[r 3=00000000000101ab,0] 
 inst=[00300e13,0] li      t3, 3
C0:        391 [1] pc=[0040000124,0] W[r10=0000000040000124,0][1] R[r 0=0000000000000000,0] R[r 0=0000000000000000,0] 
 inst=[00000517,0] auipc   a0, 0x0
C0:        392 [1] pc=[0040000128,0] W[r10=0000000040000180,0][1] R[r10=0000000040000124,0] R[r28=0000000000000003,0] 
 inst=[05c50513,0] addi    a0, a0, 92
C0:        393 [1] pc=[004000012c,0] W[r 0=0000000040000180,0][0] R[r10=0000000040000180,0] R[r 0=0000000000000000,0] 
 inst=[00052483,0] lw      s1, 0(a0)
TagXact1: (0) Read 0xb8000018 miss
TagXact1: (0) Read 0xbffc0000 miss
TagXact1: (0) FetchRead 0xbffffe00 => 0000000000000000
C0:        435 [1] pc=[0040000130,0] W[r 9=0000000000400e13,1][1] R[r 1=0000000000000001,0] R[r 0=0000000000000000,0] 
 inst=[000094d7,0] unknown
C0:        436 [1] pc=[0040000134,0] W[r 0=0000000040000180,0][0] R[r10=0000000040000180,0] R[r 9=0000000000400e13,1] 
 inst=[00952023,0] sw      s1, 0(a0)
C0:        444 [1] pc=[0040000138,0] W[r 0=0000000000000004,0][0] R[r 0=0000000000000000,0] R[r 0=0000000000000000,0] 
 inst=[0000100f,0] fence.i
TagXact1: (0) Read 0xb8000014 miss
TagXact1: (0) Read 0xbffc0000 miss
TagXact1: (0) FetchRead 0xbffffe00 => 0000000000000000
C0:        498 [1] pc=[004000013c,0] W[r 0=0000000000000001,0][0] R[r 1=0000000000000001,0] R[r 0=0000000000000000,0] 
 inst=[04009263,0] bnez    ra, pc + 68
C0:        570 [1] pc=[0040000180,1] W[r28=0000000000000004,0][1] R[r 0=0000000000000000,0] R[r 4=00000000000101ab,0] 
 inst=[00400e13,1] li      t3, 4
C0:        571 [1] pc=[0040000184,0] W[r10=0000000040000184,0][1] R[r 0=0000000000000000,0] R[r 0=0000000000000000,0] 
 inst=[00000517,0] auipc   a0, 0x0
C0:        572 [1] pc=[0040000188,0] W[r10=00000000400001c8,0][1] R[r10=0000000040000184,0] R[r 4=00000000000101ab,0] 
 inst=[04450513,0] addi    a0, a0, 68
C0:        573 [1] pc=[004000018c,0] W[r 0=00000000400001c8,0][0] R[r10=00000000400001c8,0] R[r 0=0000000000000000,0] 
 inst=[00052483,0] lw      s1, 0(a0)
TagXact1: (0) Read 0xb800001c miss
TagXact1: (0) Read 0xbffc0000 miss
TagXact1: (0) FetchRead 0xbffffe00 => 0000000000000000
C0:        615 [1] pc=[0040000190,0] W[r 9=0000000000500e13,1][1] R[r 1=0000000000000001,0] R[r 0=0000000000000000,0] 
 inst=[000094d7,0] unknown
C0:        616 [1] pc=[0040000194,0] W[r 0=00000000400001c8,0][0] R[r10=00000000400001c8,0] R[r 9=0000000000500e13,1] 
 inst=[00952023,0] sw      s1, 0(a0)
C0:        624 [1] pc=[0040000198,0] W[r 0=0000000000000004,0][0] R[r 0=0000000000000000,0] R[r 0=0000000000000000,0] 
 inst=[0000100f,0] fence.i
C0:        682 [1] pc=[004000019c,0] W[r 0=0000000000000000,0][1] R[r 0=0000000000000000,0] R[r 0=0000000000000000,0] 
 inst=[00000013,0] nop
C0:        683 [1] pc=[00400001a0,0] W[r 0=0000000000000000,0][1] R[r 0=0000000000000000,0] R[r 0=0000000000000000,0] 
 inst=[00000013,0] nop
C0:        684 [1] pc=[00400001a4,0] W[r 0=0000000000000000,0][1] R[r 0=0000000000000000,0] R[r 0=0000000000000000,0] 
 inst=[00000013,0] nop
C0:        685 [1] pc=[00400001a8,0] W[r 0=0000000000000000,0][1] R[r 0=0000000000000000,0] R[r 0=0000000000000000,0] 
 inst=[00000013,0] nop
C0:        686 [1] pc=[00400001ac,0] W[r 0=0000000000000000,0][1] R[r 0=0000000000000000,0] R[r 0=0000000000000000,0] 
 inst=[00000013,0] nop
C0:        687 [1] pc=[00400001b0,0] W[r 0=0000000000000000,0][1] R[r 0=0000000000000000,0] R[r 0=0000000000000000,0] 
 inst=[00000013,0] nop
C0:        688 [1] pc=[00400001b4,0] W[r 0=0000000000000000,0][1] R[r 0=0000000000000000,0] R[r 0=0000000000000000,0] 
 inst=[00000013,0] nop
C0:        689 [1] pc=[00400001b8,0] W[r 0=0000000000000000,0][1] R[r 0=0000000000000000,0] R[r 0=0000000000000000,0] 
 inst=[00000013,0] nop
C0:        690 [1] pc=[00400001bc,0] W[r 0=0000000000000000,0][1] R[r 0=0000000000000000,0] R[r 0=0000000000000000,0] 
 inst=[00000013,0] nop
C0:        745 [1] pc=[00400001c0,0] W[r 0=0000000000000001,0][0] R[r 1=0000000000000001,0] R[r 0=0000000000000000,0] 
 inst=[00009463,0] bnez    ra, pc + 8
C0:        749 [1] pc=[00400001c8,1] W[r28=0000000000000005,0][1] R[r 0=0000000000000000,0] R[r 5=00000000000101ab,0] 
 inst=[00500e13,1] li      t3, 5
C0:        750 [1] pc=[00400001cc,0] W[r 0=0000000000000001,0][0] R[r 1=0000000000000001,0] R[r 0=0000000000000000,0] 
 inst=[02009a63,0] bnez    ra, pc + 52
TagXact1: (0) Read 0xb8000020 miss
TagXact1: (0) Read 0xbffc0000 miss
TagXact1: (0) FetchRead 0xbffffe00 => 0000000000000000
C0:        788 [0] pc=[0040000200,1] W[r 0=0000000040000204,0][0] R[r 0=0000000000000000,0] R[r 0=0000000000000000,0] 
 inst=[1e00006f,0] j       pc + 0x1e0
TagXact1: (0) Read 0xb8000040 miss
TagXact1: (0) Read 0xbffc0000 miss
TagXact1: (0) FetchRead 0xbffffe00 => 0000000000000000
C0:        829 [1] pc=[0040000400,0] W[r30=0000000010f0f000,0][1] R[r 0=0000000000000000,0] R[r16=00000000000101ab,0] 
 inst=[9f002f73,0] csrr    t5, unknown_9f0
C0:        832 [1] pc=[0040000404,0] W[r 0=400b30028e6b2b48,0][1] R[r30=0000000010f0f000,0] R[r 0=0000000000000000,0] 
 inst=[140f1073,0] csrw    sscratch, t5
C0:        833 [1] pc=[0040000408,0] W[r31=00000000000000f0,0][1] R[r 0=0000000000000000,0] R[r16=00000000000101ab,0] 
 inst=[0f000f93,0] li      t6, 240
C0:        834 [1] pc=[004000040c,0] W[r30=000000000000f000,0][1] R[r 1=0000000010f0f003,0] R[r 0=0000000000000000,0] 
 inst=[0000ff37,0] lui     t5, 0xf
C0:        835 [1] pc=[0040000410,0] W[r31=000000000000f0f0,0][1] R[r31=00000000000000f0,0] R[r30=000000000000f000,0] 
 inst=[01efefb3,0] or      t6, t6, t5
C0:        836 [1] pc=[0040000414,0] W[r30=0000000000f00000,0][1] R[r 0=0000000000000000,0] R[r15=00000000000101ab,0] 
 inst=[00f00f37,0] lui     t5, 0xf00
C0:        837 [1] pc=[0040000418,0] W[r31=0000000000f0f0f0,0][1] R[r31=000000000000f0f0,0] R[r30=0000000000f00000,0] 
 inst=[01efefb3,0] or      t6, t6, t5
C0:        838 [1] pc=[004000041c,0] W[r 0=0000000010f0f000,0][1] R[r31=0000000000f0f0f0,0] R[r16=00000000000101ab,0] 
 inst=[9f0f9073,0] csrw    unknown_9f0, t6
C0:        842 [1] pc=[0040000420,0] W[r17=0000000000000010,0][1] R[r 0=0000000000000000,0] R[r 2=00000000000101ab,0] 
 inst=[142028f3,0] csrr    a7, scause
C0:        843 [1] pc=[0040000424,0] W[r16=0000000000000008,0][1] R[r 0=0000000000000000,0] R[r 8=00000000000101ab,0] 
 inst=[00800813,0] li      a6, 8
C0:        845 [1] pc=[0040000428,0] W[r 0=0000000000000001,0][0] R[r16=0000000000000008,0] R[r17=0000000000000010,0] 
 inst=[01181463,0] bne     a6, a7, pc + 8
C0:        849 [1] pc=[0040000430,0] W[r16=0000000000000005,0][1] R[r 0=0000000000000000,0] R[r 5=0000000000000013,0] 
 inst=[00500813,0] li      a6, 5
C0:        850 [1] pc=[0040000434,0] W[r 0=0000000000000001,0][0] R[r28=0000000000000005,0] R[r16=0000000000000005,0] 
 inst=[030e0063,0] beq     t3, a6, pc + 32
TagXact1: (0) Read 0xb8000044 miss
TagXact1: (0) Read 0xbffc0000 miss
TagXact1: (0) FetchRead 0xbffffe00 => 0000000000000000
C0:        888 [1] pc=[0040000454,0] W[r16=0000000000000010,0][1] R[r 0=0000000000000000,0] R[r16=0000000000000013,0] 
 inst=[01000813,0] li      a6, 16
C0:        889 [1] pc=[0040000458,0] W[r 0=0000000000000000,0][0] R[r16=0000000000000010,0] R[r17=0000000000000010,0] 
 inst=[f91814e3,0] bne     a6, a7, pc - 120
C0:        890 [1] pc=[004000045c,0] W[r16=0000000040000200,0][1] R[r 0=0000000000000000,0] R[r 1=0000000000000013,0] 
 inst=[14102873,0] csrr    a6, sepc
C0:        893 [1] pc=[0040000460,0] W[r17=0000000000000000,0][1] R[r16=0000000040000200,0] R[r 0=0000000000000000,0] 
 inst=[000808d7,0] unknown
C0:        894 [1] pc=[0040000464,0] W[r 0=0000000000000000,0][0] R[r17=0000000000000000,0] R[r 0=0000000000000000,0] 
 inst=[f6089ee3,0] bnez    a7, pc - 132
C0:        895 [1] pc=[0040000468,0] W[r16=0000000040000204,0][1] R[r16=0000000040000200,0] R[r 4=0000000000000013,0] 
 inst=[00480813,0] addi    a6, a6, 4
C0:        896 [1] pc=[004000046c,0] W[r 0=0000000040000200,0][1] R[r16=0000000040000204,0] R[r 1=0000000000000013,0] 
 inst=[14181073,0] csrw    sepc, a6
C0:        897 [1] pc=[0040000470,0] W[r30=0000000010f0f000,0][1] R[r 0=0000000000000000,0] R[r 0=0000000000000000,0] 
 inst=[14002f73,0] csrr    t5, sscratch
C0:        900 [1] pc=[0040000474,0] W[r 0=0000000000f0f0f0,0][1] R[r30=0000000010f0f000,0] R[r16=0000000000000013,0] 
 inst=[9f0f1073,0] csrw    unknown_9f0, t5
C0:        904 [1] pc=[0040000478,0] W[r 0=0000000000000000,0][0] R[r 0=0000000000000000,0] R[r 2=0000000000000013,0] 
 inst=[10200073,0] sret
TagXact1: (0) Read 0xb8000048 miss
TagXact1: (0) Read 0xbffc0000 miss
TagXact1: (0) FetchRead 0xbffffe00 => 0000000000000000
C0:        941 [1] pc=[0040000204,0] W[r28=0000000000000006,0][1] R[r 0=0000000000000000,0] R[r 6=0000000000000013,0] 
 inst=[00600e13,0] li      t3, 6
C0:        942 [1] pc=[0040000208,0] W[r 0=0000000000000000,0][1] R[r 0=0000000000000000,0] R[r 0=0000000000000000,0] 
 inst=[00000013,0] nop
C0:        943 [1] pc=[004000020c,0] W[r 0=0000000000000000,0][1] R[r 0=0000000000000000,0] R[r 0=0000000000000000,0] 
 inst=[00000013,0] nop
C0:        944 [1] pc=[0040000210,0] W[r 0=0000000000000000,0][1] R[r 0=0000000000000000,0] R[r 0=0000000000000000,0] 
 inst=[00000013,0] nop
C0:        945 [1] pc=[0040000214,0] W[r 0=0000000000000000,0][1] R[r 0=0000000000000000,0] R[r 0=0000000000000000,0] 
 inst=[00000013,0] nop
C0:        946 [1] pc=[0040000218,0] W[r 0=0000000000000000,0][1] R[r 0=0000000000000000,0] R[r 0=0000000000000000,0] 
 inst=[00000013,0] nop
C0:        947 [1] pc=[004000021c,0] W[r 0=0000000000000000,0][1] R[r 0=0000000000000000,0] R[r 0=0000000000000000,0] 
 inst=[00000013,0] nop
C0:        948 [1] pc=[0040000220,0] W[r 0=0000000000000000,0][1] R[r 0=0000000000000000,0] R[r 0=0000000000000000,0] 
 inst=[00000013,0] nop
C0:        949 [1] pc=[0040000224,0] W[r 0=0000000000000000,0][1] R[r 0=0000000000000000,0] R[r 0=0000000000000000,0] 
 inst=[00000013,0] nop
C0:        950 [1] pc=[0040000228,0] W[r 0=0000000000000000,0][1] R[r 0=0000000000000000,0] R[r 0=0000000000000000,0] 
 inst=[00000013,0] nop
C0:        951 [1] pc=[004000022c,0] W[r 0=0000000000000000,0][1] R[r 0=0000000000000000,0] R[r 0=0000000000000000,0] 
 inst=[00000013,0] nop
C0:        952 [1] pc=[0040000230,0] W[r 0=0000000000000000,0][1] R[r 0=0000000000000000,0] R[r 0=0000000000000000,0] 
 inst=[00000013,0] nop
C0:        953 [1] pc=[0040000234,0] W[r 0=0000000000000000,0][1] R[r 0=0000000000000000,0] R[r 0=0000000000000000,0] 
 inst=[00000013,0] nop
C0:        954 [1] pc=[0040000238,0] W[r 0=0000000000000000,0][1] R[r 0=0000000000000000,0] R[r 0=0000000000000000,0] 
 inst=[00000013,0] nop
C0:        955 [1] pc=[004000023c,0] W[r 0=0000000000000000,0][1] R[r 0=0000000000000000,0] R[r 0=0000000000000000,0] 
 inst=[00000013,0] nop
TagXact1: (0) Read 0xb8000024 miss
TagXact1: (0) Read 0xbffc0000 miss
TagXact1: (0) FetchRead 0xbffffe00 => 0000000000000000
C0:        990 [1] pc=[0040000240,0] W[r 0=0000000000000001,0][0] R[r 1=0000000000000001,0] R[r 0=0000000000000000,0] 
 inst=[00009463,0] bnez    ra, pc + 8
C0:        994 [0] pc=[0040000248,1] W[r 0=000000004000024c,0][0] R[r 0=0000000000000000,0] R[r24=0000000000000013,0] 
 inst=[1980006f,0] j       pc + 0x198
C0:        999 [1] pc=[0040000400,0] W[r30=0000000010f0f000,0][1] R[r 0=0000000000000000,0] R[r16=0000000000000013,0] 
 inst=[9f002f73,0] csrr    t5, unknown_9f0
C0:       1002 [1] pc=[0040000404,0] W[r 0=0000000010f0f000,0][1] R[r30=0000000010f0f000,0] R[r 0=0000000000000000,0] 
 inst=[140f1073,0] csrw    sscratch, t5
C0:       1003 [1] pc=[0040000408,0] W[r31=00000000000000f0,0][1] R[r 0=0000000000000000,0] R[r16=0000000000000013,0] 
 inst=[0f000f93,0] li      t6, 240
C0:       1004 [1] pc=[004000040c,0] W[r30=000000000000f000,0][1] R[r 1=0000000010f0f003,0] R[r 0=0000000000000000,0] 
 inst=[0000ff37,0] lui     t5, 0xf
C0:       1005 [1] pc=[0040000410,0] W[r31=000000000000f0f0,0][1] R[r31=00000000000000f0,0] R[r30=000000000000f000,0] 
 inst=[01efefb3,0] or      t6, t6, t5
C0:       1006 [1] pc=[0040000414,0] W[r30=0000000000f00000,0][1] R[r 0=0000000000000000,0] R[r15=0000000000000013,0] 
 inst=[00f00f37,0] lui     t5, 0xf00
C0:       1007 [1] pc=[0040000418,0] W[r31=0000000000f0f0f0,0][1] R[r31=000000000000f0f0,0] R[r30=0000000000f00000,0] 
 inst=[01efefb3,0] or      t6, t6, t5
C0:       1008 [1] pc=[004000041c,0] W[r 0=0000000010f0f000,0][1] R[r31=0000000000f0f0f0,0] R[r16=0000000000000013,0] 
 inst=[9f0f9073,0] csrw    unknown_9f0, t6
C0:       1012 [1] pc=[0040000420,0] W[r17=0000000000000010,0][1] R[r 0=0000000000000000,0] R[r 2=0000000000000013,0] 
 inst=[142028f3,0] csrr    a7, scause
C0:       1013 [1] pc=[0040000424,0] W[r16=0000000000000008,0][1] R[r 0=0000000000000000,0] R[r 8=0000000000000013,0] 
 inst=[00800813,0] li      a6, 8
C0:       1015 [1] pc=[0040000428,0] W[r 0=0000000000000001,0][0] R[r16=0000000000000008,0] R[r17=0000000000000010,0] 
 inst=[01181463,0] bne     a6, a7, pc + 8
C0:       1019 [1] pc=[0040000430,0] W[r16=0000000000000005,0][1] R[r 0=0000000000000000,0] R[r 5=0000000000000013,0] 
 inst=[00500813,0] li      a6, 5
C0:       1020 [1] pc=[0040000434,0] W[r 0=0000000000000000,0][0] R[r28=0000000000000006,0] R[r16=0000000000000005,0] 
 inst=[030e0063,0] beq     t3, a6, pc + 32
C0:       1024 [1] pc=[0040000438,0] W[r16=0000000000000006,0][1] R[r 0=0000000000000000,0] R[r 6=0000000000000013,0] 
 inst=[00600813,0] li      a6, 6
C0:       1025 [1] pc=[004000043c,0] W[r 0=0000000000000001,0][0] R[r28=0000000000000006,0] R[r16=0000000000000006,0] 
 inst=[010e0c63,0] beq     t3, a6, pc + 24
C0:       1029 [1] pc=[0040000454,0] W[r16=0000000000000010,0][1] R[r 0=0000000000000000,0] R[r16=0000000000000013,0] 
 inst=[01000813,0] li      a6, 16
C0:       1030 [1] pc=[0040000458,0] W[r 0=0000000000000000,0][0] R[r16=0000000000000010,0] R[r17=0000000000000010,0] 
 inst=[f91814e3,0] bne     a6, a7, pc - 120
C0:       1031 [1] pc=[004000045c,0] W[r16=0000000040000248,0][1] R[r 0=0000000000000000,0] R[r 1=0000000000000013,0] 
 inst=[14102873,0] csrr    a6, sepc
C0:       1034 [1] pc=[0040000460,0] W[r17=0000000000000000,0][1] R[r16=0000000040000248,0] R[r 0=0000000000000000,0] 
 inst=[000808d7,0] unknown
C0:       1035 [1] pc=[0040000464,0] W[r 0=0000000000000000,0][0] R[r17=0000000000000000,0] R[r 0=0000000000000000,0] 
 inst=[f6089ee3,0] bnez    a7, pc - 132
C0:       1036 [1] pc=[0040000468,0] W[r16=000000004000024c,0][1] R[r16=0000000040000248,0] R[r 4=0000000000000013,0] 
 inst=[00480813,0] addi    a6, a6, 4
C0:       1037 [1] pc=[004000046c,0] W[r 0=0000000040000248,0][1] R[r16=000000004000024c,0] R[r 1=0000000000000013,0] 
 inst=[14181073,0] csrw    sepc, a6
C0:       1038 [1] pc=[0040000470,0] W[r30=0000000010f0f000,0][1] R[r 0=0000000000000000,0] R[r 0=0000000000000000,0] 
 inst=[14002f73,0] csrr    t5, sscratch
C0:       1041 [1] pc=[0040000474,0] W[r 0=0000000000f0f0f0,0][1] R[r30=0000000010f0f000,0] R[r16=0000000000000013,0] 
 inst=[9f0f1073,0] csrw    unknown_9f0, t5
C0:       1045 [1] pc=[0040000478,0] W[r 0=0000000000000000,0][0] R[r 0=0000000000000000,0] R[r 2=0000000000000013,0] 
 inst=[10200073,0] sret
C0:       1050 [1] pc=[004000024c,0] W[r28=0000000000000007,0][1] R[r 0=0000000000000000,0] R[r 7=0000000000000013,0] 
 inst=[00700e13,0] li      t3, 7
C0:       1051 [1] pc=[0040000250,0] W[r10=0000000040000250,0][1] R[r 0=0000000000000000,0] R[r 0=0000000000000000,0] 
 inst=[00000517,0] auipc   a0, 0x0
C0:       1052 [1] pc=[0040000254,0] W[r10=0000000040000270,0][1] R[r10=0000000040000250,0] R[r 0=0000000000000000,0] 
 inst=[02050513,0] addi    a0, a0, 32
C0:       1053 [1] pc=[0040000258,0] W[r 0=0000000040000270,0][0] R[r10=0000000040000270,0] R[r 0=0000000000000000,0] 
 inst=[00052483,0] lw      s1, 0(a0)
C0:       1077 [1] pc=[004000025c,0] W[r 9=fffffffffff10113,1][1] R[r 1=0000000000000001,0] R[r 0=0000000000000000,0] 
 inst=[000094d7,0] unknown
C0:       1078 [1] pc=[0040000260,0] W[r 0=0000000040000270,0][0] R[r10=0000000040000270,0] R[r 9=fffffffffff10113,1] 
 inst=[00952023,0] sw      s1, 0(a0)
C0:       1079 [1] pc=[0040000264,0] W[r 2=0000000000000010,0][1] R[r 0=0000000000000000,0] R[r16=0000000000000013,0] 
 inst=[01000113,0] li      sp, 16
C0:       1086 [1] pc=[0040000268,0] W[r 0=0000000000000004,0][0] R[r 0=0000000000000000,0] R[r 0=0000000000000000,0] 
 inst=[0000100f,0] fence.i
C0:       1144 [1] pc=[004000026c,0] W[r 0=0000000000000000,0][1] R[r 0=0000000000000000,0] R[r 0=0000000000000000,0] 
 inst=[00000013,0] nop
C0:       1145 [1] pc=[0040000270,0] W[r 2=000000000000000f,0][1] R[r 2=0000000000000010,0] R[r31=0000000000000013,0] 
 inst=[fff10113,1] addi    sp, sp, -1
C0:       1146 [1] pc=[0040000274,0] W[r 0=0000000000000001,0][0] R[r 2=000000000000000f,0] R[r 0=0000000000000000,0] 
 inst=[fe011ee3,0] bnez    sp, pc - 4
C0:       1150 [1] pc=[0040000270,1] W[r 2=000000000000000e,0][1] R[r 2=000000000000000f,0] R[r31=0000000000000013,0] 
 inst=[fff10113,1] addi    sp, sp, -1
C0:       1151 [1] pc=[0040000274,0] W[r 0=0000000000000001,0][0] R[r 2=000000000000000e,0] R[r 0=0000000000000000,0] 
 inst=[fe011ee3,0] bnez    sp, pc - 4
C0:       1155 [1] pc=[0040000270,1] W[r 2=000000000000000d,0][1] R[r 2=000000000000000e,0] R[r31=0000000000000013,0] 
 inst=[fff10113,1] addi    sp, sp, -1
C0:       1156 [1] pc=[0040000274,0] W[r 0=0000000000000001,0][0] R[r 2=000000000000000d,0] R[r 0=0000000000000000,0] 
 inst=[fe011ee3,0] bnez    sp, pc - 4
C0:       1157 [1] pc=[0040000270,1] W[r 2=000000000000000c,0][1] R[r 2=000000000000000d,0] R[r31=0000000000000013,0] 
 inst=[fff10113,1] addi    sp, sp, -1
C0:       1158 [1] pc=[0040000274,0] W[r 0=0000000000000001,0][0] R[r 2=000000000000000c,0] R[r 0=0000000000000000,0] 
 inst=[fe011ee3,0] bnez    sp, pc - 4
C0:       1159 [1] pc=[0040000270,1] W[r 2=000000000000000b,0][1] R[r 2=000000000000000c,0] R[r31=0000000000000013,0] 
 inst=[fff10113,1] addi    sp, sp, -1
C0:       1160 [1] pc=[0040000274,0] W[r 0=0000000000000001,0][0] R[r 2=000000000000000b,0] R[r 0=0000000000000000,0] 
 inst=[fe011ee3,0] bnez    sp, pc - 4
C0:       1161 [1] pc=[0040000270,1] W[r 2=000000000000000a,0][1] R[r 2=000000000000000b,0] R[r31=0000000000000013,0] 
 inst=[fff10113,1] addi    sp, sp, -1
C0:       1162 [1] pc=[0040000274,0] W[r 0=0000000000000001,0][0] R[r 2=000000000000000a,0] R[r 0=0000000000000000,0] 
 inst=[fe011ee3,0] bnez    sp, pc - 4
C0:       1166 [1] pc=[0040000270,1] W[r 2=0000000000000009,0][1] R[r 2=000000000000000a,0] R[r31=0000000000000013,0] 
 inst=[fff10113,1] addi    sp, sp, -1
C0:       1167 [1] pc=[0040000274,0] W[r 0=0000000000000001,0][0] R[r 2=0000000000000009,0] R[r 0=0000000000000000,0] 
 inst=[fe011ee3,0] bnez    sp, pc - 4
C0:       1171 [1] pc=[0040000270,1] W[r 2=0000000000000008,0][1] R[r 2=0000000000000009,0] R[r31=0000000000000013,0] 
 inst=[fff10113,1] addi    sp, sp, -1
C0:       1172 [1] pc=[0040000274,0] W[r 0=0000000000000001,0][0] R[r 2=0000000000000008,0] R[r 0=0000000000000000,0] 
 inst=[fe011ee3,0] bnez    sp, pc - 4
C0:       1176 [1] pc=[0040000270,1] W[r 2=0000000000000007,0][1] R[r 2=0000000000000008,0] R[r31=0000000000000013,0] 
 inst=[fff10113,1] addi    sp, sp, -1
C0:       1177 [1] pc=[0040000274,0] W[r 0=0000000000000001,0][0] R[r 2=0000000000000007,0] R[r 0=0000000000000000,0] 
 inst=[fe011ee3,0] bnez    sp, pc - 4
C0:       1178 [1] pc=[0040000270,1] W[r 2=0000000000000006,0][1] R[r 2=0000000000000007,0] R[r31=0000000000000013,0] 
 inst=[fff10113,1] addi    sp, sp, -1
C0:       1179 [1] pc=[0040000274,0] W[r 0=0000000000000001,0][0] R[r 2=0000000000000006,0] R[r 0=0000000000000000,0] 
 inst=[fe011ee3,0] bnez    sp, pc - 4
C0:       1180 [1] pc=[0040000270,1] W[r 2=0000000000000005,0][1] R[r 2=0000000000000006,0] R[r31=0000000000000013,0] 
 inst=[fff10113,1] addi    sp, sp, -1
C0:       1181 [1] pc=[0040000274,0] W[r 0=0000000000000001,0][0] R[r 2=0000000000000005,0] R[r 0=0000000000000000,0] 
 inst=[fe011ee3,0] bnez    sp, pc - 4
C0:       1182 [1] pc=[0040000270,1] W[r 2=0000000000000004,0][1] R[r 2=0000000000000005,0] R[r31=0000000000000013,0] 
 inst=[fff10113,1] addi    sp, sp, -1
C0:       1183 [1] pc=[0040000274,0] W[r 0=0000000000000001,0][0] R[r 2=0000000000000004,0] R[r 0=0000000000000000,0] 
 inst=[fe011ee3,0] bnez    sp, pc - 4
C0:       1184 [1] pc=[0040000270,1] W[r 2=0000000000000003,0][1] R[r 2=0000000000000004,0] R[r31=0000000000000013,0] 
 inst=[fff10113,1] addi    sp, sp, -1
C0:       1185 [1] pc=[0040000274,0] W[r 0=0000000000000001,0][0] R[r 2=0000000000000003,0] R[r 0=0000000000000000,0] 
 inst=[fe011ee3,0] bnez    sp, pc - 4
C0:       1186 [1] pc=[0040000270,1] W[r 2=0000000000000002,0][1] R[r 2=0000000000000003,0] R[r31=0000000000000013,0] 
 inst=[fff10113,1] addi    sp, sp, -1
C0:       1187 [1] pc=[0040000274,0] W[r 0=0000000000000001,0][0] R[r 2=0000000000000002,0] R[r 0=0000000000000000,0] 
 inst=[fe011ee3,0] bnez    sp, pc - 4
C0:       1188 [1] pc=[0040000270,1] W[r 2=0000000000000001,0][1] R[r 2=0000000000000002,0] R[r31=0000000000000013,0] 
 inst=[fff10113,1] addi    sp, sp, -1
C0:       1189 [1] pc=[0040000274,0] W[r 0=0000000000000001,0][0] R[r 2=0000000000000001,0] R[r 0=0000000000000000,0] 
 inst=[fe011ee3,0] bnez    sp, pc - 4
C0:       1190 [1] pc=[0040000270,1] W[r 2=0000000000000000,0][1] R[r 2=0000000000000001,0] R[r31=0000000000000013,0] 
 inst=[fff10113,1] addi    sp, sp, -1
C0:       1191 [1] pc=[0040000274,0] W[r 0=0000000000000000,0][0] R[r 2=0000000000000000,0] R[r 0=0000000000000000,0] 
 inst=[fe011ee3,0] bnez    sp, pc - 4
C0:       1195 [1] pc=[0040000278,0] W[r28=0000000000000008,0][1] R[r 0=0000000000000000,0] R[r 8=0000000000000013,0] 
 inst=[00800e13,0] li      t3, 8
C0:       1196 [1] pc=[004000027c,0] W[r10=000000004000027c,0][1] R[r 0=0000000000000000,0] R[r 0=0000000000000000,0] 
 inst=[00000517,0] auipc   a0, 0x0
TagXact1: (0) Read 0xb8000028 miss
TagXact1: (0) Read 0xbffc0000 miss
TagXact1: (0) FetchRead 0xbffffe00 => 0000000000000000
C0:       1233 [1] pc=[0040000280,0] W[r10=00000000400002b0,0][1] R[r10=000000004000027c,0] R[r20=0000000000000013,0] 
 inst=[03450513,0] addi    a0, a0, 52
C0:       1234 [1] pc=[0040000284,0] W[r 0=00000000400002b0,0][0] R[r10=00000000400002b0,0] R[r 0=0000000000000000,0] 
 inst=[00052483,0] lw      s1, 0(a0)
C0:       1258 [1] pc=[0040000288,0] W[r 9=0000000000900e13,1][1] R[r 1=0000000000000001,0] R[r 0=0000000000000000,0] 
 inst=[000094d7,0] unknown
C0:       1259 [1] pc=[004000028c,0] W[r 0=00000000400002b0,0][0] R[r10=00000000400002b0,0] R[r 9=0000000000900e13,1] 
 inst=[00952023,0] sw      s1, 0(a0)
C0:       1260 [1] pc=[0040000290,0] W[r 2=0000000000000010,0][1] R[r 0=0000000000000000,0] R[r16=0000000000000013,0] 
 inst=[01000113,0] li      sp, 16
C0:       1267 [1] pc=[0040000294,0] W[r 0=0000000000000004,0][0] R[r 0=0000000000000000,0] R[r 0=0000000000000000,0] 
 inst=[0000100f,0] fence.i
C0:       1325 [1] pc=[0040000298,0] W[r 2=000000000000000f,0][1] R[r 2=0000000000000010,0] R[r31=0000000000000013,0] 
 inst=[fff10113,0] addi    sp, sp, -1
C0:       1326 [1] pc=[004000029c,0] W[r 0=0000000000000000,0][0] R[r 2=000000000000000f,0] R[r 0=0000000000000000,0] 
 inst=[00010a63,0] beqz    sp, pc + 20
C0:       1327 [1] pc=[00400002a0,0] W[r 3=00000000400002a0,0][1] R[r 0=0000000000000000,0] R[r 0=0000000000000000,0] 
 inst=[00000197,0] auipc   gp, 0x0
C0:       1328 [1] pc=[00400002a4,0] W[r 3=0000000040000298,0][1] R[r 3=00000000400002a0,0] R[r24=0000000000000013,0] 
 inst=[ff818193,0] addi    gp, gp, -8
C0:       1329 [1] pc=[00400002a8,0] W[r 0=00000000400002ac,0][1] R[r 3=0000000040000298,0] R[r 0=0000000000000000,0] 
 inst=[00018067,0] jr      gp
C0:       1333 [1] pc=[0040000298,0] W[r 2=000000000000000e,0][1] R[r 2=000000000000000f,0] R[r31=0000000000000013,0] 
 inst=[fff10113,0] addi    sp, sp, -1
C0:       1334 [1] pc=[004000029c,0] W[r 0=0000000000000000,0][0] R[r 2=000000000000000e,0] R[r 0=0000000000000000,0] 
 inst=[00010a63,0] beqz    sp, pc + 20
C0:       1335 [1] pc=[00400002a0,0] W[r 3=00000000400002a0,0][1] R[r 0=0000000000000000,0] R[r 0=0000000000000000,0] 
 inst=[00000197,0] auipc   gp, 0x0
C0:       1336 [1] pc=[00400002a4,0] W[r 3=0000000040000298,0][1] R[r 3=00000000400002a0,0] R[r24=0000000000000013,0] 
 inst=[ff818193,0] addi    gp, gp, -8
C0:       1337 [1] pc=[00400002a8,0] W[r 0=00000000400002ac,0][1] R[r 3=0000000040000298,0] R[r 0=0000000000000000,0] 
 inst=[00018067,0] jr      gp
C0:       1338 [1] pc=[0040000298,0] W[r 2=000000000000000d,0][1] R[r 2=000000000000000e,0] R[r31=0000000000000013,0] 
 inst=[fff10113,0] addi    sp, sp, -1
C0:       1339 [1] pc=[004000029c,0] W[r 0=0000000000000000,0][0] R[r 2=000000000000000d,0] R[r 0=0000000000000000,0] 
 inst=[00010a63,0] beqz    sp, pc + 20
C0:       1340 [1] pc=[00400002a0,0] W[r 3=00000000400002a0,0][1] R[r 0=0000000000000000,0] R[r 0=0000000000000000,0] 
 inst=[00000197,0] auipc   gp, 0x0
C0:       1341 [1] pc=[00400002a4,0] W[r 3=0000000040000298,0][1] R[r 3=00000000400002a0,0] R[r24=0000000000000013,0] 
 inst=[ff818193,0] addi    gp, gp, -8
C0:       1342 [1] pc=[00400002a8,0] W[r 0=00000000400002ac,0][1] R[r 3=0000000040000298,0] R[r 0=0000000000000000,0] 
 inst=[00018067,0] jr      gp
C0:       1343 [1] pc=[0040000298,0] W[r 2=000000000000000c,0][1] R[r 2=000000000000000d,0] R[r31=0000000000000013,0] 
 inst=[fff10113,0] addi    sp, sp, -1
C0:       1344 [1] pc=[004000029c,0] W[r 0=0000000000000000,0][0] R[r 2=000000000000000c,0] R[r 0=0000000000000000,0] 
 inst=[00010a63,0] beqz    sp, pc + 20
C0:       1345 [1] pc=[00400002a0,0] W[r 3=00000000400002a0,0][1] R[r 0=0000000000000000,0] R[r 0=0000000000000000,0] 
 inst=[00000197,0] auipc   gp, 0x0
C0:       1346 [1] pc=[00400002a4,0] W[r 3=0000000040000298,0][1] R[r 3=00000000400002a0,0] R[r24=0000000000000013,0] 
 inst=[ff818193,0] addi    gp, gp, -8
C0:       1347 [1] pc=[00400002a8,0] W[r 0=00000000400002ac,0][1] R[r 3=0000000040000298,0] R[r 0=0000000000000000,0] 
 inst=[00018067,0] jr      gp
C0:       1348 [1] pc=[0040000298,0] W[r 2=000000000000000b,0][1] R[r 2=000000000000000c,0] R[r31=0000000000000013,0] 
 inst=[fff10113,0] addi    sp, sp, -1
C0:       1349 [1] pc=[004000029c,0] W[r 0=0000000000000000,0][0] R[r 2=000000000000000b,0] R[r 0=0000000000000000,0] 
 inst=[00010a63,0] beqz    sp, pc + 20
C0:       1350 [1] pc=[00400002a0,0] W[r 3=00000000400002a0,0][1] R[r 0=0000000000000000,0] R[r 0=0000000000000000,0] 
 inst=[00000197,0] auipc   gp, 0x0
C0:       1351 [1] pc=[00400002a4,0] W[r 3=0000000040000298,0][1] R[r 3=00000000400002a0,0] R[r24=0000000000000013,0] 
 inst=[ff818193,0] addi    gp, gp, -8
C0:       1352 [1] pc=[00400002a8,0] W[r 0=00000000400002ac,0][1] R[r 3=0000000040000298,0] R[r 0=0000000000000000,0] 
 inst=[00018067,0] jr      gp
C0:       1353 [1] pc=[0040000298,0] W[r 2=000000000000000a,0][1] R[r 2=000000000000000b,0] R[r31=0000000000000013,0] 
 inst=[fff10113,0] addi    sp, sp, -1
C0:       1354 [1] pc=[004000029c,0] W[r 0=0000000000000000,0][0] R[r 2=000000000000000a,0] R[r 0=0000000000000000,0] 
 inst=[00010a63,0] beqz    sp, pc + 20
C0:       1355 [1] pc=[00400002a0,0] W[r 3=00000000400002a0,0][1] R[r 0=0000000000000000,0] R[r 0=0000000000000000,0] 
 inst=[00000197,0] auipc   gp, 0x0
C0:       1356 [1] pc=[00400002a4,0] W[r 3=0000000040000298,0][1] R[r 3=00000000400002a0,0] R[r24=0000000000000013,0] 
 inst=[ff818193,0] addi    gp, gp, -8
C0:       1357 [1] pc=[00400002a8,0] W[r 0=00000000400002ac,0][1] R[r 3=0000000040000298,0] R[r 0=0000000000000000,0] 
 inst=[00018067,0] jr      gp
C0:       1358 [1] pc=[0040000298,0] W[r 2=0000000000000009,0][1] R[r 2=000000000000000a,0] R[r31=0000000000000013,0] 
 inst=[fff10113,0] addi    sp, sp, -1
C0:       1359 [1] pc=[004000029c,0] W[r 0=0000000000000000,0][0] R[r 2=0000000000000009,0] R[r 0=0000000000000000,0] 
 inst=[00010a63,0] beqz    sp, pc + 20
C0:       1360 [1] pc=[00400002a0,0] W[r 3=00000000400002a0,0][1] R[r 0=0000000000000000,0] R[r 0=0000000000000000,0] 
 inst=[00000197,0] auipc   gp, 0x0
C0:       1361 [1] pc=[00400002a4,0] W[r 3=0000000040000298,0][1] R[r 3=00000000400002a0,0] R[r24=0000000000000013,0] 
 inst=[ff818193,0] addi    gp, gp, -8
C0:       1362 [1] pc=[00400002a8,0] W[r 0=00000000400002ac,0][1] R[r 3=0000000040000298,0] R[r 0=0000000000000000,0] 
 inst=[00018067,0] jr      gp
C0:       1363 [1] pc=[0040000298,0] W[r 2=0000000000000008,0][1] R[r 2=0000000000000009,0] R[r31=0000000000000013,0] 
 inst=[fff10113,0] addi    sp, sp, -1
C0:       1364 [1] pc=[004000029c,0] W[r 0=0000000000000000,0][0] R[r 2=0000000000000008,0] R[r 0=0000000000000000,0] 
 inst=[00010a63,0] beqz    sp, pc + 20
C0:       1365 [1] pc=[00400002a0,0] W[r 3=00000000400002a0,0][1] R[r 0=0000000000000000,0] R[r 0=0000000000000000,0] 
 inst=[00000197,0] auipc   gp, 0x0
C0:       1366 [1] pc=[00400002a4,0] W[r 3=0000000040000298,0][1] R[r 3=00000000400002a0,0] R[r24=0000000000000013,0] 
 inst=[ff818193,0] addi    gp, gp, -8
C0:       1367 [1] pc=[00400002a8,0] W[r 0=00000000400002ac,0][1] R[r 3=0000000040000298,0] R[r 0=0000000000000000,0] 
 inst=[00018067,0] jr      gp
C0:       1368 [1] pc=[0040000298,0] W[r 2=0000000000000007,0][1] R[r 2=0000000000000008,0] R[r31=0000000000000013,0] 
 inst=[fff10113,0] addi    sp, sp, -1
C0:       1369 [1] pc=[004000029c,0] W[r 0=0000000000000000,0][0] R[r 2=0000000000000007,0] R[r 0=0000000000000000,0] 
 inst=[00010a63,0] beqz    sp, pc + 20
C0:       1370 [1] pc=[00400002a0,0] W[r 3=00000000400002a0,0][1] R[r 0=0000000000000000,0] R[r 0=0000000000000000,0] 
 inst=[00000197,0] auipc   gp, 0x0
C0:       1371 [1] pc=[00400002a4,0] W[r 3=0000000040000298,0][1] R[r 3=00000000400002a0,0] R[r24=0000000000000013,0] 
 inst=[ff818193,0] addi    gp, gp, -8
C0:       1372 [1] pc=[00400002a8,0] W[r 0=00000000400002ac,0][1] R[r 3=0000000040000298,0] R[r 0=0000000000000000,0] 
 inst=[00018067,0] jr      gp
C0:       1373 [1] pc=[0040000298,0] W[r 2=0000000000000006,0][1] R[r 2=0000000000000007,0] R[r31=0000000000000013,0] 
 inst=[fff10113,0] addi    sp, sp, -1
C0:       1374 [1] pc=[004000029c,0] W[r 0=0000000000000000,0][0] R[r 2=0000000000000006,0] R[r 0=0000000000000000,0] 
 inst=[00010a63,0] beqz    sp, pc + 20
C0:       1375 [1] pc=[00400002a0,0] W[r 3=00000000400002a0,0][1] R[r 0=0000000000000000,0] R[r 0=0000000000000000,0] 
 inst=[00000197,0] auipc   gp, 0x0
C0:       1376 [1] pc=[00400002a4,0] W[r 3=0000000040000298,0][1] R[r 3=00000000400002a0,0] R[r24=0000000000000013,0] 
 inst=[ff818193,0] addi    gp, gp, -8
C0:       1377 [1] pc=[00400002a8,0] W[r 0=00000000400002ac,0][1] R[r 3=0000000040000298,0] R[r 0=0000000000000000,0] 
 inst=[00018067,0] jr      gp
C0:       1378 [1] pc=[0040000298,0] W[r 2=0000000000000005,0][1] R[r 2=0000000000000006,0] R[r31=0000000000000013,0] 
 inst=[fff10113,0] addi    sp, sp, -1
C0:       1379 [1] pc=[004000029c,0] W[r 0=0000000000000000,0][0] R[r 2=0000000000000005,0] R[r 0=0000000000000000,0] 
 inst=[00010a63,0] beqz    sp, pc + 20
C0:       1380 [1] pc=[00400002a0,0] W[r 3=00000000400002a0,0][1] R[r 0=0000000000000000,0] R[r 0=0000000000000000,0] 
 inst=[00000197,0] auipc   gp, 0x0
C0:       1381 [1] pc=[00400002a4,0] W[r 3=0000000040000298,0][1] R[r 3=00000000400002a0,0] R[r24=0000000000000013,0] 
 inst=[ff818193,0] addi    gp, gp, -8
C0:       1382 [1] pc=[00400002a8,0] W[r 0=00000000400002ac,0][1] R[r 3=0000000040000298,0] R[r 0=0000000000000000,0] 
 inst=[00018067,0] jr      gp
C0:       1383 [1] pc=[0040000298,0] W[r 2=0000000000000004,0][1] R[r 2=0000000000000005,0] R[r31=0000000000000013,0] 
 inst=[fff10113,0] addi    sp, sp, -1
C0:       1384 [1] pc=[004000029c,0] W[r 0=0000000000000000,0][0] R[r 2=0000000000000004,0] R[r 0=0000000000000000,0] 
 inst=[00010a63,0] beqz    sp, pc + 20
C0:       1385 [1] pc=[00400002a0,0] W[r 3=00000000400002a0,0][1] R[r 0=0000000000000000,0] R[r 0=0000000000000000,0] 
 inst=[00000197,0] auipc   gp, 0x0
C0:       1386 [1] pc=[00400002a4,0] W[r 3=0000000040000298,0][1] R[r 3=00000000400002a0,0] R[r24=0000000000000013,0] 
 inst=[ff818193,0] addi    gp, gp, -8
C0:       1387 [1] pc=[00400002a8,0] W[r 0=00000000400002ac,0][1] R[r 3=0000000040000298,0] R[r 0=0000000000000000,0] 
 inst=[00018067,0] jr      gp
C0:       1388 [1] pc=[0040000298,0] W[r 2=0000000000000003,0][1] R[r 2=0000000000000004,0] R[r31=0000000000000013,0] 
 inst=[fff10113,0] addi    sp, sp, -1
C0:       1389 [1] pc=[004000029c,0] W[r 0=0000000000000000,0][0] R[r 2=0000000000000003,0] R[r 0=0000000000000000,0] 
 inst=[00010a63,0] beqz    sp, pc + 20
C0:       1390 [1] pc=[00400002a0,0] W[r 3=00000000400002a0,0][1] R[r 0=0000000000000000,0] R[r 0=0000000000000000,0] 
 inst=[00000197,0] auipc   gp, 0x0
C0:       1391 [1] pc=[00400002a4,0] W[r 3=0000000040000298,0][1] R[r 3=00000000400002a0,0] R[r24=0000000000000013,0] 
 inst=[ff818193,0] addi    gp, gp, -8
C0:       1392 [1] pc=[00400002a8,0] W[r 0=00000000400002ac,0][1] R[r 3=0000000040000298,0] R[r 0=0000000000000000,0] 
 inst=[00018067,0] jr      gp
C0:       1393 [1] pc=[0040000298,0] W[r 2=0000000000000002,0][1] R[r 2=0000000000000003,0] R[r31=0000000000000013,0] 
 inst=[fff10113,0] addi    sp, sp, -1
C0:       1394 [1] pc=[004000029c,0] W[r 0=0000000000000000,0][0] R[r 2=0000000000000002,0] R[r 0=0000000000000000,0] 
 inst=[00010a63,0] beqz    sp, pc + 20
C0:       1395 [1] pc=[00400002a0,0] W[r 3=00000000400002a0,0][1] R[r 0=0000000000000000,0] R[r 0=0000000000000000,0] 
 inst=[00000197,0] auipc   gp, 0x0
C0:       1396 [1] pc=[00400002a4,0] W[r 3=0000000040000298,0][1] R[r 3=00000000400002a0,0] R[r24=0000000000000013,0] 
 inst=[ff818193,0] addi    gp, gp, -8
C0:       1397 [1] pc=[00400002a8,0] W[r 0=00000000400002ac,0][1] R[r 3=0000000040000298,0] R[r 0=0000000000000000,0] 
 inst=[00018067,0] jr      gp
C0:       1398 [1] pc=[0040000298,0] W[r 2=0000000000000001,0][1] R[r 2=0000000000000002,0] R[r31=0000000000000013,0] 
 inst=[fff10113,0] addi    sp, sp, -1
C0:       1399 [1] pc=[004000029c,0] W[r 0=0000000000000000,0][0] R[r 2=0000000000000001,0] R[r 0=0000000000000000,0] 
 inst=[00010a63,0] beqz    sp, pc + 20
C0:       1400 [1] pc=[00400002a0,0] W[r 3=00000000400002a0,0][1] R[r 0=0000000000000000,0] R[r 0=0000000000000000,0] 
 inst=[00000197,0] auipc   gp, 0x0
C0:       1401 [1] pc=[00400002a4,0] W[r 3=0000000040000298,0][1] R[r 3=00000000400002a0,0] R[r24=0000000000000013,0] 
 inst=[ff818193,0] addi    gp, gp, -8
C0:       1402 [1] pc=[00400002a8,0] W[r 0=00000000400002ac,0][1] R[r 3=0000000040000298,0] R[r 0=0000000000000000,0] 
 inst=[00018067,0] jr      gp
C0:       1403 [1] pc=[0040000298,0] W[r 2=0000000000000000,0][1] R[r 2=0000000000000001,0] R[r31=0000000000000013,0] 
 inst=[fff10113,0] addi    sp, sp, -1
C0:       1404 [1] pc=[004000029c,0] W[r 0=0000000000000001,0][0] R[r 2=0000000000000000,0] R[r 0=0000000000000000,0] 
 inst=[00010a63,0] beqz    sp, pc + 20
C0:       1408 [1] pc=[00400002b0,1] W[r28=0000000000000009,0][1] R[r 0=0000000000000000,0] R[r 9=0000000000000013,0] 
 inst=[00900e13,1] li      t3, 9
C0:       1409 [1] pc=[00400002b4,0] W[r10=00000000400002b4,0][1] R[r 0=0000000000000000,0] R[r 0=0000000000000000,0] 
 inst=[00000517,0] auipc   a0, 0x0
C0:       1410 [1] pc=[00400002b8,0] W[r10=00000000400002d0,0][1] R[r10=00000000400002b4,0] R[r28=0000000000000009,0] 
 inst=[01c50513,0] addi    a0, a0, 28
C0:       1411 [1] pc=[00400002bc,0] W[r 0=00000000400002d0,0][0] R[r10=00000000400002d0,0] R[r 0=0000000000000000,0] 
 inst=[00052483,0] lw      s1, 0(a0)
TagXact1: (0) Read 0xb800002c miss
TagXact1: (0) Read 0xbffc0000 miss
TagXact1: (0) FetchRead 0xbffffe00 => 0000000000000000
C0:       1472 [1] pc=[00400002c0,0] W[r 9=0000000000a00e13,1][1] R[r 1=0000000000000001,0] R[r 0=0000000000000000,0] 
 inst=[000094d7,0] unknown
C0:       1473 [1] pc=[00400002c4,0] W[r 0=00000000400002d0,0][0] R[r10=00000000400002d0,0] R[r 9=0000000000a00e13,1] 
 inst=[00952023,0] sw      s1, 0(a0)
C0:       1481 [1] pc=[00400002c8,0] W[r 0=0000000000000004,0][0] R[r 0=0000000000000000,0] R[r 0=0000000000000000,0] 
 inst=[0000100f,0] fence.i
C0:       1539 [1] pc=[00400002cc,0] W[r 0=00000000400002d0,0][1] R[r 0=0000000000000000,0] R[r 4=0000000000000013,0] 
 inst=[0040006f,0] j       pc + 0x4
C0:       1540 [1] pc=[00400002d0,1] W[r28=000000000000000a,0][1] R[r 0=0000000000000000,0] R[r10=0000000000000013,0] 
 inst=[00a00e13,1] li      t3, 10
C0:       1541 [1] pc=[00400002d4,0] W[r 0=00000000400002d8,0][1] R[r 0=0000000000000000,0] R[r 4=0000000000000013,0] 
 inst=[0040006f,0] j       pc + 0x4
C0:       1542 [0] pc=[00400002d8,1] W[r 0=00000000400002dc,0][0] R[r 0=0000000000000000,0] R[r 8=0000000000000013,0] 
 inst=[1080006f,0] j       pc + 0x108
C0:       1565 [1] pc=[0040000400,0] W[r30=0000000010f0f000,0][1] R[r 0=0000000000000000,0] R[r16=0000000000000013,0] 
 inst=[9f002f73,0] csrr    t5, unknown_9f0
C0:       1568 [1] pc=[0040000404,0] W[r 0=0000000010f0f000,0][1] R[r30=0000000010f0f000,0] R[r 0=0000000000000000,0] 
 inst=[140f1073,0] csrw    sscratch, t5
C0:       1569 [1] pc=[0040000408,0] W[r31=00000000000000f0,0][1] R[r 0=0000000000000000,0] R[r16=0000000000000013,0] 
 inst=[0f000f93,0] li      t6, 240
C0:       1570 [1] pc=[004000040c,0] W[r30=000000000000f000,0][1] R[r 1=0000000010f0f003,0] R[r 0=0000000000000000,0] 
 inst=[0000ff37,0] lui     t5, 0xf
C0:       1571 [1] pc=[0040000410,0] W[r31=000000000000f0f0,0][1] R[r31=00000000000000f0,0] R[r30=000000000000f000,0] 
 inst=[01efefb3,0] or      t6, t6, t5
C0:       1572 [1] pc=[0040000414,0] W[r30=0000000000f00000,0][1] R[r 0=0000000000000000,0] R[r15=0000000000000013,0] 
 inst=[00f00f37,0] lui     t5, 0xf00
C0:       1573 [1] pc=[0040000418,0] W[r31=0000000000f0f0f0,0][1] R[r31=000000000000f0f0,0] R[r30=0000000000f00000,0] 
 inst=[01efefb3,0] or      t6, t6, t5
C0:       1574 [1] pc=[004000041c,0] W[r 0=0000000010f0f000,0][1] R[r31=0000000000f0f0f0,0] R[r16=0000000000000013,0] 
 inst=[9f0f9073,0] csrw    unknown_9f0, t6
C0:       1578 [1] pc=[0040000420,0] W[r17=0000000000000010,0][1] R[r 0=0000000000000000,0] R[r 2=0000000000000013,0] 
 inst=[142028f3,0] csrr    a7, scause
C0:       1579 [1] pc=[0040000424,0] W[r16=0000000000000008,0][1] R[r 0=0000000000000000,0] R[r 8=0000000000000013,0] 
 inst=[00800813,0] li      a6, 8
C0:       1581 [1] pc=[0040000428,0] W[r 0=0000000000000001,0][0] R[r16=0000000000000008,0] R[r17=0000000000000010,0] 
 inst=[01181463,0] bne     a6, a7, pc + 8
C0:       1585 [1] pc=[0040000430,0] W[r16=0000000000000005,0][1] R[r 0=0000000000000000,0] R[r 5=0000000000000013,0] 
 inst=[00500813,0] li      a6, 5
C0:       1586 [1] pc=[0040000434,0] W[r 0=0000000000000000,0][0] R[r28=000000000000000a,0] R[r16=0000000000000005,0] 
 inst=[030e0063,0] beq     t3, a6, pc + 32
C0:       1587 [1] pc=[0040000438,0] W[r16=0000000000000006,0][1] R[r 0=0000000000000000,0] R[r 6=0000000000000013,0] 
 inst=[00600813,0] li      a6, 6
C0:       1588 [1] pc=[004000043c,0] W[r 0=0000000000000000,0][0] R[r28=000000000000000a,0] R[r16=0000000000000006,0] 
 inst=[010e0c63,0] beq     t3, a6, pc + 24
C0:       1606 [1] pc=[0040000440,0] W[r16=000000000000000a,0][1] R[r 0=0000000000000000,0] R[r10=0000000000000013,0] 
 inst=[00a00813,0] li      a6, 10
C0:       1607 [1] pc=[0040000444,0] W[r 0=0000000000000001,0][0] R[r28=000000000000000a,0] R[r16=000000000000000a,0] 
 inst=[010e0863,0] beq     t3, a6, pc + 16
C0:       1611 [1] pc=[0040000454,0] W[r16=0000000000000010,0][1] R[r 0=0000000000000000,0] R[r16=0000000000000013,0] 
 inst=[01000813,0] li      a6, 16
C0:       1612 [1] pc=[0040000458,0] W[r 0=0000000000000000,0][0] R[r16=0000000000000010,0] R[r17=0000000000000010,0] 
 inst=[f91814e3,0] bne     a6, a7, pc - 120
C0:       1613 [1] pc=[004000045c,0] W[r16=00000000400002d8,0][1] R[r 0=0000000000000000,0] R[r 1=0000000000000013,0] 
 inst=[14102873,0] csrr    a6, sepc
C0:       1616 [1] pc=[0040000460,0] W[r17=0000000000000000,0][1] R[r16=00000000400002d8,0] R[r 0=0000000000000000,0] 
 inst=[000808d7,0] unknown
C0:       1617 [1] pc=[0040000464,0] W[r 0=0000000000000000,0][0] R[r17=0000000000000000,0] R[r 0=0000000000000000,0] 
 inst=[f6089ee3,0] bnez    a7, pc - 132
C0:       1618 [1] pc=[0040000468,0] W[r16=00000000400002dc,0][1] R[r16=00000000400002d8,0] R[r 4=0000000000000013,0] 
 inst=[00480813,0] addi    a6, a6, 4
C0:       1619 [1] pc=[004000046c,0] W[r 0=00000000400002d8,0][1] R[r16=00000000400002dc,0] R[r 1=0000000000000013,0] 
 inst=[14181073,0] csrw    sepc, a6
C0:       1620 [1] pc=[0040000470,0] W[r30=0000000010f0f000,0][1] R[r 0=0000000000000000,0] R[r 0=0000000000000000,0] 
 inst=[14002f73,0] csrr    t5, sscratch
C0:       1623 [1] pc=[0040000474,0] W[r 0=0000000000f0f0f0,0][1] R[r30=0000000010f0f000,0] R[r16=0000000000000013,0] 
 inst=[9f0f1073,0] csrw    unknown_9f0, t5
C0:       1627 [1] pc=[0040000478,0] W[r 0=0000000000000000,0][0] R[r 0=0000000000000000,0] R[r 2=0000000000000013,0] 
 inst=[10200073,0] sret
C0:       1646 [1] pc=[00400002dc,0] W[r28=000000000000000b,0][1] R[r 0=0000000000000000,0] R[r11=0000000000000013,0] 
 inst=[00b00e13,0] li      t3, 11
C0:       1647 [1] pc=[00400002e0,0] W[r10=00000000400002e0,0][1] R[r 0=0000000000000000,0] R[r 0=0000000000000000,0] 
 inst=[00000517,0] auipc   a0, 0x0
C0:       1648 [1] pc=[00400002e4,0] W[r10=0000000040000308,0][1] R[r10=00000000400002e0,0] R[r 8=0000000000000013,0] 
 inst=[02850513,0] addi    a0, a0, 40
C0:       1649 [1] pc=[00400002e8,0] W[r 0=0000000040000308,0][0] R[r10=0000000040000308,0] R[r 0=0000000000000000,0] 
 inst=[00052483,0] lw      s1, 0(a0)
TagXact1: (0) Read 0xb8000030 miss
TagXact1: (0) Read 0xbffc0000 miss
TagXact1: (0) FetchRead 0xbffffe00 => 0000000000000000
C0:       1691 [1] pc=[00400002ec,0] W[r 9=fffffffffff10113,1][1] R[r 1=0000000000000001,0] R[r 0=0000000000000000,0] 
 inst=[000094d7,0] unknown
C0:       1692 [1] pc=[00400002f0,0] W[r 0=0000000040000308,0][0] R[r10=0000000040000308,0] R[r 9=fffffffffff10113,1] 
 inst=[00952023,0] sw      s1, 0(a0)
C0:       1700 [1] pc=[00400002f4,0] W[r 9=0000000000c00e13,0][1] R[r10=0000000040000308,0] R[r16=0000000000000013,0] 
 inst=[01052483,0] lw      s1, 16(a0)
C0:       1702 [1] pc=[00400002f8,0] W[r 9=0000000000c00e13,1][1] R[r 1=0000000000000001,0] R[r 0=0000000000000000,0] 
 inst=[000094d7,0] unknown
C0:       1703 [1] pc=[00400002fc,0] W[r 0=0000000040000318,0][0] R[r10=0000000040000308,0] R[r 9=0000000000c00e13,1] 
 inst=[00952823,0] sw      s1, 16(a0)
C0:       1758 [1] pc=[0040000300,0] W[r 2=0000000000000010,0][1] R[r 0=0000000000000000,0] R[r16=0000000000000013,0] 
 inst=[01000113,0] li      sp, 16
C0:       1759 [1] pc=[0040000304,0] W[r 0=0000000000000004,0][0] R[r 0=0000000000000000,0] R[r 0=0000000000000000,0] 
 inst=[0000100f,0] fence.i
C0:       1817 [1] pc=[0040000308,0] W[r 2=000000000000000f,0][1] R[r 2=0000000000000010,0] R[r31=0000000000000013,0] 
 inst=[fff10113,1] addi    sp, sp, -1
C0:       1818 [1] pc=[004000030c,0] W[r 0=0000000000000000,0][0] R[r 2=000000000000000f,0] R[r 0=0000000000000000,0] 
 inst=[00010663,0] beqz    sp, pc + 12
C0:       1819 [1] pc=[0040000310,0] W[r 0=0000000040000314,0][1] R[r31=0000000000000013,0] R[r25=0000000000000013,0] 
 inst=[ff9ff06f,0] j       pc - 0x8
C0:       1823 [1] pc=[0040000308,1] W[r 2=000000000000000e,0][1] R[r 2=000000000000000f,0] R[r31=0000000000000013,0] 
 inst=[fff10113,1] addi    sp, sp, -1
C0:       1824 [1] pc=[004000030c,0] W[r 0=0000000000000000,0][0] R[r 2=000000000000000e,0] R[r 0=0000000000000000,0] 
 inst=[00010663,0] beqz    sp, pc + 12
C0:       1825 [1] pc=[0040000310,0] W[r 0=0000000040000314,0][1] R[r31=000000000000000f,0] R[r25=0000000000000013,0] 
 inst=[ff9ff06f,0] j       pc - 0x8
C0:       1826 [1] pc=[0040000308,1] W[r 2=000000000000000d,0][1] R[r 2=000000000000000e,0] R[r31=0000000000000013,0] 
 inst=[fff10113,1] addi    sp, sp, -1
C0:       1827 [1] pc=[004000030c,0] W[r 0=0000000000000000,0][0] R[r 2=000000000000000d,0] R[r 0=0000000000000000,0] 
 inst=[00010663,0] beqz    sp, pc + 12
C0:       1828 [1] pc=[0040000310,0] W[r 0=0000000040000314,0][1] R[r31=000000000000000f,0] R[r25=0000000000000013,0] 
 inst=[ff9ff06f,0] j       pc - 0x8
C0:       1829 [1] pc=[0040000308,1] W[r 2=000000000000000c,0][1] R[r 2=000000000000000d,0] R[r31=0000000000000013,0] 
 inst=[fff10113,1] addi    sp, sp, -1
C0:       1830 [1] pc=[004000030c,0] W[r 0=0000000000000000,0][0] R[r 2=000000000000000c,0] R[r 0=0000000000000000,0] 
 inst=[00010663,0] beqz    sp, pc + 12
C0:       1831 [1] pc=[0040000310,0] W[r 0=0000000040000314,0][1] R[r31=000000000000000f,0] R[r25=0000000000000013,0] 
 inst=[ff9ff06f,0] j       pc - 0x8
C0:       1832 [1] pc=[0040000308,1] W[r 2=000000000000000b,0][1] R[r 2=000000000000000c,0] R[r31=0000000000000013,0] 
 inst=[fff10113,1] addi    sp, sp, -1
C0:       1833 [1] pc=[004000030c,0] W[r 0=0000000000000000,0][0] R[r 2=000000000000000b,0] R[r 0=0000000000000000,0] 
 inst=[00010663,0] beqz    sp, pc + 12
C0:       1834 [1] pc=[0040000310,0] W[r 0=0000000040000314,0][1] R[r31=000000000000000f,0] R[r25=0000000000000013,0] 
 inst=[ff9ff06f,0] j       pc - 0x8
C0:       1835 [1] pc=[0040000308,1] W[r 2=000000000000000a,0][1] R[r 2=000000000000000b,0] R[r31=0000000000000013,0] 
 inst=[fff10113,1] addi    sp, sp, -1
C0:       1836 [1] pc=[004000030c,0] W[r 0=0000000000000000,0][0] R[r 2=000000000000000a,0] R[r 0=0000000000000000,0] 
 inst=[00010663,0] beqz    sp, pc + 12
C0:       1837 [1] pc=[0040000310,0] W[r 0=0000000040000314,0][1] R[r31=000000000000000b,0] R[r25=0000000000000013,0] 
 inst=[ff9ff06f,0] j       pc - 0x8
C0:       1838 [1] pc=[0040000308,1] W[r 2=0000000000000009,0][1] R[r 2=000000000000000a,0] R[r31=0000000000000013,0] 
 inst=[fff10113,1] addi    sp, sp, -1
C0:       1839 [1] pc=[004000030c,0] W[r 0=0000000000000000,0][0] R[r 2=0000000000000009,0] R[r 0=0000000000000000,0] 
 inst=[00010663,0] beqz    sp, pc + 12
C0:       1840 [1] pc=[0040000310,0] W[r 0=0000000040000314,0][1] R[r31=000000000000000b,0] R[r25=0000000000000013,0] 
 inst=[ff9ff06f,0] j       pc - 0x8
C0:       1841 [1] pc=[0040000308,1] W[r 2=0000000000000008,0][1] R[r 2=0000000000000009,0] R[r31=0000000000000013,0] 
 inst=[fff10113,1] addi    sp, sp, -1
C0:       1842 [1] pc=[004000030c,0] W[r 0=0000000000000000,0][0] R[r 2=0000000000000008,0] R[r 0=0000000000000000,0] 
 inst=[00010663,0] beqz    sp, pc + 12
C0:       1843 [1] pc=[0040000310,0] W[r 0=0000000040000314,0][1] R[r31=000000000000000b,0] R[r25=0000000000000013,0] 
 inst=[ff9ff06f,0] j       pc - 0x8
C0:       1844 [1] pc=[0040000308,1] W[r 2=0000000000000007,0][1] R[r 2=0000000000000008,0] R[r31=0000000000000013,0] 
 inst=[fff10113,1] addi    sp, sp, -1
C0:       1845 [1] pc=[004000030c,0] W[r 0=0000000000000000,0][0] R[r 2=0000000000000007,0] R[r 0=0000000000000000,0] 
 inst=[00010663,0] beqz    sp, pc + 12
C0:       1846 [1] pc=[0040000310,0] W[r 0=0000000040000314,0][1] R[r31=000000000000000b,0] R[r25=0000000000000013,0] 
 inst=[ff9ff06f,0] j       pc - 0x8
C0:       1847 [1] pc=[0040000308,1] W[r 2=0000000000000006,0][1] R[r 2=0000000000000007,0] R[r31=0000000000000013,0] 
 inst=[fff10113,1] addi    sp, sp, -1
C0:       1848 [1] pc=[004000030c,0] W[r 0=0000000000000000,0][0] R[r 2=0000000000000006,0] R[r 0=0000000000000000,0] 
 inst=[00010663,0] beqz    sp, pc + 12
C0:       1849 [1] pc=[0040000310,0] W[r 0=0000000040000314,0][1] R[r31=0000000000000007,0] R[r25=0000000000000013,0] 
 inst=[ff9ff06f,0] j       pc - 0x8
C0:       1850 [1] pc=[0040000308,1] W[r 2=0000000000000005,0][1] R[r 2=0000000000000006,0] R[r31=0000000000000013,0] 
 inst=[fff10113,1] addi    sp, sp, -1
C0:       1851 [1] pc=[004000030c,0] W[r 0=0000000000000000,0][0] R[r 2=0000000000000005,0] R[r 0=0000000000000000,0] 
 inst=[00010663,0] beqz    sp, pc + 12
C0:       1852 [1] pc=[0040000310,0] W[r 0=0000000040000314,0][1] R[r31=0000000000000007,0] R[r25=0000000000000013,0] 
 inst=[ff9ff06f,0] j       pc - 0x8
C0:       1853 [1] pc=[0040000308,1] W[r 2=0000000000000004,0][1] R[r 2=0000000000000005,0] R[r31=0000000000000013,0] 
 inst=[fff10113,1] addi    sp, sp, -1
C0:       1854 [1] pc=[004000030c,0] W[r 0=0000000000000000,0][0] R[r 2=0000000000000004,0] R[r 0=0000000000000000,0] 
 inst=[00010663,0] beqz    sp, pc + 12
C0:       1855 [1] pc=[0040000310,0] W[r 0=0000000040000314,0][1] R[r31=0000000000000007,0] R[r25=0000000000000013,0] 
 inst=[ff9ff06f,0] j       pc - 0x8
C0:       1856 [1] pc=[0040000308,1] W[r 2=0000000000000003,0][1] R[r 2=0000000000000004,0] R[r31=0000000000000013,0] 
 inst=[fff10113,1] addi    sp, sp, -1
C0:       1857 [1] pc=[004000030c,0] W[r 0=0000000000000000,0][0] R[r 2=0000000000000003,0] R[r 0=0000000000000000,0] 
 inst=[00010663,0] beqz    sp, pc + 12
C0:       1858 [1] pc=[0040000310,0] W[r 0=0000000040000314,0][1] R[r31=0000000000000007,0] R[r25=0000000000000013,0] 
 inst=[ff9ff06f,0] j       pc - 0x8
C0:       1859 [1] pc=[0040000308,1] W[r 2=0000000000000002,0][1] R[r 2=0000000000000003,0] R[r31=0000000000000013,0] 
 inst=[fff10113,1] addi    sp, sp, -1
C0:       1860 [1] pc=[004000030c,0] W[r 0=0000000000000000,0][0] R[r 2=0000000000000002,0] R[r 0=0000000000000000,0] 
 inst=[00010663,0] beqz    sp, pc + 12
C0:       1861 [1] pc=[0040000310,0] W[r 0=0000000040000314,0][1] R[r31=0000000000000003,0] R[r25=0000000000000013,0] 
 inst=[ff9ff06f,0] j       pc - 0x8
C0:       1862 [1] pc=[0040000308,1] W[r 2=0000000000000001,0][1] R[r 2=0000000000000002,0] R[r31=0000000000000013,0] 
 inst=[fff10113,1] addi    sp, sp, -1
C0:       1863 [1] pc=[004000030c,0] W[r 0=0000000000000000,0][0] R[r 2=0000000000000001,0] R[r 0=0000000000000000,0] 
 inst=[00010663,0] beqz    sp, pc + 12
C0:       1864 [1] pc=[0040000310,0] W[r 0=0000000040000314,0][1] R[r31=0000000000000003,0] R[r25=0000000000000013,0] 
 inst=[ff9ff06f,0] j       pc - 0x8
C0:       1865 [1] pc=[0040000308,1] W[r 2=0000000000000000,0][1] R[r 2=0000000000000001,0] R[r31=0000000000000013,0] 
 inst=[fff10113,1] addi    sp, sp, -1
C0:       1866 [1] pc=[004000030c,0] W[r 0=0000000000000001,0][0] R[r 2=0000000000000000,0] R[r 0=0000000000000000,0] 
 inst=[00010663,0] beqz    sp, pc + 12
C0:       1870 [1] pc=[0040000318,1] W[r28=000000000000000c,0][1] R[r 0=0000000000000000,0] R[r12=0000000000000013,0] 
 inst=[00c00e13,1] li      t3, 12
C0:       1871 [1] pc=[004000031c,0] W[r 3=000000004000031c,0][1] R[r 0=0000000000000000,0] R[r 0=0000000000000000,0] 
 inst=[00000197,0] auipc   gp, 0x0
C0:       1872 [1] pc=[0040000320,0] W[r 3=0000000040000318,0][1] R[r 3=000000004000031c,0] R[r28=000000000000000c,0] 
 inst=[ffc18193,0] addi    gp, gp, -4
C0:       1873 [1] pc=[0040000324,0] W[r 0=0000000040000328,0][1] R[r 3=0000000040000318,0] R[r16=0000000000000013,0] 
 inst=[01018067,0] jalr    zero, gp, 16
C0:       1874 [1] pc=[0040000328,0] W[r 3=0000000010000000,0][1] R[r 1=0000000000000001,0] R[r28=0000000000000013,0] 
 inst=[01c09193,0] slli    gp, ra, 28
C0:       1875 [1] pc=[004000032c,0] W[r 0=0000000010f0f000,0][1] R[r 3=0000000010000000,0] R[r16=0000000000000013,0] 
 inst=[8f01b073,0] csrc    unknown_8f0, gp
C0:       1879 [1] pc=[0040000330,0] W[r 3=0000000040000000,0][1] R[r 1=0000000000000001,0] R[r30=0000000000000013,0] 
 inst=[01e09193,0] slli    gp, ra, 30
C0:       1880 [1] pc=[0040000334,0] W[r 0=0000000000f0f000,0][1] R[r 3=0000000040000000,0] R[r16=0000000000000013,0] 
 inst=[8f01a073,0] csrs    unknown_8f0, gp
C0:       1884 [1] pc=[0040000338,0] W[r28=000000000000000d,0][1] R[r 0=0000000000000000,0] R[r13=0000000000000013,0] 
 inst=[00d00e13,0] li      t3, 13
C0:       1885 [1] pc=[004000033c,0] W[r10=000000004000033c,0][1] R[r 0=0000000000000000,0] R[r 0=0000000000000000,0] 
 inst=[00000517,0] auipc   a0, 0x0
TagXact1: (0) Read 0xb8000034 miss
TagXact1: (0) Read 0xbffc0000 miss
TagXact1: (0) FetchRead 0xbffffe00 => 0000000000000000
C0:       1920 [1] pc=[0040000340,0] W[r10=0000000040000360,0][1] R[r10=000000004000033c,0] R[r 4=0000000000000013,0] 
 inst=[02450513,0] addi    a0, a0, 36
C0:       1921 [1] pc=[0040000344,0] W[r 0=0000000040000360,0][0] R[r10=0000000040000360,0] R[r 0=0000000000000000,0] 
 inst=[00052483,0] lw      s1, 0(a0)
C0:       1946 [1] pc=[0040000348,0] W[r 9=0000000000e00e13,1][1] R[r 1=0000000000000001,0] R[r 0=0000000000000000,0] 
 inst=[000094d7,0] unknown
C0:       1947 [1] pc=[004000034c,0] W[r 0=0000000040000360,0][0] R[r10=0000000040000360,0] R[r 9=0000000000e00e13,1] 
 inst=[00952023,0] sw      s1, 0(a0)
C0:       1948 [1] pc=[0040000350,0] W[r 3=0000000040000350,0][1] R[r 0=0000000000000000,0] R[r 0=0000000000000000,0] 
 inst=[00000197,0] auipc   gp, 0x0
C0:       1949 [1] pc=[0040000354,0] W[r 3=0000000040000360,0][1] R[r 3=0000000040000350,0] R[r16=0000000000000013,0] 
 inst=[01018193,0] addi    gp, gp, 16
C0:       1955 [1] pc=[0040000358,0] W[r 0=0000000000000004,0][0] R[r 0=0000000000000000,0] R[r 0=0000000000000000,0] 
 inst=[0000100f,0] fence.i
C0:       2013 [1] pc=[004000035c,0] W[r 0=0000000040000360,0][1] R[r 3=0000000040000360,0] R[r 0=0000000000000000,0] 
 inst=[00018067,0] jr      gp
C0:       2014 [1] pc=[0040000360,1] W[r28=000000000000000e,0][1] R[r 0=0000000000000000,0] R[r14=0000000000000013,0] 
 inst=[00e00e13,1] li      t3, 14
C0:       2015 [1] pc=[0040000364,0] W[r 3=0000000040000364,0][1] R[r 0=0000000000000000,0] R[r 0=0000000000000000,0] 
 inst=[00000197,0] auipc   gp, 0x0
C0:       2016 [1] pc=[0040000368,0] W[r 3=0000000040000370,0][1] R[r 3=0000000040000364,0] R[r12=0000000000000013,0] 
 inst=[00c18193,0] addi    gp, gp, 12
C0:       2017 [1] pc=[004000036c,0] W[r 0=0000000040000370,0][1] R[r 3=0000000040000370,0] R[r 0=0000000000000000,0] 
 inst=[00018067,0] jr      gp
C0:       2018 [0] pc=[0040000370,1] W[r 0=0000000040000374,0][0] R[r 0=0000000000000000,0] R[r16=0000000000000013,0] 
 inst=[0700006f,0] j       pc + 0x70
C0:       2041 [1] pc=[0040000400,0] W[r30=0000000040f0f000,0][1] R[r 0=0000000000000000,0] R[r16=0000000000000013,0] 
 inst=[9f002f73,0] csrr    t5, unknown_9f0
C0:       2044 [1] pc=[0040000404,0] W[r 0=0000000010f0f000,0][1] R[r30=0000000040f0f000,0] R[r 0=0000000000000000,0] 
 inst=[140f1073,0] csrw    sscratch, t5
C0:       2045 [1] pc=[0040000408,0] W[r31=00000000000000f0,0][1] R[r 0=0000000000000000,0] R[r16=0000000000000013,0] 
 inst=[0f000f93,0] li      t6, 240
C0:       2046 [1] pc=[004000040c,0] W[r30=000000000000f000,0][1] R[r 1=0000000040f0f003,0] R[r 0=0000000000000000,0] 
 inst=[0000ff37,0] lui     t5, 0xf
C0:       2047 [1] pc=[0040000410,0] W[r31=000000000000f0f0,0][1] R[r31=00000000000000f0,0] R[r30=000000000000f000,0] 
 inst=[01efefb3,0] or      t6, t6, t5
C0:       2048 [1] pc=[0040000414,0] W[r30=0000000000f00000,0][1] R[r 0=0000000000000000,0] R[r15=0000000000000013,0] 
 inst=[00f00f37,0] lui     t5, 0xf00
C0:       2049 [1] pc=[0040000418,0] W[r31=0000000000f0f0f0,0][1] R[r31=000000000000f0f0,0] R[r30=0000000000f00000,0] 
 inst=[01efefb3,0] or      t6, t6, t5
C0:       2050 [1] pc=[004000041c,0] W[r 0=0000000040f0f000,0][1] R[r31=0000000000f0f0f0,0] R[r16=0000000000000013,0] 
 inst=[9f0f9073,0] csrw    unknown_9f0, t6
C0:       2054 [1] pc=[0040000420,0] W[r17=0000000000000010,0][1] R[r 0=0000000000000000,0] R[r 2=0000000000000013,0] 
 inst=[142028f3,0] csrr    a7, scause
C0:       2055 [1] pc=[0040000424,0] W[r16=0000000000000008,0][1] R[r 0=0000000000000000,0] R[r 8=0000000000000013,0] 
 inst=[00800813,0] li      a6, 8
C0:       2057 [1] pc=[0040000428,0] W[r 0=0000000000000001,0][0] R[r16=0000000000000008,0] R[r17=0000000000000010,0] 
 inst=[01181463,0] bne     a6, a7, pc + 8
C0:       2061 [1] pc=[0040000430,0] W[r16=0000000000000005,0][1] R[r 0=0000000000000000,0] R[r 5=0000000000000013,0] 
 inst=[00500813,0] li      a6, 5
C0:       2062 [1] pc=[0040000434,0] W[r 0=0000000000000000,0][0] R[r28=000000000000000e,0] R[r16=0000000000000005,0] 
 inst=[030e0063,0] beq     t3, a6, pc + 32
C0:       2063 [1] pc=[0040000438,0] W[r16=0000000000000006,0][1] R[r 0=0000000000000000,0] R[r 6=0000000000000013,0] 
 inst=[00600813,0] li      a6, 6
C0:       2064 [1] pc=[004000043c,0] W[r 0=0000000000000000,0][0] R[r28=000000000000000e,0] R[r16=0000000000000006,0] 
 inst=[010e0c63,0] beq     t3, a6, pc + 24
C0:       2082 [1] pc=[0040000440,0] W[r16=000000000000000a,0][1] R[r 0=0000000000000000,0] R[r10=0000000000000013,0] 
 inst=[00a00813,0] li      a6, 10
C0:       2083 [1] pc=[0040000444,0] W[r 0=0000000000000000,0][0] R[r28=000000000000000e,0] R[r16=000000000000000a,0] 
 inst=[010e0863,0] beq     t3, a6, pc + 16
C0:       2084 [1] pc=[0040000448,0] W[r16=000000000000000e,0][1] R[r 0=0000000000000000,0] R[r14=0000000000000013,0] 
 inst=[00e00813,0] li      a6, 14
C0:       2085 [1] pc=[004000044c,0] W[r 0=0000000000000001,0][0] R[r28=000000000000000e,0] R[r16=000000000000000e,0] 
 inst=[010e0463,0] beq     t3, a6, pc + 8
C0:       2089 [1] pc=[0040000454,0] W[r16=0000000000000010,0][1] R[r 0=0000000000000000,0] R[r16=0000000000000013,0] 
 inst=[01000813,0] li      a6, 16
C0:       2090 [1] pc=[0040000458,0] W[r 0=0000000000000000,0][0] R[r16=0000000000000010,0] R[r17=0000000000000010,0] 
 inst=[f91814e3,0] bne     a6, a7, pc - 120
C0:       2091 [1] pc=[004000045c,0] W[r16=0000000040000370,0][1] R[r 0=0000000000000000,0] R[r 1=0000000000000013,0] 
 inst=[14102873,0] csrr    a6, sepc
C0:       2094 [1] pc=[0040000460,0] W[r17=0000000000000000,0][1] R[r16=0000000040000370,0] R[r 0=0000000000000000,0] 
 inst=[000808d7,0] unknown
C0:       2095 [1] pc=[0040000464,0] W[r 0=0000000000000000,0][0] R[r17=0000000000000000,0] R[r 0=0000000000000000,0] 
 inst=[f6089ee3,0] bnez    a7, pc - 132
C0:       2096 [1] pc=[0040000468,0] W[r16=0000000040000374,0][1] R[r16=0000000040000370,0] R[r 4=0000000000000013,0] 
 inst=[00480813,0] addi    a6, a6, 4
C0:       2097 [1] pc=[004000046c,0] W[r 0=0000000040000370,0][1] R[r16=0000000040000374,0] R[r 1=0000000000000013,0] 
 inst=[14181073,0] csrw    sepc, a6
C0:       2098 [1] pc=[0040000470,0] W[r30=0000000040f0f000,0][1] R[r 0=0000000000000000,0] R[r 0=0000000000000000,0] 
 inst=[14002f73,0] csrr    t5, sscratch
C0:       2101 [1] pc=[0040000474,0] W[r 0=0000000000f0f0f0,0][1] R[r30=0000000040f0f000,0] R[r16=0000000000000013,0] 
 inst=[9f0f1073,0] csrw    unknown_9f0, t5
C0:       2105 [1] pc=[0040000478,0] W[r 0=0000000000000000,0][0] R[r 0=0000000000000000,0] R[r 2=0000000000000013,0] 
 inst=[10200073,0] sret
C0:       2124 [1] pc=[0040000374,0] W[r28=000000000000000f,0][1] R[r 0=0000000000000000,0] R[r15=0000000000000013,0] 
 inst=[00f00e13,0] li      t3, 15
C0:       2125 [1] pc=[0040000378,0] W[r10=0000000040000378,0][1] R[r 0=0000000000000000,0] R[r 0=0000000000000000,0] 
 inst=[00000517,0] auipc   a0, 0x0
C0:       2126 [1] pc=[004000037c,0] W[r10=00000000400003a0,0][1] R[r10=0000000040000378,0] R[r 8=0000000000000013,0] 
 inst=[02850513,0] addi    a0, a0, 40
TagXact1: (0) Read 0xb8000038 miss
TagXact1: (0) Read 0xbffc0000 miss
TagXact1: (0) FetchRead 0xbffffe00 => 0000000000000000
C0:       2163 [1] pc=[0040000380,0] W[r 0=00000000400003a0,0][0] R[r10=00000000400003a0,0] R[r 0=0000000000000000,0] 
 inst=[00052483,0] lw      s1, 0(a0)
C0:       2188 [1] pc=[0040000384,0] W[r 9=fffffffffff10113,1][1] R[r 1=0000000000000001,0] R[r 0=0000000000000000,0] 
 inst=[000094d7,0] unknown
C0:       2189 [1] pc=[0040000388,0] W[r 0=00000000400003a0,0][0] R[r10=00000000400003a0,0] R[r 9=fffffffffff10113,1] 
 inst=[00952023,0] sw      s1, 0(a0)
C0:       2197 [1] pc=[004000038c,0] W[r 9=0000000001000e13,0][1] R[r10=00000000400003a0,0] R[r16=0000000000000013,0] 
 inst=[01052483,0] lw      s1, 16(a0)
C0:       2199 [1] pc=[0040000390,0] W[r 9=0000000001000e13,1][1] R[r 1=0000000000000001,0] R[r 0=0000000000000000,0] 
 inst=[000094d7,0] unknown
C0:       2200 [1] pc=[0040000394,0] W[r 0=00000000400003b0,0][0] R[r10=00000000400003a0,0] R[r 9=0000000001000e13,1] 
 inst=[00952823,0] sw      s1, 16(a0)
C0:       2201 [1] pc=[0040000398,0] W[r 2=0000000000000010,0][1] R[r 0=0000000000000000,0] R[r16=0000000000000013,0] 
 inst=[01000113,0] li      sp, 16
C0:       2204 [1] pc=[004000039c,0] W[r 0=0000000000000004,0][0] R[r 0=0000000000000000,0] R[r 0=0000000000000000,0] 
 inst=[0000100f,0] fence.i
C0:       2262 [1] pc=[00400003a0,0] W[r 2=000000000000000f,0][1] R[r 2=0000000000000010,0] R[r31=0000000000000013,0] 
 inst=[fff10113,1] addi    sp, sp, -1
C0:       2263 [1] pc=[00400003a4,0] W[r 0=0000000000000000,0][0] R[r 2=000000000000000f,0] R[r 0=0000000000000000,0] 
 inst=[00010663,0] beqz    sp, pc + 12
C0:       2264 [1] pc=[00400003a8,0] W[r 0=00000000400003ac,0][1] R[r10=00000000400003a0,0] R[r 0=0000000000000000,0] 
 inst=[00050067,0] jr      a0
C0:       2268 [1] pc=[00400003a0,1] W[r 2=000000000000000e,0][1] R[r 2=000000000000000f,0] R[r31=0000000000000013,0] 
 inst=[fff10113,1] addi    sp, sp, -1
C0:       2269 [1] pc=[00400003a4,0] W[r 0=0000000000000000,0][0] R[r 2=000000000000000e,0] R[r 0=0000000000000000,0] 
 inst=[00010663,0] beqz    sp, pc + 12
C0:       2270 [1] pc=[00400003a8,0] W[r 0=00000000400003ac,0][1] R[r10=00000000400003a0,0] R[r 0=0000000000000000,0] 
 inst=[00050067,0] jr      a0
C0:       2271 [1] pc=[00400003a0,1] W[r 2=000000000000000d,0][1] R[r 2=000000000000000e,0] R[r31=0000000000000013,0] 
 inst=[fff10113,1] addi    sp, sp, -1
C0:       2272 [1] pc=[00400003a4,0] W[r 0=0000000000000000,0][0] R[r 2=000000000000000d,0] R[r 0=0000000000000000,0] 
 inst=[00010663,0] beqz    sp, pc + 12
C0:       2273 [1] pc=[00400003a8,0] W[r 0=00000000400003ac,0][1] R[r10=00000000400003a0,0] R[r 0=0000000000000000,0] 
 inst=[00050067,0] jr      a0
C0:       2274 [1] pc=[00400003a0,1] W[r 2=000000000000000c,0][1] R[r 2=000000000000000d,0] R[r31=0000000000000013,0] 
 inst=[fff10113,1] addi    sp, sp, -1
C0:       2275 [1] pc=[00400003a4,0] W[r 0=0000000000000000,0][0] R[r 2=000000000000000c,0] R[r 0=0000000000000000,0] 
 inst=[00010663,0] beqz    sp, pc + 12
C0:       2276 [1] pc=[00400003a8,0] W[r 0=00000000400003ac,0][1] R[r10=00000000400003a0,0] R[r 0=0000000000000000,0] 
 inst=[00050067,0] jr      a0
C0:       2277 [1] pc=[00400003a0,1] W[r 2=000000000000000b,0][1] R[r 2=000000000000000c,0] R[r31=0000000000000013,0] 
 inst=[fff10113,1] addi    sp, sp, -1
C0:       2278 [1] pc=[00400003a4,0] W[r 0=0000000000000000,0][0] R[r 2=000000000000000b,0] R[r 0=0000000000000000,0] 
 inst=[00010663,0] beqz    sp, pc + 12
C0:       2279 [1] pc=[00400003a8,0] W[r 0=00000000400003ac,0][1] R[r10=00000000400003a0,0] R[r 0=0000000000000000,0] 
 inst=[00050067,0] jr      a0
C0:       2280 [1] pc=[00400003a0,1] W[r 2=000000000000000a,0][1] R[r 2=000000000000000b,0] R[r31=0000000000000013,0] 
 inst=[fff10113,1] addi    sp, sp, -1
C0:       2281 [1] pc=[00400003a4,0] W[r 0=0000000000000000,0][0] R[r 2=000000000000000a,0] R[r 0=0000000000000000,0] 
 inst=[00010663,0] beqz    sp, pc + 12
C0:       2282 [1] pc=[00400003a8,0] W[r 0=00000000400003ac,0][1] R[r10=00000000400003a0,0] R[r 0=0000000000000000,0] 
 inst=[00050067,0] jr      a0
C0:       2283 [1] pc=[00400003a0,1] W[r 2=0000000000000009,0][1] R[r 2=000000000000000a,0] R[r31=0000000000000013,0] 
 inst=[fff10113,1] addi    sp, sp, -1
C0:       2284 [1] pc=[00400003a4,0] W[r 0=0000000000000000,0][0] R[r 2=0000000000000009,0] R[r 0=0000000000000000,0] 
 inst=[00010663,0] beqz    sp, pc + 12
C0:       2285 [1] pc=[00400003a8,0] W[r 0=00000000400003ac,0][1] R[r10=00000000400003a0,0] R[r 0=0000000000000000,0] 
 inst=[00050067,0] jr      a0
C0:       2286 [1] pc=[00400003a0,1] W[r 2=0000000000000008,0][1] R[r 2=0000000000000009,0] R[r31=0000000000000013,0] 
 inst=[fff10113,1] addi    sp, sp, -1
C0:       2287 [1] pc=[00400003a4,0] W[r 0=0000000000000000,0][0] R[r 2=0000000000000008,0] R[r 0=0000000000000000,0] 
 inst=[00010663,0] beqz    sp, pc + 12
C0:       2288 [1] pc=[00400003a8,0] W[r 0=00000000400003ac,0][1] R[r10=00000000400003a0,0] R[r 0=0000000000000000,0] 
 inst=[00050067,0] jr      a0
C0:       2289 [1] pc=[00400003a0,1] W[r 2=0000000000000007,0][1] R[r 2=0000000000000008,0] R[r31=0000000000000013,0] 
 inst=[fff10113,1] addi    sp, sp, -1
C0:       2290 [1] pc=[00400003a4,0] W[r 0=0000000000000000,0][0] R[r 2=0000000000000007,0] R[r 0=0000000000000000,0] 
 inst=[00010663,0] beqz    sp, pc + 12
C0:       2291 [1] pc=[00400003a8,0] W[r 0=00000000400003ac,0][1] R[r10=00000000400003a0,0] R[r 0=0000000000000000,0] 
 inst=[00050067,0] jr      a0
C0:       2292 [1] pc=[00400003a0,1] W[r 2=0000000000000006,0][1] R[r 2=0000000000000007,0] R[r31=0000000000000013,0] 
 inst=[fff10113,1] addi    sp, sp, -1
C0:       2293 [1] pc=[00400003a4,0] W[r 0=0000000000000000,0][0] R[r 2=0000000000000006,0] R[r 0=0000000000000000,0] 
 inst=[00010663,0] beqz    sp, pc + 12
C0:       2294 [1] pc=[00400003a8,0] W[r 0=00000000400003ac,0][1] R[r10=00000000400003a0,0] R[r 0=0000000000000000,0] 
 inst=[00050067,0] jr      a0
C0:       2295 [1] pc=[00400003a0,1] W[r 2=0000000000000005,0][1] R[r 2=0000000000000006,0] R[r31=0000000000000013,0] 
 inst=[fff10113,1] addi    sp, sp, -1
C0:       2296 [1] pc=[00400003a4,0] W[r 0=0000000000000000,0][0] R[r 2=0000000000000005,0] R[r 0=0000000000000000,0] 
 inst=[00010663,0] beqz    sp, pc + 12
C0:       2297 [1] pc=[00400003a8,0] W[r 0=00000000400003ac,0][1] R[r10=00000000400003a0,0] R[r 0=0000000000000000,0] 
 inst=[00050067,0] jr      a0
C0:       2298 [1] pc=[00400003a0,1] W[r 2=0000000000000004,0][1] R[r 2=0000000000000005,0] R[r31=0000000000000013,0] 
 inst=[fff10113,1] addi    sp, sp, -1
C0:       2299 [1] pc=[00400003a4,0] W[r 0=0000000000000000,0][0] R[r 2=0000000000000004,0] R[r 0=0000000000000000,0] 
 inst=[00010663,0] beqz    sp, pc + 12
C0:       2300 [1] pc=[00400003a8,0] W[r 0=00000000400003ac,0][1] R[r10=00000000400003a0,0] R[r 0=0000000000000000,0] 
 inst=[00050067,0] jr      a0
C0:       2301 [1] pc=[00400003a0,1] W[r 2=0000000000000003,0][1] R[r 2=0000000000000004,0] R[r31=0000000000000013,0] 
 inst=[fff10113,1] addi    sp, sp, -1
C0:       2302 [1] pc=[00400003a4,0] W[r 0=0000000000000000,0][0] R[r 2=0000000000000003,0] R[r 0=0000000000000000,0] 
 inst=[00010663,0] beqz    sp, pc + 12
C0:       2303 [1] pc=[00400003a8,0] W[r 0=00000000400003ac,0][1] R[r10=00000000400003a0,0] R[r 0=0000000000000000,0] 
 inst=[00050067,0] jr      a0
C0:       2304 [1] pc=[00400003a0,1] W[r 2=0000000000000002,0][1] R[r 2=0000000000000003,0] R[r31=0000000000000013,0] 
 inst=[fff10113,1] addi    sp, sp, -1
C0:       2305 [1] pc=[00400003a4,0] W[r 0=0000000000000000,0][0] R[r 2=0000000000000002,0] R[r 0=0000000000000000,0] 
 inst=[00010663,0] beqz    sp, pc + 12
C0:       2306 [1] pc=[00400003a8,0] W[r 0=00000000400003ac,0][1] R[r10=00000000400003a0,0] R[r 0=0000000000000000,0] 
 inst=[00050067,0] jr      a0
C0:       2307 [1] pc=[00400003a0,1] W[r 2=0000000000000001,0][1] R[r 2=0000000000000002,0] R[r31=0000000000000013,0] 
 inst=[fff10113,1] addi    sp, sp, -1
C0:       2308 [1] pc=[00400003a4,0] W[r 0=0000000000000000,0][0] R[r 2=0000000000000001,0] R[r 0=0000000000000000,0] 
 inst=[00010663,0] beqz    sp, pc + 12
C0:       2309 [1] pc=[00400003a8,0] W[r 0=00000000400003ac,0][1] R[r10=00000000400003a0,0] R[r 0=0000000000000000,0] 
 inst=[00050067,0] jr      a0
C0:       2310 [1] pc=[00400003a0,1] W[r 2=0000000000000000,0][1] R[r 2=0000000000000001,0] R[r31=0000000000000013,0] 
 inst=[fff10113,1] addi    sp, sp, -1
C0:       2311 [1] pc=[00400003a4,0] W[r 0=0000000000000001,0][0] R[r 2=0000000000000000,0] R[r 0=0000000000000000,0] 
 inst=[00010663,0] beqz    sp, pc + 12
C0:       2315 [1] pc=[00400003b0,0] W[r28=0000000000000010,0][1] R[r 0=0000000000000000,0] R[r16=0000000000000013,0] 
 inst=[01000e13,1] li      t3, 16
C0:       2316 [1] pc=[00400003b4,0] W[r10=00000000400003b4,0][1] R[r 0=0000000000000000,0] R[r 0=0000000000000000,0] 
 inst=[00000517,0] auipc   a0, 0x0
C0:       2317 [1] pc=[00400003b8,0] W[r10=00000000400003d0,0][1] R[r10=00000000400003b4,0] R[r28=0000000000000010,0] 
 inst=[01c50513,0] addi    a0, a0, 28
C0:       2318 [1] pc=[00400003bc,0] W[r 0=00000000400003d0,0][0] R[r10=00000000400003d0,0] R[r 0=0000000000000000,0] 
 inst=[00052783,0] lw      a5, 0(a0)
TagXact1: (0) Read 0xb800003c miss
TagXact1: (0) Read 0xbffc0000 miss
TagXact1: (0) FetchRead 0xbffffe00 => 0000000000000000
C0:       2379 [1] pc=[00400003c0,0] W[r15=0000000000000013,1][1] R[r 1=0000000000000001,0] R[r 0=0000000000000000,0] 
 inst=[000097d7,0] unknown
C0:       2380 [1] pc=[00400003c4,0] W[r 0=00000000400003d0,0][0] R[r10=00000000400003d0,0] R[r 0=0000000000000000,0] 
 inst=[00052023,0] sw      zero, 0(a0)
C0:       2388 [1] pc=[00400003c8,0] W[r 0=0000000000000004,0][0] R[r 0=0000000000000000,0] R[r 0=0000000000000000,0] 
 inst=[0000100f,0] fence.i
C0:       2446 [1] pc=[00400003cc,0] W[r 0=00000000400003d0,0][1] R[r10=00000000400003d0,0] R[r 0=0000000000000000,0] 
 inst=[00050067,0] jr      a0
C0:       2447 [0] pc=[00400003d0,1] W[r 0=0000000000000000,0][0] R[r 0=0000000000000000,0] R[r 0=0000000000000000,0] 
 inst=[00000000,0] addi    s0, sp, 0
C0:       2470 [1] pc=[0040000004,0] W[r30=0000000040f0f000,0][1] R[r 0=0000000000000000,0] R[r16=0000000000000013,0] 
 inst=[bf002f73,0] csrr    t5, unknown_bf0
C0:       2473 [1] pc=[0040000008,0] W[r 0=68d70fe72d48552a,0][1] R[r30=0000000040f0f000,0] R[r 0=0000000000000000,0] 
 inst=[340f1073,0] csrw    mscratch, t5
C0:       2474 [1] pc=[004000000c,0] W[r31=00000000000000f0,0][1] R[r 0=0000000000000000,0] R[r16=0000000000000013,0] 
 inst=[0f000f93,0] li      t6, 240
C0:       2475 [1] pc=[0040000010,0] W[r30=000000000000f000,0][1] R[r 1=0000000040f0f003,0] R[r 0=0000000000000000,0] 
 inst=[0000ff37,0] lui     t5, 0xf
C0:       2476 [1] pc=[0040000014,0] W[r31=000000000000f0f0,0][1] R[r31=00000000000000f0,0] R[r30=000000000000f000,0] 
 inst=[01efefb3,0] or      t6, t6, t5
C0:       2477 [1] pc=[0040000018,0] W[r30=0000000000f00000,0][1] R[r 0=0000000000000000,0] R[r15=0000000000000013,0] 
 inst=[00f00f37,0] lui     t5, 0xf00
C0:       2478 [1] pc=[004000001c,0] W[r31=0000000000f0f0f0,0][1] R[r31=000000000000f0f0,0] R[r30=0000000000f00000,0] 
 inst=[01efefb3,0] or      t6, t6, t5
C0:       2479 [1] pc=[0040000020,0] W[r 0=0000000040f0f000,0][1] R[r31=0000000000f0f0f0,0] R[r16=0000000000000013,0] 
 inst=[bf0f9073,0] csrw    unknown_bf0, t6
C0:       2483 [1] pc=[0040000024,0] W[r30=0000000000000002,0][1] R[r 0=0000000000000000,0] R[r 2=0000000000000013,0] 
 inst=[34202f73,0] csrr    t5, mcause
C0:       2484 [1] pc=[0040000028,0] W[r31=0000000000000008,0][1] R[r 0=0000000000000000,0] R[r 8=0000000000000013,0] 
 inst=[00800f93,0] li      t6, 8
C0:       2486 [1] pc=[004000002c,0] W[r 0=0000000000000000,0][0] R[r30=0000000000000002,0] R[r31=0000000000000008,0] 
 inst=[03ff0a63,0] beq     t5, t6, pc + 52
C0:       2487 [1] pc=[0040000030,0] W[r31=0000000000000009,0][1] R[r 0=0000000000000000,0] R[r 9=0000000000000013,0] 
 inst=[00900f93,0] li      t6, 9
C0:       2488 [1] pc=[0040000034,0] W[r 0=0000000000000000,0][0] R[r30=0000000000000002,0] R[r31=0000000000000009,0] 
 inst=[03ff0663,0] beq     t5, t6, pc + 44
C0:       2489 [1] pc=[0040000038,0] W[r31=000000000000000b,0][1] R[r 0=0000000000000000,0] R[r11=0000000000000013,0] 
 inst=[00b00f93,0] li      t6, 11
C0:       2490 [1] pc=[004000003c,0] W[r 0=0000000000000000,0][0] R[r30=0000000000000002,0] R[r31=000000000000000b,0] 
 inst=[03ff0263,0] beq     t5, t6, pc + 36
C0:       2508 [1] pc=[0040000040,0] W[r30=0000000040000040,0][1] R[r 0=0000000000000000,0] R[r 0=0000000000000000,0] 
 inst=[00000f17,0] auipc   t5, 0x0
C0:       2509 [1] pc=[0040000044,0] W[r30=00000000400004b4,0][1] R[r30=0000000040000040,0] R[r20=0000000000000013,0] 
 inst=[474f0f13,0] addi    t5, t5, 1140
C0:       2510 [1] pc=[0040000048,0] W[r 0=0000000000000000,0][0] R[r30=00000000400004b4,0] R[r 0=0000000000000000,0] 
 inst=[000f0463,0] beqz    t5, pc + 8
C0:       2511 [1] pc=[004000004c,0] W[r 0=0000000040000050,0][1] R[r30=00000000400004b4,0] R[r 0=0000000000000000,0] 
 inst=[000f0067,0] jr      t5
C0:       2535 [1] pc=[00400004b4,0] W[r30=0000000000f0f0f0,0][1] R[r 0=0000000000000000,0] R[r16=0000000000000013,0] 
 inst=[bf002f73,0] csrr    t5, unknown_bf0
C0:       2538 [1] pc=[00400004b8,0] W[r 0=0000000040f0f000,0][1] R[r30=0000000000f0f0f0,0] R[r 0=0000000000000000,0] 
 inst=[340f1073,0] csrw    mscratch, t5
C0:       2539 [1] pc=[00400004bc,0] W[r31=00000000000000f0,0][1] R[r 0=0000000000000000,0] R[r16=0000000000000013,0] 
 inst=[0f000f93,0] li      t6, 240
TagXact1: (0) Read 0xb800004c miss
TagXact1: (0) Read 0xbffc0000 miss
TagXact1: (0) FetchRead 0xbffffe00 => 0000000000000000
C0:       2574 [1] pc=[00400004c0,0] W[r30=000000000000f000,0][1] R[r 1=0000000000f0f0f3,0] R[r 0=0000000000000000,0] 
 inst=[0000ff37,0] lui     t5, 0xf
C0:       2575 [1] pc=[00400004c4,0] W[r31=000000000000f0f0,0][1] R[r31=00000000000000f0,0] R[r30=000000000000f000,0] 
 inst=[01efefb3,0] or      t6, t6, t5
C0:       2576 [1] pc=[00400004c8,0] W[r30=0000000000f00000,0][1] R[r 0=0000000000000000,0] R[r15=0000000000000013,0] 
 inst=[00f00f37,0] lui     t5, 0xf00
C0:       2577 [1] pc=[00400004cc,0] W[r31=0000000000f0f0f0,0][1] R[r31=000000000000f0f0,0] R[r30=0000000000f00000,0] 
 inst=[01efefb3,0] or      t6, t6, t5
C0:       2578 [1] pc=[00400004d0,0] W[r 0=0000000000f0f0f0,0][1] R[r31=0000000000f0f0f0,0] R[r16=0000000000000013,0] 
 inst=[bf0f9073,0] csrw    unknown_bf0, t6
C0:       2582 [1] pc=[00400004d4,0] W[r17=0000000000000002,0][1] R[r 0=0000000000000000,0] R[r 2=0000000000000013,0] 
 inst=[342028f3,0] csrr    a7, mcause
C0:       2583 [1] pc=[00400004d8,0] W[r16=0000000000000002,0][1] R[r 0=0000000000000000,0] R[r 2=0000000000000013,0] 
 inst=[00200813,0] li      a6, 2
C0:       2585 [1] pc=[00400004dc,0] W[r 0=0000000000000000,0][0] R[r16=0000000000000002,0] R[r17=0000000000000002,0] 
 inst=[f11812e3,0] bne     a6, a7, pc - 252
C0:       2586 [1] pc=[00400004e0,0] W[r17=00000000400003d0,0][1] R[r 0=0000000000000000,0] R[r 1=0000000000000003,0] 
 inst=[341028f3,0] csrr    a7, mepc
C0:       2589 [1] pc=[00400004e4,0] W[r16=0000000000000000,0][1] R[r17=00000000400003d0,0] R[r 0=0000000000000000,0] 
 inst=[0008a803,0] lw      a6, 0(a7)
C0:       2591 [1] pc=[00400004e8,0] W[r 0=0000000000000000,0][0] R[r16=0000000000000000,0] R[r 0=0000000000000000,0] 
 inst=[ee081ce3,0] bnez    a6, pc - 264
C0:       2592 [1] pc=[00400004ec,0] W[r16=0000000000000000,0][1] R[r16=0000000000000000,0] R[r 0=0000000000000000,0] 
 inst=[00080857,0] unknown
C0:       2593 [1] pc=[00400004f0,0] W[r 0=0000000000000000,0][0] R[r16=0000000000000000,0] R[r 0=0000000000000000,0] 
 inst=[ee0818e3,0] bnez    a6, pc - 272
C0:       2594 [1] pc=[00400004f4,0] W[r16=0000000000000013,1][1] R[r15=0000000000000013,1] R[r 0=0000000000000000,0] 
 inst=[00078813,0] mv      a6, a5
C0:       2595 [1] pc=[00400004f8,0] W[r16=0000000000000013,0][1] R[r 0=0000000000000000,0] R[r 0=0000000000000000,0] 
 inst=[00001857,0] unknown
C0:       2596 [1] pc=[00400004fc,0] W[r 0=00000000400003d0,0][0] R[r17=00000000400003d0,0] R[r16=0000000000000013,0] 
 inst=[0108a023,0] sw      a6, 0(a7)
TagXact1: (0) Read 0xb8000050 miss
TagXact1: (0) Read 0xbffc0000 miss
TagXact1: (0) FetchRead 0xbffffe00 => 0000000000000000
C0:       2633 [1] pc=[0040000500,0] W[r30=0000000000f0f0f0,0][1] R[r 0=0000000000000000,0] R[r 0=0000000000000000,0] 
 inst=[34002f73,0] csrr    t5, mscratch
C0:       2636 [1] pc=[0040000504,0] W[r 0=0000000000f0f0f0,0][1] R[r30=0000000000f0f0f0,0] R[r16=0000000000000003,0] 
 inst=[bf0f1073,0] csrw    unknown_bf0, t5
C0:       2640 [1] pc=[0040000508,0] W[r 0=0000000000000004,0][0] R[r 0=0000000000000000,0] R[r 0=0000000000000000,0] 
 inst=[0000100f,0] fence.i
C0:       2662 [1] pc=[004000050c,0] W[r 0=00000000000101ab,0][0] R[r 0=0000000000000000,0] R[r 2=0000000000000003,0] 
 inst=[30200073,0] mret
C0:       2721 [0] pc=[00400003d0,1] W[r 0=0000000000000000,0][0] R[r 0=0000000000000000,0] R[r 0=0000000000000000,0] 
 inst=[00000013,0] nop
C0:       2744 [1] pc=[0040000400,0] W[r30=0000000000f0f0f0,0][1] R[r 0=0000000000000000,0] R[r16=0000000000000003,0] 
 inst=[9f002f73,0] csrr    t5, unknown_9f0
C0:       2747 [1] pc=[0040000404,0] W[r 0=0000000040f0f000,0][1] R[r30=0000000000f0f0f0,0] R[r 0=0000000000000000,0] 
 inst=[140f1073,0] csrw    sscratch, t5
C0:       2748 [1] pc=[0040000408,0] W[r31=00000000000000f0,0][1] R[r 0=0000000000000000,0] R[r16=0000000000000003,0] 
 inst=[0f000f93,0] li      t6, 240
C0:       2749 [1] pc=[004000040c,0] W[r30=000000000000f000,0][1] R[r 1=0000000000f0f0f3,0] R[r 0=0000000000000000,0] 
 inst=[0000ff37,0] lui     t5, 0xf
C0:       2750 [1] pc=[0040000410,0] W[r31=000000000000f0f0,0][1] R[r31=00000000000000f0,0] R[r30=000000000000f000,0] 
 inst=[01efefb3,0] or      t6, t6, t5
C0:       2751 [1] pc=[0040000414,0] W[r30=0000000000f00000,0][1] R[r 0=0000000000000000,0] R[r15=0000000000000003,0] 
 inst=[00f00f37,0] lui     t5, 0xf00
C0:       2752 [1] pc=[0040000418,0] W[r31=0000000000f0f0f0,0][1] R[r31=000000000000f0f0,0] R[r30=0000000000f00000,0] 
 inst=[01efefb3,0] or      t6, t6, t5
C0:       2753 [1] pc=[004000041c,0] W[r 0=0000000000f0f0f0,0][1] R[r31=0000000000f0f0f0,0] R[r16=0000000000000003,0] 
 inst=[9f0f9073,0] csrw    unknown_9f0, t6
C0:       2757 [1] pc=[0040000420,0] W[r17=0000000000000010,0][1] R[r 0=0000000000000000,0] R[r 2=0000000000000003,0] 
 inst=[142028f3,0] csrr    a7, scause
C0:       2758 [1] pc=[0040000424,0] W[r16=0000000000000008,0][1] R[r 0=0000000000000000,0] R[r 8=0000000000000003,0] 
 inst=[00800813,0] li      a6, 8
C0:       2760 [1] pc=[0040000428,0] W[r 0=0000000000000001,0][0] R[r16=0000000000000008,0] R[r17=0000000000000010,0] 
 inst=[01181463,0] bne     a6, a7, pc + 8
C0:       2764 [1] pc=[0040000430,0] W[r16=0000000000000005,0][1] R[r 0=0000000000000000,0] R[r 5=0000000000000013,0] 
 inst=[00500813,0] li      a6, 5
C0:       2765 [1] pc=[0040000434,0] W[r 0=0000000000000000,0][0] R[r28=0000000000000010,0] R[r16=0000000000000005,0] 
 inst=[030e0063,0] beq     t3, a6, pc + 32
C0:       2766 [1] pc=[0040000438,0] W[r16=0000000000000006,0][1] R[r 0=0000000000000000,0] R[r 6=0000000000000013,0] 
 inst=[00600813,0] li      a6, 6
C0:       2767 [1] pc=[004000043c,0] W[r 0=0000000000000000,0][0] R[r28=0000000000000010,0] R[r16=0000000000000006,0] 
 inst=[010e0c63,0] beq     t3, a6, pc + 24
C0:       2785 [1] pc=[0040000440,0] W[r16=000000000000000a,0][1] R[r 0=0000000000000000,0] R[r10=0000000000000013,0] 
 inst=[00a00813,0] li      a6, 10
C0:       2786 [1] pc=[0040000444,0] W[r 0=0000000000000000,0][0] R[r28=0000000000000010,0] R[r16=000000000000000a,0] 
 inst=[010e0863,0] beq     t3, a6, pc + 16
C0:       2787 [1] pc=[0040000448,0] W[r16=000000000000000e,0][1] R[r 0=0000000000000000,0] R[r14=0000000000000013,0] 
 inst=[00e00813,0] li      a6, 14
C0:       2788 [1] pc=[004000044c,0] W[r 0=0000000000000000,0][0] R[r28=0000000000000010,0] R[r16=000000000000000e,0] 
 inst=[010e0463,0] beq     t3, a6, pc + 8
C0:       2789 [1] pc=[0040000450,0] W[r 0=0000000040000454,0][1] R[r 0=0000000000000000,0] R[r12=0000000000000013,0] 
 inst=[02c0006f,0] j       pc + 0x2c
C0:       2793 [1] pc=[004000047c,0] W[r16=0000000000000010,0][1] R[r 0=0000000000000000,0] R[r16=0000000000000013,0] 
 inst=[01000813,0] li      a6, 16
C0:       2812 [1] pc=[0040000480,0] W[r 0=0000000000000001,0][0] R[r28=0000000000000010,0] R[r16=0000000000000010,0] 
 inst=[010e0463,0] beq     t3, a6, pc + 8
C0:       2816 [1] pc=[0040000488,0] W[r16=0000000000000010,0][1] R[r 0=0000000000000000,0] R[r16=0000000000000013,0] 
 inst=[01000813,0] li      a6, 16
C0:       2817 [1] pc=[004000048c,0] W[r 0=0000000000000000,0][0] R[r16=0000000000000010,0] R[r17=0000000000000010,0] 
 inst=[f5181ae3,0] bne     a6, a7, pc - 172
C0:       2818 [1] pc=[0040000490,0] W[r17=00000000400003d0,0][1] R[r 0=0000000000000000,0] R[r 1=0000000000000013,0] 
 inst=[141028f3,0] csrr    a7, sepc
C0:       2819 [1] pc=[0040000494,0] W[r16=0000000000000013,1][1] R[r15=0000000000000013,1] R[r 0=0000000000000000,0] 
 inst=[00078813,0] mv      a6, a5
C0:       2820 [1] pc=[0040000498,0] W[r15=0000000000000013,0][1] R[r 0=0000000000000000,0] R[r 0=0000000000000000,0] 
 inst=[000017d7,0] unknown
C0:       2821 [1] pc=[004000049c,0] W[r 0=00000000400003d4,0][0] R[r17=00000000400003d0,0] R[r15=0000000000000013,0] 
 inst=[00f8a223,0] sw      a5, 4(a7)
C0:       2822 [1] pc=[00400004a0,0] W[r 0=00000000400003d0,0][0] R[r17=00000000400003d0,0] R[r16=0000000000000013,1] 
 inst=[0108a023,0] sw      a6, 0(a7)
C0:       2826 [1] pc=[00400004a4,0] W[r30=0000000000f0f0f0,0][1] R[r 0=0000000000000000,0] R[r 0=0000000000000000,0] 
 inst=[14002f73,0] csrr    t5, sscratch
C0:       2829 [1] pc=[00400004a8,0] W[r 0=0000000000f0f0f0,0][1] R[r30=0000000000f0f0f0,0] R[r16=0000000000000013,1] 
 inst=[9f0f1073,0] csrw    unknown_9f0, t5
C0:       2833 [1] pc=[00400004ac,0] W[r 0=0000000000000004,0][0] R[r 0=0000000000000000,0] R[r 0=0000000000000000,0] 
 inst=[0000100f,0] fence.i
C0:       2855 [1] pc=[00400004b0,0] W[r 0=0000000000000000,0][0] R[r 0=0000000000000000,0] R[r 2=0000000000000013,1] 
 inst=[10200073,0] sret
C0:       2914 [1] pc=[00400003d0,1] W[r 0=0000000000000000,0][1] R[r 0=0000000000000000,0] R[r 0=0000000000000000,0] 
 inst=[00000013,1] nop
C0:       2915 [1] pc=[00400003d4,0] W[r 0=0000000000000000,0][1] R[r 0=0000000000000000,0] R[r 0=0000000000000000,0] 
 inst=[00000013,0] nop
C0:       2916 [1] pc=[00400003d8,0] W[r 0=0000000000f0f0f0,0][1] R[r 0=0000000000000000,0] R[r16=0000000000000013,1] 
 inst=[8f001073,0] csrw    unknown_8f0, zero
C0:       2920 [1] pc=[00400003dc,0] W[r 0=0000000000000001,0][0] R[r 0=0000000000000000,0] R[r28=0000000000000010,0] 
 inst=[01c01c63,0] bne     zero, t3, pc + 24
C0:       2924 [1] pc=[00400003f4,0] W[r 0=0000000000000004,0][0] R[r 0=0000000000000000,0] R[r31=0000000000000013,0] 
 inst=[0ff0000f,0] fence
C0:       2925 [1] pc=[00400003f8,0] W[r28=0000000000000001,0][1] R[r 0=0000000000000000,0] R[r 1=0000000000000013,0] 
 inst=[00100e13,0] li      t3, 1
C0:       2926 [0] pc=[00400003fc,0] W[r 0=0000000000000000,0][0] R[r 0=0000000000000000,0] R[r 0=0000000000000000,0] 
 inst=[00000073,0] ecall
C0:       2945 [1] pc=[0040000400,0] W[r30=0000000000000000,0][1] R[r 0=0000000000000000,0] R[r16=0000000000000013,0] 
 inst=[9f002f73,0] csrr    t5, unknown_9f0
C0:       2948 [1] pc=[0040000404,0] W[r 0=0000000000f0f0f0,0][1] R[r30=0000000000000000,0] R[r 0=0000000000000000,0] 
 inst=[140f1073,0] csrw    sscratch, t5
C0:       2949 [1] pc=[0040000408,0] W[r31=00000000000000f0,0][1] R[r 0=0000000000000000,0] R[r16=0000000000000013,0] 
 inst=[0f000f93,0] li      t6, 240
C0:       2950 [1] pc=[004000040c,0] W[r30=000000000000f000,0][1] R[r 1=0000000000000003,0] R[r 0=0000000000000000,0] 
 inst=[0000ff37,0] lui     t5, 0xf
C0:       2951 [1] pc=[0040000410,0] W[r31=000000000000f0f0,0][1] R[r31=00000000000000f0,0] R[r30=000000000000f000,0] 
 inst=[01efefb3,0] or      t6, t6, t5
C0:       2952 [1] pc=[0040000414,0] W[r30=0000000000f00000,0][1] R[r 0=0000000000000000,0] R[r15=0000000000000013,0] 
 inst=[00f00f37,0] lui     t5, 0xf00
C0:       2953 [1] pc=[0040000418,0] W[r31=0000000000f0f0f0,0][1] R[r31=000000000000f0f0,0] R[r30=0000000000f00000,0] 
 inst=[01efefb3,0] or      t6, t6, t5
C0:       2954 [1] pc=[004000041c,0] W[r 0=0000000000000000,0][1] R[r31=0000000000f0f0f0,0] R[r16=0000000000000013,0] 
 inst=[9f0f9073,0] csrw    unknown_9f0, t6
C0:       2958 [1] pc=[0040000420,0] W[r17=0000000000000008,0][1] R[r 0=0000000000000000,0] R[r 2=0000000000000013,0] 
 inst=[142028f3,0] csrr    a7, scause
C0:       2959 [1] pc=[0040000424,0] W[r16=0000000000000008,0][1] R[r 0=0000000000000000,0] R[r 8=0000000000000013,0] 
 inst=[00800813,0] li      a6, 8
C0:       2961 [1] pc=[0040000428,0] W[r 0=0000000000000000,0][0] R[r16=0000000000000008,0] R[r17=0000000000000008,0] 
 inst=[01181463,0] bne     a6, a7, pc + 8
C0:       2962 [1] pc=[004000042c,0] W[r 0=0000000040000430,0][1] R[r31=0000000000000003,0] R[r 9=000000000000000b,0] 
 inst=[fc9ff06f,0] j       pc - 0x38
C0:       2966 [1] pc=[00400003f4,0] W[r 0=0000000000000004,0][0] R[r 0=0000000000000000,0] R[r31=000000000000000b,0] 
 inst=[0ff0000f,0] fence
C0:       2967 [1] pc=[00400003f8,0] W[r28=0000000000000001,0][1] R[r 0=0000000000000000,0] R[r 1=000000000000000b,0] 
 inst=[00100e13,0] li      t3, 1
C0:       2968 [0] pc=[00400003fc,0] W[r 0=0000000000000000,0][0] R[r 0=0000000000000000,0] R[r 0=0000000000000000,0] 
 inst=[00000073,0] ecall
C0:       2991 [1] pc=[0040000004,0] W[r30=0000000000f0f0f0,0][1] R[r 0=0000000000000000,0] R[r16=000000000000000b,0] 
 inst=[bf002f73,0] csrr    t5, unknown_bf0
C0:       2994 [1] pc=[0040000008,0] W[r 0=0000000000f0f0f0,0][1] R[r30=0000000000f0f0f0,0] R[r 0=0000000000000000,0] 
 inst=[340f1073,0] csrw    mscratch, t5
C0:       2995 [1] pc=[004000000c,0] W[r31=00000000000000f0,0][1] R[r 0=0000000000000000,0] R[r16=000000000000000b,0] 
 inst=[0f000f93,0] li      t6, 240
C0:       2996 [1] pc=[0040000010,0] W[r30=000000000000f000,0][1] R[r 1=0000000000f0f0f3,0] R[r 0=0000000000000000,0] 
 inst=[0000ff37,0] lui     t5, 0xf
C0:       2997 [1] pc=[0040000014,0] W[r31=000000000000f0f0,0][1] R[r31=00000000000000f0,0] R[r30=000000000000f000,0] 
 inst=[01efefb3,0] or      t6, t6, t5
C0:       2998 [1] pc=[0040000018,0] W[r30=0000000000f00000,0][1] R[r 0=0000000000000000,0] R[r15=000000000000000b,0] 
 inst=[00f00f37,0] lui     t5, 0xf00
C0:       2999 [1] pc=[004000001c,0] W[r31=0000000000f0f0f0,0][1] R[r31=000000000000f0f0,0] R[r30=0000000000f00000,0] 
 inst=[01efefb3,0] or      t6, t6, t5
C0:       3000 [1] pc=[0040000020,0] W[r 0=0000000000f0f0f0,0][1] R[r31=0000000000f0f0f0,0] R[r16=000000000000000b,0] 
 inst=[bf0f9073,0] csrw    unknown_bf0, t6
C0:       3004 [1] pc=[0040000024,0] W[r30=0000000000000009,0][1] R[r 0=0000000000000000,0] R[r 2=000000000000000b,0] 
 inst=[34202f73,0] csrr    t5, mcause
C0:       3005 [1] pc=[0040000028,0] W[r31=0000000000000008,0][1] R[r 0=0000000000000000,0] R[r 8=000000000000000b,0] 
 inst=[00800f93,0] li      t6, 8
C0:       3007 [1] pc=[004000002c,0] W[r 0=0000000000000000,0][0] R[r30=0000000000000009,0] R[r31=0000000000000008,0] 
 inst=[03ff0a63,0] beq     t5, t6, pc + 52
C0:       3008 [1] pc=[0040000030,0] W[r31=0000000000000009,0][1] R[r 0=0000000000000000,0] R[r 9=000000000000000b,0] 
 inst=[00900f93,0] li      t6, 9
C0:       3009 [1] pc=[0040000034,0] W[r 0=0000000000000001,0][0] R[r30=0000000000000009,0] R[r31=0000000000000009,0] 
 inst=[03ff0663,0] beq     t5, t6, pc + 44
C0:       3031 [1] pc=[0040000060,0] W[r30=0000000000004000,0][1] R[r 0=0000000000000000,0] R[r 0=0000000000000000,0] 
 inst=[00004f37,0] lui     t5, 0x4
C0:       3032 [1] pc=[0040000064,0] W[r 0=0000000000004000,0][0] R[r30=0000000000004000,0] R[r28=0000000000000001,0] 
 inst=[01cf2023,0] sw      t3, 0(t5)
C0:       3033 [1] pc=[0040000068,0] W[r 0=000000004000006c,0][1] R[r31=000000000000000b,0] R[r25=0000000000000003,0] 
 inst=[ff9ff06f,0] j       pc - 0x8
