C0:         17 [1] pc=[0000000000,0] W[r 5=0000000040000000,0][1] R[r 0=0000000000000000,0] R[r 0=0000000000000000,0] 
 inst=[40000297,0] auipc   t0, 0x40000
C0:         18 [1] pc=[0000000004,0] W[r 0=0000000000000008,0][1] R[r 5=0000000040000000,0] R[r 0=0000000000000000,0] 
 inst=[00028067,0] jr      t0
TagXact1: (0) Create 0xbffffe00
TagXact1: (0) Create 0xbffffe40
TagXact1: (0) Create 0xbffffe80
TagXact1: (0) Create 0xbffffec0
TagXact1: (0) Create 0xbfffff00
TagXact1: (0) Create 0xbfffff40
TagXact1: (0) Create 0xbfffff80
TagXact1: (0) Create 0xbfffffc0
C0:        166 [1] pc=[0040000000,0] W[r 0=0000000040000004,0][1] R[r 0=0000000000000000,0] R[r12=822bd126c26244cb,c] 
 inst=[06c0006f,0] j       pc + 0x6c
TagXact1: (0) Read 0xb8000004 miss
TagXact1: (0) Read 0xbffc0000 miss
TagXact1: (0) FetchRead 0xbffffe00 => 0000000000000000
C0:        208 [1] pc=[004000006c,0] W[r10=0000000000000000,0][1] R[r 0=0000000000000000,0] R[r20=822bd126c26244cb,c] 
 inst=[f1402573,0] csrr    a0, mhartid
C0:        211 [1] pc=[0040000070,0] W[r 0=0000000000000000,0][0] R[r10=0000000000000000,0] R[r 0=0000000000000000,0] 
 inst=[00051063,0] bnez    a0, pc + 0
C0:        212 [1] pc=[0040000074,0] W[r10=8000000000041129,0][1] R[r 0=0000000000000000,0] R[r16=822bd126c26244cb,c] 
 inst=[f1002573,0] csrr    a0, unknown_f10
C0:        215 [1] pc=[0040000078,0] W[r 0=0000000000000001,0][0] R[r10=8000000000041129,0] R[r 0=0000000000000000,0] 
 inst=[00054863,0] bltz    a0, pc + 16
TagXact1: (0) Read 0xb8000008 miss
TagXact1: (0) Read 0xbffc0000 miss
TagXact1: (0) FetchRead 0xbffffe00 => 0000000000000000
C0:        251 [1] pc=[0040000088,0] W[r28=0000000000000000,0][1] R[r 0=0000000000000000,0] R[r 0=0000000000000000,0] 
 inst=[00000e13,0] li      t3, 0
C0:        252 [1] pc=[004000008c,0] W[r 5=000000004000008c,0][1] R[r 0=0000000000000000,0] R[r 0=0000000000000000,0] 
 inst=[00000297,0] auipc   t0, 0x0
C0:        253 [1] pc=[0040000090,0] W[r 5=0000000040000004,0][1] R[r 5=000000004000008c,0] R[r24=822bd126c26244cb,c] 
 inst=[f7828293,0] addi    t0, t0, -136
C0:        254 [1] pc=[0040000094,0] W[r 0=0000000000000000,0][1] R[r 5=0000000040000004,0] R[r 5=0000000040000004,0] 
 inst=[30529073,0] csrw    mtvec, t0
C0:        258 [1] pc=[0040000098,0] W[r 5=0000000000000098,0][1] R[r 0=0000000000000000,0] R[r 0=0000000000000000,0] 
 inst=[c0000297,0] auipc   t0, 0xc0000
C0:        259 [1] pc=[004000009c,0] W[r 5=0000000000000000,0][1] R[r 5=0000000000000098,0] R[r 8=822bd126c26244cb,c] 
 inst=[f6828293,0] addi    t0, t0, -152
C0:        260 [1] pc=[00400000a0,0] W[r 0=0000000000000001,0][0] R[r 5=0000000000000000,0] R[r 0=0000000000000000,0] 
 inst=[00028e63,0] beqz    t0, pc + 28
C0:        264 [1] pc=[00400000bc,0] W[r 0=0000000000001800,0][1] R[r 0=0000000000000000,0] R[r 0=0000000000000000,0] 
 inst=[30005073,0] csrwi   mstatus, 0
TagXact1: (0) Read 0xb800000c miss
TagXact1: (0) Read 0xbffc0000 miss
TagXact1: (0) FetchRead 0xbffffe00 => 0000000000000000
C0:        300 [1] pc=[00400000c0,0] W[r 5=00000000400000c0,0][1] R[r 0=0000000000000000,0] R[r 0=0000000000000000,0] 
 inst=[00000297,0] auipc   t0, 0x0
C0:        301 [1] pc=[00400000c4,0] W[r 5=00000000400000d4,0][1] R[r 5=00000000400000c0,0] R[r20=822bd126c26244cb,c] 
 inst=[01428293,0] addi    t0, t0, 20
C0:        302 [1] pc=[00400000c8,0] W[r 0=000000401c937d84,0][1] R[r 5=00000000400000d4,0] R[r 1=822bd126c26244cb,c] 
 inst=[34129073,0] csrw    mepc, t0
C0:        303 [1] pc=[00400000cc,0] W[r10=0000000000000000,0][1] R[r 0=0000000000000000,0] R[r20=822bd126c26244cb,c] 
 inst=[f1402573,0] csrr    a0, mhartid
C0:        304 [1] pc=[00400000d0,0] W[r 0=0000000000000000,0][0] R[r 0=0000000000000000,0] R[r 2=822bd126c26244cb,c] 
 inst=[30200073,0] mret
C0:        309 [1] pc=[00400000d4,0] W[r 1=0000000000f00000,0][1] R[r 0=0000000000000000,0] R[r15=822bd126c26244cb,c] 
 inst=[00f000b7,0] lui     ra, 0xf00
C0:        310 [1] pc=[00400000d8,0] W[r 0=0000000000000000,0][1] R[r 1=0000000000f00000,0] R[r16=822bd126c26244cb,c] 
 inst=[8f009073,0] csrw    unknown_8f0, ra
C0:        314 [1] pc=[00400000dc,0] W[r 5=00000000400000dc,0][1] R[r 0=0000000000000000,0] R[r 0=0000000000000000,0] 
 inst=[00000297,0] auipc   t0, 0x0
C0:        315 [1] pc=[00400000e0,0] W[r 5=0000000040000184,0][1] R[r 5=00000000400000dc,0] R[r 8=822bd126c26244cb,c] 
 inst=[0a828293,0] addi    t0, t0, 168
C0:        316 [1] pc=[00400000e4,0] W[r 4=0000000000000005,0][1] R[r 0=0000000000000000,0] R[r 5=0000000040000184,0] 
 inst=[00500213,0] li      tp, 5
C0:        317 [1] pc=[00400000e8,0] W[r 0=0000000040000184,0][0] R[r 5=0000000040000184,0] R[r 0=0000000000000000,0] 
 inst=[0002a303,0] lw      t1, 0(t0)
TagXact1: (0) Read 0xb8000018 miss
TagXact1: (0) Read 0xbffc0000 miss
TagXact1: (0) FetchRead 0xbffffe00 => 0000000000000000
C0:        358 [1] pc=[00400000ec,0] W[r 6=0000000000000513,5][1] R[r 4=0000000000000005,0] R[r 0=0000000000000000,0] 
 inst=[00021357,0] unknown
C0:        359 [1] pc=[00400000f0,0] W[r 0=0000000040000184,0][0] R[r 5=0000000040000184,0] R[r 6=0000000000000513,5] 
 inst=[0062a023,0] sw      t1, 0(t0)
C0:        360 [1] pc=[00400000f4,0] W[r 5=00000000400000f4,0][1] R[r 0=0000000000000000,0] R[r 0=0000000000000000,0] 
 inst=[00000297,0] auipc   t0, 0x0
C0:        361 [1] pc=[00400000f8,0] W[r 5=00000000400001a0,0][1] R[r 5=00000000400000f4,0] R[r12=822bd126c26244cb,c] 
 inst=[0ac28293,0] addi    t0, t0, 172
C0:        362 [1] pc=[00400000fc,0] W[r 4=0000000000000003,0][1] R[r 0=0000000000000000,0] R[r 3=822bd126c26244cb,c] 
 inst=[00300213,0] li      tp, 3
TagXact1: (0) Read 0xb8000010 miss
TagXact1: (0) Read 0xbffc0000 miss
TagXact1: (0) FetchRead 0xbffffe00 => 0000000000000000
C0:        397 [1] pc=[0040000100,0] W[r 6=0000000000000513,0][1] R[r 5=00000000400001a0,0] R[r 0=0000000000000000,0] 
 inst=[0002a303,0] lw      t1, 0(t0)
C0:        399 [1] pc=[0040000104,0] W[r 6=0000000000000513,3][1] R[r 4=0000000000000003,0] R[r 0=0000000000000000,0] 
 inst=[00021357,0] unknown
C0:        400 [1] pc=[0040000108,0] W[r 0=00000000400001a0,0][0] R[r 5=00000000400001a0,0] R[r 6=0000000000000513,3] 
 inst=[0062a023,0] sw      t1, 0(t0)
C0:        401 [1] pc=[004000010c,0] W[r 5=000000004000010c,0][1] R[r 0=0000000000000000,0] R[r 0=0000000000000000,0] 
 inst=[00000297,0] auipc   t0, 0x0
C0:        402 [1] pc=[0040000110,0] W[r 5=00000000400001b8,0][1] R[r 5=000000004000010c,0] R[r12=822bd126c26244cb,c] 
 inst=[0ac28293,0] addi    t0, t0, 172
C0:        403 [1] pc=[0040000114,0] W[r 4=0000000000000002,0][1] R[r 0=0000000000000000,0] R[r 2=822bd126c26244cb,c] 
 inst=[00200213,0] li      tp, 2
C0:        404 [1] pc=[0040000118,0] W[r 6=0000000000000513,0][1] R[r 5=00000000400001b8,0] R[r 0=0000000000000000,0] 
 inst=[0002a303,0] lw      t1, 0(t0)
C0:        406 [1] pc=[004000011c,0] W[r 6=0000000000000513,2][1] R[r 4=0000000000000002,0] R[r 0=0000000000000000,0] 
 inst=[00021357,0] unknown
C0:        407 [1] pc=[0040000120,0] W[r 0=00000000400001b8,0][0] R[r 5=00000000400001b8,0] R[r 6=0000000000000513,2] 
 inst=[0062a023,0] sw      t1, 0(t0)
C0:        408 [1] pc=[0040000124,0] W[r 5=0000000040000124,0][1] R[r 0=0000000000000000,0] R[r 0=0000000000000000,0] 
 inst=[00000297,0] auipc   t0, 0x0
C0:        409 [1] pc=[0040000128,0] W[r 5=00000000400001d0,0][1] R[r 5=0000000040000124,0] R[r12=822bd126c26244cb,c] 
 inst=[0ac28293,0] addi    t0, t0, 172
C0:        410 [1] pc=[004000012c,0] W[r 4=0000000000000004,0][1] R[r 0=0000000000000000,0] R[r 4=822bd126c26244cb,c] 
 inst=[00400213,0] li      tp, 4
C0:        411 [1] pc=[0040000130,0] W[r 0=00000000400001d0,0][0] R[r 5=00000000400001d0,0] R[r 0=0000000000000000,0] 
 inst=[0002a303,0] lw      t1, 0(t0)
TagXact1: (0) Read 0xb800001c miss
TagXact1: (0) Read 0xbffc0000 miss
TagXact1: (0) FetchRead 0xbffffe00 => 0000000000000000
C0:        452 [1] pc=[0040000134,0] W[r 6=0000000000000013,4][1] R[r 4=0000000000000004,0] R[r 0=0000000000000000,0] 
 inst=[00021357,0] unknown
C0:        453 [1] pc=[0040000138,0] W[r 0=00000000400001d0,0][0] R[r 5=00000000400001d0,0] R[r 6=0000000000000013,4] 
 inst=[0062a023,0] sw      t1, 0(t0)
C0:        454 [1] pc=[004000013c,0] W[r 5=000000004000013c,0][1] R[r 0=0000000000000000,0] R[r 0=0000000000000000,0] 
 inst=[00000297,0] auipc   t0, 0x0
TagXact1: (0) Read 0xb8000014 miss
TagXact1: (0) Read 0xbffc0000 miss
TagXact1: (0) FetchRead 0xbffffe00 => 0000000000000000
C0:        489 [1] pc=[0040000140,0] W[r 5=00000000400001f0,0][1] R[r 5=000000004000013c,0] R[r20=822bd126c26244cb,c] 
 inst=[0b428293,0] addi    t0, t0, 180
C0:        490 [1] pc=[0040000144,0] W[r 4=0000000000000001,0][1] R[r 0=0000000000000000,0] R[r 1=822bd126c26244cb,c] 
 inst=[00100213,0] li      tp, 1
C0:        491 [1] pc=[0040000148,0] W[r 6=0000000001c01c63,0][1] R[r 5=00000000400001f0,0] R[r 0=0000000000000000,0] 
 inst=[0002a303,0] lw      t1, 0(t0)
C0:        493 [1] pc=[004000014c,0] W[r 6=0000000001c01c63,1][1] R[r 4=0000000000000001,0] R[r 0=0000000000000000,0] 
 inst=[00021357,0] unknown
C0:        494 [1] pc=[0040000150,0] W[r 0=00000000400001f0,0][0] R[r 5=00000000400001f0,0] R[r 6=0000000001c01c63,1] 
 inst=[0062a023,0] sw      t1, 0(t0)
C0:        498 [1] pc=[0040000154,0] W[r 0=0000000000000004,0][0] R[r 0=0000000000000000,0] R[r 0=0000000000000000,0] 
 inst=[0000100f,0] fence.i
C0:        520 [1] pc=[0040000158,0] W[r10=0000000000001000,0][1] R[r 0=0000000000000000,0] R[r 0=0000000000000000,0] 
 inst=[00001537,0] lui     a0, 0x1
C0:        521 [1] pc=[004000015c,0] W[r10=0000000000000f00,0][1] R[r10=0000000000001000,0] R[r 0=0000000000000000,0] 
 inst=[f005051b,0] addiw   a0, a0, -256
C0:        522 [1] pc=[0040000160,0] W[r28=0000000000000002,0][1] R[r 0=0000000000000000,0] R[r 2=822bd126c26244cb,c] 
 inst=[00200e13,0] li      t3, 2
C0:        523 [1] pc=[0040000164,0] W[r 1=0000000000000001,0][1] R[r 0=0000000000000000,0] R[r 1=822bd126c26244cb,c] 
 inst=[00100093,0] li      ra, 1
C0:        524 [1] pc=[0040000168,0] W[r 1=0000010000000000,0][1] R[r 1=0000000000000001,0] R[r 8=822bd126c26244cb,c] 
 inst=[02809093,0] slli    ra, ra, 40
C0:        525 [1] pc=[004000016c,0] W[r 0=0000000000000000,0][1] R[r 0=0000000000000000,0] R[r 0=0000000000000000,0] 
 inst=[00000013,0] nop
C0:        526 [1] pc=[0040000170,0] W[r 0=0000000000000000,0][1] R[r 0=0000000000000000,0] R[r 0=0000000000000000,0] 
 inst=[00000013,0] nop
C0:        527 [1] pc=[0040000174,0] W[r 0=0000000000000000,0][1] R[r 0=0000000000000000,0] R[r 0=0000000000000000,0] 
 inst=[00000013,0] nop
C0:        528 [1] pc=[0040000178,0] W[r 0=0000000000000000,0][1] R[r 0=0000000000000000,0] R[r 0=0000000000000000,0] 
 inst=[00000013,0] nop
C0:        529 [1] pc=[004000017c,0] W[r 0=0000000000000000,0][1] R[r 0=0000000000000000,0] R[r 0=0000000000000000,0] 
 inst=[00000013,0] nop
C0:        584 [1] pc=[0040000180,0] W[r 0=0000000000f00000,0][1] R[r 1=0000010000000000,0] R[r16=822bd126c26244cb,c] 
 inst=[8f009073,1] csrw    unknown_8f0, ra
C0:        588 [0] pc=[0040000184,0] W[r 0=0000000000000000,0][0] R[r 0=0000000000000000,0] R[r 0=0000000000000000,0] 
 inst=[00000513,1] li      a0, 0
C0:        611 [1] pc=[0040000004,0] W[r30=0000010000000000,0][1] R[r 0=0000000000000000,0] R[r16=822bd126c26244cb,c] 
 inst=[bf002f73,0] csrr    t5, unknown_bf0
C0:        614 [1] pc=[0040000008,0] W[r 0=68d70fe72d48552a,0][1] R[r30=0000010000000000,0] R[r 0=0000000000000000,0] 
 inst=[340f1073,0] csrw    mscratch, t5
C0:        615 [1] pc=[004000000c,0] W[r31=00000000000000f0,0][1] R[r 0=0000000000000000,0] R[r16=822bd126c26244cb,c] 
 inst=[0f000f93,0] li      t6, 240
C0:        616 [1] pc=[0040000010,0] W[r30=000000000000f000,0][1] R[r 1=0000010000000003,0] R[r 0=0000000000000000,0] 
 inst=[0000ff37,0] lui     t5, 0xf
C0:        617 [1] pc=[0040000014,0] W[r31=000000000000f0f0,0][1] R[r31=00000000000000f0,0] R[r30=000000000000f000,0] 
 inst=[01efefb3,0] or      t6, t6, t5
C0:        618 [1] pc=[0040000018,0] W[r30=0000000000f00000,0][1] R[r 0=0000000000000000,0] R[r15=822bd126c26244cb,c] 
 inst=[00f00f37,0] lui     t5, 0xf00
C0:        619 [1] pc=[004000001c,0] W[r31=0000000000f0f0f0,0][1] R[r31=000000000000f0f0,0] R[r30=0000000000f00000,0] 
 inst=[01efefb3,0] or      t6, t6, t5
C0:        620 [1] pc=[0040000020,0] W[r 0=0000010000000000,0][1] R[r31=0000000000f0f0f0,0] R[r16=822bd126c26244cb,c] 
 inst=[bf0f9073,0] csrw    unknown_bf0, t6
C0:        624 [1] pc=[0040000024,0] W[r30=0000000000000010,0][1] R[r 0=0000000000000000,0] R[r 2=822bd126c26244cb,c] 
 inst=[34202f73,0] csrr    t5, mcause
C0:        625 [1] pc=[0040000028,0] W[r31=0000000000000008,0][1] R[r 0=0000000000000000,0] R[r 8=822bd126c26244cb,c] 
 inst=[00800f93,0] li      t6, 8
C0:        627 [1] pc=[004000002c,0] W[r 0=0000000000000000,0][0] R[r30=0000000000000010,0] R[r31=0000000000000008,0] 
 inst=[03ff0a63,0] beq     t5, t6, pc + 52
C0:        628 [1] pc=[0040000030,0] W[r31=0000000000000009,0][1] R[r 0=0000000000000000,0] R[r 9=822bd126c26244cb,c] 
 inst=[00900f93,0] li      t6, 9
C0:        629 [1] pc=[0040000034,0] W[r 0=0000000000000000,0][0] R[r30=0000000000000010,0] R[r31=0000000000000009,0] 
 inst=[03ff0663,0] beq     t5, t6, pc + 44
C0:        630 [1] pc=[0040000038,0] W[r31=000000000000000b,0][1] R[r 0=0000000000000000,0] R[r11=822bd126c26244cb,c] 
 inst=[00b00f93,0] li      t6, 11
C0:        631 [1] pc=[004000003c,0] W[r 0=0000000000000000,0][0] R[r30=0000000000000010,0] R[r31=000000000000000b,0] 
 inst=[03ff0263,0] beq     t5, t6, pc + 36
C0:        649 [1] pc=[0040000040,0] W[r30=0000000040000040,0][1] R[r 0=0000000000000000,0] R[r 0=0000000000000000,0] 
 inst=[00000f17,0] auipc   t5, 0x0
C0:        650 [1] pc=[0040000044,0] W[r30=0000000040000214,0][1] R[r30=0000000040000040,0] R[r20=822bd126c26244cb,c] 
 inst=[1d4f0f13,0] addi    t5, t5, 468
C0:        651 [1] pc=[0040000048,0] W[r 0=0000000000000000,0][0] R[r30=0000000040000214,0] R[r 0=0000000000000000,0] 
 inst=[000f0463,0] beqz    t5, pc + 8
C0:        652 [1] pc=[004000004c,0] W[r 0=0000000040000050,0][1] R[r30=0000000040000214,0] R[r 0=0000000000000000,0] 
 inst=[000f0067,0] jr      t5
TagXact1: (0) Read 0xb8000020 miss
TagXact1: (0) Read 0xbffc0000 miss
TagXact1: (0) FetchRead 0xbffffe00 => 0000000000000000
C0:        692 [1] pc=[0040000214,0] W[r16=0000000000000006,0][1] R[r 0=0000000000000000,0] R[r 6=822bd126c26244cb,c] 
 inst=[00600813,0] li      a6, 6
C0:        693 [1] pc=[0040000218,0] W[r 0=0000000000000000,0][0] R[r28=0000000000000002,0] R[r16=0000000000000006,0] 
 inst=[fd0e0ee3,0] beq     t3, a6, pc - 36
C0:        694 [1] pc=[004000021c,0] W[r16=0000000000000010,0][1] R[r 0=0000000000000000,0] R[r16=0000000000000006,0] 
 inst=[01000813,0] li      a6, 16
C0:        695 [1] pc=[0040000220,0] W[r17=0000000000000010,0][1] R[r 0=0000000000000000,0] R[r 2=822bd126c26244cb,c] 
 inst=[342028f3,0] csrr    a7, mcause
C0:        698 [1] pc=[0040000224,0] W[r 0=0000000000000000,0][0] R[r16=0000000000000010,0] R[r17=0000000000000010,0] 
 inst=[fd1818e3,0] bne     a6, a7, pc - 48
C0:        699 [1] pc=[0040000228,0] W[r16=0000000040000184,0][1] R[r 0=0000000000000000,0] R[r 1=0000000000000013,0] 
 inst=[34102873,0] csrr    a6, mepc
C0:        702 [1] pc=[004000022c,0] W[r16=0000000040000188,0][1] R[r16=0000000040000184,0] R[r 4=0000000000000013,0] 
 inst=[00480813,0] addi    a6, a6, 4
C0:        703 [1] pc=[0040000230,0] W[r 0=0000000040000184,0][1] R[r16=0000000040000188,0] R[r 1=0000000000000013,0] 
 inst=[34181073,0] csrw    mepc, a6
C0:        704 [1] pc=[0040000234,0] W[r30=0000010000000000,0][1] R[r 0=0000000000000000,0] R[r 0=0000000000000000,0] 
 inst=[34002f73,0] csrr    t5, mscratch
C0:        707 [1] pc=[0040000238,0] W[r 0=0000000000f0f0f0,0][1] R[r30=0000010000000000,0] R[r16=0000000000000013,0] 
 inst=[bf0f1073,0] csrw    unknown_bf0, t5
TagXact1: (0) Read 0xb8000024 miss
TagXact1: (0) Read 0xbffc0000 miss
TagXact1: (0) FetchRead 0xbffffe00 => 0000000000000000
C0:        743 [1] pc=[004000023c,0] W[r 0=0000000000000000,0][0] R[r 0=0000000000000000,0] R[r 2=0000000000000013,0] 
 inst=[30200073,0] mret
C0:        748 [1] pc=[0040000188,0] W[r 0=0000000000000000,0][0] R[r10=0000000000000f00,0] R[r 0=0000000000000000,0] 
 inst=[06050663,0] beqz    a0, pc + 108
C0:        749 [1] pc=[004000018c,0] W[r28=0000000000000003,0][1] R[r 0=0000000000000000,0] R[r 3=0000000000000013,0] 
 inst=[00300e13,0] li      t3, 3
C0:        750 [1] pc=[0040000190,0] W[r 1=0000000000000001,0][1] R[r 0=0000000000000000,0] R[r 1=0000000000000013,0] 
 inst=[00100093,0] li      ra, 1
C0:        751 [1] pc=[0040000194,0] W[r 1=0000010000000000,0][1] R[r 1=0000000000000001,0] R[r 8=0000000000000013,0] 
 inst=[02809093,0] slli    ra, ra, 40
C0:        752 [1] pc=[0040000198,0] W[r 0=0000010000000000,0][1] R[r 1=0000010000000000,0] R[r16=0000000000000013,0] 
 inst=[8f009073,0] csrw    unknown_8f0, ra
C0:        756 [1] pc=[004000019c,0] W[r 0=0000000000000000,0][1] R[r 0=0000000000000000,0] R[r 0=0000000000000000,0] 
 inst=[00000013,0] nop
C0:        757 [0] pc=[00400001a0,0] W[r 0=0000000000000000,0][0] R[r 0=0000000000000000,0] R[r 0=0000000000000000,0] 
 inst=[00000513,3] li      a0, 0
C0:        762 [1] pc=[0040000004,0] W[r30=0000010000000000,0][1] R[r 0=0000000000000000,0] R[r16=0000000000000013,0] 
 inst=[bf002f73,0] csrr    t5, unknown_bf0
C0:        765 [1] pc=[0040000008,0] W[r 0=0000010000000000,0][1] R[r30=0000010000000000,0] R[r 0=0000000000000000,0] 
 inst=[340f1073,0] csrw    mscratch, t5
C0:        766 [1] pc=[004000000c,0] W[r31=00000000000000f0,0][1] R[r 0=0000000000000000,0] R[r16=0000000000000013,0] 
 inst=[0f000f93,0] li      t6, 240
C0:        767 [1] pc=[0040000010,0] W[r30=000000000000f000,0][1] R[r 1=0000010000000003,0] R[r 0=0000000000000000,0] 
 inst=[0000ff37,0] lui     t5, 0xf
C0:        768 [1] pc=[0040000014,0] W[r31=000000000000f0f0,0][1] R[r31=00000000000000f0,0] R[r30=000000000000f000,0] 
 inst=[01efefb3,0] or      t6, t6, t5
C0:        769 [1] pc=[0040000018,0] W[r30=0000000000f00000,0][1] R[r 0=0000000000000000,0] R[r15=0000000000000013,0] 
 inst=[00f00f37,0] lui     t5, 0xf00
C0:        770 [1] pc=[004000001c,0] W[r31=0000000000f0f0f0,0][1] R[r31=000000000000f0f0,0] R[r30=0000000000f00000,0] 
 inst=[01efefb3,0] or      t6, t6, t5
C0:        771 [1] pc=[0040000020,0] W[r 0=0000010000000000,0][1] R[r31=0000000000f0f0f0,0] R[r16=0000000000000013,0] 
 inst=[bf0f9073,0] csrw    unknown_bf0, t6
C0:        775 [1] pc=[0040000024,0] W[r30=0000000000000010,0][1] R[r 0=0000000000000000,0] R[r 2=0000000000000013,0] 
 inst=[34202f73,0] csrr    t5, mcause
C0:        776 [1] pc=[0040000028,0] W[r31=0000000000000008,0][1] R[r 0=0000000000000000,0] R[r 8=0000000000000013,0] 
 inst=[00800f93,0] li      t6, 8
C0:        778 [1] pc=[004000002c,0] W[r 0=0000000000000000,0][0] R[r30=0000000000000010,0] R[r31=0000000000000008,0] 
 inst=[03ff0a63,0] beq     t5, t6, pc + 52
C0:        779 [1] pc=[0040000030,0] W[r31=0000000000000009,0][1] R[r 0=0000000000000000,0] R[r 9=0000000000000013,0] 
 inst=[00900f93,0] li      t6, 9
C0:        780 [1] pc=[0040000034,0] W[r 0=0000000000000000,0][0] R[r30=0000000000000010,0] R[r31=0000000000000009,0] 
 inst=[03ff0663,0] beq     t5, t6, pc + 44
C0:        781 [1] pc=[0040000038,0] W[r31=000000000000000b,0][1] R[r 0=0000000000000000,0] R[r11=0000000000000013,0] 
 inst=[00b00f93,0] li      t6, 11
C0:        782 [1] pc=[004000003c,0] W[r 0=0000000000000000,0][0] R[r30=0000000000000010,0] R[r31=000000000000000b,0] 
 inst=[03ff0263,0] beq     t5, t6, pc + 36
C0:        783 [1] pc=[0040000040,0] W[r30=0000000040000040,0][1] R[r 0=0000000000000000,0] R[r 0=0000000000000000,0] 
 inst=[00000f17,0] auipc   t5, 0x0
C0:        784 [1] pc=[0040000044,0] W[r30=0000000040000214,0][1] R[r30=0000000040000040,0] R[r20=0000000000000013,0] 
 inst=[1d4f0f13,0] addi    t5, t5, 468
C0:        785 [1] pc=[0040000048,0] W[r 0=0000000000000000,0][0] R[r30=0000000040000214,0] R[r 0=0000000000000000,0] 
 inst=[000f0463,0] beqz    t5, pc + 8
C0:        786 [1] pc=[004000004c,0] W[r 0=0000000040000050,0][1] R[r30=0000000040000214,0] R[r 0=0000000000000000,0] 
 inst=[000f0067,0] jr      t5
C0:        787 [1] pc=[0040000214,0] W[r16=0000000000000006,0][1] R[r 0=0000000000000000,0] R[r 6=0000000000000013,0] 
 inst=[00600813,0] li      a6, 6
C0:        788 [1] pc=[0040000218,0] W[r 0=0000000000000000,0][0] R[r28=0000000000000003,0] R[r16=0000000000000006,0] 
 inst=[fd0e0ee3,0] beq     t3, a6, pc - 36
C0:        789 [1] pc=[004000021c,0] W[r16=0000000000000010,0][1] R[r 0=0000000000000000,0] R[r16=0000000000000006,0] 
 inst=[01000813,0] li      a6, 16
C0:        790 [1] pc=[0040000220,0] W[r17=0000000000000010,0][1] R[r 0=0000000000000000,0] R[r 2=0000000000000013,0] 
 inst=[342028f3,0] csrr    a7, mcause
C0:        793 [1] pc=[0040000224,0] W[r 0=0000000000000000,0][0] R[r16=0000000000000010,0] R[r17=0000000000000010,0] 
 inst=[fd1818e3,0] bne     a6, a7, pc - 48
C0:        794 [1] pc=[0040000228,0] W[r16=00000000400001a0,0][1] R[r 0=0000000000000000,0] R[r 1=0000000000000013,0] 
 inst=[34102873,0] csrr    a6, mepc
C0:        797 [1] pc=[004000022c,0] W[r16=00000000400001a4,0][1] R[r16=00000000400001a0,0] R[r 4=0000000000000013,0] 
 inst=[00480813,0] addi    a6, a6, 4
C0:        798 [1] pc=[0040000230,0] W[r 0=00000000400001a0,0][1] R[r16=00000000400001a4,0] R[r 1=0000000000000013,0] 
 inst=[34181073,0] csrw    mepc, a6
C0:        799 [1] pc=[0040000234,0] W[r30=0000010000000000,0][1] R[r 0=0000000000000000,0] R[r 0=0000000000000000,0] 
 inst=[34002f73,0] csrr    t5, mscratch
C0:        802 [1] pc=[0040000238,0] W[r 0=0000000000f0f0f0,0][1] R[r30=0000010000000000,0] R[r16=0000000000000013,0] 
 inst=[bf0f1073,0] csrw    unknown_bf0, t5
C0:        806 [1] pc=[004000023c,0] W[r 0=0000000000000000,0][0] R[r 0=0000000000000000,0] R[r 2=0000000000000013,0] 
 inst=[30200073,0] mret
C0:        811 [1] pc=[00400001a4,0] W[r 0=0000000000000000,0][0] R[r10=0000000000000f00,0] R[r 0=0000000000000000,0] 
 inst=[04050863,0] beqz    a0, pc + 80
C0:        812 [1] pc=[00400001a8,0] W[r28=0000000000000004,0][1] R[r 0=0000000000000000,0] R[r 4=0000000000000013,0] 
 inst=[00400e13,0] li      t3, 4
C0:        813 [1] pc=[00400001ac,0] W[r 1=0000000000000002,0][1] R[r 0=0000000000000000,0] R[r 2=0000000000000013,0] 
 inst=[00200093,0] li      ra, 2
C0:        814 [1] pc=[00400001b0,0] W[r 1=0000020000000000,0][1] R[r 1=0000000000000002,0] R[r 8=0000000000000013,0] 
 inst=[02809093,0] slli    ra, ra, 40
C0:        815 [1] pc=[00400001b4,0] W[r 0=0000010000000000,0][1] R[r 1=0000020000000000,0] R[r16=0000000000000013,0] 
 inst=[8f009073,0] csrw    unknown_8f0, ra
C0:        819 [0] pc=[00400001b8,0] W[r 0=0000000000000000,0][0] R[r 0=0000000000000000,0] R[r 0=0000000000000000,0] 
 inst=[00000513,2] li      a0, 0
C0:        874 [1] pc=[0040000004,0] W[r30=0000020000000000,0][1] R[r 0=0000000000000000,0] R[r16=0000000000000013,0] 
 inst=[bf002f73,0] csrr    t5, unknown_bf0
C0:        877 [1] pc=[0040000008,0] W[r 0=0000010000000000,0][1] R[r30=0000020000000000,0] R[r 0=0000000000000000,0] 
 inst=[340f1073,0] csrw    mscratch, t5
C0:        878 [1] pc=[004000000c,0] W[r31=00000000000000f0,0][1] R[r 0=0000000000000000,0] R[r16=0000000000000013,0] 
 inst=[0f000f93,0] li      t6, 240
C0:        879 [1] pc=[0040000010,0] W[r30=000000000000f000,0][1] R[r 1=0000020000000003,0] R[r 0=0000000000000000,0] 
 inst=[0000ff37,0] lui     t5, 0xf
C0:        880 [1] pc=[0040000014,0] W[r31=000000000000f0f0,0][1] R[r31=00000000000000f0,0] R[r30=000000000000f000,0] 
 inst=[01efefb3,0] or      t6, t6, t5
C0:        881 [1] pc=[0040000018,0] W[r30=0000000000f00000,0][1] R[r 0=0000000000000000,0] R[r15=0000000000000013,0] 
 inst=[00f00f37,0] lui     t5, 0xf00
C0:        882 [1] pc=[004000001c,0] W[r31=0000000000f0f0f0,0][1] R[r31=000000000000f0f0,0] R[r30=0000000000f00000,0] 
 inst=[01efefb3,0] or      t6, t6, t5
C0:        883 [1] pc=[0040000020,0] W[r 0=0000020000000000,0][1] R[r31=0000000000f0f0f0,0] R[r16=0000000000000013,0] 
 inst=[bf0f9073,0] csrw    unknown_bf0, t6
C0:        887 [1] pc=[0040000024,0] W[r30=0000000000000010,0][1] R[r 0=0000000000000000,0] R[r 2=0000000000000013,0] 
 inst=[34202f73,0] csrr    t5, mcause
C0:        888 [1] pc=[0040000028,0] W[r31=0000000000000008,0][1] R[r 0=0000000000000000,0] R[r 8=0000000000000013,0] 
 inst=[00800f93,0] li      t6, 8
C0:        890 [1] pc=[004000002c,0] W[r 0=0000000000000000,0][0] R[r30=0000000000000010,0] R[r31=0000000000000008,0] 
 inst=[03ff0a63,0] beq     t5, t6, pc + 52
C0:        891 [1] pc=[0040000030,0] W[r31=0000000000000009,0][1] R[r 0=0000000000000000,0] R[r 9=0000000000000013,0] 
 inst=[00900f93,0] li      t6, 9
C0:        892 [1] pc=[0040000034,0] W[r 0=0000000000000000,0][0] R[r30=0000000000000010,0] R[r31=0000000000000009,0] 
 inst=[03ff0663,0] beq     t5, t6, pc + 44
C0:        893 [1] pc=[0040000038,0] W[r31=000000000000000b,0][1] R[r 0=0000000000000000,0] R[r11=0000000000000013,0] 
 inst=[00b00f93,0] li      t6, 11
C0:        894 [1] pc=[004000003c,0] W[r 0=0000000000000000,0][0] R[r30=0000000000000010,0] R[r31=000000000000000b,0] 
 inst=[03ff0263,0] beq     t5, t6, pc + 36
C0:        895 [1] pc=[0040000040,0] W[r30=0000000040000040,0][1] R[r 0=0000000000000000,0] R[r 0=0000000000000000,0] 
 inst=[00000f17,0] auipc   t5, 0x0
C0:        896 [1] pc=[0040000044,0] W[r30=0000000040000214,0][1] R[r30=0000000040000040,0] R[r20=0000000000000013,0] 
 inst=[1d4f0f13,0] addi    t5, t5, 468
C0:        897 [1] pc=[0040000048,0] W[r 0=0000000000000000,0][0] R[r30=0000000040000214,0] R[r 0=0000000000000000,0] 
 inst=[000f0463,0] beqz    t5, pc + 8
C0:        898 [1] pc=[004000004c,0] W[r 0=0000000040000050,0][1] R[r30=0000000040000214,0] R[r 0=0000000000000000,0] 
 inst=[000f0067,0] jr      t5
C0:        899 [1] pc=[0040000214,0] W[r16=0000000000000006,0][1] R[r 0=0000000000000000,0] R[r 6=0000000000000013,0] 
 inst=[00600813,0] li      a6, 6
C0:        900 [1] pc=[0040000218,0] W[r 0=0000000000000000,0][0] R[r28=0000000000000004,0] R[r16=0000000000000006,0] 
 inst=[fd0e0ee3,0] beq     t3, a6, pc - 36
C0:        901 [1] pc=[004000021c,0] W[r16=0000000000000010,0][1] R[r 0=0000000000000000,0] R[r16=0000000000000006,0] 
 inst=[01000813,0] li      a6, 16
C0:        902 [1] pc=[0040000220,0] W[r17=0000000000000010,0][1] R[r 0=0000000000000000,0] R[r 2=0000000000000013,0] 
 inst=[342028f3,0] csrr    a7, mcause
C0:        905 [1] pc=[0040000224,0] W[r 0=0000000000000000,0][0] R[r16=0000000000000010,0] R[r17=0000000000000010,0] 
 inst=[fd1818e3,0] bne     a6, a7, pc - 48
C0:        906 [1] pc=[0040000228,0] W[r16=00000000400001b8,0][1] R[r 0=0000000000000000,0] R[r 1=0000000000000013,0] 
 inst=[34102873,0] csrr    a6, mepc
C0:        909 [1] pc=[004000022c,0] W[r16=00000000400001bc,0][1] R[r16=00000000400001b8,0] R[r 4=0000000000000013,0] 
 inst=[00480813,0] addi    a6, a6, 4
C0:        910 [1] pc=[0040000230,0] W[r 0=00000000400001b8,0][1] R[r16=00000000400001bc,0] R[r 1=0000000000000013,0] 
 inst=[34181073,0] csrw    mepc, a6
C0:        911 [1] pc=[0040000234,0] W[r30=0000020000000000,0][1] R[r 0=0000000000000000,0] R[r 0=0000000000000000,0] 
 inst=[34002f73,0] csrr    t5, mscratch
C0:        914 [1] pc=[0040000238,0] W[r 0=0000000000f0f0f0,0][1] R[r30=0000020000000000,0] R[r16=0000000000000013,0] 
 inst=[bf0f1073,0] csrw    unknown_bf0, t5
C0:        918 [1] pc=[004000023c,0] W[r 0=0000000000000000,0][0] R[r 0=0000000000000000,0] R[r 2=0000000000000013,0] 
 inst=[30200073,0] mret
C0:        923 [1] pc=[00400001bc,0] W[r 0=0000000000000000,0][0] R[r10=0000000000000f00,0] R[r 0=0000000000000000,0] 
 inst=[02050c63,0] beqz    a0, pc + 56
C0:        924 [1] pc=[00400001c0,0] W[r28=0000000000000005,0][1] R[r 0=0000000000000000,0] R[r 5=0000000000000013,0] 
 inst=[00500e13,0] li      t3, 5
C0:        925 [1] pc=[00400001c4,0] W[r 1=0000000000000001,0][1] R[r 0=0000000000000000,0] R[r 1=0000000000000013,0] 
 inst=[00100093,0] li      ra, 1
C0:        926 [1] pc=[00400001c8,0] W[r 1=0000010000000000,0][1] R[r 1=0000000000000001,0] R[r 8=0000000000000013,0] 
 inst=[02809093,0] slli    ra, ra, 40
C0:        927 [1] pc=[00400001cc,0] W[r 0=0000020000000000,0][1] R[r 1=0000010000000000,0] R[r16=0000000000000013,0] 
 inst=[8f009073,0] csrw    unknown_8f0, ra
C0:        931 [1] pc=[00400001d0,0] W[r 0=0000000000000000,0][1] R[r 0=0000000000000000,0] R[r 0=0000000000000000,0] 
 inst=[00000013,0] nop
C0:        932 [0] pc=[00400001d4,0] W[r 0=0000000000000000,0][0] R[r 0=0000000000000000,0] R[r 0=0000000000000000,0] 
 inst=[00000513,1] li      a0, 0
C0:        937 [1] pc=[0040000004,0] W[r30=0000010000000000,0][1] R[r 0=0000000000000000,0] R[r16=0000000000000013,0] 
 inst=[bf002f73,0] csrr    t5, unknown_bf0
C0:        940 [1] pc=[0040000008,0] W[r 0=0000020000000000,0][1] R[r30=0000010000000000,0] R[r 0=0000000000000000,0] 
 inst=[340f1073,0] csrw    mscratch, t5
C0:        941 [1] pc=[004000000c,0] W[r31=00000000000000f0,0][1] R[r 0=0000000000000000,0] R[r16=0000000000000013,0] 
 inst=[0f000f93,0] li      t6, 240
C0:        942 [1] pc=[0040000010,0] W[r30=000000000000f000,0][1] R[r 1=0000010000000003,0] R[r 0=0000000000000000,0] 
 inst=[0000ff37,0] lui     t5, 0xf
C0:        943 [1] pc=[0040000014,0] W[r31=000000000000f0f0,0][1] R[r31=00000000000000f0,0] R[r30=000000000000f000,0] 
 inst=[01efefb3,0] or      t6, t6, t5
C0:        944 [1] pc=[0040000018,0] W[r30=0000000000f00000,0][1] R[r 0=0000000000000000,0] R[r15=0000000000000013,0] 
 inst=[00f00f37,0] lui     t5, 0xf00
C0:        945 [1] pc=[004000001c,0] W[r31=0000000000f0f0f0,0][1] R[r31=000000000000f0f0,0] R[r30=0000000000f00000,0] 
 inst=[01efefb3,0] or      t6, t6, t5
C0:        946 [1] pc=[0040000020,0] W[r 0=0000010000000000,0][1] R[r31=0000000000f0f0f0,0] R[r16=0000000000000013,0] 
 inst=[bf0f9073,0] csrw    unknown_bf0, t6
C0:        950 [1] pc=[0040000024,0] W[r30=0000000000000010,0][1] R[r 0=0000000000000000,0] R[r 2=0000000000000013,0] 
 inst=[34202f73,0] csrr    t5, mcause
C0:        951 [1] pc=[0040000028,0] W[r31=0000000000000008,0][1] R[r 0=0000000000000000,0] R[r 8=0000000000000013,0] 
 inst=[00800f93,0] li      t6, 8
C0:        953 [1] pc=[004000002c,0] W[r 0=0000000000000000,0][0] R[r30=0000000000000010,0] R[r31=0000000000000008,0] 
 inst=[03ff0a63,0] beq     t5, t6, pc + 52
C0:        954 [1] pc=[0040000030,0] W[r31=0000000000000009,0][1] R[r 0=0000000000000000,0] R[r 9=0000000000000013,0] 
 inst=[00900f93,0] li      t6, 9
C0:        955 [1] pc=[0040000034,0] W[r 0=0000000000000000,0][0] R[r30=0000000000000010,0] R[r31=0000000000000009,0] 
 inst=[03ff0663,0] beq     t5, t6, pc + 44
C0:        956 [1] pc=[0040000038,0] W[r31=000000000000000b,0][1] R[r 0=0000000000000000,0] R[r11=0000000000000013,0] 
 inst=[00b00f93,0] li      t6, 11
C0:        957 [1] pc=[004000003c,0] W[r 0=0000000000000000,0][0] R[r30=0000000000000010,0] R[r31=000000000000000b,0] 
 inst=[03ff0263,0] beq     t5, t6, pc + 36
C0:        958 [1] pc=[0040000040,0] W[r30=0000000040000040,0][1] R[r 0=0000000000000000,0] R[r 0=0000000000000000,0] 
 inst=[00000f17,0] auipc   t5, 0x0
C0:        959 [1] pc=[0040000044,0] W[r30=0000000040000214,0][1] R[r30=0000000040000040,0] R[r20=0000000000000013,0] 
 inst=[1d4f0f13,0] addi    t5, t5, 468
C0:        960 [1] pc=[0040000048,0] W[r 0=0000000000000000,0][0] R[r30=0000000040000214,0] R[r 0=0000000000000000,0] 
 inst=[000f0463,0] beqz    t5, pc + 8
C0:        961 [1] pc=[004000004c,0] W[r 0=0000000040000050,0][1] R[r30=0000000040000214,0] R[r 0=0000000000000000,0] 
 inst=[000f0067,0] jr      t5
C0:        962 [1] pc=[0040000214,0] W[r16=0000000000000006,0][1] R[r 0=0000000000000000,0] R[r 6=0000000000000013,0] 
 inst=[00600813,0] li      a6, 6
C0:        963 [1] pc=[0040000218,0] W[r 0=0000000000000000,0][0] R[r28=0000000000000005,0] R[r16=0000000000000006,0] 
 inst=[fd0e0ee3,0] beq     t3, a6, pc - 36
C0:        964 [1] pc=[004000021c,0] W[r16=0000000000000010,0][1] R[r 0=0000000000000000,0] R[r16=0000000000000006,0] 
 inst=[01000813,0] li      a6, 16
C0:        965 [1] pc=[0040000220,0] W[r17=0000000000000010,0][1] R[r 0=0000000000000000,0] R[r 2=0000000000000013,0] 
 inst=[342028f3,0] csrr    a7, mcause
C0:        968 [1] pc=[0040000224,0] W[r 0=0000000000000000,0][0] R[r16=0000000000000010,0] R[r17=0000000000000010,0] 
 inst=[fd1818e3,0] bne     a6, a7, pc - 48
C0:        969 [1] pc=[0040000228,0] W[r16=00000000400001d4,0][1] R[r 0=0000000000000000,0] R[r 1=0000000000000013,0] 
 inst=[34102873,0] csrr    a6, mepc
C0:        972 [1] pc=[004000022c,0] W[r16=00000000400001d8,0][1] R[r16=00000000400001d4,0] R[r 4=0000000000000013,0] 
 inst=[00480813,0] addi    a6, a6, 4
C0:        973 [1] pc=[0040000230,0] W[r 0=00000000400001d4,0][1] R[r16=00000000400001d8,0] R[r 1=0000000000000013,0] 
 inst=[34181073,0] csrw    mepc, a6
C0:        974 [1] pc=[0040000234,0] W[r30=0000010000000000,0][1] R[r 0=0000000000000000,0] R[r 0=0000000000000000,0] 
 inst=[34002f73,0] csrr    t5, mscratch
C0:        977 [1] pc=[0040000238,0] W[r 0=0000000000f0f0f0,0][1] R[r30=0000010000000000,0] R[r16=0000000000000013,0] 
 inst=[bf0f1073,0] csrw    unknown_bf0, t5
C0:        981 [1] pc=[004000023c,0] W[r 0=0000000000000000,0][0] R[r 0=0000000000000000,0] R[r 2=0000000000000013,0] 
 inst=[30200073,0] mret
C0:        986 [1] pc=[00400001d8,0] W[r 0=0000000000000000,0][0] R[r10=0000000000000f00,0] R[r 0=0000000000000000,0] 
 inst=[00050e63,0] beqz    a0, pc + 28
C0:        987 [1] pc=[00400001dc,0] W[r28=0000000000000006,0][1] R[r 0=0000000000000000,0] R[r 6=0000000000000013,0] 
 inst=[00600e13,0] li      t3, 6
C0:        988 [1] pc=[00400001e0,0] W[r 1=0000000000000002,0][1] R[r 0=0000000000000000,0] R[r 2=0000000000000013,0] 
 inst=[00200093,0] li      ra, 2
C0:        989 [1] pc=[00400001e4,0] W[r 1=0000020000000000,0][1] R[r 1=0000000000000002,0] R[r 8=0000000000000013,0] 
 inst=[02809093,0] slli    ra, ra, 40
C0:        990 [1] pc=[00400001e8,0] W[r 0=0000010000000000,0][1] R[r 1=0000020000000000,0] R[r16=0000000000000013,0] 
 inst=[8f009073,0] csrw    unknown_8f0, ra
C0:        994 [1] pc=[00400001ec,0] W[r 0=0000000000000000,0][1] R[r 0=0000000000000000,0] R[r 0=0000000000000000,0] 
 inst=[00000013,0] nop
C0:        995 [1] pc=[00400001f0,0] W[r 0=0000000000000001,0][0] R[r 0=0000000000000000,0] R[r28=0000000000000006,0] 
 inst=[01c01c63,1] bne     zero, t3, pc + 24
C0:        999 [1] pc=[0040000208,0] W[r 0=0000000000000004,0][0] R[r 0=0000000000000000,0] R[r31=0000000000000007,0] 
 inst=[0ff0000f,0] fence
C0:       1000 [1] pc=[004000020c,0] W[r28=0000000000000001,0][1] R[r 0=0000000000000000,0] R[r 1=0000000000000007,0] 
 inst=[00100e13,0] li      t3, 1
C0:       1001 [0] pc=[0040000210,0] W[r 0=0000000000000000,0][0] R[r 0=0000000000000000,0] R[r 0=0000000000000000,0] 
 inst=[00000073,0] ecall
C0:       1006 [1] pc=[0040000004,0] W[r30=0000020000000000,0][1] R[r 0=0000000000000000,0] R[r16=0000000000000007,0] 
 inst=[bf002f73,0] csrr    t5, unknown_bf0
C0:       1009 [1] pc=[0040000008,0] W[r 0=0000010000000000,0][1] R[r30=0000020000000000,0] R[r 0=0000000000000000,0] 
 inst=[340f1073,0] csrw    mscratch, t5
C0:       1010 [1] pc=[004000000c,0] W[r31=00000000000000f0,0][1] R[r 0=0000000000000000,0] R[r16=0000000000000007,0] 
 inst=[0f000f93,0] li      t6, 240
C0:       1011 [1] pc=[0040000010,0] W[r30=000000000000f000,0][1] R[r 1=0000020000000003,0] R[r 0=0000000000000000,0] 
 inst=[0000ff37,0] lui     t5, 0xf
C0:       1012 [1] pc=[0040000014,0] W[r31=000000000000f0f0,0][1] R[r31=00000000000000f0,0] R[r30=000000000000f000,0] 
 inst=[01efefb3,0] or      t6, t6, t5
C0:       1013 [1] pc=[0040000018,0] W[r30=0000000000f00000,0][1] R[r 0=0000000000000000,0] R[r15=0000000000000007,0] 
 inst=[00f00f37,0] lui     t5, 0xf00
C0:       1014 [1] pc=[004000001c,0] W[r31=0000000000f0f0f0,0][1] R[r31=000000000000f0f0,0] R[r30=0000000000f00000,0] 
 inst=[01efefb3,0] or      t6, t6, t5
C0:       1015 [1] pc=[0040000020,0] W[r 0=0000020000000000,0][1] R[r31=0000000000f0f0f0,0] R[r16=0000000000000007,0] 
 inst=[bf0f9073,0] csrw    unknown_bf0, t6
C0:       1019 [1] pc=[0040000024,0] W[r30=0000000000000008,0][1] R[r 0=0000000000000000,0] R[r 2=0000000000000007,0] 
 inst=[34202f73,0] csrr    t5, mcause
C0:       1020 [1] pc=[0040000028,0] W[r31=0000000000000008,0][1] R[r 0=0000000000000000,0] R[r 8=0000000000000007,0] 
 inst=[00800f93,0] li      t6, 8
C0:       1022 [1] pc=[004000002c,0] W[r 0=0000000000000001,0][0] R[r30=0000000000000008,0] R[r31=0000000000000008,0] 
 inst=[03ff0a63,0] beq     t5, t6, pc + 52
C0:       1026 [1] pc=[0040000060,0] W[r30=0000000000004000,0][1] R[r 0=0000000000000000,0] R[r 0=0000000000000000,0] 
 inst=[00004f37,0] lui     t5, 0x4
C0:       1027 [1] pc=[0040000064,0] W[r 0=0000000000004000,0][0] R[r30=0000000000004000,0] R[r28=0000000000000001,0] 
 inst=[01cf2023,0] sw      t3, 0(t5)
C0:       1028 [1] pc=[0040000068,0] W[r 0=000000004000006c,0][1] R[r31=000000000000000b,0] R[r25=0000000000000003,0] 
 inst=[ff9ff06f,0] j       pc - 0x8
