C0:         17 [1] pc=[0000000000,0] W[r 5=0000000040000000,0][1] R[r 0=0000000000000000,0] R[r 0=0000000000000000,0] 
 inst=[40000297,0] auipc   t0, 0x40000
C0:         18 [1] pc=[0000000004,0] W[r 0=0000000000000008,0][1] R[r 5=0000000040000000,0] R[r 0=0000000000000000,0] 
 inst=[00028067,0] jr      t0
TagXact1: (0) Create 0xbffffe00
TagXact1: (0) Create 0xbffffe40
TagXact1: (0) Create 0xbffffe80
TagXact1: (0) Create 0xbffffec0
TagXact1: (0) Create 0xbfffff00
TagXact1: (0) Create 0xbfffff40
TagXact1: (0) Create 0xbfffff80
TagXact1: (0) Create 0xbfffffc0
C0:        166 [1] pc=[0040000000,0] W[r 0=0000000040000004,0][1] R[r 0=0000000000000000,0] R[r12=822bd126c26244cb,c] 
 inst=[06c0006f,0] j       pc + 0x6c
TagXact1: (0) Read 0xb8000004 miss
TagXact1: (0) Read 0xbffc0000 miss
TagXact1: (0) FetchRead 0xbffffe00 => 0000000000000000
C0:        208 [1] pc=[004000006c,0] W[r10=0000000000000000,0][1] R[r 0=0000000000000000,0] R[r20=822bd126c26244cb,c] 
 inst=[f1402573,0] csrr    a0, mhartid
C0:        211 [1] pc=[0040000070,0] W[r 0=0000000000000000,0][0] R[r10=0000000000000000,0] R[r 0=0000000000000000,0] 
 inst=[00051063,0] bnez    a0, pc + 0
C0:        212 [1] pc=[0040000074,0] W[r10=8000000000041129,0][1] R[r 0=0000000000000000,0] R[r16=822bd126c26244cb,c] 
 inst=[f1002573,0] csrr    a0, unknown_f10
C0:        215 [1] pc=[0040000078,0] W[r 0=0000000000000001,0][0] R[r10=8000000000041129,0] R[r 0=0000000000000000,0] 
 inst=[00054863,0] bltz    a0, pc + 16
TagXact1: (0) Read 0xb8000008 miss
TagXact1: (0) Read 0xbffc0000 miss
TagXact1: (0) FetchRead 0xbffffe00 => 0000000000000000
C0:        251 [1] pc=[0040000088,0] W[r28=0000000000000000,0][1] R[r 0=0000000000000000,0] R[r 0=0000000000000000,0] 
 inst=[00000e13,0] li      t3, 0
C0:        252 [1] pc=[004000008c,0] W[r 5=000000004000008c,0][1] R[r 0=0000000000000000,0] R[r 0=0000000000000000,0] 
 inst=[00000297,0] auipc   t0, 0x0
C0:        253 [1] pc=[0040000090,0] W[r 5=0000000040000004,0][1] R[r 5=000000004000008c,0] R[r24=822bd126c26244cb,c] 
 inst=[f7828293,0] addi    t0, t0, -136
C0:        254 [1] pc=[0040000094,0] W[r 0=0000000000000000,0][1] R[r 5=0000000040000004,0] R[r 5=0000000040000004,0] 
 inst=[30529073,0] csrw    mtvec, t0
C0:        258 [1] pc=[0040000098,0] W[r 5=0000000000000098,0][1] R[r 0=0000000000000000,0] R[r 0=0000000000000000,0] 
 inst=[c0000297,0] auipc   t0, 0xc0000
C0:        259 [1] pc=[004000009c,0] W[r 5=0000000000000000,0][1] R[r 5=0000000000000098,0] R[r 8=822bd126c26244cb,c] 
 inst=[f6828293,0] addi    t0, t0, -152
C0:        260 [1] pc=[00400000a0,0] W[r 0=0000000000000001,0][0] R[r 5=0000000000000000,0] R[r 0=0000000000000000,0] 
 inst=[00028e63,0] beqz    t0, pc + 28
C0:        264 [1] pc=[00400000bc,0] W[r 0=0000000000001800,0][1] R[r 0=0000000000000000,0] R[r 0=0000000000000000,0] 
 inst=[30005073,0] csrwi   mstatus, 0
TagXact1: (0) Read 0xb800000c miss
TagXact1: (0) Read 0xbffc0000 miss
TagXact1: (0) FetchRead 0xbffffe00 => 0000000000000000
C0:        300 [1] pc=[00400000c0,0] W[r 5=00000000400000c0,0][1] R[r 0=0000000000000000,0] R[r 0=0000000000000000,0] 
 inst=[00000297,0] auipc   t0, 0x0
C0:        301 [1] pc=[00400000c4,0] W[r 5=00000000400000d4,0][1] R[r 5=00000000400000c0,0] R[r20=822bd126c26244cb,c] 
 inst=[01428293,0] addi    t0, t0, 20
C0:        302 [1] pc=[00400000c8,0] W[r 0=000000401c937d84,0][1] R[r 5=00000000400000d4,0] R[r 1=822bd126c26244cb,c] 
 inst=[34129073,0] csrw    mepc, t0
C0:        303 [1] pc=[00400000cc,0] W[r10=0000000000000000,0][1] R[r 0=0000000000000000,0] R[r20=822bd126c26244cb,c] 
 inst=[f1402573,0] csrr    a0, mhartid
C0:        304 [1] pc=[00400000d0,0] W[r 0=0000000000000000,0][0] R[r 0=0000000000000000,0] R[r 2=822bd126c26244cb,c] 
 inst=[30200073,0] mret
C0:        309 [1] pc=[00400000d4,0] W[r10=00000000400000d4,0][1] R[r 0=0000000000000000,0] R[r 0=0000000000000000,0] 
 inst=[00000517,0] auipc   a0, 0x0
C0:        310 [1] pc=[00400000d8,0] W[r10=0000000040000240,0][1] R[r10=00000000400000d4,0] R[r12=822bd126c26244cb,c] 
 inst=[16c50513,0] addi    a0, a0, 364
C0:        311 [1] pc=[00400000dc,0] W[r 1=000000000000f000,0][1] R[r 1=800000000004112b,0] R[r 0=0000000000000000,0] 
 inst=[0000f0b7,0] lui     ra, 0xf
C0:        312 [1] pc=[00400000e0,0] W[r 0=0000000000000000,0][1] R[r 1=000000000000f000,0] R[r16=822bd126c26244cb,c] 
 inst=[8f009073,0] csrw    unknown_8f0, ra
C0:        316 [1] pc=[00400000e4,0] W[r 1=0000000000f00000,0][1] R[r 0=0000000000000000,0] R[r15=822bd126c26244cb,c] 
 inst=[00f000b7,0] lui     ra, 0xf00
C0:        317 [1] pc=[00400000e8,0] W[r 0=000000000000f000,0][1] R[r 1=0000000000f00000,0] R[r16=822bd126c26244cb,c] 
 inst=[8f00a073,0] csrs    unknown_8f0, ra
C0:        321 [1] pc=[00400000ec,0] W[r 1=0000000000000009,0][1] R[r 0=0000000000000000,0] R[r 9=822bd126c26244cb,c] 
 inst=[00900093,0] li      ra, 9
C0:        322 [1] pc=[00400000f0,0] W[r 1=0000000000090000,0][1] R[r 1=0000000000000009,0] R[r16=822bd126c26244cb,c] 
 inst=[01009093,0] slli    ra, ra, 16
C0:        323 [1] pc=[00400000f4,0] W[r 0=0000000000f0f000,0][1] R[r 1=0000000000090000,0] R[r16=822bd126c26244cb,c] 
 inst=[8f00a073,0] csrs    unknown_8f0, ra
C0:        327 [1] pc=[00400000f8,0] W[r28=0000000000000002,0][1] R[r 0=0000000000000000,0] R[r 2=822bd126c26244cb,c] 
 inst=[00200e13,0] li      t3, 2
C0:        328 [1] pc=[00400000fc,0] W[r 0=0000000040000240,0][0] R[r10=0000000040000240,0] R[r 0=0000000000000000,0] 
 inst=[00053023,0] sd      zero, 0(a0)
TagXact1: (0) Read 0xb8000010 miss
TagXact1: (0) Read 0xbffc0000 miss
TagXact1: (0) FetchRead 0xbffffe00 => 0000000000000000
TagXact1: (0) Read 0xb8000024 miss
C0:        363 [1] pc=[0040000100,0] W[r28=0000000000000003,0][1] R[r 0=0000000000000000,0] R[r 3=822bd126c26244cb,c] 
 inst=[00300e13,0] li      t3, 3
C0:        364 [1] pc=[0040000104,0] W[r 5=000000000000000f,0][1] R[r 0=0000000000000000,0] R[r15=822bd126c26244cb,c] 
 inst=[00f00293,0] li      t0, 15
C0:        365 [1] pc=[0040000108,0] W[r 5=000000000000000f,f][1] R[r 5=000000000000000f,0] R[r 0=0000000000000000,0] 
 inst=[000292d7,0] unknown
C0:        366 [1] pc=[004000010c,0] W[r 0=0000000040000280,0][0] R[r10=0000000040000240,0] R[r 5=000000000000000f,f] 
 inst=[04553023,0] sd      t0, 64(a0)
TagXact1: (0) Read 0xbffc0000 miss
C0:        367 [1] pc=[0040000110,0] W[r28=0000000000000004,0][1] R[r 0=0000000000000000,0] R[r 4=822bd126c26244cb,c] 
 inst=[00400e13,0] li      t3, 4
C0:        368 [1] pc=[0040000114,0] W[r 0=0000000040000280,0][0] R[r10=0000000040000240,0] R[r 0=0000000000000000,0] 
 inst=[04053023,0] sd      zero, 64(a0)
TagXact1: (0) FetchRead 0xbffffe00 => 0000000000000000
TagXact1: (0) Read 0xb8000028 miss
TagXact1: (0) Read 0xbffc0000 miss
TagXact1: (0) FetchRead 0xbffffe00 => 0000000000000000
C0:        418 [0] pc=[0040000114,0] W[r 0=0000000040000280,0][0] R[r10=0000000040000240,0] R[r 0=0000000000000000,0] 
 inst=[04053023,0] sd      zero, 64(a0)
C0:        423 [1] pc=[0040000004,0] W[r30=0000000000f9f000,0][1] R[r 0=0000000000000000,0] R[r16=822bd126c26244cb,c] 
 inst=[bf002f73,0] csrr    t5, unknown_bf0
C0:        426 [1] pc=[0040000008,0] W[r 0=68d70fe72d48552a,0][1] R[r30=0000000000f9f000,0] R[r 0=0000000000000000,0] 
 inst=[340f1073,0] csrw    mscratch, t5
C0:        427 [1] pc=[004000000c,0] W[r31=00000000000000f0,0][1] R[r 0=0000000000000000,0] R[r16=822bd126c26244cb,c] 
 inst=[0f000f93,0] li      t6, 240
C0:        428 [1] pc=[0040000010,0] W[r30=000000000000f000,0][1] R[r 1=0000000000f9f003,0] R[r 0=0000000000000000,0] 
 inst=[0000ff37,0] lui     t5, 0xf
C0:        429 [1] pc=[0040000014,0] W[r31=000000000000f0f0,0][1] R[r31=00000000000000f0,0] R[r30=000000000000f000,0] 
 inst=[01efefb3,0] or      t6, t6, t5
C0:        430 [1] pc=[0040000018,0] W[r30=0000000000f00000,0][1] R[r 0=0000000000000000,0] R[r15=822bd126c26244cb,c] 
 inst=[00f00f37,0] lui     t5, 0xf00
C0:        431 [1] pc=[004000001c,0] W[r31=0000000000f0f0f0,0][1] R[r31=000000000000f0f0,0] R[r30=0000000000f00000,0] 
 inst=[01efefb3,0] or      t6, t6, t5
C0:        432 [1] pc=[0040000020,0] W[r 0=0000000000f9f000,0][1] R[r31=0000000000f0f0f0,0] R[r16=822bd126c26244cb,c] 
 inst=[bf0f9073,0] csrw    unknown_bf0, t6
C0:        436 [1] pc=[0040000024,0] W[r30=0000000000000010,0][1] R[r 0=0000000000000000,0] R[r 2=822bd126c26244cb,c] 
 inst=[34202f73,0] csrr    t5, mcause
C0:        437 [1] pc=[0040000028,0] W[r31=0000000000000008,0][1] R[r 0=0000000000000000,0] R[r 8=822bd126c26244cb,c] 
 inst=[00800f93,0] li      t6, 8
C0:        439 [1] pc=[004000002c,0] W[r 0=0000000000000000,0][0] R[r30=0000000000000010,0] R[r31=0000000000000008,0] 
 inst=[03ff0a63,0] beq     t5, t6, pc + 52
C0:        440 [1] pc=[0040000030,0] W[r31=0000000000000009,0][1] R[r 0=0000000000000000,0] R[r 9=822bd126c26244cb,c] 
 inst=[00900f93,0] li      t6, 9
C0:        441 [1] pc=[0040000034,0] W[r 0=0000000000000000,0][0] R[r30=0000000000000010,0] R[r31=0000000000000009,0] 
 inst=[03ff0663,0] beq     t5, t6, pc + 44
C0:        442 [1] pc=[0040000038,0] W[r31=000000000000000b,0][1] R[r 0=0000000000000000,0] R[r11=822bd126c26244cb,c] 
 inst=[00b00f93,0] li      t6, 11
C0:        443 [1] pc=[004000003c,0] W[r 0=0000000000000000,0][0] R[r30=0000000000000010,0] R[r31=000000000000000b,0] 
 inst=[03ff0263,0] beq     t5, t6, pc + 36
C0:        444 [1] pc=[0040000040,0] W[r30=0000000040000040,0][1] R[r 0=0000000000000000,0] R[r 0=0000000000000000,0] 
 inst=[00000f17,0] auipc   t5, 0x0
C0:        445 [1] pc=[0040000044,0] W[r30=00000000400001dc,0][1] R[r30=0000000040000040,0] R[r28=822bd126c26244cb,c] 
 inst=[19cf0f13,0] addi    t5, t5, 412
C0:        446 [1] pc=[0040000048,0] W[r 0=0000000000000000,0][0] R[r30=00000000400001dc,0] R[r 0=0000000000000000,0] 
 inst=[000f0463,0] beqz    t5, pc + 8
C0:        447 [1] pc=[004000004c,0] W[r 0=0000000040000050,0][1] R[r30=00000000400001dc,0] R[r 0=0000000000000000,0] 
 inst=[000f0067,0] jr      t5
TagXact1: (0) Read 0xb800001c miss
TagXact1: (0) Read 0xbffc0000 miss
TagXact1: (0) FetchRead 0xbffffe00 => 0000000000000000
C0:        489 [1] pc=[00400001dc,0] W[r16=0000000000000004,0][1] R[r 0=0000000000000000,0] R[r 4=822bd126c26244cb,c] 
 inst=[00400813,0] li      a6, 4
C0:        490 [1] pc=[00400001e0,0] W[r 0=0000000000000001,0][0] R[r28=0000000000000004,0] R[r16=0000000000000004,0] 
 inst=[030e0463,0] beq     t3, a6, pc + 40
TagXact1: (0) Read 0xb8000020 miss
TagXact1: (0) Read 0xbffc0000 miss
TagXact1: (0) FetchRead 0xbffffe00 => 0000000000000000
C0:        528 [1] pc=[0040000208,0] W[r16=0000000000000010,0][1] R[r 0=0000000000000000,0] R[r16=822bd126c26244cb,c] 
 inst=[01000813,0] li      a6, 16
C0:        529 [1] pc=[004000020c,0] W[r17=0000000000000010,0][1] R[r 0=0000000000000000,0] R[r 2=822bd126c26244cb,c] 
 inst=[342028f3,0] csrr    a7, mcause
C0:        532 [1] pc=[0040000210,0] W[r 0=0000000000000000,0][0] R[r16=0000000000000010,0] R[r17=0000000000000010,0] 
 inst=[fb1816e3,0] bne     a6, a7, pc - 84
C0:        533 [1] pc=[0040000214,0] W[r16=0000000040000114,0][1] R[r 0=0000000000000000,0] R[r 1=0000000000000013,0] 
 inst=[34102873,0] csrr    a6, mepc
C0:        536 [1] pc=[0040000218,0] W[r16=0000000040000120,0][1] R[r16=0000000040000114,0] R[r12=0000000000000013,0] 
 inst=[00c80813,0] addi    a6, a6, 12
C0:        537 [1] pc=[004000021c,0] W[r 0=0000000040000114,0][1] R[r16=0000000040000120,0] R[r 1=0000000000000013,0] 
 inst=[34181073,0] csrw    mepc, a6
C0:        538 [1] pc=[0040000220,0] W[r30=0000000000f9f000,0][1] R[r 0=0000000000000000,0] R[r 0=0000000000000000,0] 
 inst=[34002f73,0] csrr    t5, mscratch
C0:        541 [1] pc=[0040000224,0] W[r 0=0000000000f0f0f0,0][1] R[r30=0000000000f9f000,0] R[r16=0000000000000013,0] 
 inst=[bf0f1073,0] csrw    unknown_bf0, t5
C0:        545 [1] pc=[0040000228,0] W[r 0=0000000000000000,0][0] R[r 0=0000000000000000,0] R[r 2=0000000000000013,0] 
 inst=[30200073,0] mret
C0:        550 [1] pc=[0040000120,0] W[r 0=0000000000000000,0][0] R[r10=0000000040000240,0] R[r 0=0000000000000000,0] 
 inst=[08050e63,0] beqz    a0, pc + 156
C0:        551 [1] pc=[0040000124,0] W[r 0=00000000400002c0,0][0] R[r10=0000000040000240,0] R[r 5=000000000000000f,f] 
 inst=[08553023,0] sd      t0, 128(a0)
TagXact1: (0) Read 0xb800002c miss
TagXact1: (0) Read 0xbffc0000 miss
TagXact1: (0) FetchRead 0xbffffe00 => 0000000000000000
C0:        592 [1] pc=[0040000128,0] W[r 0=0000000000000004,0][0] R[r 0=0000000000000000,0] R[r 0=0000000000000000,0] 
 inst=[0000100f,0] fence.i
C0:        614 [1] pc=[004000012c,0] W[r28=0000000000000005,0][1] R[r 0=0000000000000000,0] R[r 5=000000000000000f,f] 
 inst=[00500e13,0] li      t3, 5
C0:        615 [0] pc=[0040000130,0] W[r 0=00000000400002c0,0][0] R[r10=0000000040000240,0] R[r 0=0000000000000000,0] 
 inst=[08053023,0] sd      zero, 128(a0)
C0:        638 [1] pc=[0040000004,0] W[r30=0000000000f9f000,0][1] R[r 0=0000000000000000,0] R[r16=000000000000000f,f] 
 inst=[bf002f73,0] csrr    t5, unknown_bf0
C0:        641 [1] pc=[0040000008,0] W[r 0=0000000000f9f000,0][1] R[r30=0000000000f9f000,0] R[r 0=0000000000000000,0] 
 inst=[340f1073,0] csrw    mscratch, t5
C0:        642 [1] pc=[004000000c,0] W[r31=00000000000000f0,0][1] R[r 0=0000000000000000,0] R[r16=000000000000000f,f] 
 inst=[0f000f93,0] li      t6, 240
C0:        643 [1] pc=[0040000010,0] W[r30=000000000000f000,0][1] R[r 1=0000000000f9f003,0] R[r 0=0000000000000000,0] 
 inst=[0000ff37,0] lui     t5, 0xf
C0:        644 [1] pc=[0040000014,0] W[r31=000000000000f0f0,0][1] R[r31=00000000000000f0,0] R[r30=000000000000f000,0] 
 inst=[01efefb3,0] or      t6, t6, t5
C0:        645 [1] pc=[0040000018,0] W[r30=0000000000f00000,0][1] R[r 0=0000000000000000,0] R[r15=000000000000000f,f] 
 inst=[00f00f37,0] lui     t5, 0xf00
C0:        646 [1] pc=[004000001c,0] W[r31=0000000000f0f0f0,0][1] R[r31=000000000000f0f0,0] R[r30=0000000000f00000,0] 
 inst=[01efefb3,0] or      t6, t6, t5
C0:        647 [1] pc=[0040000020,0] W[r 0=0000000000f9f000,0][1] R[r31=0000000000f0f0f0,0] R[r16=000000000000000f,f] 
 inst=[bf0f9073,0] csrw    unknown_bf0, t6
C0:        651 [1] pc=[0040000024,0] W[r30=0000000000000010,0][1] R[r 0=0000000000000000,0] R[r 2=000000000000000f,f] 
 inst=[34202f73,0] csrr    t5, mcause
C0:        652 [1] pc=[0040000028,0] W[r31=0000000000000008,0][1] R[r 0=0000000000000000,0] R[r 8=000000000000000f,f] 
 inst=[00800f93,0] li      t6, 8
C0:        654 [1] pc=[004000002c,0] W[r 0=0000000000000000,0][0] R[r30=0000000000000010,0] R[r31=0000000000000008,0] 
 inst=[03ff0a63,0] beq     t5, t6, pc + 52
C0:        655 [1] pc=[0040000030,0] W[r31=0000000000000009,0][1] R[r 0=0000000000000000,0] R[r 9=000000000000000f,f] 
 inst=[00900f93,0] li      t6, 9
C0:        656 [1] pc=[0040000034,0] W[r 0=0000000000000000,0][0] R[r30=0000000000000010,0] R[r31=0000000000000009,0] 
 inst=[03ff0663,0] beq     t5, t6, pc + 44
C0:        657 [1] pc=[0040000038,0] W[r31=000000000000000b,0][1] R[r 0=0000000000000000,0] R[r11=000000000000000f,f] 
 inst=[00b00f93,0] li      t6, 11
C0:        658 [1] pc=[004000003c,0] W[r 0=0000000000000000,0][0] R[r30=0000000000000010,0] R[r31=000000000000000b,0] 
 inst=[03ff0263,0] beq     t5, t6, pc + 36
C0:        676 [1] pc=[0040000040,0] W[r30=0000000040000040,0][1] R[r 0=0000000000000000,0] R[r 0=0000000000000000,0] 
 inst=[00000f17,0] auipc   t5, 0x0
C0:        677 [1] pc=[0040000044,0] W[r30=00000000400001dc,0][1] R[r30=0000000040000040,0] R[r28=000000000000000f,f] 
 inst=[19cf0f13,0] addi    t5, t5, 412
C0:        678 [1] pc=[0040000048,0] W[r 0=0000000000000000,0][0] R[r30=00000000400001dc,0] R[r 0=0000000000000000,0] 
 inst=[000f0463,0] beqz    t5, pc + 8
C0:        679 [1] pc=[004000004c,0] W[r 0=0000000040000050,0][1] R[r30=00000000400001dc,0] R[r 0=0000000000000000,0] 
 inst=[000f0067,0] jr      t5
C0:        703 [1] pc=[00400001dc,0] W[r16=0000000000000004,0][1] R[r 0=0000000000000000,0] R[r 4=000000000000000f,f] 
 inst=[00400813,0] li      a6, 4
C0:        704 [1] pc=[00400001e0,0] W[r 0=0000000000000000,0][0] R[r28=0000000000000005,0] R[r16=0000000000000004,0] 
 inst=[030e0463,0] beq     t3, a6, pc + 40
C0:        705 [1] pc=[00400001e4,0] W[r16=0000000000000005,0][1] R[r 0=0000000000000000,0] R[r 5=000000000000000f,f] 
 inst=[00500813,0] li      a6, 5
C0:        706 [1] pc=[00400001e8,0] W[r 0=0000000000000001,0][0] R[r28=0000000000000005,0] R[r16=0000000000000005,0] 
 inst=[030e0063,0] beq     t3, a6, pc + 32
C0:        728 [1] pc=[0040000208,0] W[r16=0000000000000010,0][1] R[r 0=0000000000000000,0] R[r16=000000000000000f,f] 
 inst=[01000813,0] li      a6, 16
C0:        729 [1] pc=[004000020c,0] W[r17=0000000000000010,0][1] R[r 0=0000000000000000,0] R[r 2=000000000000000f,f] 
 inst=[342028f3,0] csrr    a7, mcause
C0:        732 [1] pc=[0040000210,0] W[r 0=0000000000000000,0][0] R[r16=0000000000000010,0] R[r17=0000000000000010,0] 
 inst=[fb1816e3,0] bne     a6, a7, pc - 84
C0:        733 [1] pc=[0040000214,0] W[r16=0000000040000130,0][1] R[r 0=0000000000000000,0] R[r 1=0000000000000013,0] 
 inst=[34102873,0] csrr    a6, mepc
C0:        736 [1] pc=[0040000218,0] W[r16=000000004000013c,0][1] R[r16=0000000040000130,0] R[r12=0000000000000013,0] 
 inst=[00c80813,0] addi    a6, a6, 12
C0:        737 [1] pc=[004000021c,0] W[r 0=0000000040000130,0][1] R[r16=000000004000013c,0] R[r 1=0000000000000013,0] 
 inst=[34181073,0] csrw    mepc, a6
C0:        738 [1] pc=[0040000220,0] W[r30=0000000000f9f000,0][1] R[r 0=0000000000000000,0] R[r 0=0000000000000000,0] 
 inst=[34002f73,0] csrr    t5, mscratch
C0:        741 [1] pc=[0040000224,0] W[r 0=0000000000f0f0f0,0][1] R[r30=0000000000f9f000,0] R[r16=0000000000000013,0] 
 inst=[bf0f1073,0] csrw    unknown_bf0, t5
C0:        745 [1] pc=[0040000228,0] W[r 0=0000000000000000,0][0] R[r 0=0000000000000000,0] R[r 2=0000000000000013,0] 
 inst=[30200073,0] mret
C0:        750 [1] pc=[004000013c,0] W[r 0=0000000000000000,0][0] R[r10=0000000040000240,0] R[r 0=0000000000000000,0] 
 inst=[08050063,0] beqz    a0, pc + 128
TagXact1: (0) Read 0xb8000014 miss
TagXact1: (0) Read 0xbffc0000 miss
TagXact1: (0) FetchRead 0xbffffe00 => 0000000000000000
C0:        786 [1] pc=[0040000140,0] W[r28=0000000000000006,0][1] R[r 0=0000000000000000,0] R[r 6=0000000000000013,0] 
 inst=[00600e13,0] li      t3, 6
C0:        787 [0] pc=[0040000144,0] W[r 0=00000000400002c0,0][0] R[r10=0000000040000240,0] R[r 0=0000000000000000,0] 
 inst=[08052023,0] sw      zero, 128(a0)
C0:        792 [1] pc=[0040000004,0] W[r30=0000000000f9f000,0][1] R[r 0=0000000000000000,0] R[r16=0000000000000013,0] 
 inst=[bf002f73,0] csrr    t5, unknown_bf0
C0:        795 [1] pc=[0040000008,0] W[r 0=0000000000f9f000,0][1] R[r30=0000000000f9f000,0] R[r 0=0000000000000000,0] 
 inst=[340f1073,0] csrw    mscratch, t5
C0:        796 [1] pc=[004000000c,0] W[r31=00000000000000f0,0][1] R[r 0=0000000000000000,0] R[r16=0000000000000013,0] 
 inst=[0f000f93,0] li      t6, 240
C0:        797 [1] pc=[0040000010,0] W[r30=000000000000f000,0][1] R[r 1=0000000000f9f003,0] R[r 0=0000000000000000,0] 
 inst=[0000ff37,0] lui     t5, 0xf
C0:        798 [1] pc=[0040000014,0] W[r31=000000000000f0f0,0][1] R[r31=00000000000000f0,0] R[r30=000000000000f000,0] 
 inst=[01efefb3,0] or      t6, t6, t5
C0:        799 [1] pc=[0040000018,0] W[r30=0000000000f00000,0][1] R[r 0=0000000000000000,0] R[r15=0000000000000013,0] 
 inst=[00f00f37,0] lui     t5, 0xf00
C0:        800 [1] pc=[004000001c,0] W[r31=0000000000f0f0f0,0][1] R[r31=000000000000f0f0,0] R[r30=0000000000f00000,0] 
 inst=[01efefb3,0] or      t6, t6, t5
C0:        801 [1] pc=[0040000020,0] W[r 0=0000000000f9f000,0][1] R[r31=0000000000f0f0f0,0] R[r16=0000000000000013,0] 
 inst=[bf0f9073,0] csrw    unknown_bf0, t6
C0:        805 [1] pc=[0040000024,0] W[r30=0000000000000010,0][1] R[r 0=0000000000000000,0] R[r 2=0000000000000013,0] 
 inst=[34202f73,0] csrr    t5, mcause
C0:        806 [1] pc=[0040000028,0] W[r31=0000000000000008,0][1] R[r 0=0000000000000000,0] R[r 8=0000000000000013,0] 
 inst=[00800f93,0] li      t6, 8
C0:        808 [1] pc=[004000002c,0] W[r 0=0000000000000000,0][0] R[r30=0000000000000010,0] R[r31=0000000000000008,0] 
 inst=[03ff0a63,0] beq     t5, t6, pc + 52
C0:        809 [1] pc=[0040000030,0] W[r31=0000000000000009,0][1] R[r 0=0000000000000000,0] R[r 9=0000000000000013,0] 
 inst=[00900f93,0] li      t6, 9
C0:        810 [1] pc=[0040000034,0] W[r 0=0000000000000000,0][0] R[r30=0000000000000010,0] R[r31=0000000000000009,0] 
 inst=[03ff0663,0] beq     t5, t6, pc + 44
C0:        811 [1] pc=[0040000038,0] W[r31=000000000000000b,0][1] R[r 0=0000000000000000,0] R[r11=0000000000000013,0] 
 inst=[00b00f93,0] li      t6, 11
C0:        812 [1] pc=[004000003c,0] W[r 0=0000000000000000,0][0] R[r30=0000000000000010,0] R[r31=000000000000000b,0] 
 inst=[03ff0263,0] beq     t5, t6, pc + 36
C0:        813 [1] pc=[0040000040,0] W[r30=0000000040000040,0][1] R[r 0=0000000000000000,0] R[r 0=0000000000000000,0] 
 inst=[00000f17,0] auipc   t5, 0x0
C0:        814 [1] pc=[0040000044,0] W[r30=00000000400001dc,0][1] R[r30=0000000040000040,0] R[r28=0000000000000013,0] 
 inst=[19cf0f13,0] addi    t5, t5, 412
C0:        815 [1] pc=[0040000048,0] W[r 0=0000000000000000,0][0] R[r30=00000000400001dc,0] R[r 0=0000000000000000,0] 
 inst=[000f0463,0] beqz    t5, pc + 8
C0:        816 [1] pc=[004000004c,0] W[r 0=0000000040000050,0][1] R[r30=00000000400001dc,0] R[r 0=0000000000000000,0] 
 inst=[000f0067,0] jr      t5
C0:        817 [1] pc=[00400001dc,0] W[r16=0000000000000004,0][1] R[r 0=0000000000000000,0] R[r 4=0000000000000013,0] 
 inst=[00400813,0] li      a6, 4
C0:        818 [1] pc=[00400001e0,0] W[r 0=0000000000000000,0][0] R[r28=0000000000000006,0] R[r16=0000000000000004,0] 
 inst=[030e0463,0] beq     t3, a6, pc + 40
C0:        819 [1] pc=[00400001e4,0] W[r16=0000000000000005,0][1] R[r 0=0000000000000000,0] R[r 5=0000000000000013,0] 
 inst=[00500813,0] li      a6, 5
C0:        820 [1] pc=[00400001e8,0] W[r 0=0000000000000000,0][0] R[r28=0000000000000006,0] R[r16=0000000000000005,0] 
 inst=[030e0063,0] beq     t3, a6, pc + 32
C0:        824 [1] pc=[00400001ec,0] W[r16=0000000000000006,0][1] R[r 0=0000000000000000,0] R[r 6=0000000000000013,0] 
 inst=[00600813,0] li      a6, 6
C0:        825 [1] pc=[00400001f0,0] W[r 0=0000000000000001,0][0] R[r28=0000000000000006,0] R[r16=0000000000000006,0] 
 inst=[010e0c63,0] beq     t3, a6, pc + 24
C0:        829 [1] pc=[0040000208,0] W[r16=0000000000000010,0][1] R[r 0=0000000000000000,0] R[r16=0000000000000013,0] 
 inst=[01000813,0] li      a6, 16
C0:        830 [1] pc=[004000020c,0] W[r17=0000000000000010,0][1] R[r 0=0000000000000000,0] R[r 2=0000000000000013,0] 
 inst=[342028f3,0] csrr    a7, mcause
C0:        833 [1] pc=[0040000210,0] W[r 0=0000000000000000,0][0] R[r16=0000000000000010,0] R[r17=0000000000000010,0] 
 inst=[fb1816e3,0] bne     a6, a7, pc - 84
C0:        834 [1] pc=[0040000214,0] W[r16=0000000040000144,0][1] R[r 0=0000000000000000,0] R[r 1=0000000000000013,0] 
 inst=[34102873,0] csrr    a6, mepc
C0:        837 [1] pc=[0040000218,0] W[r16=0000000040000150,0][1] R[r16=0000000040000144,0] R[r12=0000000000000013,0] 
 inst=[00c80813,0] addi    a6, a6, 12
C0:        838 [1] pc=[004000021c,0] W[r 0=0000000040000144,0][1] R[r16=0000000040000150,0] R[r 1=0000000000000013,0] 
 inst=[34181073,0] csrw    mepc, a6
C0:        839 [1] pc=[0040000220,0] W[r30=0000000000f9f000,0][1] R[r 0=0000000000000000,0] R[r 0=0000000000000000,0] 
 inst=[34002f73,0] csrr    t5, mscratch
C0:        842 [1] pc=[0040000224,0] W[r 0=0000000000f0f0f0,0][1] R[r30=0000000000f9f000,0] R[r16=0000000000000013,0] 
 inst=[bf0f1073,0] csrw    unknown_bf0, t5
C0:        846 [1] pc=[0040000228,0] W[r 0=0000000000000000,0][0] R[r 0=0000000000000000,0] R[r 2=0000000000000013,0] 
 inst=[30200073,0] mret
C0:        851 [1] pc=[0040000150,0] W[r 0=0000000000000000,0][0] R[r10=0000000040000240,0] R[r 0=0000000000000000,0] 
 inst=[06050663,0] beqz    a0, pc + 108
C0:        852 [1] pc=[0040000154,0] W[r28=0000000000000007,0][1] R[r 0=0000000000000000,0] R[r 7=0000000000000013,0] 
 inst=[00700e13,0] li      t3, 7
C0:        853 [0] pc=[0040000158,0] W[r 0=00000000400002c0,0][0] R[r10=0000000040000240,0] R[r 0=0000000000000000,0] 
 inst=[08051023,0] sh      zero, 128(a0)
C0:        858 [1] pc=[0040000004,0] W[r30=0000000000f9f000,0][1] R[r 0=0000000000000000,0] R[r16=0000000000000013,0] 
 inst=[bf002f73,0] csrr    t5, unknown_bf0
C0:        861 [1] pc=[0040000008,0] W[r 0=0000000000f9f000,0][1] R[r30=0000000000f9f000,0] R[r 0=0000000000000000,0] 
 inst=[340f1073,0] csrw    mscratch, t5
C0:        862 [1] pc=[004000000c,0] W[r31=00000000000000f0,0][1] R[r 0=0000000000000000,0] R[r16=0000000000000013,0] 
 inst=[0f000f93,0] li      t6, 240
C0:        863 [1] pc=[0040000010,0] W[r30=000000000000f000,0][1] R[r 1=0000000000f9f003,0] R[r 0=0000000000000000,0] 
 inst=[0000ff37,0] lui     t5, 0xf
C0:        864 [1] pc=[0040000014,0] W[r31=000000000000f0f0,0][1] R[r31=00000000000000f0,0] R[r30=000000000000f000,0] 
 inst=[01efefb3,0] or      t6, t6, t5
C0:        865 [1] pc=[0040000018,0] W[r30=0000000000f00000,0][1] R[r 0=0000000000000000,0] R[r15=0000000000000013,0] 
 inst=[00f00f37,0] lui     t5, 0xf00
C0:        866 [1] pc=[004000001c,0] W[r31=0000000000f0f0f0,0][1] R[r31=000000000000f0f0,0] R[r30=0000000000f00000,0] 
 inst=[01efefb3,0] or      t6, t6, t5
C0:        867 [1] pc=[0040000020,0] W[r 0=0000000000f9f000,0][1] R[r31=0000000000f0f0f0,0] R[r16=0000000000000013,0] 
 inst=[bf0f9073,0] csrw    unknown_bf0, t6
C0:        871 [1] pc=[0040000024,0] W[r30=0000000000000010,0][1] R[r 0=0000000000000000,0] R[r 2=0000000000000013,0] 
 inst=[34202f73,0] csrr    t5, mcause
C0:        872 [1] pc=[0040000028,0] W[r31=0000000000000008,0][1] R[r 0=0000000000000000,0] R[r 8=0000000000000013,0] 
 inst=[00800f93,0] li      t6, 8
C0:        874 [1] pc=[004000002c,0] W[r 0=0000000000000000,0][0] R[r30=0000000000000010,0] R[r31=0000000000000008,0] 
 inst=[03ff0a63,0] beq     t5, t6, pc + 52
C0:        875 [1] pc=[0040000030,0] W[r31=0000000000000009,0][1] R[r 0=0000000000000000,0] R[r 9=0000000000000013,0] 
 inst=[00900f93,0] li      t6, 9
C0:        876 [1] pc=[0040000034,0] W[r 0=0000000000000000,0][0] R[r30=0000000000000010,0] R[r31=0000000000000009,0] 
 inst=[03ff0663,0] beq     t5, t6, pc + 44
C0:        877 [1] pc=[0040000038,0] W[r31=000000000000000b,0][1] R[r 0=0000000000000000,0] R[r11=0000000000000013,0] 
 inst=[00b00f93,0] li      t6, 11
C0:        878 [1] pc=[004000003c,0] W[r 0=0000000000000000,0][0] R[r30=0000000000000010,0] R[r31=000000000000000b,0] 
 inst=[03ff0263,0] beq     t5, t6, pc + 36
C0:        879 [1] pc=[0040000040,0] W[r30=0000000040000040,0][1] R[r 0=0000000000000000,0] R[r 0=0000000000000000,0] 
 inst=[00000f17,0] auipc   t5, 0x0
C0:        880 [1] pc=[0040000044,0] W[r30=00000000400001dc,0][1] R[r30=0000000040000040,0] R[r28=0000000000000013,0] 
 inst=[19cf0f13,0] addi    t5, t5, 412
C0:        881 [1] pc=[0040000048,0] W[r 0=0000000000000000,0][0] R[r30=00000000400001dc,0] R[r 0=0000000000000000,0] 
 inst=[000f0463,0] beqz    t5, pc + 8
C0:        882 [1] pc=[004000004c,0] W[r 0=0000000040000050,0][1] R[r30=00000000400001dc,0] R[r 0=0000000000000000,0] 
 inst=[000f0067,0] jr      t5
C0:        883 [1] pc=[00400001dc,0] W[r16=0000000000000004,0][1] R[r 0=0000000000000000,0] R[r 4=0000000000000013,0] 
 inst=[00400813,0] li      a6, 4
C0:        884 [1] pc=[00400001e0,0] W[r 0=0000000000000000,0][0] R[r28=0000000000000007,0] R[r16=0000000000000004,0] 
 inst=[030e0463,0] beq     t3, a6, pc + 40
C0:        885 [1] pc=[00400001e4,0] W[r16=0000000000000005,0][1] R[r 0=0000000000000000,0] R[r 5=0000000000000013,0] 
 inst=[00500813,0] li      a6, 5
C0:        886 [1] pc=[00400001e8,0] W[r 0=0000000000000000,0][0] R[r28=0000000000000007,0] R[r16=0000000000000005,0] 
 inst=[030e0063,0] beq     t3, a6, pc + 32
C0:        887 [1] pc=[00400001ec,0] W[r16=0000000000000006,0][1] R[r 0=0000000000000000,0] R[r 6=0000000000000013,0] 
 inst=[00600813,0] li      a6, 6
C0:        888 [1] pc=[00400001f0,0] W[r 0=0000000000000000,0][0] R[r28=0000000000000007,0] R[r16=0000000000000006,0] 
 inst=[010e0c63,0] beq     t3, a6, pc + 24
C0:        892 [1] pc=[00400001f4,0] W[r16=0000000000000007,0][1] R[r 0=0000000000000000,0] R[r 7=0000000000000013,0] 
 inst=[00700813,0] li      a6, 7
C0:        893 [1] pc=[00400001f8,0] W[r 0=0000000000000001,0][0] R[r28=0000000000000007,0] R[r16=0000000000000007,0] 
 inst=[010e0863,0] beq     t3, a6, pc + 16
C0:        897 [1] pc=[0040000208,0] W[r16=0000000000000010,0][1] R[r 0=0000000000000000,0] R[r16=0000000000000013,0] 
 inst=[01000813,0] li      a6, 16
C0:        898 [1] pc=[004000020c,0] W[r17=0000000000000010,0][1] R[r 0=0000000000000000,0] R[r 2=0000000000000013,0] 
 inst=[342028f3,0] csrr    a7, mcause
C0:        901 [1] pc=[0040000210,0] W[r 0=0000000000000000,0][0] R[r16=0000000000000010,0] R[r17=0000000000000010,0] 
 inst=[fb1816e3,0] bne     a6, a7, pc - 84
C0:        902 [1] pc=[0040000214,0] W[r16=0000000040000158,0][1] R[r 0=0000000000000000,0] R[r 1=0000000000000013,0] 
 inst=[34102873,0] csrr    a6, mepc
C0:        905 [1] pc=[0040000218,0] W[r16=0000000040000164,0][1] R[r16=0000000040000158,0] R[r12=0000000000000013,0] 
 inst=[00c80813,0] addi    a6, a6, 12
C0:        906 [1] pc=[004000021c,0] W[r 0=0000000040000158,0][1] R[r16=0000000040000164,0] R[r 1=0000000000000013,0] 
 inst=[34181073,0] csrw    mepc, a6
C0:        907 [1] pc=[0040000220,0] W[r30=0000000000f9f000,0][1] R[r 0=0000000000000000,0] R[r 0=0000000000000000,0] 
 inst=[34002f73,0] csrr    t5, mscratch
C0:        910 [1] pc=[0040000224,0] W[r 0=0000000000f0f0f0,0][1] R[r30=0000000000f9f000,0] R[r16=0000000000000013,0] 
 inst=[bf0f1073,0] csrw    unknown_bf0, t5
C0:        914 [1] pc=[0040000228,0] W[r 0=0000000000000000,0][0] R[r 0=0000000000000000,0] R[r 2=0000000000000013,0] 
 inst=[30200073,0] mret
C0:        919 [1] pc=[0040000164,0] W[r 0=0000000000000000,0][0] R[r10=0000000040000240,0] R[r 0=0000000000000000,0] 
 inst=[04050c63,0] beqz    a0, pc + 88
C0:        920 [1] pc=[0040000168,0] W[r28=0000000000000008,0][1] R[r 0=0000000000000000,0] R[r 8=0000000000000013,0] 
 inst=[00800e13,0] li      t3, 8
C0:        921 [0] pc=[004000016c,0] W[r 0=00000000400002c0,0][0] R[r10=0000000040000240,0] R[r 0=0000000000000000,0] 
 inst=[08050023,0] sb      zero, 128(a0)
C0:        926 [1] pc=[0040000004,0] W[r30=0000000000f9f000,0][1] R[r 0=0000000000000000,0] R[r16=0000000000000013,0] 
 inst=[bf002f73,0] csrr    t5, unknown_bf0
C0:        929 [1] pc=[0040000008,0] W[r 0=0000000000f9f000,0][1] R[r30=0000000000f9f000,0] R[r 0=0000000000000000,0] 
 inst=[340f1073,0] csrw    mscratch, t5
C0:        930 [1] pc=[004000000c,0] W[r31=00000000000000f0,0][1] R[r 0=0000000000000000,0] R[r16=0000000000000013,0] 
 inst=[0f000f93,0] li      t6, 240
C0:        931 [1] pc=[0040000010,0] W[r30=000000000000f000,0][1] R[r 1=0000000000f9f003,0] R[r 0=0000000000000000,0] 
 inst=[0000ff37,0] lui     t5, 0xf
C0:        932 [1] pc=[0040000014,0] W[r31=000000000000f0f0,0][1] R[r31=00000000000000f0,0] R[r30=000000000000f000,0] 
 inst=[01efefb3,0] or      t6, t6, t5
C0:        933 [1] pc=[0040000018,0] W[r30=0000000000f00000,0][1] R[r 0=0000000000000000,0] R[r15=0000000000000013,0] 
 inst=[00f00f37,0] lui     t5, 0xf00
C0:        934 [1] pc=[004000001c,0] W[r31=0000000000f0f0f0,0][1] R[r31=000000000000f0f0,0] R[r30=0000000000f00000,0] 
 inst=[01efefb3,0] or      t6, t6, t5
C0:        935 [1] pc=[0040000020,0] W[r 0=0000000000f9f000,0][1] R[r31=0000000000f0f0f0,0] R[r16=0000000000000013,0] 
 inst=[bf0f9073,0] csrw    unknown_bf0, t6
C0:        939 [1] pc=[0040000024,0] W[r30=0000000000000010,0][1] R[r 0=0000000000000000,0] R[r 2=0000000000000013,0] 
 inst=[34202f73,0] csrr    t5, mcause
C0:        940 [1] pc=[0040000028,0] W[r31=0000000000000008,0][1] R[r 0=0000000000000000,0] R[r 8=0000000000000013,0] 
 inst=[00800f93,0] li      t6, 8
C0:        942 [1] pc=[004000002c,0] W[r 0=0000000000000000,0][0] R[r30=0000000000000010,0] R[r31=0000000000000008,0] 
 inst=[03ff0a63,0] beq     t5, t6, pc + 52
C0:        943 [1] pc=[0040000030,0] W[r31=0000000000000009,0][1] R[r 0=0000000000000000,0] R[r 9=0000000000000013,0] 
 inst=[00900f93,0] li      t6, 9
C0:        944 [1] pc=[0040000034,0] W[r 0=0000000000000000,0][0] R[r30=0000000000000010,0] R[r31=0000000000000009,0] 
 inst=[03ff0663,0] beq     t5, t6, pc + 44
C0:        945 [1] pc=[0040000038,0] W[r31=000000000000000b,0][1] R[r 0=0000000000000000,0] R[r11=0000000000000013,0] 
 inst=[00b00f93,0] li      t6, 11
C0:        946 [1] pc=[004000003c,0] W[r 0=0000000000000000,0][0] R[r30=0000000000000010,0] R[r31=000000000000000b,0] 
 inst=[03ff0263,0] beq     t5, t6, pc + 36
C0:        947 [1] pc=[0040000040,0] W[r30=0000000040000040,0][1] R[r 0=0000000000000000,0] R[r 0=0000000000000000,0] 
 inst=[00000f17,0] auipc   t5, 0x0
C0:        948 [1] pc=[0040000044,0] W[r30=00000000400001dc,0][1] R[r30=0000000040000040,0] R[r28=0000000000000013,0] 
 inst=[19cf0f13,0] addi    t5, t5, 412
C0:        949 [1] pc=[0040000048,0] W[r 0=0000000000000000,0][0] R[r30=00000000400001dc,0] R[r 0=0000000000000000,0] 
 inst=[000f0463,0] beqz    t5, pc + 8
C0:        950 [1] pc=[004000004c,0] W[r 0=0000000040000050,0][1] R[r30=00000000400001dc,0] R[r 0=0000000000000000,0] 
 inst=[000f0067,0] jr      t5
C0:        951 [1] pc=[00400001dc,0] W[r16=0000000000000004,0][1] R[r 0=0000000000000000,0] R[r 4=0000000000000013,0] 
 inst=[00400813,0] li      a6, 4
C0:        952 [1] pc=[00400001e0,0] W[r 0=0000000000000000,0][0] R[r28=0000000000000008,0] R[r16=0000000000000004,0] 
 inst=[030e0463,0] beq     t3, a6, pc + 40
C0:        953 [1] pc=[00400001e4,0] W[r16=0000000000000005,0][1] R[r 0=0000000000000000,0] R[r 5=0000000000000013,0] 
 inst=[00500813,0] li      a6, 5
C0:        954 [1] pc=[00400001e8,0] W[r 0=0000000000000000,0][0] R[r28=0000000000000008,0] R[r16=0000000000000005,0] 
 inst=[030e0063,0] beq     t3, a6, pc + 32
C0:        958 [1] pc=[00400001ec,0] W[r16=0000000000000006,0][1] R[r 0=0000000000000000,0] R[r 6=0000000000000013,0] 
 inst=[00600813,0] li      a6, 6
C0:        959 [1] pc=[00400001f0,0] W[r 0=0000000000000000,0][0] R[r28=0000000000000008,0] R[r16=0000000000000006,0] 
 inst=[010e0c63,0] beq     t3, a6, pc + 24
C0:        963 [1] pc=[00400001f4,0] W[r16=0000000000000007,0][1] R[r 0=0000000000000000,0] R[r 7=0000000000000013,0] 
 inst=[00700813,0] li      a6, 7
C0:        964 [1] pc=[00400001f8,0] W[r 0=0000000000000000,0][0] R[r28=0000000000000008,0] R[r16=0000000000000007,0] 
 inst=[010e0863,0] beq     t3, a6, pc + 16
C0:        965 [1] pc=[00400001fc,0] W[r16=0000000000000008,0][1] R[r 0=0000000000000000,0] R[r 8=0000000000000013,0] 
 inst=[00800813,0] li      a6, 8
C0:        966 [1] pc=[0040000200,0] W[r 0=0000000000000001,0][0] R[r28=0000000000000008,0] R[r16=0000000000000008,0] 
 inst=[010e0463,0] beq     t3, a6, pc + 8
C0:        970 [1] pc=[0040000208,0] W[r16=0000000000000010,0][1] R[r 0=0000000000000000,0] R[r16=0000000000000013,0] 
 inst=[01000813,0] li      a6, 16
C0:        971 [1] pc=[004000020c,0] W[r17=0000000000000010,0][1] R[r 0=0000000000000000,0] R[r 2=0000000000000013,0] 
 inst=[342028f3,0] csrr    a7, mcause
C0:        974 [1] pc=[0040000210,0] W[r 0=0000000000000000,0][0] R[r16=0000000000000010,0] R[r17=0000000000000010,0] 
 inst=[fb1816e3,0] bne     a6, a7, pc - 84
C0:        975 [1] pc=[0040000214,0] W[r16=000000004000016c,0][1] R[r 0=0000000000000000,0] R[r 1=0000000000000013,0] 
 inst=[34102873,0] csrr    a6, mepc
C0:        978 [1] pc=[0040000218,0] W[r16=0000000040000178,0][1] R[r16=000000004000016c,0] R[r12=0000000000000013,0] 
 inst=[00c80813,0] addi    a6, a6, 12
C0:        979 [1] pc=[004000021c,0] W[r 0=000000004000016c,0][1] R[r16=0000000040000178,0] R[r 1=0000000000000013,0] 
 inst=[34181073,0] csrw    mepc, a6
C0:        980 [1] pc=[0040000220,0] W[r30=0000000000f9f000,0][1] R[r 0=0000000000000000,0] R[r 0=0000000000000000,0] 
 inst=[34002f73,0] csrr    t5, mscratch
C0:        983 [1] pc=[0040000224,0] W[r 0=0000000000f0f0f0,0][1] R[r30=0000000000f9f000,0] R[r16=0000000000000013,0] 
 inst=[bf0f1073,0] csrw    unknown_bf0, t5
C0:        987 [1] pc=[0040000228,0] W[r 0=0000000000000000,0][0] R[r 0=0000000000000000,0] R[r 2=0000000000000013,0] 
 inst=[30200073,0] mret
C0:        992 [1] pc=[0040000178,0] W[r 0=0000000000000000,0][0] R[r10=0000000040000240,0] R[r 0=0000000000000000,0] 
 inst=[04050263,0] beqz    a0, pc + 68
C0:        993 [1] pc=[004000017c,0] W[r28=0000000000000009,0][1] R[r 0=0000000000000000,0] R[r 9=0000000000000013,0] 
 inst=[00900e13,0] li      t3, 9
TagXact1: (0) Read 0xb8000018 miss
TagXact1: (0) Read 0xbffc0000 miss
TagXact1: (0) FetchRead 0xbffffe00 => 0000000000000000
C0:       1028 [1] pc=[0040000180,0] W[r29=000000000000000f,0][1] R[r 0=0000000000000000,0] R[r15=0000000000000013,0] 
 inst=[00f00e93,0] li      t4, 15
C0:       1029 [1] pc=[0040000184,0] W[r 5=000000000000000f,f][1] R[r10=0000000040000240,0] R[r 0=0000000000000000,0] 
 inst=[04053283,0] ld      t0, 64(a0)
C0:       1031 [1] pc=[0040000188,0] W[r 0=0000000000000000,0][0] R[r 5=000000000000000f,f] R[r29=000000000000000f,0] 
 inst=[03d29a63,0] bne     t0, t4, pc + 52
C0:       1032 [1] pc=[004000018c,0] W[r 5=000000000000000f,f][1] R[r10=0000000040000240,0] R[r 0=0000000000000000,0] 
 inst=[08053283,0] ld      t0, 128(a0)
C0:       1034 [1] pc=[0040000190,0] W[r 0=0000000000000000,0][0] R[r 5=000000000000000f,f] R[r29=000000000000000f,0] 
 inst=[03d29663,0] bne     t0, t4, pc + 44
C0:       1035 [1] pc=[0040000194,0] W[r28=000000000000000a,0][1] R[r 0=0000000000000000,0] R[r10=000000000000000f,0] 
 inst=[00a00e13,0] li      t3, 10
C0:       1036 [1] pc=[0040000198,0] W[r10=0000000040000198,0][1] R[r 0=0000000000000000,0] R[r 0=0000000000000000,0] 
 inst=[00000517,0] auipc   a0, 0x0
C0:       1037 [1] pc=[004000019c,0] W[r10=00000000400002c8,0][1] R[r10=0000000040000198,0] R[r16=000000000000000f,0] 
 inst=[13050513,0] addi    a0, a0, 304
C0:       1038 [1] pc=[00400001a0,0] W[r 5=0000000000000006,0][1] R[r 0=0000000000000000,0] R[r 6=000000000000000f,0] 
 inst=[00600293,0] li      t0, 6
C0:       1039 [1] pc=[00400001a4,0] W[r 5=0000000000000006,6][1] R[r 5=0000000000000006,0] R[r 0=0000000000000000,0] 
 inst=[000292d7,0] unknown
C0:       1040 [1] pc=[00400001a8,0] W[r 0=00000000400002c8,0][0] R[r10=00000000400002c8,0] R[r 5=0000000000000006,6] 
 inst=[00553023,0] sd      t0, 0(a0)
C0:       1041 [1] pc=[00400001ac,0] W[r 5=000000000000000f,0][1] R[r 0=0000000000000000,0] R[r15=000000000000000f,0] 
 inst=[00f00293,0] li      t0, 15
C0:       1042 [1] pc=[00400001b0,0] W[r 5=000000000000000f,f][1] R[r 5=000000000000000f,0] R[r 0=0000000000000000,0] 
 inst=[000292d7,0] unknown
C0:       1043 [1] pc=[00400001b4,0] W[r 0=00000000400002c8,0][0] R[r10=00000000400002c8,0] R[r 5=000000000000000f,f] 
 inst=[00553023,0] sd      t0, 0(a0)
C0:       1044 [1] pc=[00400001b8,0] W[r 0=0000000000000001,0][0] R[r 0=0000000000000000,0] R[r28=000000000000000a,0] 
 inst=[01c01c63,0] bne     zero, t3, pc + 24
C0:       1048 [1] pc=[00400001d0,0] W[r 0=0000000000000004,0][0] R[r 0=0000000000000000,0] R[r31=000000000000000b,0] 
 inst=[0ff0000f,0] fence
C0:       1049 [1] pc=[00400001d4,0] W[r28=0000000000000001,0][1] R[r 0=0000000000000000,0] R[r 1=000000000000000b,0] 
 inst=[00100e13,0] li      t3, 1
C0:       1050 [0] pc=[00400001d8,0] W[r 0=0000000000000000,0][0] R[r 0=0000000000000000,0] R[r 0=0000000000000000,0] 
 inst=[00000073,0] ecall
C0:       1055 [1] pc=[0040000004,0] W[r30=0000000000f9f000,0][1] R[r 0=0000000000000000,0] R[r16=000000000000000b,0] 
 inst=[bf002f73,0] csrr    t5, unknown_bf0
C0:       1058 [1] pc=[0040000008,0] W[r 0=0000000000f9f000,0][1] R[r30=0000000000f9f000,0] R[r 0=0000000000000000,0] 
 inst=[340f1073,0] csrw    mscratch, t5
C0:       1059 [1] pc=[004000000c,0] W[r31=00000000000000f0,0][1] R[r 0=0000000000000000,0] R[r16=000000000000000b,0] 
 inst=[0f000f93,0] li      t6, 240
C0:       1060 [1] pc=[0040000010,0] W[r30=000000000000f000,0][1] R[r 1=0000000000f9f003,0] R[r 0=0000000000000000,0] 
 inst=[0000ff37,0] lui     t5, 0xf
C0:       1061 [1] pc=[0040000014,0] W[r31=000000000000f0f0,0][1] R[r31=00000000000000f0,0] R[r30=000000000000f000,0] 
 inst=[01efefb3,0] or      t6, t6, t5
C0:       1062 [1] pc=[0040000018,0] W[r30=0000000000f00000,0][1] R[r 0=0000000000000000,0] R[r15=000000000000000b,0] 
 inst=[00f00f37,0] lui     t5, 0xf00
C0:       1063 [1] pc=[004000001c,0] W[r31=0000000000f0f0f0,0][1] R[r31=000000000000f0f0,0] R[r30=0000000000f00000,0] 
 inst=[01efefb3,0] or      t6, t6, t5
C0:       1064 [1] pc=[0040000020,0] W[r 0=0000000000f9f000,0][1] R[r31=0000000000f0f0f0,0] R[r16=000000000000000b,0] 
 inst=[bf0f9073,0] csrw    unknown_bf0, t6
C0:       1068 [1] pc=[0040000024,0] W[r30=0000000000000008,0][1] R[r 0=0000000000000000,0] R[r 2=000000000000000b,0] 
 inst=[34202f73,0] csrr    t5, mcause
C0:       1069 [1] pc=[0040000028,0] W[r31=0000000000000008,0][1] R[r 0=0000000000000000,0] R[r 8=000000000000000b,0] 
 inst=[00800f93,0] li      t6, 8
C0:       1071 [1] pc=[004000002c,0] W[r 0=0000000000000001,0][0] R[r30=0000000000000008,0] R[r31=0000000000000008,0] 
 inst=[03ff0a63,0] beq     t5, t6, pc + 52
C0:       1075 [1] pc=[0040000060,0] W[r30=0000000000004000,0][1] R[r 0=0000000000000000,0] R[r 0=0000000000000000,0] 
 inst=[00004f37,0] lui     t5, 0x4
C0:       1076 [1] pc=[0040000064,0] W[r 0=0000000000004000,0][0] R[r30=0000000000004000,0] R[r28=0000000000000001,0] 
 inst=[01cf2023,0] sw      t3, 0(t5)
C0:       1077 [1] pc=[0040000068,0] W[r 0=000000004000006c,0][1] R[r31=000000000000000b,0] R[r25=0000000000000003,0] 
 inst=[ff9ff06f,0] j       pc - 0x8
